<html>
<head>
<title>TestNG:  Default test</title>
<link href="../testng.css" rel="stylesheet" type="text/css" />
<link href="../my-testng.css" rel="stylesheet" type="text/css" />

<style type="text/css">
.log { display: none;} 
.stack-trace { display: none;} 
</style>
<script type="text/javascript">
<!--
function flip(e) {
  current = e.style.display;
  if (current == 'block') {
    e.style.display = 'none';
    return 0;
  }
  else {
    e.style.display = 'block';
    return 1;
  }
}

function toggleBox(szDivId, elem, msg1, msg2)
{
  var res = -1;  if (document.getElementById) {
    res = flip(document.getElementById(szDivId));
  }
  else if (document.all) {
    // this is the way old msie versions work
    res = flip(document.all[szDivId]);
  }
  if(elem) {
    if(res == 0) elem.innerHTML = msg1; else elem.innerHTML = msg2;
  }

}

function toggleAllBoxes() {
  if (document.getElementsByTagName) {
    d = document.getElementsByTagName('div');
    for (i = 0; i < d.length; i++) {
      if (d[i].className == 'log') {
        flip(d[i]);
      }
    }
  }
}

// -->
</script>

</head>
<body>
<h2 align='center'>Default test</h2><table border='1' align="center">
<tr>
<td>Tests passed/Failed/Skipped:</td><td>31/50/0</td>
</tr><tr>
<td>Started on:</td><td>Thu Dec 29 10:08:05 IST 2022</td>
</tr>
<tr><td>Total time:</td><td>1580 seconds (1580134 ms)</td>
</tr><tr>
<td>Included groups:</td><td></td>
</tr><tr>
<td>Excluded groups:</td><td></td>
</tr>
</table><p/>
<small><i>(Hover the method name to see the test class name)</i></small><p/>
<table width='100%' border='1' class='invocation-failed'>
<tr><td colspan='4' align='center'><b>FAILED TESTS</b></td></tr>
<tr><td><b>Test method</b></td>
<td width="30%"><b>Exception</b></td>
<td width="10%"><b>Time (seconds)</b></td>
<td><b>Instance</b></td>
</tr>
<tr>
<td title='testrunner.TestRunner.runScenario()'><b>runScenario</b><br>Test class: testrunner.TestRunner<br>Test method: Runs Cucumber Scenarios<br>Parameters: "Validate Add Device Profile Functionality", "Optional[Validate Add Device Profile Functionality]"</td>
<td><div><pre>java.lang.AssertionError: expected [Duplicate Value Entered] but found [Submit Button is Disabled. Need to fill Mandatory fields]
	at org.testng.Assert.fail(Assert.java:99)
	at org.testng.Assert.failNotEquals(Assert.java:1037)
	at org.testng.Assert.assertEqualsImpl(Assert.java:140)
	at org.testng.Assert.assertEquals(Assert.java:122)
	at org.testng.Assert.assertEquals(Assert.java:629)
	at org.testng.Assert.assertEquals(Assert.java:639)
	at com.pages.DeviceProfile.AddDeviceProfilePage.verifyToasterMessage(AddDeviceProfilePage.java:77)
	at stepdefinitions.DeviceProfile.AddDeviceProfileSteps.verify_toaster_message_for_add_device_profile(AddDeviceProfileSteps.java:79)
	at ✽.Verify Toaster Message for Add Device Profile &quot;Duplicate Value Entered&quot;(file:///home/vassar-deepa/git/Stanley-Dashboard/src/test/resources/DeviceProfile/AddDeviceProfile.feature:13)
</pre></div><a href='#' onClick='toggleBox("stack-trace1095991632", this, "Click to show all stack frames", "Click to hide stack frames")'>Click to show all stack frames</a>
<div class='stack-trace' id='stack-trace1095991632'><pre>java.lang.AssertionError: expected [Duplicate Value Entered] but found [Submit Button is Disabled. Need to fill Mandatory fields]
	at org.testng.Assert.fail(Assert.java:99)
	at org.testng.Assert.failNotEquals(Assert.java:1037)
	at org.testng.Assert.assertEqualsImpl(Assert.java:140)
	at org.testng.Assert.assertEquals(Assert.java:122)
	at org.testng.Assert.assertEquals(Assert.java:629)
	at org.testng.Assert.assertEquals(Assert.java:639)
	at com.pages.DeviceProfile.AddDeviceProfilePage.verifyToasterMessage(AddDeviceProfilePage.java:77)
	at stepdefinitions.DeviceProfile.AddDeviceProfileSteps.verify_toaster_message_for_add_device_profile(AddDeviceProfileSteps.java:79)
	at ✽.Verify Toaster Message for Add Device Profile &quot;Duplicate Value Entered&quot;(file:///home/vassar-deepa/git/Stanley-Dashboard/src/test/resources/DeviceProfile/AddDeviceProfile.feature:13)
</pre></div></td>
<td>20</td>
<td>testrunner.TestRunner@7674f035</td></tr>
<tr>
<td title='testrunner.TestRunner.runScenario()'><b>runScenario</b><br>Test class: testrunner.TestRunner<br>Test method: Runs Cucumber Scenarios<br>Parameters: "edit device type", "Optional[validate device type]"</td>
<td><div><pre>org.openqa.selenium.NoSuchElementException: no such element: Unable to locate element: {&quot;method&quot;:&quot;xpath&quot;,&quot;selector&quot;:&quot;//td//span[text()=&apos; Test&apos;]//following::td[2]//div//div[1]//i&quot;}
  (Session info: chrome=108.0.5359.124)
For documentation on this error, please visit: https://selenium.dev/exceptions/#no_such_element
Build info: version: &apos;4.3.0&apos;, revision: &apos;a4995e2c09*&apos;
System info: host: &apos;vassardeepa-ThinkPad-L15-Gen-3&apos;, ip: &apos;127.0.1.1&apos;, os.name: &apos;Linux&apos;, os.arch: &apos;amd64&apos;, os.version: &apos;5.15.0-56-generic&apos;, java.version: &apos;17.0.5&apos;
Driver info: org.openqa.selenium.chrome.ChromeDriver
Command: [f839521f548ed7e9865f5a3e26ffac91, findElement {using=xpath, value=//td//span[text()=&apos; Test&apos;]//following::td[2]//div//div[1]//i}]
Capabilities {acceptInsecureCerts: false, browserName: chrome, browserVersion: 108.0.5359.124, chrome: {chromedriverVersion: 108.0.5359.71 (1e0e3868ee06..., userDataDir: /tmp/.com.google.Chrome.P7t6cz}, goog:chromeOptions: {debuggerAddress: localhost:35299}, networkConnectionEnabled: false, pageLoadStrategy: normal, platformName: LINUX, proxy: Proxy(), se:cdp: ws://localhost:35299/devtoo..., se:cdpVersion: 108.0.5359.124, setWindowRect: true, strictFileInteractability: false, timeouts: {implicit: 0, pageLoad: 300000, script: 30000}, unhandledPromptBehavior: dismiss and notify, webauthn:extension:credBlob: true, webauthn:extension:largeBlob: true, webauthn:virtualAuthenticators: true}
Session ID: f839521f548ed7e9865f5a3e26ffac91
	at java.base/jdk.internal.reflect.NativeConstructorAccessorImpl.newInstance0(Native Method)
	at java.base/jdk.internal.reflect.NativeConstructorAccessorImpl.newInstance(NativeConstructorAccessorImpl.java:77)
	at java.base/jdk.internal.reflect.DelegatingConstructorAccessorImpl.newInstance(DelegatingConstructorAccessorImpl.java:45)
	at java.base/java.lang.reflect.Constructor.newInstanceWithCaller(Constructor.java:499)
	at java.base/java.lang.reflect.Constructor.newInstance(Constructor.java:480)
	at org.openqa.selenium.remote.codec.w3c.W3CHttpResponseCodec.createException(W3CHttpResponseCodec.java:200)
	at org.openqa.selenium.remote.codec.w3c.W3CHttpResponseCodec.decode(W3CHttpResponseCodec.java:133)
	at org.openqa.selenium.remote.codec.w3c.W3CHttpResponseCodec.decode(W3CHttpResponseCodec.java:53)
	at org.openqa.selenium.remote.HttpCommandExecutor.execute(HttpCommandExecutor.java:184)
	at org.openqa.selenium.remote.service.DriverCommandExecutor.invokeExecute(DriverCommandExecutor.java:167)
	at org.openqa.selenium.remote.service.DriverCommandExecutor.execute(DriverCommandExecutor.java:142)
	at org.openqa.selenium.remote.RemoteWebDriver.execute(RemoteWebDriver.java:569)
	at org.openqa.selenium.remote.ElementLocation$ElementFinder$2.findElement(ElementLocation.java:162)
	at org.openqa.selenium.remote.ElementLocation.findElement(ElementLocation.java:60)
	at org.openqa.selenium.remote.RemoteWebDriver.findElement(RemoteWebDriver.java:387)
	at org.openqa.selenium.remote.RemoteWebDriver.findElement(RemoteWebDriver.java:379)
	at com.pages.DeviceType.EditDeviceTypePage.click_devicetype(EditDeviceTypePage.java:28)
	at stepdefinitions.DeviceType.EditDeviceTypeSteps.user_click_on_administrator(EditDeviceTypeSteps.java:21)
	at ✽.user click on Administrator &quot;Test&quot;(file:///home/vassar-deepa/git/Stanley-Dashboard/src/test/resources/DeviceType/EditDeviceType.feature:4)
</pre></div><a href='#' onClick='toggleBox("stack-trace332946907", this, "Click to show all stack frames", "Click to hide stack frames")'>Click to show all stack frames</a>
<div class='stack-trace' id='stack-trace332946907'><pre>org.openqa.selenium.NoSuchElementException: no such element: Unable to locate element: {&quot;method&quot;:&quot;xpath&quot;,&quot;selector&quot;:&quot;//td//span[text()=&apos; Test&apos;]//following::td[2]//div//div[1]//i&quot;}
  (Session info: chrome=108.0.5359.124)
For documentation on this error, please visit: https://selenium.dev/exceptions/#no_such_element
Build info: version: &apos;4.3.0&apos;, revision: &apos;a4995e2c09*&apos;
System info: host: &apos;vassardeepa-ThinkPad-L15-Gen-3&apos;, ip: &apos;127.0.1.1&apos;, os.name: &apos;Linux&apos;, os.arch: &apos;amd64&apos;, os.version: &apos;5.15.0-56-generic&apos;, java.version: &apos;17.0.5&apos;
Driver info: org.openqa.selenium.chrome.ChromeDriver
Command: [f839521f548ed7e9865f5a3e26ffac91, findElement {using=xpath, value=//td//span[text()=&apos; Test&apos;]//following::td[2]//div//div[1]//i}]
Capabilities {acceptInsecureCerts: false, browserName: chrome, browserVersion: 108.0.5359.124, chrome: {chromedriverVersion: 108.0.5359.71 (1e0e3868ee06..., userDataDir: /tmp/.com.google.Chrome.P7t6cz}, goog:chromeOptions: {debuggerAddress: localhost:35299}, networkConnectionEnabled: false, pageLoadStrategy: normal, platformName: LINUX, proxy: Proxy(), se:cdp: ws://localhost:35299/devtoo..., se:cdpVersion: 108.0.5359.124, setWindowRect: true, strictFileInteractability: false, timeouts: {implicit: 0, pageLoad: 300000, script: 30000}, unhandledPromptBehavior: dismiss and notify, webauthn:extension:credBlob: true, webauthn:extension:largeBlob: true, webauthn:virtualAuthenticators: true}
Session ID: f839521f548ed7e9865f5a3e26ffac91
	at java.base/jdk.internal.reflect.NativeConstructorAccessorImpl.newInstance0(Native Method)
	at java.base/jdk.internal.reflect.NativeConstructorAccessorImpl.newInstance(NativeConstructorAccessorImpl.java:77)
	at java.base/jdk.internal.reflect.DelegatingConstructorAccessorImpl.newInstance(DelegatingConstructorAccessorImpl.java:45)
	at java.base/java.lang.reflect.Constructor.newInstanceWithCaller(Constructor.java:499)
	at java.base/java.lang.reflect.Constructor.newInstance(Constructor.java:480)
	at org.openqa.selenium.remote.codec.w3c.W3CHttpResponseCodec.createException(W3CHttpResponseCodec.java:200)
	at org.openqa.selenium.remote.codec.w3c.W3CHttpResponseCodec.decode(W3CHttpResponseCodec.java:133)
	at org.openqa.selenium.remote.codec.w3c.W3CHttpResponseCodec.decode(W3CHttpResponseCodec.java:53)
	at org.openqa.selenium.remote.HttpCommandExecutor.execute(HttpCommandExecutor.java:184)
	at org.openqa.selenium.remote.service.DriverCommandExecutor.invokeExecute(DriverCommandExecutor.java:167)
	at org.openqa.selenium.remote.service.DriverCommandExecutor.execute(DriverCommandExecutor.java:142)
	at org.openqa.selenium.remote.RemoteWebDriver.execute(RemoteWebDriver.java:569)
	at org.openqa.selenium.remote.ElementLocation$ElementFinder$2.findElement(ElementLocation.java:162)
	at org.openqa.selenium.remote.ElementLocation.findElement(ElementLocation.java:60)
	at org.openqa.selenium.remote.RemoteWebDriver.findElement(RemoteWebDriver.java:387)
	at org.openqa.selenium.remote.RemoteWebDriver.findElement(RemoteWebDriver.java:379)
	at com.pages.DeviceType.EditDeviceTypePage.click_devicetype(EditDeviceTypePage.java:28)
	at stepdefinitions.DeviceType.EditDeviceTypeSteps.user_click_on_administrator(EditDeviceTypeSteps.java:21)
	at ✽.user click on Administrator &quot;Test&quot;(file:///home/vassar-deepa/git/Stanley-Dashboard/src/test/resources/DeviceType/EditDeviceType.feature:4)
</pre></div></td>
<td>20</td>
<td>testrunner.TestRunner@7674f035</td></tr>
<tr>
<td title='testrunner.TestRunner.runScenario()'><b>runScenario</b><br>Test class: testrunner.TestRunner<br>Test method: Runs Cucumber Scenarios<br>Parameters: "Validate Delete Location Type Functionality", "Optional[Validate Delete Location Type Functionality]"</td>
<td><div><pre>java.lang.AssertionError: expected [Location Type Deleted Successfully] but found [Entered Location Type does NOT exists in Table]
	at org.testng.Assert.fail(Assert.java:99)
	at org.testng.Assert.failNotEquals(Assert.java:1037)
	at org.testng.Assert.assertEqualsImpl(Assert.java:140)
	at org.testng.Assert.assertEquals(Assert.java:122)
	at org.testng.Assert.assertEquals(Assert.java:629)
	at org.testng.Assert.assertEquals(Assert.java:639)
	at com.pages.LocationType.DeleteLocationTypePage.deleteLocType(DeleteLocationTypePage.java:80)
	at stepdefinitions.LocationType.DeleteLocationTypeSteps.delete_desired_location_type(DeleteLocationTypeSteps.java:15)
	at ✽.Delete desired Location Type &quot;@@@@@34525&quot; &quot;Location Type Deleted Successfully&quot;(file:///home/vassar-deepa/git/Stanley-Dashboard/src/test/resources/LocationType/DeleteLocationType.feature:5)
</pre></div><a href='#' onClick='toggleBox("stack-trace53388589", this, "Click to show all stack frames", "Click to hide stack frames")'>Click to show all stack frames</a>
<div class='stack-trace' id='stack-trace53388589'><pre>java.lang.AssertionError: expected [Location Type Deleted Successfully] but found [Entered Location Type does NOT exists in Table]
	at org.testng.Assert.fail(Assert.java:99)
	at org.testng.Assert.failNotEquals(Assert.java:1037)
	at org.testng.Assert.assertEqualsImpl(Assert.java:140)
	at org.testng.Assert.assertEquals(Assert.java:122)
	at org.testng.Assert.assertEquals(Assert.java:629)
	at org.testng.Assert.assertEquals(Assert.java:639)
	at com.pages.LocationType.DeleteLocationTypePage.deleteLocType(DeleteLocationTypePage.java:80)
	at stepdefinitions.LocationType.DeleteLocationTypeSteps.delete_desired_location_type(DeleteLocationTypeSteps.java:15)
	at ✽.Delete desired Location Type &quot;@@@@@34525&quot; &quot;Location Type Deleted Successfully&quot;(file:///home/vassar-deepa/git/Stanley-Dashboard/src/test/resources/LocationType/DeleteLocationType.feature:5)
</pre></div></td>
<td>16</td>
<td>testrunner.TestRunner@7674f035</td></tr>
<tr>
<td title='testrunner.TestRunner.runScenario()'><b>runScenario</b><br>Test class: testrunner.TestRunner<br>Test method: Runs Cucumber Scenarios<br>Parameters: "Validate Add Device Profile Functionality", "Optional[Validate Add Device Profile Functionality]"</td>
<td><div><pre>java.lang.AssertionError: expected [Device Profile Added Successfully] but found [Submit Button is Disabled. Need to fill Mandatory fields]
	at org.testng.Assert.fail(Assert.java:99)
	at org.testng.Assert.failNotEquals(Assert.java:1037)
	at org.testng.Assert.assertEqualsImpl(Assert.java:140)
	at org.testng.Assert.assertEquals(Assert.java:122)
	at org.testng.Assert.assertEquals(Assert.java:629)
	at org.testng.Assert.assertEquals(Assert.java:639)
	at com.pages.DeviceProfile.AddDeviceProfilePage.verifyToasterMessage(AddDeviceProfilePage.java:77)
	at stepdefinitions.DeviceProfile.AddDeviceProfileSteps.verify_toaster_message_for_add_device_profile(AddDeviceProfileSteps.java:79)
	at ✽.Verify Toaster Message for Add Device Profile &quot;Device Profile Added Successfully&quot;(file:///home/vassar-deepa/git/Stanley-Dashboard/src/test/resources/DeviceProfile/AddDeviceProfile.feature:13)
</pre></div><a href='#' onClick='toggleBox("stack-trace1463905865", this, "Click to show all stack frames", "Click to hide stack frames")'>Click to show all stack frames</a>
<div class='stack-trace' id='stack-trace1463905865'><pre>java.lang.AssertionError: expected [Device Profile Added Successfully] but found [Submit Button is Disabled. Need to fill Mandatory fields]
	at org.testng.Assert.fail(Assert.java:99)
	at org.testng.Assert.failNotEquals(Assert.java:1037)
	at org.testng.Assert.assertEqualsImpl(Assert.java:140)
	at org.testng.Assert.assertEquals(Assert.java:122)
	at org.testng.Assert.assertEquals(Assert.java:629)
	at org.testng.Assert.assertEquals(Assert.java:639)
	at com.pages.DeviceProfile.AddDeviceProfilePage.verifyToasterMessage(AddDeviceProfilePage.java:77)
	at stepdefinitions.DeviceProfile.AddDeviceProfileSteps.verify_toaster_message_for_add_device_profile(AddDeviceProfileSteps.java:79)
	at ✽.Verify Toaster Message for Add Device Profile &quot;Device Profile Added Successfully&quot;(file:///home/vassar-deepa/git/Stanley-Dashboard/src/test/resources/DeviceProfile/AddDeviceProfile.feature:13)
</pre></div></td>
<td>20</td>
<td>testrunner.TestRunner@7674f035</td></tr>
<tr>
<td title='testrunner.TestRunner.runScenario()'><b>runScenario</b><br>Test class: testrunner.TestRunner<br>Test method: Runs Cucumber Scenarios<br>Parameters: "Verify the Edit Location Type page", "Optional[Validate the Edit Location type]"</td>
<td><div><pre>java.lang.AssertionError: expected [Location Type Edited Successfully] but found [Entered Location Type does NOT exists in Table]
	at org.testng.Assert.fail(Assert.java:99)
	at org.testng.Assert.failNotEquals(Assert.java:1037)
	at org.testng.Assert.assertEqualsImpl(Assert.java:140)
	at org.testng.Assert.assertEquals(Assert.java:122)
	at org.testng.Assert.assertEquals(Assert.java:629)
	at org.testng.Assert.assertEquals(Assert.java:639)
	at com.pages.LocationType.EditLocationTypePage.editLocationType(EditLocationTypePage.java:160)
	at stepdefinitions.LocationType.EditLocationTypeSteps.user_edits_location_type_exp_msg(EditLocationTypeSteps.java:29)
	at ✽.User Edits Location Type &quot;Test#####&quot; &quot;Testing&quot; &quot;Testing&quot; &quot;Device Location&quot; &quot;Home Depot&quot; &quot;Location Type Edited Successfully&quot;(file:///home/vassar-deepa/git/Stanley-Dashboard/src/test/resources/LocationType/EditLocationType.feature:5)
</pre></div><a href='#' onClick='toggleBox("stack-trace497326120", this, "Click to show all stack frames", "Click to hide stack frames")'>Click to show all stack frames</a>
<div class='stack-trace' id='stack-trace497326120'><pre>java.lang.AssertionError: expected [Location Type Edited Successfully] but found [Entered Location Type does NOT exists in Table]
	at org.testng.Assert.fail(Assert.java:99)
	at org.testng.Assert.failNotEquals(Assert.java:1037)
	at org.testng.Assert.assertEqualsImpl(Assert.java:140)
	at org.testng.Assert.assertEquals(Assert.java:122)
	at org.testng.Assert.assertEquals(Assert.java:629)
	at org.testng.Assert.assertEquals(Assert.java:639)
	at com.pages.LocationType.EditLocationTypePage.editLocationType(EditLocationTypePage.java:160)
	at stepdefinitions.LocationType.EditLocationTypeSteps.user_edits_location_type_exp_msg(EditLocationTypeSteps.java:29)
	at ✽.User Edits Location Type &quot;Test#####&quot; &quot;Testing&quot; &quot;Testing&quot; &quot;Device Location&quot; &quot;Home Depot&quot; &quot;Location Type Edited Successfully&quot;(file:///home/vassar-deepa/git/Stanley-Dashboard/src/test/resources/LocationType/EditLocationType.feature:5)
</pre></div></td>
<td>20</td>
<td>testrunner.TestRunner@7674f035</td></tr>
<tr>
<td title='testrunner.TestRunner.runScenario()'><b>runScenario</b><br>Test class: testrunner.TestRunner<br>Test method: Runs Cucumber Scenarios<br>Parameters: "Validate Add Device Profile Functionality", "Optional[Validate Add Device Profile Functionality]"</td>
<td><div><pre>java.lang.AssertionError: expected [Duplicate Value Entered] but found [Submit Button is Disabled. Need to fill Mandatory fields]
	at org.testng.Assert.fail(Assert.java:99)
	at org.testng.Assert.failNotEquals(Assert.java:1037)
	at org.testng.Assert.assertEqualsImpl(Assert.java:140)
	at org.testng.Assert.assertEquals(Assert.java:122)
	at org.testng.Assert.assertEquals(Assert.java:629)
	at org.testng.Assert.assertEquals(Assert.java:639)
	at com.pages.DeviceProfile.AddDeviceProfilePage.verifyToasterMessage(AddDeviceProfilePage.java:77)
	at stepdefinitions.DeviceProfile.AddDeviceProfileSteps.verify_toaster_message_for_add_device_profile(AddDeviceProfileSteps.java:79)
	at ✽.Verify Toaster Message for Add Device Profile &quot;Duplicate Value Entered&quot;(file:///home/vassar-deepa/git/Stanley-Dashboard/src/test/resources/DeviceProfile/AddDeviceProfile.feature:13)
</pre></div><a href='#' onClick='toggleBox("stack-trace1730243635", this, "Click to show all stack frames", "Click to hide stack frames")'>Click to show all stack frames</a>
<div class='stack-trace' id='stack-trace1730243635'><pre>java.lang.AssertionError: expected [Duplicate Value Entered] but found [Submit Button is Disabled. Need to fill Mandatory fields]
	at org.testng.Assert.fail(Assert.java:99)
	at org.testng.Assert.failNotEquals(Assert.java:1037)
	at org.testng.Assert.assertEqualsImpl(Assert.java:140)
	at org.testng.Assert.assertEquals(Assert.java:122)
	at org.testng.Assert.assertEquals(Assert.java:629)
	at org.testng.Assert.assertEquals(Assert.java:639)
	at com.pages.DeviceProfile.AddDeviceProfilePage.verifyToasterMessage(AddDeviceProfilePage.java:77)
	at stepdefinitions.DeviceProfile.AddDeviceProfileSteps.verify_toaster_message_for_add_device_profile(AddDeviceProfileSteps.java:79)
	at ✽.Verify Toaster Message for Add Device Profile &quot;Duplicate Value Entered&quot;(file:///home/vassar-deepa/git/Stanley-Dashboard/src/test/resources/DeviceProfile/AddDeviceProfile.feature:13)
</pre></div></td>
<td>20</td>
<td>testrunner.TestRunner@7674f035</td></tr>
<tr>
<td title='testrunner.TestRunner.runScenario()'><b>runScenario</b><br>Test class: testrunner.TestRunner<br>Test method: Runs Cucumber Scenarios<br>Parameters: "Validate Add Location Type feature", "Optional[Validate Add Location Type feature]"</td>
<td><div><pre>java.lang.AssertionError: expected [Location Type Added Successfully] but found [Duplicate Value Entered]
	at org.testng.Assert.fail(Assert.java:99)
	at org.testng.Assert.failNotEquals(Assert.java:1037)
	at org.testng.Assert.assertEqualsImpl(Assert.java:140)
	at org.testng.Assert.assertEquals(Assert.java:122)
	at org.testng.Assert.assertEquals(Assert.java:629)
	at org.testng.Assert.assertEquals(Assert.java:639)
	at com.pages.LocationType.AddLocationTypePage.clickOnSubmitBtn(AddLocationTypePage.java:73)
	at stepdefinitions.LocationType.AddLocationTypeSteps.click_on_submit_button(AddLocationTypeSteps.java:41)
	at ✽.Click on Submit button &quot;Location Type Added Successfully&quot;(file:///home/vassar-deepa/git/Stanley-Dashboard/src/test/resources/LocationType/AddLocationType.feature:7)
</pre></div><a href='#' onClick='toggleBox("stack-trace1107640606", this, "Click to show all stack frames", "Click to hide stack frames")'>Click to show all stack frames</a>
<div class='stack-trace' id='stack-trace1107640606'><pre>java.lang.AssertionError: expected [Location Type Added Successfully] but found [Duplicate Value Entered]
	at org.testng.Assert.fail(Assert.java:99)
	at org.testng.Assert.failNotEquals(Assert.java:1037)
	at org.testng.Assert.assertEqualsImpl(Assert.java:140)
	at org.testng.Assert.assertEquals(Assert.java:122)
	at org.testng.Assert.assertEquals(Assert.java:629)
	at org.testng.Assert.assertEquals(Assert.java:639)
	at com.pages.LocationType.AddLocationTypePage.clickOnSubmitBtn(AddLocationTypePage.java:73)
	at stepdefinitions.LocationType.AddLocationTypeSteps.click_on_submit_button(AddLocationTypeSteps.java:41)
	at ✽.Click on Submit button &quot;Location Type Added Successfully&quot;(file:///home/vassar-deepa/git/Stanley-Dashboard/src/test/resources/LocationType/AddLocationType.feature:7)
</pre></div></td>
<td>20</td>
<td>testrunner.TestRunner@7674f035</td></tr>
<tr>
<td title='testrunner.TestRunner.runScenario()'><b>runScenario</b><br>Test class: testrunner.TestRunner<br>Test method: Runs Cucumber Scenarios<br>Parameters: "Validate Delete Location Type Functionality", "Optional[Validate Delete Location Type Functionality]"</td>
<td><div><pre>java.lang.AssertionError: expected [Location Type Deleted Successfully] but found [Entered Location Type does NOT exists in Table]
	at org.testng.Assert.fail(Assert.java:99)
	at org.testng.Assert.failNotEquals(Assert.java:1037)
	at org.testng.Assert.assertEqualsImpl(Assert.java:140)
	at org.testng.Assert.assertEquals(Assert.java:122)
	at org.testng.Assert.assertEquals(Assert.java:629)
	at org.testng.Assert.assertEquals(Assert.java:639)
	at com.pages.LocationType.DeleteLocationTypePage.deleteLocType(DeleteLocationTypePage.java:80)
	at stepdefinitions.LocationType.DeleteLocationTypeSteps.delete_desired_location_type(DeleteLocationTypeSteps.java:15)
	at ✽.Delete desired Location Type &quot;TestING&quot; &quot;Location Type Deleted Successfully&quot;(file:///home/vassar-deepa/git/Stanley-Dashboard/src/test/resources/LocationType/DeleteLocationType.feature:5)
</pre></div><a href='#' onClick='toggleBox("stack-trace1829644818", this, "Click to show all stack frames", "Click to hide stack frames")'>Click to show all stack frames</a>
<div class='stack-trace' id='stack-trace1829644818'><pre>java.lang.AssertionError: expected [Location Type Deleted Successfully] but found [Entered Location Type does NOT exists in Table]
	at org.testng.Assert.fail(Assert.java:99)
	at org.testng.Assert.failNotEquals(Assert.java:1037)
	at org.testng.Assert.assertEqualsImpl(Assert.java:140)
	at org.testng.Assert.assertEquals(Assert.java:122)
	at org.testng.Assert.assertEquals(Assert.java:629)
	at org.testng.Assert.assertEquals(Assert.java:639)
	at com.pages.LocationType.DeleteLocationTypePage.deleteLocType(DeleteLocationTypePage.java:80)
	at stepdefinitions.LocationType.DeleteLocationTypeSteps.delete_desired_location_type(DeleteLocationTypeSteps.java:15)
	at ✽.Delete desired Location Type &quot;TestING&quot; &quot;Location Type Deleted Successfully&quot;(file:///home/vassar-deepa/git/Stanley-Dashboard/src/test/resources/LocationType/DeleteLocationType.feature:5)
</pre></div></td>
<td>14</td>
<td>testrunner.TestRunner@7674f035</td></tr>
<tr>
<td title='testrunner.TestRunner.runScenario()'><b>runScenario</b><br>Test class: testrunner.TestRunner<br>Test method: Runs Cucumber Scenarios<br>Parameters: "Validate Add Device Profile Functionality", "Optional[Validate Add Device Profile Functionality]"</td>
<td><div><pre>java.lang.AssertionError: expected [Duplicate Value Entered] but found [Submit Button is Disabled. Need to fill Mandatory fields]
	at org.testng.Assert.fail(Assert.java:99)
	at org.testng.Assert.failNotEquals(Assert.java:1037)
	at org.testng.Assert.assertEqualsImpl(Assert.java:140)
	at org.testng.Assert.assertEquals(Assert.java:122)
	at org.testng.Assert.assertEquals(Assert.java:629)
	at org.testng.Assert.assertEquals(Assert.java:639)
	at com.pages.DeviceProfile.AddDeviceProfilePage.verifyToasterMessage(AddDeviceProfilePage.java:77)
	at stepdefinitions.DeviceProfile.AddDeviceProfileSteps.verify_toaster_message_for_add_device_profile(AddDeviceProfileSteps.java:79)
	at ✽.Verify Toaster Message for Add Device Profile &quot;Duplicate Value Entered&quot;(file:///home/vassar-deepa/git/Stanley-Dashboard/src/test/resources/DeviceProfile/AddDeviceProfile.feature:13)
</pre></div><a href='#' onClick='toggleBox("stack-trace1039806308", this, "Click to show all stack frames", "Click to hide stack frames")'>Click to show all stack frames</a>
<div class='stack-trace' id='stack-trace1039806308'><pre>java.lang.AssertionError: expected [Duplicate Value Entered] but found [Submit Button is Disabled. Need to fill Mandatory fields]
	at org.testng.Assert.fail(Assert.java:99)
	at org.testng.Assert.failNotEquals(Assert.java:1037)
	at org.testng.Assert.assertEqualsImpl(Assert.java:140)
	at org.testng.Assert.assertEquals(Assert.java:122)
	at org.testng.Assert.assertEquals(Assert.java:629)
	at org.testng.Assert.assertEquals(Assert.java:639)
	at com.pages.DeviceProfile.AddDeviceProfilePage.verifyToasterMessage(AddDeviceProfilePage.java:77)
	at stepdefinitions.DeviceProfile.AddDeviceProfileSteps.verify_toaster_message_for_add_device_profile(AddDeviceProfileSteps.java:79)
	at ✽.Verify Toaster Message for Add Device Profile &quot;Duplicate Value Entered&quot;(file:///home/vassar-deepa/git/Stanley-Dashboard/src/test/resources/DeviceProfile/AddDeviceProfile.feature:13)
</pre></div></td>
<td>24</td>
<td>testrunner.TestRunner@7674f035</td></tr>
<tr>
<td title='testrunner.TestRunner.runScenario()'><b>runScenario</b><br>Test class: testrunner.TestRunner<br>Test method: Runs Cucumber Scenarios<br>Parameters: "Scenario to Add DeviceType", "Optional[To Add DeviceType]"</td>
<td><div><pre>org.openqa.selenium.ElementClickInterceptedException: element click intercepted: Element &lt;button _ngcontent-xld-c163=&quot;&quot; type=&quot;button&quot; class=&quot;btn btn-primary rounded-pill&quot;&gt;...&lt;/button&gt; is not clickable at point (1704, 146). Other element would receive the click: &lt;div _ngcontent-xld-c73=&quot;&quot; class=&quot;ngx-overlay ngx-position-absolute foreground-closing&quot; style=&quot;background-color: rgba(40, 40, 40, 0.8); border-radius: 0px;&quot;&gt;...&lt;/div&gt;
  (Session info: chrome=108.0.5359.124)
Build info: version: &apos;4.3.0&apos;, revision: &apos;a4995e2c09*&apos;
System info: host: &apos;vassardeepa-ThinkPad-L15-Gen-3&apos;, ip: &apos;127.0.1.1&apos;, os.name: &apos;Linux&apos;, os.arch: &apos;amd64&apos;, os.version: &apos;5.15.0-56-generic&apos;, java.version: &apos;17.0.5&apos;
Driver info: org.openqa.selenium.chrome.ChromeDriver
Command: [fc0ac62c4248b3f260fb305e5bc8e2d5, clickElement {id=11462008-9402-4e46-8648-cb162e33d00f}]
Capabilities {acceptInsecureCerts: false, browserName: chrome, browserVersion: 108.0.5359.124, chrome: {chromedriverVersion: 108.0.5359.71 (1e0e3868ee06..., userDataDir: /tmp/.com.google.Chrome.GWdQES}, goog:chromeOptions: {debuggerAddress: localhost:38217}, networkConnectionEnabled: false, pageLoadStrategy: normal, platformName: LINUX, proxy: Proxy(), se:cdp: ws://localhost:38217/devtoo..., se:cdpVersion: 108.0.5359.124, setWindowRect: true, strictFileInteractability: false, timeouts: {implicit: 0, pageLoad: 300000, script: 30000}, unhandledPromptBehavior: dismiss and notify, webauthn:extension:credBlob: true, webauthn:extension:largeBlob: true, webauthn:virtualAuthenticators: true}
Element: [[ChromeDriver: chrome on LINUX (fc0ac62c4248b3f260fb305e5bc8e2d5)] -&gt; xpath: //button[text()=&apos;Add Device Type &apos;]]
Session ID: fc0ac62c4248b3f260fb305e5bc8e2d5
	at jdk.internal.reflect.GeneratedConstructorAccessor37.newInstance(Unknown Source)
	at java.base/jdk.internal.reflect.DelegatingConstructorAccessorImpl.newInstance(DelegatingConstructorAccessorImpl.java:45)
	at java.base/java.lang.reflect.Constructor.newInstanceWithCaller(Constructor.java:499)
	at java.base/java.lang.reflect.Constructor.newInstance(Constructor.java:480)
	at org.openqa.selenium.remote.codec.w3c.W3CHttpResponseCodec.createException(W3CHttpResponseCodec.java:200)
	at org.openqa.selenium.remote.codec.w3c.W3CHttpResponseCodec.decode(W3CHttpResponseCodec.java:133)
	at org.openqa.selenium.remote.codec.w3c.W3CHttpResponseCodec.decode(W3CHttpResponseCodec.java:53)
	at org.openqa.selenium.remote.HttpCommandExecutor.execute(HttpCommandExecutor.java:184)
	at org.openqa.selenium.remote.service.DriverCommandExecutor.invokeExecute(DriverCommandExecutor.java:167)
	at org.openqa.selenium.remote.service.DriverCommandExecutor.execute(DriverCommandExecutor.java:142)
	at org.openqa.selenium.remote.RemoteWebDriver.execute(RemoteWebDriver.java:569)
	at org.openqa.selenium.remote.RemoteWebElement.execute(RemoteWebElement.java:257)
	at org.openqa.selenium.remote.RemoteWebElement.click(RemoteWebElement.java:78)
	at com.pages.DeviceType.AddDeviceTypePage.clickOnAddDeviceType(AddDeviceTypePage.java:33)
	at stepdefinitions.DeviceType.AddDeviceTypeSteps.Go_To_Add_DeviceType_Page(AddDeviceTypeSteps.java:24)
	at ✽.Go To Add DeviceType Page(file:///home/vassar-deepa/git/Stanley-Dashboard/src/test/resources/DeviceType/AddDeviceType.feature:4)
</pre></div><a href='#' onClick='toggleBox("stack-trace958580156", this, "Click to show all stack frames", "Click to hide stack frames")'>Click to show all stack frames</a>
<div class='stack-trace' id='stack-trace958580156'><pre>org.openqa.selenium.ElementClickInterceptedException: element click intercepted: Element &lt;button _ngcontent-xld-c163=&quot;&quot; type=&quot;button&quot; class=&quot;btn btn-primary rounded-pill&quot;&gt;...&lt;/button&gt; is not clickable at point (1704, 146). Other element would receive the click: &lt;div _ngcontent-xld-c73=&quot;&quot; class=&quot;ngx-overlay ngx-position-absolute foreground-closing&quot; style=&quot;background-color: rgba(40, 40, 40, 0.8); border-radius: 0px;&quot;&gt;...&lt;/div&gt;
  (Session info: chrome=108.0.5359.124)
Build info: version: &apos;4.3.0&apos;, revision: &apos;a4995e2c09*&apos;
System info: host: &apos;vassardeepa-ThinkPad-L15-Gen-3&apos;, ip: &apos;127.0.1.1&apos;, os.name: &apos;Linux&apos;, os.arch: &apos;amd64&apos;, os.version: &apos;5.15.0-56-generic&apos;, java.version: &apos;17.0.5&apos;
Driver info: org.openqa.selenium.chrome.ChromeDriver
Command: [fc0ac62c4248b3f260fb305e5bc8e2d5, clickElement {id=11462008-9402-4e46-8648-cb162e33d00f}]
Capabilities {acceptInsecureCerts: false, browserName: chrome, browserVersion: 108.0.5359.124, chrome: {chromedriverVersion: 108.0.5359.71 (1e0e3868ee06..., userDataDir: /tmp/.com.google.Chrome.GWdQES}, goog:chromeOptions: {debuggerAddress: localhost:38217}, networkConnectionEnabled: false, pageLoadStrategy: normal, platformName: LINUX, proxy: Proxy(), se:cdp: ws://localhost:38217/devtoo..., se:cdpVersion: 108.0.5359.124, setWindowRect: true, strictFileInteractability: false, timeouts: {implicit: 0, pageLoad: 300000, script: 30000}, unhandledPromptBehavior: dismiss and notify, webauthn:extension:credBlob: true, webauthn:extension:largeBlob: true, webauthn:virtualAuthenticators: true}
Element: [[ChromeDriver: chrome on LINUX (fc0ac62c4248b3f260fb305e5bc8e2d5)] -&gt; xpath: //button[text()=&apos;Add Device Type &apos;]]
Session ID: fc0ac62c4248b3f260fb305e5bc8e2d5
	at jdk.internal.reflect.GeneratedConstructorAccessor37.newInstance(Unknown Source)
	at java.base/jdk.internal.reflect.DelegatingConstructorAccessorImpl.newInstance(DelegatingConstructorAccessorImpl.java:45)
	at java.base/java.lang.reflect.Constructor.newInstanceWithCaller(Constructor.java:499)
	at java.base/java.lang.reflect.Constructor.newInstance(Constructor.java:480)
	at org.openqa.selenium.remote.codec.w3c.W3CHttpResponseCodec.createException(W3CHttpResponseCodec.java:200)
	at org.openqa.selenium.remote.codec.w3c.W3CHttpResponseCodec.decode(W3CHttpResponseCodec.java:133)
	at org.openqa.selenium.remote.codec.w3c.W3CHttpResponseCodec.decode(W3CHttpResponseCodec.java:53)
	at org.openqa.selenium.remote.HttpCommandExecutor.execute(HttpCommandExecutor.java:184)
	at org.openqa.selenium.remote.service.DriverCommandExecutor.invokeExecute(DriverCommandExecutor.java:167)
	at org.openqa.selenium.remote.service.DriverCommandExecutor.execute(DriverCommandExecutor.java:142)
	at org.openqa.selenium.remote.RemoteWebDriver.execute(RemoteWebDriver.java:569)
	at org.openqa.selenium.remote.RemoteWebElement.execute(RemoteWebElement.java:257)
	at org.openqa.selenium.remote.RemoteWebElement.click(RemoteWebElement.java:78)
	at com.pages.DeviceType.AddDeviceTypePage.clickOnAddDeviceType(AddDeviceTypePage.java:33)
	at stepdefinitions.DeviceType.AddDeviceTypeSteps.Go_To_Add_DeviceType_Page(AddDeviceTypeSteps.java:24)
	at ✽.Go To Add DeviceType Page(file:///home/vassar-deepa/git/Stanley-Dashboard/src/test/resources/DeviceType/AddDeviceType.feature:4)
</pre></div></td>
<td>14</td>
<td>testrunner.TestRunner@7674f035</td></tr>
<tr>
<td title='testrunner.TestRunner.runScenario()'><b>runScenario</b><br>Test class: testrunner.TestRunner<br>Test method: Runs Cucumber Scenarios<br>Parameters: "Verify Devices page", "Optional[Verify Devices Page]"</td>
<td><div><pre>org.openqa.selenium.ElementNotInteractableException: element not interactable
  (Session info: chrome=108.0.5359.124)
Build info: version: &apos;4.3.0&apos;, revision: &apos;a4995e2c09*&apos;
System info: host: &apos;vassardeepa-ThinkPad-L15-Gen-3&apos;, ip: &apos;127.0.1.1&apos;, os.name: &apos;Linux&apos;, os.arch: &apos;amd64&apos;, os.version: &apos;5.15.0-56-generic&apos;, java.version: &apos;17.0.5&apos;
Driver info: org.openqa.selenium.chrome.ChromeDriver
Command: [6990cc97f4ca92f385e39e296d5df534, clickElement {id=95cb8f86-1a5d-498f-80ad-cdabaf7ae94c}]
Capabilities {acceptInsecureCerts: false, browserName: chrome, browserVersion: 108.0.5359.124, chrome: {chromedriverVersion: 108.0.5359.71 (1e0e3868ee06..., userDataDir: /tmp/.com.google.Chrome.TGcj5I}, goog:chromeOptions: {debuggerAddress: localhost:35165}, networkConnectionEnabled: false, pageLoadStrategy: normal, platformName: LINUX, proxy: Proxy(), se:cdp: ws://localhost:35165/devtoo..., se:cdpVersion: 108.0.5359.124, setWindowRect: true, strictFileInteractability: false, timeouts: {implicit: 0, pageLoad: 300000, script: 30000}, unhandledPromptBehavior: dismiss and notify, webauthn:extension:credBlob: true, webauthn:extension:largeBlob: true, webauthn:virtualAuthenticators: true}
Element: [[ChromeDriver: chrome on LINUX (6990cc97f4ca92f385e39e296d5df534)] -&gt; xpath: //a[text()=&apos; Devices&apos;]]
Session ID: 6990cc97f4ca92f385e39e296d5df534
	at java.base/jdk.internal.reflect.NativeConstructorAccessorImpl.newInstance0(Native Method)
	at java.base/jdk.internal.reflect.NativeConstructorAccessorImpl.newInstance(NativeConstructorAccessorImpl.java:77)
	at java.base/jdk.internal.reflect.DelegatingConstructorAccessorImpl.newInstance(DelegatingConstructorAccessorImpl.java:45)
	at java.base/java.lang.reflect.Constructor.newInstanceWithCaller(Constructor.java:499)
	at java.base/java.lang.reflect.Constructor.newInstance(Constructor.java:480)
	at org.openqa.selenium.remote.codec.w3c.W3CHttpResponseCodec.createException(W3CHttpResponseCodec.java:200)
	at org.openqa.selenium.remote.codec.w3c.W3CHttpResponseCodec.decode(W3CHttpResponseCodec.java:133)
	at org.openqa.selenium.remote.codec.w3c.W3CHttpResponseCodec.decode(W3CHttpResponseCodec.java:53)
	at org.openqa.selenium.remote.HttpCommandExecutor.execute(HttpCommandExecutor.java:184)
	at org.openqa.selenium.remote.service.DriverCommandExecutor.invokeExecute(DriverCommandExecutor.java:167)
	at org.openqa.selenium.remote.service.DriverCommandExecutor.execute(DriverCommandExecutor.java:142)
	at org.openqa.selenium.remote.RemoteWebDriver.execute(RemoteWebDriver.java:569)
	at org.openqa.selenium.remote.RemoteWebElement.execute(RemoteWebElement.java:257)
	at org.openqa.selenium.remote.RemoteWebElement.click(RemoteWebElement.java:78)
	at com.pages.Devices.VerifyDevicesPage.clickOnDevices_Link(VerifyDevicesPage.java:20)
	at stepdefinitions.Devices.VerifyDevicesPageSteps.user_is_on_devices_page(VerifyDevicesPageSteps.java:20)
	at ✽.user is on Devices page(file:///home/vassar-deepa/git/Stanley-Dashboard/src/test/resources/Devices/VerifyDevicesPage.feature:4)
</pre></div><a href='#' onClick='toggleBox("stack-trace89236047", this, "Click to show all stack frames", "Click to hide stack frames")'>Click to show all stack frames</a>
<div class='stack-trace' id='stack-trace89236047'><pre>org.openqa.selenium.ElementNotInteractableException: element not interactable
  (Session info: chrome=108.0.5359.124)
Build info: version: &apos;4.3.0&apos;, revision: &apos;a4995e2c09*&apos;
System info: host: &apos;vassardeepa-ThinkPad-L15-Gen-3&apos;, ip: &apos;127.0.1.1&apos;, os.name: &apos;Linux&apos;, os.arch: &apos;amd64&apos;, os.version: &apos;5.15.0-56-generic&apos;, java.version: &apos;17.0.5&apos;
Driver info: org.openqa.selenium.chrome.ChromeDriver
Command: [6990cc97f4ca92f385e39e296d5df534, clickElement {id=95cb8f86-1a5d-498f-80ad-cdabaf7ae94c}]
Capabilities {acceptInsecureCerts: false, browserName: chrome, browserVersion: 108.0.5359.124, chrome: {chromedriverVersion: 108.0.5359.71 (1e0e3868ee06..., userDataDir: /tmp/.com.google.Chrome.TGcj5I}, goog:chromeOptions: {debuggerAddress: localhost:35165}, networkConnectionEnabled: false, pageLoadStrategy: normal, platformName: LINUX, proxy: Proxy(), se:cdp: ws://localhost:35165/devtoo..., se:cdpVersion: 108.0.5359.124, setWindowRect: true, strictFileInteractability: false, timeouts: {implicit: 0, pageLoad: 300000, script: 30000}, unhandledPromptBehavior: dismiss and notify, webauthn:extension:credBlob: true, webauthn:extension:largeBlob: true, webauthn:virtualAuthenticators: true}
Element: [[ChromeDriver: chrome on LINUX (6990cc97f4ca92f385e39e296d5df534)] -&gt; xpath: //a[text()=&apos; Devices&apos;]]
Session ID: 6990cc97f4ca92f385e39e296d5df534
	at java.base/jdk.internal.reflect.NativeConstructorAccessorImpl.newInstance0(Native Method)
	at java.base/jdk.internal.reflect.NativeConstructorAccessorImpl.newInstance(NativeConstructorAccessorImpl.java:77)
	at java.base/jdk.internal.reflect.DelegatingConstructorAccessorImpl.newInstance(DelegatingConstructorAccessorImpl.java:45)
	at java.base/java.lang.reflect.Constructor.newInstanceWithCaller(Constructor.java:499)
	at java.base/java.lang.reflect.Constructor.newInstance(Constructor.java:480)
	at org.openqa.selenium.remote.codec.w3c.W3CHttpResponseCodec.createException(W3CHttpResponseCodec.java:200)
	at org.openqa.selenium.remote.codec.w3c.W3CHttpResponseCodec.decode(W3CHttpResponseCodec.java:133)
	at org.openqa.selenium.remote.codec.w3c.W3CHttpResponseCodec.decode(W3CHttpResponseCodec.java:53)
	at org.openqa.selenium.remote.HttpCommandExecutor.execute(HttpCommandExecutor.java:184)
	at org.openqa.selenium.remote.service.DriverCommandExecutor.invokeExecute(DriverCommandExecutor.java:167)
	at org.openqa.selenium.remote.service.DriverCommandExecutor.execute(DriverCommandExecutor.java:142)
	at org.openqa.selenium.remote.RemoteWebDriver.execute(RemoteWebDriver.java:569)
	at org.openqa.selenium.remote.RemoteWebElement.execute(RemoteWebElement.java:257)
	at org.openqa.selenium.remote.RemoteWebElement.click(RemoteWebElement.java:78)
	at com.pages.Devices.VerifyDevicesPage.clickOnDevices_Link(VerifyDevicesPage.java:20)
	at stepdefinitions.Devices.VerifyDevicesPageSteps.user_is_on_devices_page(VerifyDevicesPageSteps.java:20)
	at ✽.user is on Devices page(file:///home/vassar-deepa/git/Stanley-Dashboard/src/test/resources/Devices/VerifyDevicesPage.feature:4)
</pre></div></td>
<td>131</td>
<td>testrunner.TestRunner@7674f035</td></tr>
<tr>
<td title='testrunner.TestRunner.runScenario()'><b>runScenario</b><br>Test class: testrunner.TestRunner<br>Test method: Runs Cucumber Scenarios<br>Parameters: "Verify the Edit Location Type page", "Optional[Validate the Edit Location type]"</td>
<td><div><pre>java.lang.AssertionError: expected [Duplicate Value Entered] but found [Entered Location Type does NOT exists in Table]
	at org.testng.Assert.fail(Assert.java:99)
	at org.testng.Assert.failNotEquals(Assert.java:1037)
	at org.testng.Assert.assertEqualsImpl(Assert.java:140)
	at org.testng.Assert.assertEquals(Assert.java:122)
	at org.testng.Assert.assertEquals(Assert.java:629)
	at org.testng.Assert.assertEquals(Assert.java:639)
	at com.pages.LocationType.EditLocationTypePage.editLocationType(EditLocationTypePage.java:160)
	at stepdefinitions.LocationType.EditLocationTypeSteps.user_edits_location_type_exp_msg(EditLocationTypeSteps.java:29)
	at ✽.User Edits Location Type &quot;Testing&quot; &quot;    &quot; &quot;Testing&quot; &quot;Device Location&quot; &quot;Vassar&quot; &quot;Duplicate Value Entered&quot;(file:///home/vassar-deepa/git/Stanley-Dashboard/src/test/resources/LocationType/EditLocationType.feature:5)
</pre></div><a href='#' onClick='toggleBox("stack-trace1664266643", this, "Click to show all stack frames", "Click to hide stack frames")'>Click to show all stack frames</a>
<div class='stack-trace' id='stack-trace1664266643'><pre>java.lang.AssertionError: expected [Duplicate Value Entered] but found [Entered Location Type does NOT exists in Table]
	at org.testng.Assert.fail(Assert.java:99)
	at org.testng.Assert.failNotEquals(Assert.java:1037)
	at org.testng.Assert.assertEqualsImpl(Assert.java:140)
	at org.testng.Assert.assertEquals(Assert.java:122)
	at org.testng.Assert.assertEquals(Assert.java:629)
	at org.testng.Assert.assertEquals(Assert.java:639)
	at com.pages.LocationType.EditLocationTypePage.editLocationType(EditLocationTypePage.java:160)
	at stepdefinitions.LocationType.EditLocationTypeSteps.user_edits_location_type_exp_msg(EditLocationTypeSteps.java:29)
	at ✽.User Edits Location Type &quot;Testing&quot; &quot;    &quot; &quot;Testing&quot; &quot;Device Location&quot; &quot;Vassar&quot; &quot;Duplicate Value Entered&quot;(file:///home/vassar-deepa/git/Stanley-Dashboard/src/test/resources/LocationType/EditLocationType.feature:5)
</pre></div></td>
<td>14</td>
<td>testrunner.TestRunner@7674f035</td></tr>
<tr>
<td title='testrunner.TestRunner.runScenario()'><b>runScenario</b><br>Test class: testrunner.TestRunner<br>Test method: Runs Cucumber Scenarios<br>Parameters: "Scenario to Add DeviceType", "Optional[To Add DeviceType]"</td>
<td><div><pre>org.openqa.selenium.ElementClickInterceptedException: element click intercepted: Element &lt;button _ngcontent-uva-c163=&quot;&quot; type=&quot;button&quot; class=&quot;btn btn-primary rounded-pill&quot;&gt;...&lt;/button&gt; is not clickable at point (1704, 146). Other element would receive the click: &lt;div _ngcontent-uva-c73=&quot;&quot; class=&quot;ngx-overlay ngx-position-absolute foreground-closing&quot; style=&quot;background-color: rgba(40, 40, 40, 0.8); border-radius: 0px;&quot;&gt;...&lt;/div&gt;
  (Session info: chrome=108.0.5359.124)
Build info: version: &apos;4.3.0&apos;, revision: &apos;a4995e2c09*&apos;
System info: host: &apos;vassardeepa-ThinkPad-L15-Gen-3&apos;, ip: &apos;127.0.1.1&apos;, os.name: &apos;Linux&apos;, os.arch: &apos;amd64&apos;, os.version: &apos;5.15.0-56-generic&apos;, java.version: &apos;17.0.5&apos;
Driver info: org.openqa.selenium.chrome.ChromeDriver
Command: [a634718c9e1bcb19bf507371c0e6fe61, clickElement {id=3a87d01d-fd04-4199-bce6-cc8f8708fdac}]
Capabilities {acceptInsecureCerts: false, browserName: chrome, browserVersion: 108.0.5359.124, chrome: {chromedriverVersion: 108.0.5359.71 (1e0e3868ee06..., userDataDir: /tmp/.com.google.Chrome.Y9gP1y}, goog:chromeOptions: {debuggerAddress: localhost:35265}, networkConnectionEnabled: false, pageLoadStrategy: normal, platformName: LINUX, proxy: Proxy(), se:cdp: ws://localhost:35265/devtoo..., se:cdpVersion: 108.0.5359.124, setWindowRect: true, strictFileInteractability: false, timeouts: {implicit: 0, pageLoad: 300000, script: 30000}, unhandledPromptBehavior: dismiss and notify, webauthn:extension:credBlob: true, webauthn:extension:largeBlob: true, webauthn:virtualAuthenticators: true}
Element: [[ChromeDriver: chrome on LINUX (a634718c9e1bcb19bf507371c0e6fe61)] -&gt; xpath: //button[text()=&apos;Add Device Type &apos;]]
Session ID: a634718c9e1bcb19bf507371c0e6fe61
	at jdk.internal.reflect.GeneratedConstructorAccessor37.newInstance(Unknown Source)
	at java.base/jdk.internal.reflect.DelegatingConstructorAccessorImpl.newInstance(DelegatingConstructorAccessorImpl.java:45)
	at java.base/java.lang.reflect.Constructor.newInstanceWithCaller(Constructor.java:499)
	at java.base/java.lang.reflect.Constructor.newInstance(Constructor.java:480)
	at org.openqa.selenium.remote.codec.w3c.W3CHttpResponseCodec.createException(W3CHttpResponseCodec.java:200)
	at org.openqa.selenium.remote.codec.w3c.W3CHttpResponseCodec.decode(W3CHttpResponseCodec.java:133)
	at org.openqa.selenium.remote.codec.w3c.W3CHttpResponseCodec.decode(W3CHttpResponseCodec.java:53)
	at org.openqa.selenium.remote.HttpCommandExecutor.execute(HttpCommandExecutor.java:184)
	at org.openqa.selenium.remote.service.DriverCommandExecutor.invokeExecute(DriverCommandExecutor.java:167)
	at org.openqa.selenium.remote.service.DriverCommandExecutor.execute(DriverCommandExecutor.java:142)
	at org.openqa.selenium.remote.RemoteWebDriver.execute(RemoteWebDriver.java:569)
	at org.openqa.selenium.remote.RemoteWebElement.execute(RemoteWebElement.java:257)
	at org.openqa.selenium.remote.RemoteWebElement.click(RemoteWebElement.java:78)
	at com.pages.DeviceType.AddDeviceTypePage.clickOnAddDeviceType(AddDeviceTypePage.java:33)
	at stepdefinitions.DeviceType.AddDeviceTypeSteps.Go_To_Add_DeviceType_Page(AddDeviceTypeSteps.java:24)
	at ✽.Go To Add DeviceType Page(file:///home/vassar-deepa/git/Stanley-Dashboard/src/test/resources/DeviceType/AddDeviceType.feature:4)
</pre></div><a href='#' onClick='toggleBox("stack-trace1730113724", this, "Click to show all stack frames", "Click to hide stack frames")'>Click to show all stack frames</a>
<div class='stack-trace' id='stack-trace1730113724'><pre>org.openqa.selenium.ElementClickInterceptedException: element click intercepted: Element &lt;button _ngcontent-uva-c163=&quot;&quot; type=&quot;button&quot; class=&quot;btn btn-primary rounded-pill&quot;&gt;...&lt;/button&gt; is not clickable at point (1704, 146). Other element would receive the click: &lt;div _ngcontent-uva-c73=&quot;&quot; class=&quot;ngx-overlay ngx-position-absolute foreground-closing&quot; style=&quot;background-color: rgba(40, 40, 40, 0.8); border-radius: 0px;&quot;&gt;...&lt;/div&gt;
  (Session info: chrome=108.0.5359.124)
Build info: version: &apos;4.3.0&apos;, revision: &apos;a4995e2c09*&apos;
System info: host: &apos;vassardeepa-ThinkPad-L15-Gen-3&apos;, ip: &apos;127.0.1.1&apos;, os.name: &apos;Linux&apos;, os.arch: &apos;amd64&apos;, os.version: &apos;5.15.0-56-generic&apos;, java.version: &apos;17.0.5&apos;
Driver info: org.openqa.selenium.chrome.ChromeDriver
Command: [a634718c9e1bcb19bf507371c0e6fe61, clickElement {id=3a87d01d-fd04-4199-bce6-cc8f8708fdac}]
Capabilities {acceptInsecureCerts: false, browserName: chrome, browserVersion: 108.0.5359.124, chrome: {chromedriverVersion: 108.0.5359.71 (1e0e3868ee06..., userDataDir: /tmp/.com.google.Chrome.Y9gP1y}, goog:chromeOptions: {debuggerAddress: localhost:35265}, networkConnectionEnabled: false, pageLoadStrategy: normal, platformName: LINUX, proxy: Proxy(), se:cdp: ws://localhost:35265/devtoo..., se:cdpVersion: 108.0.5359.124, setWindowRect: true, strictFileInteractability: false, timeouts: {implicit: 0, pageLoad: 300000, script: 30000}, unhandledPromptBehavior: dismiss and notify, webauthn:extension:credBlob: true, webauthn:extension:largeBlob: true, webauthn:virtualAuthenticators: true}
Element: [[ChromeDriver: chrome on LINUX (a634718c9e1bcb19bf507371c0e6fe61)] -&gt; xpath: //button[text()=&apos;Add Device Type &apos;]]
Session ID: a634718c9e1bcb19bf507371c0e6fe61
	at jdk.internal.reflect.GeneratedConstructorAccessor37.newInstance(Unknown Source)
	at java.base/jdk.internal.reflect.DelegatingConstructorAccessorImpl.newInstance(DelegatingConstructorAccessorImpl.java:45)
	at java.base/java.lang.reflect.Constructor.newInstanceWithCaller(Constructor.java:499)
	at java.base/java.lang.reflect.Constructor.newInstance(Constructor.java:480)
	at org.openqa.selenium.remote.codec.w3c.W3CHttpResponseCodec.createException(W3CHttpResponseCodec.java:200)
	at org.openqa.selenium.remote.codec.w3c.W3CHttpResponseCodec.decode(W3CHttpResponseCodec.java:133)
	at org.openqa.selenium.remote.codec.w3c.W3CHttpResponseCodec.decode(W3CHttpResponseCodec.java:53)
	at org.openqa.selenium.remote.HttpCommandExecutor.execute(HttpCommandExecutor.java:184)
	at org.openqa.selenium.remote.service.DriverCommandExecutor.invokeExecute(DriverCommandExecutor.java:167)
	at org.openqa.selenium.remote.service.DriverCommandExecutor.execute(DriverCommandExecutor.java:142)
	at org.openqa.selenium.remote.RemoteWebDriver.execute(RemoteWebDriver.java:569)
	at org.openqa.selenium.remote.RemoteWebElement.execute(RemoteWebElement.java:257)
	at org.openqa.selenium.remote.RemoteWebElement.click(RemoteWebElement.java:78)
	at com.pages.DeviceType.AddDeviceTypePage.clickOnAddDeviceType(AddDeviceTypePage.java:33)
	at stepdefinitions.DeviceType.AddDeviceTypeSteps.Go_To_Add_DeviceType_Page(AddDeviceTypeSteps.java:24)
	at ✽.Go To Add DeviceType Page(file:///home/vassar-deepa/git/Stanley-Dashboard/src/test/resources/DeviceType/AddDeviceType.feature:4)
</pre></div></td>
<td>15</td>
<td>testrunner.TestRunner@7674f035</td></tr>
<tr>
<td title='testrunner.TestRunner.runScenario()'><b>runScenario</b><br>Test class: testrunner.TestRunner<br>Test method: Runs Cucumber Scenarios<br>Parameters: "Validate Add Device Profile Functionality", "Optional[Validate Add Device Profile Functionality]"</td>
<td><div><pre>java.lang.AssertionError: expected [Device Profile Added Successfully] but found [Submit Button is Disabled. Need to fill Mandatory fields]
	at org.testng.Assert.fail(Assert.java:99)
	at org.testng.Assert.failNotEquals(Assert.java:1037)
	at org.testng.Assert.assertEqualsImpl(Assert.java:140)
	at org.testng.Assert.assertEquals(Assert.java:122)
	at org.testng.Assert.assertEquals(Assert.java:629)
	at org.testng.Assert.assertEquals(Assert.java:639)
	at com.pages.DeviceProfile.AddDeviceProfilePage.verifyToasterMessage(AddDeviceProfilePage.java:77)
	at stepdefinitions.DeviceProfile.AddDeviceProfileSteps.verify_toaster_message_for_add_device_profile(AddDeviceProfileSteps.java:79)
	at ✽.Verify Toaster Message for Add Device Profile &quot;Device Profile Added Successfully&quot;(file:///home/vassar-deepa/git/Stanley-Dashboard/src/test/resources/DeviceProfile/AddDeviceProfile.feature:13)
</pre></div><a href='#' onClick='toggleBox("stack-trace267445972", this, "Click to show all stack frames", "Click to hide stack frames")'>Click to show all stack frames</a>
<div class='stack-trace' id='stack-trace267445972'><pre>java.lang.AssertionError: expected [Device Profile Added Successfully] but found [Submit Button is Disabled. Need to fill Mandatory fields]
	at org.testng.Assert.fail(Assert.java:99)
	at org.testng.Assert.failNotEquals(Assert.java:1037)
	at org.testng.Assert.assertEqualsImpl(Assert.java:140)
	at org.testng.Assert.assertEquals(Assert.java:122)
	at org.testng.Assert.assertEquals(Assert.java:629)
	at org.testng.Assert.assertEquals(Assert.java:639)
	at com.pages.DeviceProfile.AddDeviceProfilePage.verifyToasterMessage(AddDeviceProfilePage.java:77)
	at stepdefinitions.DeviceProfile.AddDeviceProfileSteps.verify_toaster_message_for_add_device_profile(AddDeviceProfileSteps.java:79)
	at ✽.Verify Toaster Message for Add Device Profile &quot;Device Profile Added Successfully&quot;(file:///home/vassar-deepa/git/Stanley-Dashboard/src/test/resources/DeviceProfile/AddDeviceProfile.feature:13)
</pre></div></td>
<td>21</td>
<td>testrunner.TestRunner@7674f035</td></tr>
<tr>
<td title='testrunner.TestRunner.runScenario()'><b>runScenario</b><br>Test class: testrunner.TestRunner<br>Test method: Runs Cucumber Scenarios<br>Parameters: "Verify the Edit Location Type page", "Optional[Validate the Edit Location type]"</td>
<td><div><pre>java.lang.AssertionError: expected [Location Type Edited Successfully] but found [Entered Location Type does NOT exists in Table]
	at org.testng.Assert.fail(Assert.java:99)
	at org.testng.Assert.failNotEquals(Assert.java:1037)
	at org.testng.Assert.assertEqualsImpl(Assert.java:140)
	at org.testng.Assert.assertEquals(Assert.java:122)
	at org.testng.Assert.assertEquals(Assert.java:629)
	at org.testng.Assert.assertEquals(Assert.java:639)
	at com.pages.LocationType.EditLocationTypePage.editLocationType(EditLocationTypePage.java:160)
	at stepdefinitions.LocationType.EditLocationTypeSteps.user_edits_location_type_exp_msg(EditLocationTypeSteps.java:29)
	at ✽.User Edits Location Type &quot;Test 4&quot; &quot;Testing&quot; &quot;Test&quot; &quot;Device Location&quot; &quot;Vassar&quot; &quot;Location Type Edited Successfully&quot;(file:///home/vassar-deepa/git/Stanley-Dashboard/src/test/resources/LocationType/EditLocationType.feature:5)
</pre></div><a href='#' onClick='toggleBox("stack-trace1825562344", this, "Click to show all stack frames", "Click to hide stack frames")'>Click to show all stack frames</a>
<div class='stack-trace' id='stack-trace1825562344'><pre>java.lang.AssertionError: expected [Location Type Edited Successfully] but found [Entered Location Type does NOT exists in Table]
	at org.testng.Assert.fail(Assert.java:99)
	at org.testng.Assert.failNotEquals(Assert.java:1037)
	at org.testng.Assert.assertEqualsImpl(Assert.java:140)
	at org.testng.Assert.assertEquals(Assert.java:122)
	at org.testng.Assert.assertEquals(Assert.java:629)
	at org.testng.Assert.assertEquals(Assert.java:639)
	at com.pages.LocationType.EditLocationTypePage.editLocationType(EditLocationTypePage.java:160)
	at stepdefinitions.LocationType.EditLocationTypeSteps.user_edits_location_type_exp_msg(EditLocationTypeSteps.java:29)
	at ✽.User Edits Location Type &quot;Test 4&quot; &quot;Testing&quot; &quot;Test&quot; &quot;Device Location&quot; &quot;Vassar&quot; &quot;Location Type Edited Successfully&quot;(file:///home/vassar-deepa/git/Stanley-Dashboard/src/test/resources/LocationType/EditLocationType.feature:5)
</pre></div></td>
<td>14</td>
<td>testrunner.TestRunner@7674f035</td></tr>
<tr>
<td title='testrunner.TestRunner.runScenario()'><b>runScenario</b><br>Test class: testrunner.TestRunner<br>Test method: Runs Cucumber Scenarios<br>Parameters: "Scenario to Add DeviceType", "Optional[To Add DeviceType]"</td>
<td><div><pre>org.openqa.selenium.ElementClickInterceptedException: element click intercepted: Element &lt;button _ngcontent-pgo-c163=&quot;&quot; type=&quot;button&quot; class=&quot;btn btn-primary rounded-pill&quot;&gt;...&lt;/button&gt; is not clickable at point (1704, 146). Other element would receive the click: &lt;div _ngcontent-pgo-c73=&quot;&quot; class=&quot;ngx-overlay ngx-position-absolute foreground-closing&quot; style=&quot;background-color: rgba(40, 40, 40, 0.8); border-radius: 0px;&quot;&gt;...&lt;/div&gt;
  (Session info: chrome=108.0.5359.124)
Build info: version: &apos;4.3.0&apos;, revision: &apos;a4995e2c09*&apos;
System info: host: &apos;vassardeepa-ThinkPad-L15-Gen-3&apos;, ip: &apos;127.0.1.1&apos;, os.name: &apos;Linux&apos;, os.arch: &apos;amd64&apos;, os.version: &apos;5.15.0-56-generic&apos;, java.version: &apos;17.0.5&apos;
Driver info: org.openqa.selenium.chrome.ChromeDriver
Command: [a22208deb24d2a571842faac2f1bf32c, clickElement {id=ac5e1be2-3059-476a-a4fe-61166c2870c6}]
Capabilities {acceptInsecureCerts: false, browserName: chrome, browserVersion: 108.0.5359.124, chrome: {chromedriverVersion: 108.0.5359.71 (1e0e3868ee06..., userDataDir: /tmp/.com.google.Chrome.O7rVvL}, goog:chromeOptions: {debuggerAddress: localhost:42609}, networkConnectionEnabled: false, pageLoadStrategy: normal, platformName: LINUX, proxy: Proxy(), se:cdp: ws://localhost:42609/devtoo..., se:cdpVersion: 108.0.5359.124, setWindowRect: true, strictFileInteractability: false, timeouts: {implicit: 0, pageLoad: 300000, script: 30000}, unhandledPromptBehavior: dismiss and notify, webauthn:extension:credBlob: true, webauthn:extension:largeBlob: true, webauthn:virtualAuthenticators: true}
Element: [[ChromeDriver: chrome on LINUX (a22208deb24d2a571842faac2f1bf32c)] -&gt; xpath: //button[text()=&apos;Add Device Type &apos;]]
Session ID: a22208deb24d2a571842faac2f1bf32c
	at jdk.internal.reflect.GeneratedConstructorAccessor37.newInstance(Unknown Source)
	at java.base/jdk.internal.reflect.DelegatingConstructorAccessorImpl.newInstance(DelegatingConstructorAccessorImpl.java:45)
	at java.base/java.lang.reflect.Constructor.newInstanceWithCaller(Constructor.java:499)
	at java.base/java.lang.reflect.Constructor.newInstance(Constructor.java:480)
	at org.openqa.selenium.remote.codec.w3c.W3CHttpResponseCodec.createException(W3CHttpResponseCodec.java:200)
	at org.openqa.selenium.remote.codec.w3c.W3CHttpResponseCodec.decode(W3CHttpResponseCodec.java:133)
	at org.openqa.selenium.remote.codec.w3c.W3CHttpResponseCodec.decode(W3CHttpResponseCodec.java:53)
	at org.openqa.selenium.remote.HttpCommandExecutor.execute(HttpCommandExecutor.java:184)
	at org.openqa.selenium.remote.service.DriverCommandExecutor.invokeExecute(DriverCommandExecutor.java:167)
	at org.openqa.selenium.remote.service.DriverCommandExecutor.execute(DriverCommandExecutor.java:142)
	at org.openqa.selenium.remote.RemoteWebDriver.execute(RemoteWebDriver.java:569)
	at org.openqa.selenium.remote.RemoteWebElement.execute(RemoteWebElement.java:257)
	at org.openqa.selenium.remote.RemoteWebElement.click(RemoteWebElement.java:78)
	at com.pages.DeviceType.AddDeviceTypePage.clickOnAddDeviceType(AddDeviceTypePage.java:33)
	at stepdefinitions.DeviceType.AddDeviceTypeSteps.Go_To_Add_DeviceType_Page(AddDeviceTypeSteps.java:24)
	at ✽.Go To Add DeviceType Page(file:///home/vassar-deepa/git/Stanley-Dashboard/src/test/resources/DeviceType/AddDeviceType.feature:4)
</pre></div><a href='#' onClick='toggleBox("stack-trace1039036738", this, "Click to show all stack frames", "Click to hide stack frames")'>Click to show all stack frames</a>
<div class='stack-trace' id='stack-trace1039036738'><pre>org.openqa.selenium.ElementClickInterceptedException: element click intercepted: Element &lt;button _ngcontent-pgo-c163=&quot;&quot; type=&quot;button&quot; class=&quot;btn btn-primary rounded-pill&quot;&gt;...&lt;/button&gt; is not clickable at point (1704, 146). Other element would receive the click: &lt;div _ngcontent-pgo-c73=&quot;&quot; class=&quot;ngx-overlay ngx-position-absolute foreground-closing&quot; style=&quot;background-color: rgba(40, 40, 40, 0.8); border-radius: 0px;&quot;&gt;...&lt;/div&gt;
  (Session info: chrome=108.0.5359.124)
Build info: version: &apos;4.3.0&apos;, revision: &apos;a4995e2c09*&apos;
System info: host: &apos;vassardeepa-ThinkPad-L15-Gen-3&apos;, ip: &apos;127.0.1.1&apos;, os.name: &apos;Linux&apos;, os.arch: &apos;amd64&apos;, os.version: &apos;5.15.0-56-generic&apos;, java.version: &apos;17.0.5&apos;
Driver info: org.openqa.selenium.chrome.ChromeDriver
Command: [a22208deb24d2a571842faac2f1bf32c, clickElement {id=ac5e1be2-3059-476a-a4fe-61166c2870c6}]
Capabilities {acceptInsecureCerts: false, browserName: chrome, browserVersion: 108.0.5359.124, chrome: {chromedriverVersion: 108.0.5359.71 (1e0e3868ee06..., userDataDir: /tmp/.com.google.Chrome.O7rVvL}, goog:chromeOptions: {debuggerAddress: localhost:42609}, networkConnectionEnabled: false, pageLoadStrategy: normal, platformName: LINUX, proxy: Proxy(), se:cdp: ws://localhost:42609/devtoo..., se:cdpVersion: 108.0.5359.124, setWindowRect: true, strictFileInteractability: false, timeouts: {implicit: 0, pageLoad: 300000, script: 30000}, unhandledPromptBehavior: dismiss and notify, webauthn:extension:credBlob: true, webauthn:extension:largeBlob: true, webauthn:virtualAuthenticators: true}
Element: [[ChromeDriver: chrome on LINUX (a22208deb24d2a571842faac2f1bf32c)] -&gt; xpath: //button[text()=&apos;Add Device Type &apos;]]
Session ID: a22208deb24d2a571842faac2f1bf32c
	at jdk.internal.reflect.GeneratedConstructorAccessor37.newInstance(Unknown Source)
	at java.base/jdk.internal.reflect.DelegatingConstructorAccessorImpl.newInstance(DelegatingConstructorAccessorImpl.java:45)
	at java.base/java.lang.reflect.Constructor.newInstanceWithCaller(Constructor.java:499)
	at java.base/java.lang.reflect.Constructor.newInstance(Constructor.java:480)
	at org.openqa.selenium.remote.codec.w3c.W3CHttpResponseCodec.createException(W3CHttpResponseCodec.java:200)
	at org.openqa.selenium.remote.codec.w3c.W3CHttpResponseCodec.decode(W3CHttpResponseCodec.java:133)
	at org.openqa.selenium.remote.codec.w3c.W3CHttpResponseCodec.decode(W3CHttpResponseCodec.java:53)
	at org.openqa.selenium.remote.HttpCommandExecutor.execute(HttpCommandExecutor.java:184)
	at org.openqa.selenium.remote.service.DriverCommandExecutor.invokeExecute(DriverCommandExecutor.java:167)
	at org.openqa.selenium.remote.service.DriverCommandExecutor.execute(DriverCommandExecutor.java:142)
	at org.openqa.selenium.remote.RemoteWebDriver.execute(RemoteWebDriver.java:569)
	at org.openqa.selenium.remote.RemoteWebElement.execute(RemoteWebElement.java:257)
	at org.openqa.selenium.remote.RemoteWebElement.click(RemoteWebElement.java:78)
	at com.pages.DeviceType.AddDeviceTypePage.clickOnAddDeviceType(AddDeviceTypePage.java:33)
	at stepdefinitions.DeviceType.AddDeviceTypeSteps.Go_To_Add_DeviceType_Page(AddDeviceTypeSteps.java:24)
	at ✽.Go To Add DeviceType Page(file:///home/vassar-deepa/git/Stanley-Dashboard/src/test/resources/DeviceType/AddDeviceType.feature:4)
</pre></div></td>
<td>14</td>
<td>testrunner.TestRunner@7674f035</td></tr>
<tr>
<td title='testrunner.TestRunner.runScenario()'><b>runScenario</b><br>Test class: testrunner.TestRunner<br>Test method: Runs Cucumber Scenarios<br>Parameters: "Validate Delete Location Type Functionality", "Optional[Validate Delete Location Type Functionality]"</td>
<td><div><pre>java.lang.AssertionError: expected [Location Type Deleted Successfully] but found [Entered Location Type does NOT exists in Table]
	at org.testng.Assert.fail(Assert.java:99)
	at org.testng.Assert.failNotEquals(Assert.java:1037)
	at org.testng.Assert.assertEqualsImpl(Assert.java:140)
	at org.testng.Assert.assertEquals(Assert.java:122)
	at org.testng.Assert.assertEquals(Assert.java:629)
	at org.testng.Assert.assertEquals(Assert.java:639)
	at com.pages.LocationType.DeleteLocationTypePage.deleteLocType(DeleteLocationTypePage.java:80)
	at stepdefinitions.LocationType.DeleteLocationTypeSteps.delete_desired_location_type(DeleteLocationTypeSteps.java:15)
	at ✽.Delete desired Location Type &quot;TESTING&quot; &quot;Location Type Deleted Successfully&quot;(file:///home/vassar-deepa/git/Stanley-Dashboard/src/test/resources/LocationType/DeleteLocationType.feature:5)
</pre></div><a href='#' onClick='toggleBox("stack-trace326153439", this, "Click to show all stack frames", "Click to hide stack frames")'>Click to show all stack frames</a>
<div class='stack-trace' id='stack-trace326153439'><pre>java.lang.AssertionError: expected [Location Type Deleted Successfully] but found [Entered Location Type does NOT exists in Table]
	at org.testng.Assert.fail(Assert.java:99)
	at org.testng.Assert.failNotEquals(Assert.java:1037)
	at org.testng.Assert.assertEqualsImpl(Assert.java:140)
	at org.testng.Assert.assertEquals(Assert.java:122)
	at org.testng.Assert.assertEquals(Assert.java:629)
	at org.testng.Assert.assertEquals(Assert.java:639)
	at com.pages.LocationType.DeleteLocationTypePage.deleteLocType(DeleteLocationTypePage.java:80)
	at stepdefinitions.LocationType.DeleteLocationTypeSteps.delete_desired_location_type(DeleteLocationTypeSteps.java:15)
	at ✽.Delete desired Location Type &quot;TESTING&quot; &quot;Location Type Deleted Successfully&quot;(file:///home/vassar-deepa/git/Stanley-Dashboard/src/test/resources/LocationType/DeleteLocationType.feature:5)
</pre></div></td>
<td>15</td>
<td>testrunner.TestRunner@7674f035</td></tr>
<tr>
<td title='testrunner.TestRunner.runScenario()'><b>runScenario</b><br>Test class: testrunner.TestRunner<br>Test method: Runs Cucumber Scenarios<br>Parameters: "Verify the Edit Location Type page", "Optional[Validate the Edit Location type]"</td>
<td><div><pre>java.lang.AssertionError: expected [Submit Button is Disabled. Need to fill Mandatory fields] but found [Entered Location Type does NOT exists in Table]
	at org.testng.Assert.fail(Assert.java:99)
	at org.testng.Assert.failNotEquals(Assert.java:1037)
	at org.testng.Assert.assertEqualsImpl(Assert.java:140)
	at org.testng.Assert.assertEquals(Assert.java:122)
	at org.testng.Assert.assertEquals(Assert.java:629)
	at org.testng.Assert.assertEquals(Assert.java:639)
	at com.pages.LocationType.EditLocationTypePage.editLocationType(EditLocationTypePage.java:160)
	at stepdefinitions.LocationType.EditLocationTypeSteps.user_edits_location_type_exp_msg(EditLocationTypeSteps.java:29)
	at ✽.User Edits Location Type &quot;Testing&quot; &quot;&quot; &quot;Testing&quot; &quot;Device Location&quot; &quot;Home Depot&quot; &quot;Submit Button is Disabled. Need to fill Mandatory fields&quot;(file:///home/vassar-deepa/git/Stanley-Dashboard/src/test/resources/LocationType/EditLocationType.feature:5)
</pre></div><a href='#' onClick='toggleBox("stack-trace665960320", this, "Click to show all stack frames", "Click to hide stack frames")'>Click to show all stack frames</a>
<div class='stack-trace' id='stack-trace665960320'><pre>java.lang.AssertionError: expected [Submit Button is Disabled. Need to fill Mandatory fields] but found [Entered Location Type does NOT exists in Table]
	at org.testng.Assert.fail(Assert.java:99)
	at org.testng.Assert.failNotEquals(Assert.java:1037)
	at org.testng.Assert.assertEqualsImpl(Assert.java:140)
	at org.testng.Assert.assertEquals(Assert.java:122)
	at org.testng.Assert.assertEquals(Assert.java:629)
	at org.testng.Assert.assertEquals(Assert.java:639)
	at com.pages.LocationType.EditLocationTypePage.editLocationType(EditLocationTypePage.java:160)
	at stepdefinitions.LocationType.EditLocationTypeSteps.user_edits_location_type_exp_msg(EditLocationTypeSteps.java:29)
	at ✽.User Edits Location Type &quot;Testing&quot; &quot;&quot; &quot;Testing&quot; &quot;Device Location&quot; &quot;Home Depot&quot; &quot;Submit Button is Disabled. Need to fill Mandatory fields&quot;(file:///home/vassar-deepa/git/Stanley-Dashboard/src/test/resources/LocationType/EditLocationType.feature:5)
</pre></div></td>
<td>15</td>
<td>testrunner.TestRunner@7674f035</td></tr>
<tr>
<td title='testrunner.TestRunner.runScenario()'><b>runScenario</b><br>Test class: testrunner.TestRunner<br>Test method: Runs Cucumber Scenarios<br>Parameters: "Scenario to Add DeviceType", "Optional[To Add DeviceType]"</td>
<td><div><pre>org.openqa.selenium.ElementClickInterceptedException: element click intercepted: Element &lt;button _ngcontent-wyf-c163=&quot;&quot; type=&quot;button&quot; class=&quot;btn btn-primary rounded-pill&quot;&gt;...&lt;/button&gt; is not clickable at point (1704, 146). Other element would receive the click: &lt;div _ngcontent-wyf-c73=&quot;&quot; class=&quot;ngx-overlay ngx-position-absolute foreground-closing&quot; style=&quot;background-color: rgba(40, 40, 40, 0.8); border-radius: 0px;&quot;&gt;...&lt;/div&gt;
  (Session info: chrome=108.0.5359.124)
Build info: version: &apos;4.3.0&apos;, revision: &apos;a4995e2c09*&apos;
System info: host: &apos;vassardeepa-ThinkPad-L15-Gen-3&apos;, ip: &apos;127.0.1.1&apos;, os.name: &apos;Linux&apos;, os.arch: &apos;amd64&apos;, os.version: &apos;5.15.0-56-generic&apos;, java.version: &apos;17.0.5&apos;
Driver info: org.openqa.selenium.chrome.ChromeDriver
Command: [8079d5896bcb7d80ae6e05c847d2f6e8, clickElement {id=bbb958e9-c3ea-4017-a725-9846f14b97f5}]
Capabilities {acceptInsecureCerts: false, browserName: chrome, browserVersion: 108.0.5359.124, chrome: {chromedriverVersion: 108.0.5359.71 (1e0e3868ee06..., userDataDir: /tmp/.com.google.Chrome.vtgTHj}, goog:chromeOptions: {debuggerAddress: localhost:37217}, networkConnectionEnabled: false, pageLoadStrategy: normal, platformName: LINUX, proxy: Proxy(), se:cdp: ws://localhost:37217/devtoo..., se:cdpVersion: 108.0.5359.124, setWindowRect: true, strictFileInteractability: false, timeouts: {implicit: 0, pageLoad: 300000, script: 30000}, unhandledPromptBehavior: dismiss and notify, webauthn:extension:credBlob: true, webauthn:extension:largeBlob: true, webauthn:virtualAuthenticators: true}
Element: [[ChromeDriver: chrome on LINUX (8079d5896bcb7d80ae6e05c847d2f6e8)] -&gt; xpath: //button[text()=&apos;Add Device Type &apos;]]
Session ID: 8079d5896bcb7d80ae6e05c847d2f6e8
	at jdk.internal.reflect.GeneratedConstructorAccessor37.newInstance(Unknown Source)
	at java.base/jdk.internal.reflect.DelegatingConstructorAccessorImpl.newInstance(DelegatingConstructorAccessorImpl.java:45)
	at java.base/java.lang.reflect.Constructor.newInstanceWithCaller(Constructor.java:499)
	at java.base/java.lang.reflect.Constructor.newInstance(Constructor.java:480)
	at org.openqa.selenium.remote.codec.w3c.W3CHttpResponseCodec.createException(W3CHttpResponseCodec.java:200)
	at org.openqa.selenium.remote.codec.w3c.W3CHttpResponseCodec.decode(W3CHttpResponseCodec.java:133)
	at org.openqa.selenium.remote.codec.w3c.W3CHttpResponseCodec.decode(W3CHttpResponseCodec.java:53)
	at org.openqa.selenium.remote.HttpCommandExecutor.execute(HttpCommandExecutor.java:184)
	at org.openqa.selenium.remote.service.DriverCommandExecutor.invokeExecute(DriverCommandExecutor.java:167)
	at org.openqa.selenium.remote.service.DriverCommandExecutor.execute(DriverCommandExecutor.java:142)
	at org.openqa.selenium.remote.RemoteWebDriver.execute(RemoteWebDriver.java:569)
	at org.openqa.selenium.remote.RemoteWebElement.execute(RemoteWebElement.java:257)
	at org.openqa.selenium.remote.RemoteWebElement.click(RemoteWebElement.java:78)
	at com.pages.DeviceType.AddDeviceTypePage.clickOnAddDeviceType(AddDeviceTypePage.java:33)
	at stepdefinitions.DeviceType.AddDeviceTypeSteps.Go_To_Add_DeviceType_Page(AddDeviceTypeSteps.java:24)
	at ✽.Go To Add DeviceType Page(file:///home/vassar-deepa/git/Stanley-Dashboard/src/test/resources/DeviceType/AddDeviceType.feature:4)
</pre></div><a href='#' onClick='toggleBox("stack-trace1894207825", this, "Click to show all stack frames", "Click to hide stack frames")'>Click to show all stack frames</a>
<div class='stack-trace' id='stack-trace1894207825'><pre>org.openqa.selenium.ElementClickInterceptedException: element click intercepted: Element &lt;button _ngcontent-wyf-c163=&quot;&quot; type=&quot;button&quot; class=&quot;btn btn-primary rounded-pill&quot;&gt;...&lt;/button&gt; is not clickable at point (1704, 146). Other element would receive the click: &lt;div _ngcontent-wyf-c73=&quot;&quot; class=&quot;ngx-overlay ngx-position-absolute foreground-closing&quot; style=&quot;background-color: rgba(40, 40, 40, 0.8); border-radius: 0px;&quot;&gt;...&lt;/div&gt;
  (Session info: chrome=108.0.5359.124)
Build info: version: &apos;4.3.0&apos;, revision: &apos;a4995e2c09*&apos;
System info: host: &apos;vassardeepa-ThinkPad-L15-Gen-3&apos;, ip: &apos;127.0.1.1&apos;, os.name: &apos;Linux&apos;, os.arch: &apos;amd64&apos;, os.version: &apos;5.15.0-56-generic&apos;, java.version: &apos;17.0.5&apos;
Driver info: org.openqa.selenium.chrome.ChromeDriver
Command: [8079d5896bcb7d80ae6e05c847d2f6e8, clickElement {id=bbb958e9-c3ea-4017-a725-9846f14b97f5}]
Capabilities {acceptInsecureCerts: false, browserName: chrome, browserVersion: 108.0.5359.124, chrome: {chromedriverVersion: 108.0.5359.71 (1e0e3868ee06..., userDataDir: /tmp/.com.google.Chrome.vtgTHj}, goog:chromeOptions: {debuggerAddress: localhost:37217}, networkConnectionEnabled: false, pageLoadStrategy: normal, platformName: LINUX, proxy: Proxy(), se:cdp: ws://localhost:37217/devtoo..., se:cdpVersion: 108.0.5359.124, setWindowRect: true, strictFileInteractability: false, timeouts: {implicit: 0, pageLoad: 300000, script: 30000}, unhandledPromptBehavior: dismiss and notify, webauthn:extension:credBlob: true, webauthn:extension:largeBlob: true, webauthn:virtualAuthenticators: true}
Element: [[ChromeDriver: chrome on LINUX (8079d5896bcb7d80ae6e05c847d2f6e8)] -&gt; xpath: //button[text()=&apos;Add Device Type &apos;]]
Session ID: 8079d5896bcb7d80ae6e05c847d2f6e8
	at jdk.internal.reflect.GeneratedConstructorAccessor37.newInstance(Unknown Source)
	at java.base/jdk.internal.reflect.DelegatingConstructorAccessorImpl.newInstance(DelegatingConstructorAccessorImpl.java:45)
	at java.base/java.lang.reflect.Constructor.newInstanceWithCaller(Constructor.java:499)
	at java.base/java.lang.reflect.Constructor.newInstance(Constructor.java:480)
	at org.openqa.selenium.remote.codec.w3c.W3CHttpResponseCodec.createException(W3CHttpResponseCodec.java:200)
	at org.openqa.selenium.remote.codec.w3c.W3CHttpResponseCodec.decode(W3CHttpResponseCodec.java:133)
	at org.openqa.selenium.remote.codec.w3c.W3CHttpResponseCodec.decode(W3CHttpResponseCodec.java:53)
	at org.openqa.selenium.remote.HttpCommandExecutor.execute(HttpCommandExecutor.java:184)
	at org.openqa.selenium.remote.service.DriverCommandExecutor.invokeExecute(DriverCommandExecutor.java:167)
	at org.openqa.selenium.remote.service.DriverCommandExecutor.execute(DriverCommandExecutor.java:142)
	at org.openqa.selenium.remote.RemoteWebDriver.execute(RemoteWebDriver.java:569)
	at org.openqa.selenium.remote.RemoteWebElement.execute(RemoteWebElement.java:257)
	at org.openqa.selenium.remote.RemoteWebElement.click(RemoteWebElement.java:78)
	at com.pages.DeviceType.AddDeviceTypePage.clickOnAddDeviceType(AddDeviceTypePage.java:33)
	at stepdefinitions.DeviceType.AddDeviceTypeSteps.Go_To_Add_DeviceType_Page(AddDeviceTypeSteps.java:24)
	at ✽.Go To Add DeviceType Page(file:///home/vassar-deepa/git/Stanley-Dashboard/src/test/resources/DeviceType/AddDeviceType.feature:4)
</pre></div></td>
<td>14</td>
<td>testrunner.TestRunner@7674f035</td></tr>
<tr>
<td title='testrunner.TestRunner.runScenario()'><b>runScenario</b><br>Test class: testrunner.TestRunner<br>Test method: Runs Cucumber Scenarios<br>Parameters: "Validate Add Device Profile Functionality", "Optional[Validate Add Device Profile Functionality]"</td>
<td><div><pre>java.lang.AssertionError: expected [Duplicate Value Entered] but found [Submit Button is Disabled. Need to fill Mandatory fields]
	at org.testng.Assert.fail(Assert.java:99)
	at org.testng.Assert.failNotEquals(Assert.java:1037)
	at org.testng.Assert.assertEqualsImpl(Assert.java:140)
	at org.testng.Assert.assertEquals(Assert.java:122)
	at org.testng.Assert.assertEquals(Assert.java:629)
	at org.testng.Assert.assertEquals(Assert.java:639)
	at com.pages.DeviceProfile.AddDeviceProfilePage.verifyToasterMessage(AddDeviceProfilePage.java:77)
	at stepdefinitions.DeviceProfile.AddDeviceProfileSteps.verify_toaster_message_for_add_device_profile(AddDeviceProfileSteps.java:79)
	at ✽.Verify Toaster Message for Add Device Profile &quot;Duplicate Value Entered&quot;(file:///home/vassar-deepa/git/Stanley-Dashboard/src/test/resources/DeviceProfile/AddDeviceProfile.feature:13)
</pre></div><a href='#' onClick='toggleBox("stack-trace1278398984", this, "Click to show all stack frames", "Click to hide stack frames")'>Click to show all stack frames</a>
<div class='stack-trace' id='stack-trace1278398984'><pre>java.lang.AssertionError: expected [Duplicate Value Entered] but found [Submit Button is Disabled. Need to fill Mandatory fields]
	at org.testng.Assert.fail(Assert.java:99)
	at org.testng.Assert.failNotEquals(Assert.java:1037)
	at org.testng.Assert.assertEqualsImpl(Assert.java:140)
	at org.testng.Assert.assertEquals(Assert.java:122)
	at org.testng.Assert.assertEquals(Assert.java:629)
	at org.testng.Assert.assertEquals(Assert.java:639)
	at com.pages.DeviceProfile.AddDeviceProfilePage.verifyToasterMessage(AddDeviceProfilePage.java:77)
	at stepdefinitions.DeviceProfile.AddDeviceProfileSteps.verify_toaster_message_for_add_device_profile(AddDeviceProfileSteps.java:79)
	at ✽.Verify Toaster Message for Add Device Profile &quot;Duplicate Value Entered&quot;(file:///home/vassar-deepa/git/Stanley-Dashboard/src/test/resources/DeviceProfile/AddDeviceProfile.feature:13)
</pre></div></td>
<td>20</td>
<td>testrunner.TestRunner@7674f035</td></tr>
<tr>
<td title='testrunner.TestRunner.runScenario()'><b>runScenario</b><br>Test class: testrunner.TestRunner<br>Test method: Runs Cucumber Scenarios<br>Parameters: "Validate Add Device Profile Functionality", "Optional[Validate Add Device Profile Functionality]"</td>
<td><div><pre>java.lang.AssertionError: expected [Duplicate Value Entered] but found [Submit Button is Disabled. Need to fill Mandatory fields]
	at org.testng.Assert.fail(Assert.java:99)
	at org.testng.Assert.failNotEquals(Assert.java:1037)
	at org.testng.Assert.assertEqualsImpl(Assert.java:140)
	at org.testng.Assert.assertEquals(Assert.java:122)
	at org.testng.Assert.assertEquals(Assert.java:629)
	at org.testng.Assert.assertEquals(Assert.java:639)
	at com.pages.DeviceProfile.AddDeviceProfilePage.verifyToasterMessage(AddDeviceProfilePage.java:77)
	at stepdefinitions.DeviceProfile.AddDeviceProfileSteps.verify_toaster_message_for_add_device_profile(AddDeviceProfileSteps.java:79)
	at ✽.Verify Toaster Message for Add Device Profile &quot;Duplicate Value Entered&quot;(file:///home/vassar-deepa/git/Stanley-Dashboard/src/test/resources/DeviceProfile/AddDeviceProfile.feature:13)
</pre></div><a href='#' onClick='toggleBox("stack-trace1780175271", this, "Click to show all stack frames", "Click to hide stack frames")'>Click to show all stack frames</a>
<div class='stack-trace' id='stack-trace1780175271'><pre>java.lang.AssertionError: expected [Duplicate Value Entered] but found [Submit Button is Disabled. Need to fill Mandatory fields]
	at org.testng.Assert.fail(Assert.java:99)
	at org.testng.Assert.failNotEquals(Assert.java:1037)
	at org.testng.Assert.assertEqualsImpl(Assert.java:140)
	at org.testng.Assert.assertEquals(Assert.java:122)
	at org.testng.Assert.assertEquals(Assert.java:629)
	at org.testng.Assert.assertEquals(Assert.java:639)
	at com.pages.DeviceProfile.AddDeviceProfilePage.verifyToasterMessage(AddDeviceProfilePage.java:77)
	at stepdefinitions.DeviceProfile.AddDeviceProfileSteps.verify_toaster_message_for_add_device_profile(AddDeviceProfileSteps.java:79)
	at ✽.Verify Toaster Message for Add Device Profile &quot;Duplicate Value Entered&quot;(file:///home/vassar-deepa/git/Stanley-Dashboard/src/test/resources/DeviceProfile/AddDeviceProfile.feature:13)
</pre></div></td>
<td>20</td>
<td>testrunner.TestRunner@7674f035</td></tr>
<tr>
<td title='testrunner.TestRunner.runScenario()'><b>runScenario</b><br>Test class: testrunner.TestRunner<br>Test method: Runs Cucumber Scenarios<br>Parameters: "Validate Add Device Profile Functionality", "Optional[Validate Add Device Profile Functionality]"</td>
<td><div><pre>java.lang.AssertionError: expected [Duplicate Value Entered] but found [Submit Button is Disabled. Need to fill Mandatory fields]
	at org.testng.Assert.fail(Assert.java:99)
	at org.testng.Assert.failNotEquals(Assert.java:1037)
	at org.testng.Assert.assertEqualsImpl(Assert.java:140)
	at org.testng.Assert.assertEquals(Assert.java:122)
	at org.testng.Assert.assertEquals(Assert.java:629)
	at org.testng.Assert.assertEquals(Assert.java:639)
	at com.pages.DeviceProfile.AddDeviceProfilePage.verifyToasterMessage(AddDeviceProfilePage.java:77)
	at stepdefinitions.DeviceProfile.AddDeviceProfileSteps.verify_toaster_message_for_add_device_profile(AddDeviceProfileSteps.java:79)
	at ✽.Verify Toaster Message for Add Device Profile &quot;Duplicate Value Entered&quot;(file:///home/vassar-deepa/git/Stanley-Dashboard/src/test/resources/DeviceProfile/AddDeviceProfile.feature:13)
</pre></div><a href='#' onClick='toggleBox("stack-trace1335794721", this, "Click to show all stack frames", "Click to hide stack frames")'>Click to show all stack frames</a>
<div class='stack-trace' id='stack-trace1335794721'><pre>java.lang.AssertionError: expected [Duplicate Value Entered] but found [Submit Button is Disabled. Need to fill Mandatory fields]
	at org.testng.Assert.fail(Assert.java:99)
	at org.testng.Assert.failNotEquals(Assert.java:1037)
	at org.testng.Assert.assertEqualsImpl(Assert.java:140)
	at org.testng.Assert.assertEquals(Assert.java:122)
	at org.testng.Assert.assertEquals(Assert.java:629)
	at org.testng.Assert.assertEquals(Assert.java:639)
	at com.pages.DeviceProfile.AddDeviceProfilePage.verifyToasterMessage(AddDeviceProfilePage.java:77)
	at stepdefinitions.DeviceProfile.AddDeviceProfileSteps.verify_toaster_message_for_add_device_profile(AddDeviceProfileSteps.java:79)
	at ✽.Verify Toaster Message for Add Device Profile &quot;Duplicate Value Entered&quot;(file:///home/vassar-deepa/git/Stanley-Dashboard/src/test/resources/DeviceProfile/AddDeviceProfile.feature:13)
</pre></div></td>
<td>21</td>
<td>testrunner.TestRunner@7674f035</td></tr>
<tr>
<td title='testrunner.TestRunner.runScenario()'><b>runScenario</b><br>Test class: testrunner.TestRunner<br>Test method: Runs Cucumber Scenarios<br>Parameters: "Verify the Edit Location Type page", "Optional[Validate the Edit Location type]"</td>
<td><div><pre>java.lang.AssertionError: expected [Submit Button is Disabled. Need to fill Mandatory fields] but found [Entered Location Type does NOT exists in Table]
	at org.testng.Assert.fail(Assert.java:99)
	at org.testng.Assert.failNotEquals(Assert.java:1037)
	at org.testng.Assert.assertEqualsImpl(Assert.java:140)
	at org.testng.Assert.assertEquals(Assert.java:122)
	at org.testng.Assert.assertEquals(Assert.java:629)
	at org.testng.Assert.assertEquals(Assert.java:639)
	at com.pages.LocationType.EditLocationTypePage.editLocationType(EditLocationTypePage.java:160)
	at stepdefinitions.LocationType.EditLocationTypeSteps.user_edits_location_type_exp_msg(EditLocationTypeSteps.java:29)
	at ✽.User Edits Location Type &quot;Testing&quot; &quot;Testing&quot; &quot;&quot; &quot;Device Location&quot; &quot;Home Depot&quot; &quot;Submit Button is Disabled. Need to fill Mandatory fields&quot;(file:///home/vassar-deepa/git/Stanley-Dashboard/src/test/resources/LocationType/EditLocationType.feature:5)
</pre></div><a href='#' onClick='toggleBox("stack-trace1078093442", this, "Click to show all stack frames", "Click to hide stack frames")'>Click to show all stack frames</a>
<div class='stack-trace' id='stack-trace1078093442'><pre>java.lang.AssertionError: expected [Submit Button is Disabled. Need to fill Mandatory fields] but found [Entered Location Type does NOT exists in Table]
	at org.testng.Assert.fail(Assert.java:99)
	at org.testng.Assert.failNotEquals(Assert.java:1037)
	at org.testng.Assert.assertEqualsImpl(Assert.java:140)
	at org.testng.Assert.assertEquals(Assert.java:122)
	at org.testng.Assert.assertEquals(Assert.java:629)
	at org.testng.Assert.assertEquals(Assert.java:639)
	at com.pages.LocationType.EditLocationTypePage.editLocationType(EditLocationTypePage.java:160)
	at stepdefinitions.LocationType.EditLocationTypeSteps.user_edits_location_type_exp_msg(EditLocationTypeSteps.java:29)
	at ✽.User Edits Location Type &quot;Testing&quot; &quot;Testing&quot; &quot;&quot; &quot;Device Location&quot; &quot;Home Depot&quot; &quot;Submit Button is Disabled. Need to fill Mandatory fields&quot;(file:///home/vassar-deepa/git/Stanley-Dashboard/src/test/resources/LocationType/EditLocationType.feature:5)
</pre></div></td>
<td>14</td>
<td>testrunner.TestRunner@7674f035</td></tr>
<tr>
<td title='testrunner.TestRunner.runScenario()'><b>runScenario</b><br>Test class: testrunner.TestRunner<br>Test method: Runs Cucumber Scenarios<br>Parameters: "Verify the Edit Location Type page", "Optional[Validate the Edit Location type]"</td>
<td><div><pre>java.lang.AssertionError: expected [Duplicate Value Entered] but found [Entered Location Type does NOT exists in Table]
	at org.testng.Assert.fail(Assert.java:99)
	at org.testng.Assert.failNotEquals(Assert.java:1037)
	at org.testng.Assert.assertEqualsImpl(Assert.java:140)
	at org.testng.Assert.assertEquals(Assert.java:122)
	at org.testng.Assert.assertEquals(Assert.java:629)
	at org.testng.Assert.assertEquals(Assert.java:639)
	at com.pages.LocationType.EditLocationTypePage.editLocationType(EditLocationTypePage.java:160)
	at stepdefinitions.LocationType.EditLocationTypeSteps.user_edits_location_type_exp_msg(EditLocationTypeSteps.java:29)
	at ✽.User Edits Location Type &quot;Testing&quot; &quot;    &quot; &quot;    &quot; &quot;Device Location&quot; &quot;Vassar&quot; &quot;Duplicate Value Entered&quot;(file:///home/vassar-deepa/git/Stanley-Dashboard/src/test/resources/LocationType/EditLocationType.feature:5)
</pre></div><a href='#' onClick='toggleBox("stack-trace2051388288", this, "Click to show all stack frames", "Click to hide stack frames")'>Click to show all stack frames</a>
<div class='stack-trace' id='stack-trace2051388288'><pre>java.lang.AssertionError: expected [Duplicate Value Entered] but found [Entered Location Type does NOT exists in Table]
	at org.testng.Assert.fail(Assert.java:99)
	at org.testng.Assert.failNotEquals(Assert.java:1037)
	at org.testng.Assert.assertEqualsImpl(Assert.java:140)
	at org.testng.Assert.assertEquals(Assert.java:122)
	at org.testng.Assert.assertEquals(Assert.java:629)
	at org.testng.Assert.assertEquals(Assert.java:639)
	at com.pages.LocationType.EditLocationTypePage.editLocationType(EditLocationTypePage.java:160)
	at stepdefinitions.LocationType.EditLocationTypeSteps.user_edits_location_type_exp_msg(EditLocationTypeSteps.java:29)
	at ✽.User Edits Location Type &quot;Testing&quot; &quot;    &quot; &quot;    &quot; &quot;Device Location&quot; &quot;Vassar&quot; &quot;Duplicate Value Entered&quot;(file:///home/vassar-deepa/git/Stanley-Dashboard/src/test/resources/LocationType/EditLocationType.feature:5)
</pre></div></td>
<td>13</td>
<td>testrunner.TestRunner@7674f035</td></tr>
<tr>
<td title='testrunner.TestRunner.runScenario()'><b>runScenario</b><br>Test class: testrunner.TestRunner<br>Test method: Runs Cucumber Scenarios<br>Parameters: "Scenario to Add DeviceType", "Optional[To Add DeviceType]"</td>
<td><div><pre>org.openqa.selenium.ElementClickInterceptedException: element click intercepted: Element &lt;button _ngcontent-ylc-c163=&quot;&quot; type=&quot;button&quot; class=&quot;btn btn-primary rounded-pill&quot;&gt;...&lt;/button&gt; is not clickable at point (1704, 146). Other element would receive the click: &lt;div _ngcontent-ylc-c73=&quot;&quot; class=&quot;ngx-overlay ngx-position-absolute foreground-closing&quot; style=&quot;background-color: rgba(40, 40, 40, 0.8); border-radius: 0px;&quot;&gt;...&lt;/div&gt;
  (Session info: chrome=108.0.5359.124)
Build info: version: &apos;4.3.0&apos;, revision: &apos;a4995e2c09*&apos;
System info: host: &apos;vassardeepa-ThinkPad-L15-Gen-3&apos;, ip: &apos;127.0.1.1&apos;, os.name: &apos;Linux&apos;, os.arch: &apos;amd64&apos;, os.version: &apos;5.15.0-56-generic&apos;, java.version: &apos;17.0.5&apos;
Driver info: org.openqa.selenium.chrome.ChromeDriver
Command: [f93571883ca2a1a293c4fef6b5a1adac, clickElement {id=476a30d1-c1ba-46f7-b9f5-45480e3eb3c2}]
Capabilities {acceptInsecureCerts: false, browserName: chrome, browserVersion: 108.0.5359.124, chrome: {chromedriverVersion: 108.0.5359.71 (1e0e3868ee06..., userDataDir: /tmp/.com.google.Chrome.7rtgTo}, goog:chromeOptions: {debuggerAddress: localhost:46525}, networkConnectionEnabled: false, pageLoadStrategy: normal, platformName: LINUX, proxy: Proxy(), se:cdp: ws://localhost:46525/devtoo..., se:cdpVersion: 108.0.5359.124, setWindowRect: true, strictFileInteractability: false, timeouts: {implicit: 0, pageLoad: 300000, script: 30000}, unhandledPromptBehavior: dismiss and notify, webauthn:extension:credBlob: true, webauthn:extension:largeBlob: true, webauthn:virtualAuthenticators: true}
Element: [[ChromeDriver: chrome on LINUX (f93571883ca2a1a293c4fef6b5a1adac)] -&gt; xpath: //button[text()=&apos;Add Device Type &apos;]]
Session ID: f93571883ca2a1a293c4fef6b5a1adac
	at jdk.internal.reflect.GeneratedConstructorAccessor37.newInstance(Unknown Source)
	at java.base/jdk.internal.reflect.DelegatingConstructorAccessorImpl.newInstance(DelegatingConstructorAccessorImpl.java:45)
	at java.base/java.lang.reflect.Constructor.newInstanceWithCaller(Constructor.java:499)
	at java.base/java.lang.reflect.Constructor.newInstance(Constructor.java:480)
	at org.openqa.selenium.remote.codec.w3c.W3CHttpResponseCodec.createException(W3CHttpResponseCodec.java:200)
	at org.openqa.selenium.remote.codec.w3c.W3CHttpResponseCodec.decode(W3CHttpResponseCodec.java:133)
	at org.openqa.selenium.remote.codec.w3c.W3CHttpResponseCodec.decode(W3CHttpResponseCodec.java:53)
	at org.openqa.selenium.remote.HttpCommandExecutor.execute(HttpCommandExecutor.java:184)
	at org.openqa.selenium.remote.service.DriverCommandExecutor.invokeExecute(DriverCommandExecutor.java:167)
	at org.openqa.selenium.remote.service.DriverCommandExecutor.execute(DriverCommandExecutor.java:142)
	at org.openqa.selenium.remote.RemoteWebDriver.execute(RemoteWebDriver.java:569)
	at org.openqa.selenium.remote.RemoteWebElement.execute(RemoteWebElement.java:257)
	at org.openqa.selenium.remote.RemoteWebElement.click(RemoteWebElement.java:78)
	at com.pages.DeviceType.AddDeviceTypePage.clickOnAddDeviceType(AddDeviceTypePage.java:33)
	at stepdefinitions.DeviceType.AddDeviceTypeSteps.Go_To_Add_DeviceType_Page(AddDeviceTypeSteps.java:24)
	at ✽.Go To Add DeviceType Page(file:///home/vassar-deepa/git/Stanley-Dashboard/src/test/resources/DeviceType/AddDeviceType.feature:4)
</pre></div><a href='#' onClick='toggleBox("stack-trace517327634", this, "Click to show all stack frames", "Click to hide stack frames")'>Click to show all stack frames</a>
<div class='stack-trace' id='stack-trace517327634'><pre>org.openqa.selenium.ElementClickInterceptedException: element click intercepted: Element &lt;button _ngcontent-ylc-c163=&quot;&quot; type=&quot;button&quot; class=&quot;btn btn-primary rounded-pill&quot;&gt;...&lt;/button&gt; is not clickable at point (1704, 146). Other element would receive the click: &lt;div _ngcontent-ylc-c73=&quot;&quot; class=&quot;ngx-overlay ngx-position-absolute foreground-closing&quot; style=&quot;background-color: rgba(40, 40, 40, 0.8); border-radius: 0px;&quot;&gt;...&lt;/div&gt;
  (Session info: chrome=108.0.5359.124)
Build info: version: &apos;4.3.0&apos;, revision: &apos;a4995e2c09*&apos;
System info: host: &apos;vassardeepa-ThinkPad-L15-Gen-3&apos;, ip: &apos;127.0.1.1&apos;, os.name: &apos;Linux&apos;, os.arch: &apos;amd64&apos;, os.version: &apos;5.15.0-56-generic&apos;, java.version: &apos;17.0.5&apos;
Driver info: org.openqa.selenium.chrome.ChromeDriver
Command: [f93571883ca2a1a293c4fef6b5a1adac, clickElement {id=476a30d1-c1ba-46f7-b9f5-45480e3eb3c2}]
Capabilities {acceptInsecureCerts: false, browserName: chrome, browserVersion: 108.0.5359.124, chrome: {chromedriverVersion: 108.0.5359.71 (1e0e3868ee06..., userDataDir: /tmp/.com.google.Chrome.7rtgTo}, goog:chromeOptions: {debuggerAddress: localhost:46525}, networkConnectionEnabled: false, pageLoadStrategy: normal, platformName: LINUX, proxy: Proxy(), se:cdp: ws://localhost:46525/devtoo..., se:cdpVersion: 108.0.5359.124, setWindowRect: true, strictFileInteractability: false, timeouts: {implicit: 0, pageLoad: 300000, script: 30000}, unhandledPromptBehavior: dismiss and notify, webauthn:extension:credBlob: true, webauthn:extension:largeBlob: true, webauthn:virtualAuthenticators: true}
Element: [[ChromeDriver: chrome on LINUX (f93571883ca2a1a293c4fef6b5a1adac)] -&gt; xpath: //button[text()=&apos;Add Device Type &apos;]]
Session ID: f93571883ca2a1a293c4fef6b5a1adac
	at jdk.internal.reflect.GeneratedConstructorAccessor37.newInstance(Unknown Source)
	at java.base/jdk.internal.reflect.DelegatingConstructorAccessorImpl.newInstance(DelegatingConstructorAccessorImpl.java:45)
	at java.base/java.lang.reflect.Constructor.newInstanceWithCaller(Constructor.java:499)
	at java.base/java.lang.reflect.Constructor.newInstance(Constructor.java:480)
	at org.openqa.selenium.remote.codec.w3c.W3CHttpResponseCodec.createException(W3CHttpResponseCodec.java:200)
	at org.openqa.selenium.remote.codec.w3c.W3CHttpResponseCodec.decode(W3CHttpResponseCodec.java:133)
	at org.openqa.selenium.remote.codec.w3c.W3CHttpResponseCodec.decode(W3CHttpResponseCodec.java:53)
	at org.openqa.selenium.remote.HttpCommandExecutor.execute(HttpCommandExecutor.java:184)
	at org.openqa.selenium.remote.service.DriverCommandExecutor.invokeExecute(DriverCommandExecutor.java:167)
	at org.openqa.selenium.remote.service.DriverCommandExecutor.execute(DriverCommandExecutor.java:142)
	at org.openqa.selenium.remote.RemoteWebDriver.execute(RemoteWebDriver.java:569)
	at org.openqa.selenium.remote.RemoteWebElement.execute(RemoteWebElement.java:257)
	at org.openqa.selenium.remote.RemoteWebElement.click(RemoteWebElement.java:78)
	at com.pages.DeviceType.AddDeviceTypePage.clickOnAddDeviceType(AddDeviceTypePage.java:33)
	at stepdefinitions.DeviceType.AddDeviceTypeSteps.Go_To_Add_DeviceType_Page(AddDeviceTypeSteps.java:24)
	at ✽.Go To Add DeviceType Page(file:///home/vassar-deepa/git/Stanley-Dashboard/src/test/resources/DeviceType/AddDeviceType.feature:4)
</pre></div></td>
<td>14</td>
<td>testrunner.TestRunner@7674f035</td></tr>
<tr>
<td title='testrunner.TestRunner.runScenario()'><b>runScenario</b><br>Test class: testrunner.TestRunner<br>Test method: Runs Cucumber Scenarios<br>Parameters: "Validate Delete Location Type Functionality", "Optional[Validate Delete Location Type Functionality]"</td>
<td><div><pre>java.lang.AssertionError: expected [Location Type Deleted Successfully] but found [Entered Location Type does NOT exists in Table]
	at org.testng.Assert.fail(Assert.java:99)
	at org.testng.Assert.failNotEquals(Assert.java:1037)
	at org.testng.Assert.assertEqualsImpl(Assert.java:140)
	at org.testng.Assert.assertEquals(Assert.java:122)
	at org.testng.Assert.assertEquals(Assert.java:629)
	at org.testng.Assert.assertEquals(Assert.java:639)
	at com.pages.LocationType.DeleteLocationTypePage.deleteLocType(DeleteLocationTypePage.java:80)
	at stepdefinitions.LocationType.DeleteLocationTypeSteps.delete_desired_location_type(DeleteLocationTypeSteps.java:15)
	at ✽.Delete desired Location Type &quot;Testing Description field&quot; &quot;Location Type Deleted Successfully&quot;(file:///home/vassar-deepa/git/Stanley-Dashboard/src/test/resources/LocationType/DeleteLocationType.feature:5)
</pre></div><a href='#' onClick='toggleBox("stack-trace458901277", this, "Click to show all stack frames", "Click to hide stack frames")'>Click to show all stack frames</a>
<div class='stack-trace' id='stack-trace458901277'><pre>java.lang.AssertionError: expected [Location Type Deleted Successfully] but found [Entered Location Type does NOT exists in Table]
	at org.testng.Assert.fail(Assert.java:99)
	at org.testng.Assert.failNotEquals(Assert.java:1037)
	at org.testng.Assert.assertEqualsImpl(Assert.java:140)
	at org.testng.Assert.assertEquals(Assert.java:122)
	at org.testng.Assert.assertEquals(Assert.java:629)
	at org.testng.Assert.assertEquals(Assert.java:639)
	at com.pages.LocationType.DeleteLocationTypePage.deleteLocType(DeleteLocationTypePage.java:80)
	at stepdefinitions.LocationType.DeleteLocationTypeSteps.delete_desired_location_type(DeleteLocationTypeSteps.java:15)
	at ✽.Delete desired Location Type &quot;Testing Description field&quot; &quot;Location Type Deleted Successfully&quot;(file:///home/vassar-deepa/git/Stanley-Dashboard/src/test/resources/LocationType/DeleteLocationType.feature:5)
</pre></div></td>
<td>14</td>
<td>testrunner.TestRunner@7674f035</td></tr>
<tr>
<td title='testrunner.TestRunner.runScenario()'><b>runScenario</b><br>Test class: testrunner.TestRunner<br>Test method: Runs Cucumber Scenarios<br>Parameters: "Verify the Edit Location Type page", "Optional[Validate the Edit Location type]"</td>
<td><div><pre>java.lang.AssertionError: expected [Submit Button is Disabled. Need to fill Mandatory fields] but found [Entered Location Type does NOT exists in Table]
	at org.testng.Assert.fail(Assert.java:99)
	at org.testng.Assert.failNotEquals(Assert.java:1037)
	at org.testng.Assert.assertEqualsImpl(Assert.java:140)
	at org.testng.Assert.assertEquals(Assert.java:122)
	at org.testng.Assert.assertEquals(Assert.java:629)
	at org.testng.Assert.assertEquals(Assert.java:639)
	at com.pages.LocationType.EditLocationTypePage.editLocationType(EditLocationTypePage.java:160)
	at stepdefinitions.LocationType.EditLocationTypeSteps.user_edits_location_type_exp_msg(EditLocationTypeSteps.java:29)
	at ✽.User Edits Location Type &quot;Testing&quot; &quot;&quot; &quot;&quot; &quot;Device Location&quot; &quot;Home Depot&quot; &quot;Submit Button is Disabled. Need to fill Mandatory fields&quot;(file:///home/vassar-deepa/git/Stanley-Dashboard/src/test/resources/LocationType/EditLocationType.feature:5)
</pre></div><a href='#' onClick='toggleBox("stack-trace559298332", this, "Click to show all stack frames", "Click to hide stack frames")'>Click to show all stack frames</a>
<div class='stack-trace' id='stack-trace559298332'><pre>java.lang.AssertionError: expected [Submit Button is Disabled. Need to fill Mandatory fields] but found [Entered Location Type does NOT exists in Table]
	at org.testng.Assert.fail(Assert.java:99)
	at org.testng.Assert.failNotEquals(Assert.java:1037)
	at org.testng.Assert.assertEqualsImpl(Assert.java:140)
	at org.testng.Assert.assertEquals(Assert.java:122)
	at org.testng.Assert.assertEquals(Assert.java:629)
	at org.testng.Assert.assertEquals(Assert.java:639)
	at com.pages.LocationType.EditLocationTypePage.editLocationType(EditLocationTypePage.java:160)
	at stepdefinitions.LocationType.EditLocationTypeSteps.user_edits_location_type_exp_msg(EditLocationTypeSteps.java:29)
	at ✽.User Edits Location Type &quot;Testing&quot; &quot;&quot; &quot;&quot; &quot;Device Location&quot; &quot;Home Depot&quot; &quot;Submit Button is Disabled. Need to fill Mandatory fields&quot;(file:///home/vassar-deepa/git/Stanley-Dashboard/src/test/resources/LocationType/EditLocationType.feature:5)
</pre></div></td>
<td>15</td>
<td>testrunner.TestRunner@7674f035</td></tr>
<tr>
<td title='testrunner.TestRunner.runScenario()'><b>runScenario</b><br>Test class: testrunner.TestRunner<br>Test method: Runs Cucumber Scenarios<br>Parameters: "Validate Add Device Profile Functionality", "Optional[Validate Add Device Profile Functionality]"</td>
<td><div><pre>java.lang.AssertionError: expected [Device Profile Added Successfully] but found [Duplicate Value Entered]
	at org.testng.Assert.fail(Assert.java:99)
	at org.testng.Assert.failNotEquals(Assert.java:1037)
	at org.testng.Assert.assertEqualsImpl(Assert.java:140)
	at org.testng.Assert.assertEquals(Assert.java:122)
	at org.testng.Assert.assertEquals(Assert.java:629)
	at org.testng.Assert.assertEquals(Assert.java:639)
	at com.pages.DeviceProfile.AddDeviceProfilePage.verifyToasterMessage(AddDeviceProfilePage.java:74)
	at stepdefinitions.DeviceProfile.AddDeviceProfileSteps.verify_toaster_message_for_add_device_profile(AddDeviceProfileSteps.java:79)
	at ✽.Verify Toaster Message for Add Device Profile &quot;Device Profile Added Successfully&quot;(file:///home/vassar-deepa/git/Stanley-Dashboard/src/test/resources/DeviceProfile/AddDeviceProfile.feature:13)
</pre></div><a href='#' onClick='toggleBox("stack-trace682310752", this, "Click to show all stack frames", "Click to hide stack frames")'>Click to show all stack frames</a>
<div class='stack-trace' id='stack-trace682310752'><pre>java.lang.AssertionError: expected [Device Profile Added Successfully] but found [Duplicate Value Entered]
	at org.testng.Assert.fail(Assert.java:99)
	at org.testng.Assert.failNotEquals(Assert.java:1037)
	at org.testng.Assert.assertEqualsImpl(Assert.java:140)
	at org.testng.Assert.assertEquals(Assert.java:122)
	at org.testng.Assert.assertEquals(Assert.java:629)
	at org.testng.Assert.assertEquals(Assert.java:639)
	at com.pages.DeviceProfile.AddDeviceProfilePage.verifyToasterMessage(AddDeviceProfilePage.java:74)
	at stepdefinitions.DeviceProfile.AddDeviceProfileSteps.verify_toaster_message_for_add_device_profile(AddDeviceProfileSteps.java:79)
	at ✽.Verify Toaster Message for Add Device Profile &quot;Device Profile Added Successfully&quot;(file:///home/vassar-deepa/git/Stanley-Dashboard/src/test/resources/DeviceProfile/AddDeviceProfile.feature:13)
</pre></div></td>
<td>21</td>
<td>testrunner.TestRunner@7674f035</td></tr>
<tr>
<td title='testrunner.TestRunner.runScenario()'><b>runScenario</b><br>Test class: testrunner.TestRunner<br>Test method: Runs Cucumber Scenarios<br>Parameters: "Scenario to Add DeviceType", "Optional[To Add DeviceType]"</td>
<td><div><pre>org.openqa.selenium.ElementClickInterceptedException: element click intercepted: Element &lt;button _ngcontent-ibl-c163=&quot;&quot; type=&quot;button&quot; class=&quot;btn btn-primary rounded-pill&quot;&gt;...&lt;/button&gt; is not clickable at point (1704, 146). Other element would receive the click: &lt;div _ngcontent-ibl-c73=&quot;&quot; class=&quot;ngx-overlay ngx-position-absolute foreground-closing&quot; style=&quot;background-color: rgba(40, 40, 40, 0.8); border-radius: 0px;&quot;&gt;...&lt;/div&gt;
  (Session info: chrome=108.0.5359.124)
Build info: version: &apos;4.3.0&apos;, revision: &apos;a4995e2c09*&apos;
System info: host: &apos;vassardeepa-ThinkPad-L15-Gen-3&apos;, ip: &apos;127.0.1.1&apos;, os.name: &apos;Linux&apos;, os.arch: &apos;amd64&apos;, os.version: &apos;5.15.0-56-generic&apos;, java.version: &apos;17.0.5&apos;
Driver info: org.openqa.selenium.chrome.ChromeDriver
Command: [4e5c5f66720cef692fe7235394b010b7, clickElement {id=164c09df-c972-405e-9427-e530650cf4e5}]
Capabilities {acceptInsecureCerts: false, browserName: chrome, browserVersion: 108.0.5359.124, chrome: {chromedriverVersion: 108.0.5359.71 (1e0e3868ee06..., userDataDir: /tmp/.com.google.Chrome.jlecdf}, goog:chromeOptions: {debuggerAddress: localhost:38783}, networkConnectionEnabled: false, pageLoadStrategy: normal, platformName: LINUX, proxy: Proxy(), se:cdp: ws://localhost:38783/devtoo..., se:cdpVersion: 108.0.5359.124, setWindowRect: true, strictFileInteractability: false, timeouts: {implicit: 0, pageLoad: 300000, script: 30000}, unhandledPromptBehavior: dismiss and notify, webauthn:extension:credBlob: true, webauthn:extension:largeBlob: true, webauthn:virtualAuthenticators: true}
Element: [[ChromeDriver: chrome on LINUX (4e5c5f66720cef692fe7235394b010b7)] -&gt; xpath: //button[text()=&apos;Add Device Type &apos;]]
Session ID: 4e5c5f66720cef692fe7235394b010b7
	at jdk.internal.reflect.GeneratedConstructorAccessor37.newInstance(Unknown Source)
	at java.base/jdk.internal.reflect.DelegatingConstructorAccessorImpl.newInstance(DelegatingConstructorAccessorImpl.java:45)
	at java.base/java.lang.reflect.Constructor.newInstanceWithCaller(Constructor.java:499)
	at java.base/java.lang.reflect.Constructor.newInstance(Constructor.java:480)
	at org.openqa.selenium.remote.codec.w3c.W3CHttpResponseCodec.createException(W3CHttpResponseCodec.java:200)
	at org.openqa.selenium.remote.codec.w3c.W3CHttpResponseCodec.decode(W3CHttpResponseCodec.java:133)
	at org.openqa.selenium.remote.codec.w3c.W3CHttpResponseCodec.decode(W3CHttpResponseCodec.java:53)
	at org.openqa.selenium.remote.HttpCommandExecutor.execute(HttpCommandExecutor.java:184)
	at org.openqa.selenium.remote.service.DriverCommandExecutor.invokeExecute(DriverCommandExecutor.java:167)
	at org.openqa.selenium.remote.service.DriverCommandExecutor.execute(DriverCommandExecutor.java:142)
	at org.openqa.selenium.remote.RemoteWebDriver.execute(RemoteWebDriver.java:569)
	at org.openqa.selenium.remote.RemoteWebElement.execute(RemoteWebElement.java:257)
	at org.openqa.selenium.remote.RemoteWebElement.click(RemoteWebElement.java:78)
	at com.pages.DeviceType.AddDeviceTypePage.clickOnAddDeviceType(AddDeviceTypePage.java:33)
	at stepdefinitions.DeviceType.AddDeviceTypeSteps.Go_To_Add_DeviceType_Page(AddDeviceTypeSteps.java:24)
	at ✽.Go To Add DeviceType Page(file:///home/vassar-deepa/git/Stanley-Dashboard/src/test/resources/DeviceType/AddDeviceType.feature:4)
</pre></div><a href='#' onClick='toggleBox("stack-trace1182562226", this, "Click to show all stack frames", "Click to hide stack frames")'>Click to show all stack frames</a>
<div class='stack-trace' id='stack-trace1182562226'><pre>org.openqa.selenium.ElementClickInterceptedException: element click intercepted: Element &lt;button _ngcontent-ibl-c163=&quot;&quot; type=&quot;button&quot; class=&quot;btn btn-primary rounded-pill&quot;&gt;...&lt;/button&gt; is not clickable at point (1704, 146). Other element would receive the click: &lt;div _ngcontent-ibl-c73=&quot;&quot; class=&quot;ngx-overlay ngx-position-absolute foreground-closing&quot; style=&quot;background-color: rgba(40, 40, 40, 0.8); border-radius: 0px;&quot;&gt;...&lt;/div&gt;
  (Session info: chrome=108.0.5359.124)
Build info: version: &apos;4.3.0&apos;, revision: &apos;a4995e2c09*&apos;
System info: host: &apos;vassardeepa-ThinkPad-L15-Gen-3&apos;, ip: &apos;127.0.1.1&apos;, os.name: &apos;Linux&apos;, os.arch: &apos;amd64&apos;, os.version: &apos;5.15.0-56-generic&apos;, java.version: &apos;17.0.5&apos;
Driver info: org.openqa.selenium.chrome.ChromeDriver
Command: [4e5c5f66720cef692fe7235394b010b7, clickElement {id=164c09df-c972-405e-9427-e530650cf4e5}]
Capabilities {acceptInsecureCerts: false, browserName: chrome, browserVersion: 108.0.5359.124, chrome: {chromedriverVersion: 108.0.5359.71 (1e0e3868ee06..., userDataDir: /tmp/.com.google.Chrome.jlecdf}, goog:chromeOptions: {debuggerAddress: localhost:38783}, networkConnectionEnabled: false, pageLoadStrategy: normal, platformName: LINUX, proxy: Proxy(), se:cdp: ws://localhost:38783/devtoo..., se:cdpVersion: 108.0.5359.124, setWindowRect: true, strictFileInteractability: false, timeouts: {implicit: 0, pageLoad: 300000, script: 30000}, unhandledPromptBehavior: dismiss and notify, webauthn:extension:credBlob: true, webauthn:extension:largeBlob: true, webauthn:virtualAuthenticators: true}
Element: [[ChromeDriver: chrome on LINUX (4e5c5f66720cef692fe7235394b010b7)] -&gt; xpath: //button[text()=&apos;Add Device Type &apos;]]
Session ID: 4e5c5f66720cef692fe7235394b010b7
	at jdk.internal.reflect.GeneratedConstructorAccessor37.newInstance(Unknown Source)
	at java.base/jdk.internal.reflect.DelegatingConstructorAccessorImpl.newInstance(DelegatingConstructorAccessorImpl.java:45)
	at java.base/java.lang.reflect.Constructor.newInstanceWithCaller(Constructor.java:499)
	at java.base/java.lang.reflect.Constructor.newInstance(Constructor.java:480)
	at org.openqa.selenium.remote.codec.w3c.W3CHttpResponseCodec.createException(W3CHttpResponseCodec.java:200)
	at org.openqa.selenium.remote.codec.w3c.W3CHttpResponseCodec.decode(W3CHttpResponseCodec.java:133)
	at org.openqa.selenium.remote.codec.w3c.W3CHttpResponseCodec.decode(W3CHttpResponseCodec.java:53)
	at org.openqa.selenium.remote.HttpCommandExecutor.execute(HttpCommandExecutor.java:184)
	at org.openqa.selenium.remote.service.DriverCommandExecutor.invokeExecute(DriverCommandExecutor.java:167)
	at org.openqa.selenium.remote.service.DriverCommandExecutor.execute(DriverCommandExecutor.java:142)
	at org.openqa.selenium.remote.RemoteWebDriver.execute(RemoteWebDriver.java:569)
	at org.openqa.selenium.remote.RemoteWebElement.execute(RemoteWebElement.java:257)
	at org.openqa.selenium.remote.RemoteWebElement.click(RemoteWebElement.java:78)
	at com.pages.DeviceType.AddDeviceTypePage.clickOnAddDeviceType(AddDeviceTypePage.java:33)
	at stepdefinitions.DeviceType.AddDeviceTypeSteps.Go_To_Add_DeviceType_Page(AddDeviceTypeSteps.java:24)
	at ✽.Go To Add DeviceType Page(file:///home/vassar-deepa/git/Stanley-Dashboard/src/test/resources/DeviceType/AddDeviceType.feature:4)
</pre></div></td>
<td>13</td>
<td>testrunner.TestRunner@7674f035</td></tr>
<tr>
<td title='testrunner.TestRunner.runScenario()'><b>runScenario</b><br>Test class: testrunner.TestRunner<br>Test method: Runs Cucumber Scenarios<br>Parameters: "Validate Add Device Profile Functionality", "Optional[Validate Add Device Profile Functionality]"</td>
<td><div><pre>org.openqa.selenium.InvalidArgumentException: invalid argument: File not found : /home/vassar-deepa/Downloads/DoorTypeDD.png
  (Session info: chrome=108.0.5359.124)
Build info: version: &apos;4.3.0&apos;, revision: &apos;a4995e2c09*&apos;
System info: host: &apos;vassardeepa-ThinkPad-L15-Gen-3&apos;, ip: &apos;127.0.1.1&apos;, os.name: &apos;Linux&apos;, os.arch: &apos;amd64&apos;, os.version: &apos;5.15.0-56-generic&apos;, java.version: &apos;17.0.5&apos;
Driver info: org.openqa.selenium.chrome.ChromeDriver
Command: [a005c8029947126a0dceb77427e96951, sendKeysToElement {id=cd0f1bd3-5fe0-4fea-84cf-ce4c0ea573ca, value=[Ljava.lang.CharSequence;@7976d382}]
Capabilities {acceptInsecureCerts: false, browserName: chrome, browserVersion: 108.0.5359.124, chrome: {chromedriverVersion: 108.0.5359.71 (1e0e3868ee06..., userDataDir: /tmp/.com.google.Chrome.ohr8Vy}, goog:chromeOptions: {debuggerAddress: localhost:43293}, networkConnectionEnabled: false, pageLoadStrategy: normal, platformName: LINUX, proxy: Proxy(), se:cdp: ws://localhost:43293/devtoo..., se:cdpVersion: 108.0.5359.124, setWindowRect: true, strictFileInteractability: false, timeouts: {implicit: 0, pageLoad: 300000, script: 30000}, unhandledPromptBehavior: dismiss and notify, webauthn:extension:credBlob: true, webauthn:extension:largeBlob: true, webauthn:virtualAuthenticators: true}
Element: [[ChromeDriver: chrome on LINUX (a005c8029947126a0dceb77427e96951)] -&gt; xpath: //input[@formcontrolname=&apos;data_command_group_json&apos;]]
Session ID: a005c8029947126a0dceb77427e96951
	at java.base/jdk.internal.reflect.NativeConstructorAccessorImpl.newInstance0(Native Method)
	at java.base/jdk.internal.reflect.NativeConstructorAccessorImpl.newInstance(NativeConstructorAccessorImpl.java:77)
	at java.base/jdk.internal.reflect.DelegatingConstructorAccessorImpl.newInstance(DelegatingConstructorAccessorImpl.java:45)
	at java.base/java.lang.reflect.Constructor.newInstanceWithCaller(Constructor.java:499)
	at java.base/java.lang.reflect.Constructor.newInstance(Constructor.java:480)
	at org.openqa.selenium.remote.codec.w3c.W3CHttpResponseCodec.createException(W3CHttpResponseCodec.java:200)
	at org.openqa.selenium.remote.codec.w3c.W3CHttpResponseCodec.decode(W3CHttpResponseCodec.java:133)
	at org.openqa.selenium.remote.codec.w3c.W3CHttpResponseCodec.decode(W3CHttpResponseCodec.java:53)
	at org.openqa.selenium.remote.HttpCommandExecutor.execute(HttpCommandExecutor.java:184)
	at org.openqa.selenium.remote.service.DriverCommandExecutor.invokeExecute(DriverCommandExecutor.java:167)
	at org.openqa.selenium.remote.service.DriverCommandExecutor.execute(DriverCommandExecutor.java:142)
	at org.openqa.selenium.remote.RemoteWebDriver.execute(RemoteWebDriver.java:569)
	at org.openqa.selenium.remote.RemoteWebElement.execute(RemoteWebElement.java:257)
	at org.openqa.selenium.remote.RemoteWebElement.sendKeys(RemoteWebElement.java:113)
	at com.pages.DeviceProfile.AddDeviceProfilePage.uploadDataCmdGrpJson(AddDeviceProfilePage.java:56)
	at stepdefinitions.DeviceProfile.AddDeviceProfileSteps.upload_data_command_group_json(AddDeviceProfileSteps.java:62)
	at ✽.Upload Data Command Group JSON &quot;/home/vassar-deepa/Downloads/DoorTypeDD.png&quot;(file:///home/vassar-deepa/git/Stanley-Dashboard/src/test/resources/DeviceProfile/AddDeviceProfile.feature:10)
</pre></div><a href='#' onClick='toggleBox("stack-trace1233973724", this, "Click to show all stack frames", "Click to hide stack frames")'>Click to show all stack frames</a>
<div class='stack-trace' id='stack-trace1233973724'><pre>org.openqa.selenium.InvalidArgumentException: invalid argument: File not found : /home/vassar-deepa/Downloads/DoorTypeDD.png
  (Session info: chrome=108.0.5359.124)
Build info: version: &apos;4.3.0&apos;, revision: &apos;a4995e2c09*&apos;
System info: host: &apos;vassardeepa-ThinkPad-L15-Gen-3&apos;, ip: &apos;127.0.1.1&apos;, os.name: &apos;Linux&apos;, os.arch: &apos;amd64&apos;, os.version: &apos;5.15.0-56-generic&apos;, java.version: &apos;17.0.5&apos;
Driver info: org.openqa.selenium.chrome.ChromeDriver
Command: [a005c8029947126a0dceb77427e96951, sendKeysToElement {id=cd0f1bd3-5fe0-4fea-84cf-ce4c0ea573ca, value=[Ljava.lang.CharSequence;@7976d382}]
Capabilities {acceptInsecureCerts: false, browserName: chrome, browserVersion: 108.0.5359.124, chrome: {chromedriverVersion: 108.0.5359.71 (1e0e3868ee06..., userDataDir: /tmp/.com.google.Chrome.ohr8Vy}, goog:chromeOptions: {debuggerAddress: localhost:43293}, networkConnectionEnabled: false, pageLoadStrategy: normal, platformName: LINUX, proxy: Proxy(), se:cdp: ws://localhost:43293/devtoo..., se:cdpVersion: 108.0.5359.124, setWindowRect: true, strictFileInteractability: false, timeouts: {implicit: 0, pageLoad: 300000, script: 30000}, unhandledPromptBehavior: dismiss and notify, webauthn:extension:credBlob: true, webauthn:extension:largeBlob: true, webauthn:virtualAuthenticators: true}
Element: [[ChromeDriver: chrome on LINUX (a005c8029947126a0dceb77427e96951)] -&gt; xpath: //input[@formcontrolname=&apos;data_command_group_json&apos;]]
Session ID: a005c8029947126a0dceb77427e96951
	at java.base/jdk.internal.reflect.NativeConstructorAccessorImpl.newInstance0(Native Method)
	at java.base/jdk.internal.reflect.NativeConstructorAccessorImpl.newInstance(NativeConstructorAccessorImpl.java:77)
	at java.base/jdk.internal.reflect.DelegatingConstructorAccessorImpl.newInstance(DelegatingConstructorAccessorImpl.java:45)
	at java.base/java.lang.reflect.Constructor.newInstanceWithCaller(Constructor.java:499)
	at java.base/java.lang.reflect.Constructor.newInstance(Constructor.java:480)
	at org.openqa.selenium.remote.codec.w3c.W3CHttpResponseCodec.createException(W3CHttpResponseCodec.java:200)
	at org.openqa.selenium.remote.codec.w3c.W3CHttpResponseCodec.decode(W3CHttpResponseCodec.java:133)
	at org.openqa.selenium.remote.codec.w3c.W3CHttpResponseCodec.decode(W3CHttpResponseCodec.java:53)
	at org.openqa.selenium.remote.HttpCommandExecutor.execute(HttpCommandExecutor.java:184)
	at org.openqa.selenium.remote.service.DriverCommandExecutor.invokeExecute(DriverCommandExecutor.java:167)
	at org.openqa.selenium.remote.service.DriverCommandExecutor.execute(DriverCommandExecutor.java:142)
	at org.openqa.selenium.remote.RemoteWebDriver.execute(RemoteWebDriver.java:569)
	at org.openqa.selenium.remote.RemoteWebElement.execute(RemoteWebElement.java:257)
	at org.openqa.selenium.remote.RemoteWebElement.sendKeys(RemoteWebElement.java:113)
	at com.pages.DeviceProfile.AddDeviceProfilePage.uploadDataCmdGrpJson(AddDeviceProfilePage.java:56)
	at stepdefinitions.DeviceProfile.AddDeviceProfileSteps.upload_data_command_group_json(AddDeviceProfileSteps.java:62)
	at ✽.Upload Data Command Group JSON &quot;/home/vassar-deepa/Downloads/DoorTypeDD.png&quot;(file:///home/vassar-deepa/git/Stanley-Dashboard/src/test/resources/DeviceProfile/AddDeviceProfile.feature:10)
</pre></div></td>
<td>18</td>
<td>testrunner.TestRunner@7674f035</td></tr>
<tr>
<td title='testrunner.TestRunner.runScenario()'><b>runScenario</b><br>Test class: testrunner.TestRunner<br>Test method: Runs Cucumber Scenarios<br>Parameters: "Verify the Edit Location Type page", "Optional[Validate the Edit Location type]"</td>
<td><div><pre>java.lang.AssertionError: expected [Location Type Edited Successfully] but found [Entered Location Type does NOT exists in Table]
	at org.testng.Assert.fail(Assert.java:99)
	at org.testng.Assert.failNotEquals(Assert.java:1037)
	at org.testng.Assert.assertEqualsImpl(Assert.java:140)
	at org.testng.Assert.assertEquals(Assert.java:122)
	at org.testng.Assert.assertEquals(Assert.java:629)
	at org.testng.Assert.assertEquals(Assert.java:639)
	at com.pages.LocationType.EditLocationTypePage.editLocationType(EditLocationTypePage.java:160)
	at stepdefinitions.LocationType.EditLocationTypeSteps.user_edits_location_type_exp_msg(EditLocationTypeSteps.java:29)
	at ✽.User Edits Location Type &quot;Testing&quot; &quot;Test 4&quot; &quot;Testing&quot; &quot;Device Location&quot; &quot;Walmart&quot; &quot;Location Type Edited Successfully&quot;(file:///home/vassar-deepa/git/Stanley-Dashboard/src/test/resources/LocationType/EditLocationType.feature:5)
</pre></div><a href='#' onClick='toggleBox("stack-trace502170815", this, "Click to show all stack frames", "Click to hide stack frames")'>Click to show all stack frames</a>
<div class='stack-trace' id='stack-trace502170815'><pre>java.lang.AssertionError: expected [Location Type Edited Successfully] but found [Entered Location Type does NOT exists in Table]
	at org.testng.Assert.fail(Assert.java:99)
	at org.testng.Assert.failNotEquals(Assert.java:1037)
	at org.testng.Assert.assertEqualsImpl(Assert.java:140)
	at org.testng.Assert.assertEquals(Assert.java:122)
	at org.testng.Assert.assertEquals(Assert.java:629)
	at org.testng.Assert.assertEquals(Assert.java:639)
	at com.pages.LocationType.EditLocationTypePage.editLocationType(EditLocationTypePage.java:160)
	at stepdefinitions.LocationType.EditLocationTypeSteps.user_edits_location_type_exp_msg(EditLocationTypeSteps.java:29)
	at ✽.User Edits Location Type &quot;Testing&quot; &quot;Test 4&quot; &quot;Testing&quot; &quot;Device Location&quot; &quot;Walmart&quot; &quot;Location Type Edited Successfully&quot;(file:///home/vassar-deepa/git/Stanley-Dashboard/src/test/resources/LocationType/EditLocationType.feature:5)
</pre></div></td>
<td>14</td>
<td>testrunner.TestRunner@7674f035</td></tr>
<tr>
<td title='testrunner.TestRunner.runScenario()'><b>runScenario</b><br>Test class: testrunner.TestRunner<br>Test method: Runs Cucumber Scenarios<br>Parameters: "Validate Add Device Profile Functionality", "Optional[Validate Add Device Profile Functionality]"</td>
<td><div><pre>java.lang.AssertionError: expected [Duplicate Value Entered] but found [Submit Button is Disabled. Need to fill Mandatory fields]
	at org.testng.Assert.fail(Assert.java:99)
	at org.testng.Assert.failNotEquals(Assert.java:1037)
	at org.testng.Assert.assertEqualsImpl(Assert.java:140)
	at org.testng.Assert.assertEquals(Assert.java:122)
	at org.testng.Assert.assertEquals(Assert.java:629)
	at org.testng.Assert.assertEquals(Assert.java:639)
	at com.pages.DeviceProfile.AddDeviceProfilePage.verifyToasterMessage(AddDeviceProfilePage.java:77)
	at stepdefinitions.DeviceProfile.AddDeviceProfileSteps.verify_toaster_message_for_add_device_profile(AddDeviceProfileSteps.java:79)
	at ✽.Verify Toaster Message for Add Device Profile &quot;Duplicate Value Entered&quot;(file:///home/vassar-deepa/git/Stanley-Dashboard/src/test/resources/DeviceProfile/AddDeviceProfile.feature:13)
</pre></div><a href='#' onClick='toggleBox("stack-trace263986665", this, "Click to show all stack frames", "Click to hide stack frames")'>Click to show all stack frames</a>
<div class='stack-trace' id='stack-trace263986665'><pre>java.lang.AssertionError: expected [Duplicate Value Entered] but found [Submit Button is Disabled. Need to fill Mandatory fields]
	at org.testng.Assert.fail(Assert.java:99)
	at org.testng.Assert.failNotEquals(Assert.java:1037)
	at org.testng.Assert.assertEqualsImpl(Assert.java:140)
	at org.testng.Assert.assertEquals(Assert.java:122)
	at org.testng.Assert.assertEquals(Assert.java:629)
	at org.testng.Assert.assertEquals(Assert.java:639)
	at com.pages.DeviceProfile.AddDeviceProfilePage.verifyToasterMessage(AddDeviceProfilePage.java:77)
	at stepdefinitions.DeviceProfile.AddDeviceProfileSteps.verify_toaster_message_for_add_device_profile(AddDeviceProfileSteps.java:79)
	at ✽.Verify Toaster Message for Add Device Profile &quot;Duplicate Value Entered&quot;(file:///home/vassar-deepa/git/Stanley-Dashboard/src/test/resources/DeviceProfile/AddDeviceProfile.feature:13)
</pre></div></td>
<td>20</td>
<td>testrunner.TestRunner@7674f035</td></tr>
<tr>
<td title='testrunner.TestRunner.runScenario()'><b>runScenario</b><br>Test class: testrunner.TestRunner<br>Test method: Runs Cucumber Scenarios<br>Parameters: "Validate Add Device Profile Functionality", "Optional[Validate Add Device Profile Functionality]"</td>
<td><div><pre>java.lang.AssertionError: expected [Device Profile Added Successfully] but found [Duplicate Value Entered]
	at org.testng.Assert.fail(Assert.java:99)
	at org.testng.Assert.failNotEquals(Assert.java:1037)
	at org.testng.Assert.assertEqualsImpl(Assert.java:140)
	at org.testng.Assert.assertEquals(Assert.java:122)
	at org.testng.Assert.assertEquals(Assert.java:629)
	at org.testng.Assert.assertEquals(Assert.java:639)
	at com.pages.DeviceProfile.AddDeviceProfilePage.verifyToasterMessage(AddDeviceProfilePage.java:74)
	at stepdefinitions.DeviceProfile.AddDeviceProfileSteps.verify_toaster_message_for_add_device_profile(AddDeviceProfileSteps.java:79)
	at ✽.Verify Toaster Message for Add Device Profile &quot;Device Profile Added Successfully&quot;(file:///home/vassar-deepa/git/Stanley-Dashboard/src/test/resources/DeviceProfile/AddDeviceProfile.feature:13)
</pre></div><a href='#' onClick='toggleBox("stack-trace2041288701", this, "Click to show all stack frames", "Click to hide stack frames")'>Click to show all stack frames</a>
<div class='stack-trace' id='stack-trace2041288701'><pre>java.lang.AssertionError: expected [Device Profile Added Successfully] but found [Duplicate Value Entered]
	at org.testng.Assert.fail(Assert.java:99)
	at org.testng.Assert.failNotEquals(Assert.java:1037)
	at org.testng.Assert.assertEqualsImpl(Assert.java:140)
	at org.testng.Assert.assertEquals(Assert.java:122)
	at org.testng.Assert.assertEquals(Assert.java:629)
	at org.testng.Assert.assertEquals(Assert.java:639)
	at com.pages.DeviceProfile.AddDeviceProfilePage.verifyToasterMessage(AddDeviceProfilePage.java:74)
	at stepdefinitions.DeviceProfile.AddDeviceProfileSteps.verify_toaster_message_for_add_device_profile(AddDeviceProfileSteps.java:79)
	at ✽.Verify Toaster Message for Add Device Profile &quot;Device Profile Added Successfully&quot;(file:///home/vassar-deepa/git/Stanley-Dashboard/src/test/resources/DeviceProfile/AddDeviceProfile.feature:13)
</pre></div></td>
<td>22</td>
<td>testrunner.TestRunner@7674f035</td></tr>
<tr>
<td title='testrunner.TestRunner.runScenario()'><b>runScenario</b><br>Test class: testrunner.TestRunner<br>Test method: Runs Cucumber Scenarios<br>Parameters: "Scenario to Add DeviceType", "Optional[To Add DeviceType]"</td>
<td><div><pre>org.openqa.selenium.ElementClickInterceptedException: element click intercepted: Element &lt;button _ngcontent-irb-c163=&quot;&quot; type=&quot;button&quot; class=&quot;btn btn-primary rounded-pill&quot;&gt;...&lt;/button&gt; is not clickable at point (1704, 146). Other element would receive the click: &lt;div _ngcontent-irb-c73=&quot;&quot; class=&quot;ngx-overlay ngx-position-absolute foreground-closing&quot; style=&quot;background-color: rgba(40, 40, 40, 0.8); border-radius: 0px;&quot;&gt;...&lt;/div&gt;
  (Session info: chrome=108.0.5359.124)
Build info: version: &apos;4.3.0&apos;, revision: &apos;a4995e2c09*&apos;
System info: host: &apos;vassardeepa-ThinkPad-L15-Gen-3&apos;, ip: &apos;127.0.1.1&apos;, os.name: &apos;Linux&apos;, os.arch: &apos;amd64&apos;, os.version: &apos;5.15.0-56-generic&apos;, java.version: &apos;17.0.5&apos;
Driver info: org.openqa.selenium.chrome.ChromeDriver
Command: [03ab6741baa61526c993509d262d042d, clickElement {id=4f9699cd-c776-435d-8db2-1ff26adaa53c}]
Capabilities {acceptInsecureCerts: false, browserName: chrome, browserVersion: 108.0.5359.124, chrome: {chromedriverVersion: 108.0.5359.71 (1e0e3868ee06..., userDataDir: /tmp/.com.google.Chrome.NjB1u8}, goog:chromeOptions: {debuggerAddress: localhost:37923}, networkConnectionEnabled: false, pageLoadStrategy: normal, platformName: LINUX, proxy: Proxy(), se:cdp: ws://localhost:37923/devtoo..., se:cdpVersion: 108.0.5359.124, setWindowRect: true, strictFileInteractability: false, timeouts: {implicit: 0, pageLoad: 300000, script: 30000}, unhandledPromptBehavior: dismiss and notify, webauthn:extension:credBlob: true, webauthn:extension:largeBlob: true, webauthn:virtualAuthenticators: true}
Element: [[ChromeDriver: chrome on LINUX (03ab6741baa61526c993509d262d042d)] -&gt; xpath: //button[text()=&apos;Add Device Type &apos;]]
Session ID: 03ab6741baa61526c993509d262d042d
	at jdk.internal.reflect.GeneratedConstructorAccessor37.newInstance(Unknown Source)
	at java.base/jdk.internal.reflect.DelegatingConstructorAccessorImpl.newInstance(DelegatingConstructorAccessorImpl.java:45)
	at java.base/java.lang.reflect.Constructor.newInstanceWithCaller(Constructor.java:499)
	at java.base/java.lang.reflect.Constructor.newInstance(Constructor.java:480)
	at org.openqa.selenium.remote.codec.w3c.W3CHttpResponseCodec.createException(W3CHttpResponseCodec.java:200)
	at org.openqa.selenium.remote.codec.w3c.W3CHttpResponseCodec.decode(W3CHttpResponseCodec.java:133)
	at org.openqa.selenium.remote.codec.w3c.W3CHttpResponseCodec.decode(W3CHttpResponseCodec.java:53)
	at org.openqa.selenium.remote.HttpCommandExecutor.execute(HttpCommandExecutor.java:184)
	at org.openqa.selenium.remote.service.DriverCommandExecutor.invokeExecute(DriverCommandExecutor.java:167)
	at org.openqa.selenium.remote.service.DriverCommandExecutor.execute(DriverCommandExecutor.java:142)
	at org.openqa.selenium.remote.RemoteWebDriver.execute(RemoteWebDriver.java:569)
	at org.openqa.selenium.remote.RemoteWebElement.execute(RemoteWebElement.java:257)
	at org.openqa.selenium.remote.RemoteWebElement.click(RemoteWebElement.java:78)
	at com.pages.DeviceType.AddDeviceTypePage.clickOnAddDeviceType(AddDeviceTypePage.java:33)
	at stepdefinitions.DeviceType.AddDeviceTypeSteps.Go_To_Add_DeviceType_Page(AddDeviceTypeSteps.java:24)
	at ✽.Go To Add DeviceType Page(file:///home/vassar-deepa/git/Stanley-Dashboard/src/test/resources/DeviceType/AddDeviceType.feature:4)
</pre></div><a href='#' onClick='toggleBox("stack-trace1623375893", this, "Click to show all stack frames", "Click to hide stack frames")'>Click to show all stack frames</a>
<div class='stack-trace' id='stack-trace1623375893'><pre>org.openqa.selenium.ElementClickInterceptedException: element click intercepted: Element &lt;button _ngcontent-irb-c163=&quot;&quot; type=&quot;button&quot; class=&quot;btn btn-primary rounded-pill&quot;&gt;...&lt;/button&gt; is not clickable at point (1704, 146). Other element would receive the click: &lt;div _ngcontent-irb-c73=&quot;&quot; class=&quot;ngx-overlay ngx-position-absolute foreground-closing&quot; style=&quot;background-color: rgba(40, 40, 40, 0.8); border-radius: 0px;&quot;&gt;...&lt;/div&gt;
  (Session info: chrome=108.0.5359.124)
Build info: version: &apos;4.3.0&apos;, revision: &apos;a4995e2c09*&apos;
System info: host: &apos;vassardeepa-ThinkPad-L15-Gen-3&apos;, ip: &apos;127.0.1.1&apos;, os.name: &apos;Linux&apos;, os.arch: &apos;amd64&apos;, os.version: &apos;5.15.0-56-generic&apos;, java.version: &apos;17.0.5&apos;
Driver info: org.openqa.selenium.chrome.ChromeDriver
Command: [03ab6741baa61526c993509d262d042d, clickElement {id=4f9699cd-c776-435d-8db2-1ff26adaa53c}]
Capabilities {acceptInsecureCerts: false, browserName: chrome, browserVersion: 108.0.5359.124, chrome: {chromedriverVersion: 108.0.5359.71 (1e0e3868ee06..., userDataDir: /tmp/.com.google.Chrome.NjB1u8}, goog:chromeOptions: {debuggerAddress: localhost:37923}, networkConnectionEnabled: false, pageLoadStrategy: normal, platformName: LINUX, proxy: Proxy(), se:cdp: ws://localhost:37923/devtoo..., se:cdpVersion: 108.0.5359.124, setWindowRect: true, strictFileInteractability: false, timeouts: {implicit: 0, pageLoad: 300000, script: 30000}, unhandledPromptBehavior: dismiss and notify, webauthn:extension:credBlob: true, webauthn:extension:largeBlob: true, webauthn:virtualAuthenticators: true}
Element: [[ChromeDriver: chrome on LINUX (03ab6741baa61526c993509d262d042d)] -&gt; xpath: //button[text()=&apos;Add Device Type &apos;]]
Session ID: 03ab6741baa61526c993509d262d042d
	at jdk.internal.reflect.GeneratedConstructorAccessor37.newInstance(Unknown Source)
	at java.base/jdk.internal.reflect.DelegatingConstructorAccessorImpl.newInstance(DelegatingConstructorAccessorImpl.java:45)
	at java.base/java.lang.reflect.Constructor.newInstanceWithCaller(Constructor.java:499)
	at java.base/java.lang.reflect.Constructor.newInstance(Constructor.java:480)
	at org.openqa.selenium.remote.codec.w3c.W3CHttpResponseCodec.createException(W3CHttpResponseCodec.java:200)
	at org.openqa.selenium.remote.codec.w3c.W3CHttpResponseCodec.decode(W3CHttpResponseCodec.java:133)
	at org.openqa.selenium.remote.codec.w3c.W3CHttpResponseCodec.decode(W3CHttpResponseCodec.java:53)
	at org.openqa.selenium.remote.HttpCommandExecutor.execute(HttpCommandExecutor.java:184)
	at org.openqa.selenium.remote.service.DriverCommandExecutor.invokeExecute(DriverCommandExecutor.java:167)
	at org.openqa.selenium.remote.service.DriverCommandExecutor.execute(DriverCommandExecutor.java:142)
	at org.openqa.selenium.remote.RemoteWebDriver.execute(RemoteWebDriver.java:569)
	at org.openqa.selenium.remote.RemoteWebElement.execute(RemoteWebElement.java:257)
	at org.openqa.selenium.remote.RemoteWebElement.click(RemoteWebElement.java:78)
	at com.pages.DeviceType.AddDeviceTypePage.clickOnAddDeviceType(AddDeviceTypePage.java:33)
	at stepdefinitions.DeviceType.AddDeviceTypeSteps.Go_To_Add_DeviceType_Page(AddDeviceTypeSteps.java:24)
	at ✽.Go To Add DeviceType Page(file:///home/vassar-deepa/git/Stanley-Dashboard/src/test/resources/DeviceType/AddDeviceType.feature:4)
</pre></div></td>
<td>13</td>
<td>testrunner.TestRunner@7674f035</td></tr>
<tr>
<td title='testrunner.TestRunner.runScenario()'><b>runScenario</b><br>Test class: testrunner.TestRunner<br>Test method: Runs Cucumber Scenarios<br>Parameters: "Verify the Edit Location Type page", "Optional[Validate the Edit Location type]"</td>
<td><div><pre>java.lang.AssertionError: expected [Location Type Edited Successfully] but found [Entered Location Type does NOT exists in Table]
	at org.testng.Assert.fail(Assert.java:99)
	at org.testng.Assert.failNotEquals(Assert.java:1037)
	at org.testng.Assert.assertEqualsImpl(Assert.java:140)
	at org.testng.Assert.assertEquals(Assert.java:122)
	at org.testng.Assert.assertEquals(Assert.java:629)
	at org.testng.Assert.assertEquals(Assert.java:639)
	at com.pages.LocationType.EditLocationTypePage.editLocationType(EditLocationTypePage.java:160)
	at stepdefinitions.LocationType.EditLocationTypeSteps.user_edits_location_type_exp_msg(EditLocationTypeSteps.java:29)
	at ✽.User Edits Location Type &quot;Testing&quot; &quot;12345&quot; &quot;Testing&quot; &quot;Device Location&quot; &quot;Home Depot&quot; &quot;Location Type Edited Successfully&quot;(file:///home/vassar-deepa/git/Stanley-Dashboard/src/test/resources/LocationType/EditLocationType.feature:5)
</pre></div><a href='#' onClick='toggleBox("stack-trace1704817354", this, "Click to show all stack frames", "Click to hide stack frames")'>Click to show all stack frames</a>
<div class='stack-trace' id='stack-trace1704817354'><pre>java.lang.AssertionError: expected [Location Type Edited Successfully] but found [Entered Location Type does NOT exists in Table]
	at org.testng.Assert.fail(Assert.java:99)
	at org.testng.Assert.failNotEquals(Assert.java:1037)
	at org.testng.Assert.assertEqualsImpl(Assert.java:140)
	at org.testng.Assert.assertEquals(Assert.java:122)
	at org.testng.Assert.assertEquals(Assert.java:629)
	at org.testng.Assert.assertEquals(Assert.java:639)
	at com.pages.LocationType.EditLocationTypePage.editLocationType(EditLocationTypePage.java:160)
	at stepdefinitions.LocationType.EditLocationTypeSteps.user_edits_location_type_exp_msg(EditLocationTypeSteps.java:29)
	at ✽.User Edits Location Type &quot;Testing&quot; &quot;12345&quot; &quot;Testing&quot; &quot;Device Location&quot; &quot;Home Depot&quot; &quot;Location Type Edited Successfully&quot;(file:///home/vassar-deepa/git/Stanley-Dashboard/src/test/resources/LocationType/EditLocationType.feature:5)
</pre></div></td>
<td>14</td>
<td>testrunner.TestRunner@7674f035</td></tr>
<tr>
<td title='testrunner.TestRunner.runScenario()'><b>runScenario</b><br>Test class: testrunner.TestRunner<br>Test method: Runs Cucumber Scenarios<br>Parameters: "Scenario to Add DeviceType", "Optional[To Add DeviceType]"</td>
<td><div><pre>org.openqa.selenium.ElementClickInterceptedException: element click intercepted: Element &lt;button _ngcontent-cyq-c163=&quot;&quot; type=&quot;button&quot; class=&quot;btn btn-primary rounded-pill&quot;&gt;...&lt;/button&gt; is not clickable at point (1704, 146). Other element would receive the click: &lt;div _ngcontent-cyq-c73=&quot;&quot; class=&quot;ngx-overlay ngx-position-absolute foreground-closing&quot; style=&quot;background-color: rgba(40, 40, 40, 0.8); border-radius: 0px;&quot;&gt;...&lt;/div&gt;
  (Session info: chrome=108.0.5359.124)
Build info: version: &apos;4.3.0&apos;, revision: &apos;a4995e2c09*&apos;
System info: host: &apos;vassardeepa-ThinkPad-L15-Gen-3&apos;, ip: &apos;127.0.1.1&apos;, os.name: &apos;Linux&apos;, os.arch: &apos;amd64&apos;, os.version: &apos;5.15.0-56-generic&apos;, java.version: &apos;17.0.5&apos;
Driver info: org.openqa.selenium.chrome.ChromeDriver
Command: [06acfffefb7bc2af8620939f8d97f2a2, clickElement {id=40f9d4a6-9f59-46f9-b857-5345257bd362}]
Capabilities {acceptInsecureCerts: false, browserName: chrome, browserVersion: 108.0.5359.124, chrome: {chromedriverVersion: 108.0.5359.71 (1e0e3868ee06..., userDataDir: /tmp/.com.google.Chrome.fgIIhz}, goog:chromeOptions: {debuggerAddress: localhost:43921}, networkConnectionEnabled: false, pageLoadStrategy: normal, platformName: LINUX, proxy: Proxy(), se:cdp: ws://localhost:43921/devtoo..., se:cdpVersion: 108.0.5359.124, setWindowRect: true, strictFileInteractability: false, timeouts: {implicit: 0, pageLoad: 300000, script: 30000}, unhandledPromptBehavior: dismiss and notify, webauthn:extension:credBlob: true, webauthn:extension:largeBlob: true, webauthn:virtualAuthenticators: true}
Element: [[ChromeDriver: chrome on LINUX (06acfffefb7bc2af8620939f8d97f2a2)] -&gt; xpath: //button[text()=&apos;Add Device Type &apos;]]
Session ID: 06acfffefb7bc2af8620939f8d97f2a2
	at jdk.internal.reflect.GeneratedConstructorAccessor37.newInstance(Unknown Source)
	at java.base/jdk.internal.reflect.DelegatingConstructorAccessorImpl.newInstance(DelegatingConstructorAccessorImpl.java:45)
	at java.base/java.lang.reflect.Constructor.newInstanceWithCaller(Constructor.java:499)
	at java.base/java.lang.reflect.Constructor.newInstance(Constructor.java:480)
	at org.openqa.selenium.remote.codec.w3c.W3CHttpResponseCodec.createException(W3CHttpResponseCodec.java:200)
	at org.openqa.selenium.remote.codec.w3c.W3CHttpResponseCodec.decode(W3CHttpResponseCodec.java:133)
	at org.openqa.selenium.remote.codec.w3c.W3CHttpResponseCodec.decode(W3CHttpResponseCodec.java:53)
	at org.openqa.selenium.remote.HttpCommandExecutor.execute(HttpCommandExecutor.java:184)
	at org.openqa.selenium.remote.service.DriverCommandExecutor.invokeExecute(DriverCommandExecutor.java:167)
	at org.openqa.selenium.remote.service.DriverCommandExecutor.execute(DriverCommandExecutor.java:142)
	at org.openqa.selenium.remote.RemoteWebDriver.execute(RemoteWebDriver.java:569)
	at org.openqa.selenium.remote.RemoteWebElement.execute(RemoteWebElement.java:257)
	at org.openqa.selenium.remote.RemoteWebElement.click(RemoteWebElement.java:78)
	at com.pages.DeviceType.AddDeviceTypePage.clickOnAddDeviceType(AddDeviceTypePage.java:33)
	at stepdefinitions.DeviceType.AddDeviceTypeSteps.Go_To_Add_DeviceType_Page(AddDeviceTypeSteps.java:24)
	at ✽.Go To Add DeviceType Page(file:///home/vassar-deepa/git/Stanley-Dashboard/src/test/resources/DeviceType/AddDeviceType.feature:4)
</pre></div><a href='#' onClick='toggleBox("stack-trace380312179", this, "Click to show all stack frames", "Click to hide stack frames")'>Click to show all stack frames</a>
<div class='stack-trace' id='stack-trace380312179'><pre>org.openqa.selenium.ElementClickInterceptedException: element click intercepted: Element &lt;button _ngcontent-cyq-c163=&quot;&quot; type=&quot;button&quot; class=&quot;btn btn-primary rounded-pill&quot;&gt;...&lt;/button&gt; is not clickable at point (1704, 146). Other element would receive the click: &lt;div _ngcontent-cyq-c73=&quot;&quot; class=&quot;ngx-overlay ngx-position-absolute foreground-closing&quot; style=&quot;background-color: rgba(40, 40, 40, 0.8); border-radius: 0px;&quot;&gt;...&lt;/div&gt;
  (Session info: chrome=108.0.5359.124)
Build info: version: &apos;4.3.0&apos;, revision: &apos;a4995e2c09*&apos;
System info: host: &apos;vassardeepa-ThinkPad-L15-Gen-3&apos;, ip: &apos;127.0.1.1&apos;, os.name: &apos;Linux&apos;, os.arch: &apos;amd64&apos;, os.version: &apos;5.15.0-56-generic&apos;, java.version: &apos;17.0.5&apos;
Driver info: org.openqa.selenium.chrome.ChromeDriver
Command: [06acfffefb7bc2af8620939f8d97f2a2, clickElement {id=40f9d4a6-9f59-46f9-b857-5345257bd362}]
Capabilities {acceptInsecureCerts: false, browserName: chrome, browserVersion: 108.0.5359.124, chrome: {chromedriverVersion: 108.0.5359.71 (1e0e3868ee06..., userDataDir: /tmp/.com.google.Chrome.fgIIhz}, goog:chromeOptions: {debuggerAddress: localhost:43921}, networkConnectionEnabled: false, pageLoadStrategy: normal, platformName: LINUX, proxy: Proxy(), se:cdp: ws://localhost:43921/devtoo..., se:cdpVersion: 108.0.5359.124, setWindowRect: true, strictFileInteractability: false, timeouts: {implicit: 0, pageLoad: 300000, script: 30000}, unhandledPromptBehavior: dismiss and notify, webauthn:extension:credBlob: true, webauthn:extension:largeBlob: true, webauthn:virtualAuthenticators: true}
Element: [[ChromeDriver: chrome on LINUX (06acfffefb7bc2af8620939f8d97f2a2)] -&gt; xpath: //button[text()=&apos;Add Device Type &apos;]]
Session ID: 06acfffefb7bc2af8620939f8d97f2a2
	at jdk.internal.reflect.GeneratedConstructorAccessor37.newInstance(Unknown Source)
	at java.base/jdk.internal.reflect.DelegatingConstructorAccessorImpl.newInstance(DelegatingConstructorAccessorImpl.java:45)
	at java.base/java.lang.reflect.Constructor.newInstanceWithCaller(Constructor.java:499)
	at java.base/java.lang.reflect.Constructor.newInstance(Constructor.java:480)
	at org.openqa.selenium.remote.codec.w3c.W3CHttpResponseCodec.createException(W3CHttpResponseCodec.java:200)
	at org.openqa.selenium.remote.codec.w3c.W3CHttpResponseCodec.decode(W3CHttpResponseCodec.java:133)
	at org.openqa.selenium.remote.codec.w3c.W3CHttpResponseCodec.decode(W3CHttpResponseCodec.java:53)
	at org.openqa.selenium.remote.HttpCommandExecutor.execute(HttpCommandExecutor.java:184)
	at org.openqa.selenium.remote.service.DriverCommandExecutor.invokeExecute(DriverCommandExecutor.java:167)
	at org.openqa.selenium.remote.service.DriverCommandExecutor.execute(DriverCommandExecutor.java:142)
	at org.openqa.selenium.remote.RemoteWebDriver.execute(RemoteWebDriver.java:569)
	at org.openqa.selenium.remote.RemoteWebElement.execute(RemoteWebElement.java:257)
	at org.openqa.selenium.remote.RemoteWebElement.click(RemoteWebElement.java:78)
	at com.pages.DeviceType.AddDeviceTypePage.clickOnAddDeviceType(AddDeviceTypePage.java:33)
	at stepdefinitions.DeviceType.AddDeviceTypeSteps.Go_To_Add_DeviceType_Page(AddDeviceTypeSteps.java:24)
	at ✽.Go To Add DeviceType Page(file:///home/vassar-deepa/git/Stanley-Dashboard/src/test/resources/DeviceType/AddDeviceType.feature:4)
</pre></div></td>
<td>13</td>
<td>testrunner.TestRunner@7674f035</td></tr>
<tr>
<td title='testrunner.TestRunner.runScenario()'><b>runScenario</b><br>Test class: testrunner.TestRunner<br>Test method: Runs Cucumber Scenarios<br>Parameters: "Verify the Edit Location Type page", "Optional[Validate the Edit Location type]"</td>
<td><div><pre>java.lang.AssertionError: expected [Duplicate Value Entered] but found [Entered Location Type does NOT exists in Table]
	at org.testng.Assert.fail(Assert.java:99)
	at org.testng.Assert.failNotEquals(Assert.java:1037)
	at org.testng.Assert.assertEqualsImpl(Assert.java:140)
	at org.testng.Assert.assertEquals(Assert.java:122)
	at org.testng.Assert.assertEquals(Assert.java:629)
	at org.testng.Assert.assertEquals(Assert.java:639)
	at com.pages.LocationType.EditLocationTypePage.editLocationType(EditLocationTypePage.java:160)
	at stepdefinitions.LocationType.EditLocationTypeSteps.user_edits_location_type_exp_msg(EditLocationTypeSteps.java:29)
	at ✽.User Edits Location Type &quot;Testing&quot; &quot;Test&quot; &quot;    &quot; &quot;Device Location&quot; &quot;Vassar&quot; &quot;Duplicate Value Entered&quot;(file:///home/vassar-deepa/git/Stanley-Dashboard/src/test/resources/LocationType/EditLocationType.feature:5)
</pre></div><a href='#' onClick='toggleBox("stack-trace592353046", this, "Click to show all stack frames", "Click to hide stack frames")'>Click to show all stack frames</a>
<div class='stack-trace' id='stack-trace592353046'><pre>java.lang.AssertionError: expected [Duplicate Value Entered] but found [Entered Location Type does NOT exists in Table]
	at org.testng.Assert.fail(Assert.java:99)
	at org.testng.Assert.failNotEquals(Assert.java:1037)
	at org.testng.Assert.assertEqualsImpl(Assert.java:140)
	at org.testng.Assert.assertEquals(Assert.java:122)
	at org.testng.Assert.assertEquals(Assert.java:629)
	at org.testng.Assert.assertEquals(Assert.java:639)
	at com.pages.LocationType.EditLocationTypePage.editLocationType(EditLocationTypePage.java:160)
	at stepdefinitions.LocationType.EditLocationTypeSteps.user_edits_location_type_exp_msg(EditLocationTypeSteps.java:29)
	at ✽.User Edits Location Type &quot;Testing&quot; &quot;Test&quot; &quot;    &quot; &quot;Device Location&quot; &quot;Vassar&quot; &quot;Duplicate Value Entered&quot;(file:///home/vassar-deepa/git/Stanley-Dashboard/src/test/resources/LocationType/EditLocationType.feature:5)
</pre></div></td>
<td>16</td>
<td>testrunner.TestRunner@7674f035</td></tr>
<tr>
<td title='testrunner.TestRunner.runScenario()'><b>runScenario</b><br>Test class: testrunner.TestRunner<br>Test method: Runs Cucumber Scenarios<br>Parameters: "Validate Delete Location Type Functionality", "Optional[Validate Delete Location Type Functionality]"</td>
<td><div><pre>java.lang.AssertionError: expected [Location Type Deleted Successfully] but found [Entered Location Type does NOT exists in Table]
	at org.testng.Assert.fail(Assert.java:99)
	at org.testng.Assert.failNotEquals(Assert.java:1037)
	at org.testng.Assert.assertEqualsImpl(Assert.java:140)
	at org.testng.Assert.assertEquals(Assert.java:122)
	at org.testng.Assert.assertEquals(Assert.java:629)
	at org.testng.Assert.assertEquals(Assert.java:639)
	at com.pages.LocationType.DeleteLocationTypePage.deleteLocType(DeleteLocationTypePage.java:80)
	at stepdefinitions.LocationType.DeleteLocationTypeSteps.delete_desired_location_type(DeleteLocationTypeSteps.java:15)
	at ✽.Delete desired Location Type &quot;Testing&quot; &quot;Location Type Deleted Successfully&quot;(file:///home/vassar-deepa/git/Stanley-Dashboard/src/test/resources/LocationType/DeleteLocationType.feature:5)
</pre></div><a href='#' onClick='toggleBox("stack-trace803416249", this, "Click to show all stack frames", "Click to hide stack frames")'>Click to show all stack frames</a>
<div class='stack-trace' id='stack-trace803416249'><pre>java.lang.AssertionError: expected [Location Type Deleted Successfully] but found [Entered Location Type does NOT exists in Table]
	at org.testng.Assert.fail(Assert.java:99)
	at org.testng.Assert.failNotEquals(Assert.java:1037)
	at org.testng.Assert.assertEqualsImpl(Assert.java:140)
	at org.testng.Assert.assertEquals(Assert.java:122)
	at org.testng.Assert.assertEquals(Assert.java:629)
	at org.testng.Assert.assertEquals(Assert.java:639)
	at com.pages.LocationType.DeleteLocationTypePage.deleteLocType(DeleteLocationTypePage.java:80)
	at stepdefinitions.LocationType.DeleteLocationTypeSteps.delete_desired_location_type(DeleteLocationTypeSteps.java:15)
	at ✽.Delete desired Location Type &quot;Testing&quot; &quot;Location Type Deleted Successfully&quot;(file:///home/vassar-deepa/git/Stanley-Dashboard/src/test/resources/LocationType/DeleteLocationType.feature:5)
</pre></div></td>
<td>13</td>
<td>testrunner.TestRunner@7674f035</td></tr>
<tr>
<td title='testrunner.TestRunner.runScenario()'><b>runScenario</b><br>Test class: testrunner.TestRunner<br>Test method: Runs Cucumber Scenarios<br>Parameters: "Validate Add Device Profile Functionality", "Optional[Validate Add Device Profile Functionality]"</td>
<td><div><pre>org.openqa.selenium.InvalidArgumentException: invalid argument: File not found : /home/vassar-deepa/Downloads/Image.bmp
  (Session info: chrome=108.0.5359.124)
Build info: version: &apos;4.3.0&apos;, revision: &apos;a4995e2c09*&apos;
System info: host: &apos;vassardeepa-ThinkPad-L15-Gen-3&apos;, ip: &apos;127.0.1.1&apos;, os.name: &apos;Linux&apos;, os.arch: &apos;amd64&apos;, os.version: &apos;5.15.0-56-generic&apos;, java.version: &apos;17.0.5&apos;
Driver info: org.openqa.selenium.chrome.ChromeDriver
Command: [04320af0cc6a69274b1cd896770666fe, sendKeysToElement {id=c3b294ed-5557-4215-8225-9bb1106bca8b, value=[Ljava.lang.CharSequence;@79827e71}]
Capabilities {acceptInsecureCerts: false, browserName: chrome, browserVersion: 108.0.5359.124, chrome: {chromedriverVersion: 108.0.5359.71 (1e0e3868ee06..., userDataDir: /tmp/.com.google.Chrome.Mgm4dw}, goog:chromeOptions: {debuggerAddress: localhost:45371}, networkConnectionEnabled: false, pageLoadStrategy: normal, platformName: LINUX, proxy: Proxy(), se:cdp: ws://localhost:45371/devtoo..., se:cdpVersion: 108.0.5359.124, setWindowRect: true, strictFileInteractability: false, timeouts: {implicit: 0, pageLoad: 300000, script: 30000}, unhandledPromptBehavior: dismiss and notify, webauthn:extension:credBlob: true, webauthn:extension:largeBlob: true, webauthn:virtualAuthenticators: true}
Element: [[ChromeDriver: chrome on LINUX (04320af0cc6a69274b1cd896770666fe)] -&gt; xpath: //input[@formcontrolname=&apos;boot_command_group_json&apos;]]
Session ID: 04320af0cc6a69274b1cd896770666fe
	at java.base/jdk.internal.reflect.NativeConstructorAccessorImpl.newInstance0(Native Method)
	at java.base/jdk.internal.reflect.NativeConstructorAccessorImpl.newInstance(NativeConstructorAccessorImpl.java:77)
	at java.base/jdk.internal.reflect.DelegatingConstructorAccessorImpl.newInstance(DelegatingConstructorAccessorImpl.java:45)
	at java.base/java.lang.reflect.Constructor.newInstanceWithCaller(Constructor.java:499)
	at java.base/java.lang.reflect.Constructor.newInstance(Constructor.java:480)
	at org.openqa.selenium.remote.codec.w3c.W3CHttpResponseCodec.createException(W3CHttpResponseCodec.java:200)
	at org.openqa.selenium.remote.codec.w3c.W3CHttpResponseCodec.decode(W3CHttpResponseCodec.java:133)
	at org.openqa.selenium.remote.codec.w3c.W3CHttpResponseCodec.decode(W3CHttpResponseCodec.java:53)
	at org.openqa.selenium.remote.HttpCommandExecutor.execute(HttpCommandExecutor.java:184)
	at org.openqa.selenium.remote.service.DriverCommandExecutor.invokeExecute(DriverCommandExecutor.java:167)
	at org.openqa.selenium.remote.service.DriverCommandExecutor.execute(DriverCommandExecutor.java:142)
	at org.openqa.selenium.remote.RemoteWebDriver.execute(RemoteWebDriver.java:569)
	at org.openqa.selenium.remote.RemoteWebElement.execute(RemoteWebElement.java:257)
	at org.openqa.selenium.remote.RemoteWebElement.sendKeys(RemoteWebElement.java:113)
	at com.pages.DeviceProfile.AddDeviceProfilePage.uploadBootCmdGrpJson(AddDeviceProfilePage.java:60)
	at stepdefinitions.DeviceProfile.AddDeviceProfileSteps.upload_boot_command_group_json(AddDeviceProfileSteps.java:68)
	at ✽.Upload Boot Command Group JSON &quot;/home/vassar-deepa/Downloads/Image.bmp&quot;(file:///home/vassar-deepa/git/Stanley-Dashboard/src/test/resources/DeviceProfile/AddDeviceProfile.feature:11)
</pre></div><a href='#' onClick='toggleBox("stack-trace352959830", this, "Click to show all stack frames", "Click to hide stack frames")'>Click to show all stack frames</a>
<div class='stack-trace' id='stack-trace352959830'><pre>org.openqa.selenium.InvalidArgumentException: invalid argument: File not found : /home/vassar-deepa/Downloads/Image.bmp
  (Session info: chrome=108.0.5359.124)
Build info: version: &apos;4.3.0&apos;, revision: &apos;a4995e2c09*&apos;
System info: host: &apos;vassardeepa-ThinkPad-L15-Gen-3&apos;, ip: &apos;127.0.1.1&apos;, os.name: &apos;Linux&apos;, os.arch: &apos;amd64&apos;, os.version: &apos;5.15.0-56-generic&apos;, java.version: &apos;17.0.5&apos;
Driver info: org.openqa.selenium.chrome.ChromeDriver
Command: [04320af0cc6a69274b1cd896770666fe, sendKeysToElement {id=c3b294ed-5557-4215-8225-9bb1106bca8b, value=[Ljava.lang.CharSequence;@79827e71}]
Capabilities {acceptInsecureCerts: false, browserName: chrome, browserVersion: 108.0.5359.124, chrome: {chromedriverVersion: 108.0.5359.71 (1e0e3868ee06..., userDataDir: /tmp/.com.google.Chrome.Mgm4dw}, goog:chromeOptions: {debuggerAddress: localhost:45371}, networkConnectionEnabled: false, pageLoadStrategy: normal, platformName: LINUX, proxy: Proxy(), se:cdp: ws://localhost:45371/devtoo..., se:cdpVersion: 108.0.5359.124, setWindowRect: true, strictFileInteractability: false, timeouts: {implicit: 0, pageLoad: 300000, script: 30000}, unhandledPromptBehavior: dismiss and notify, webauthn:extension:credBlob: true, webauthn:extension:largeBlob: true, webauthn:virtualAuthenticators: true}
Element: [[ChromeDriver: chrome on LINUX (04320af0cc6a69274b1cd896770666fe)] -&gt; xpath: //input[@formcontrolname=&apos;boot_command_group_json&apos;]]
Session ID: 04320af0cc6a69274b1cd896770666fe
	at java.base/jdk.internal.reflect.NativeConstructorAccessorImpl.newInstance0(Native Method)
	at java.base/jdk.internal.reflect.NativeConstructorAccessorImpl.newInstance(NativeConstructorAccessorImpl.java:77)
	at java.base/jdk.internal.reflect.DelegatingConstructorAccessorImpl.newInstance(DelegatingConstructorAccessorImpl.java:45)
	at java.base/java.lang.reflect.Constructor.newInstanceWithCaller(Constructor.java:499)
	at java.base/java.lang.reflect.Constructor.newInstance(Constructor.java:480)
	at org.openqa.selenium.remote.codec.w3c.W3CHttpResponseCodec.createException(W3CHttpResponseCodec.java:200)
	at org.openqa.selenium.remote.codec.w3c.W3CHttpResponseCodec.decode(W3CHttpResponseCodec.java:133)
	at org.openqa.selenium.remote.codec.w3c.W3CHttpResponseCodec.decode(W3CHttpResponseCodec.java:53)
	at org.openqa.selenium.remote.HttpCommandExecutor.execute(HttpCommandExecutor.java:184)
	at org.openqa.selenium.remote.service.DriverCommandExecutor.invokeExecute(DriverCommandExecutor.java:167)
	at org.openqa.selenium.remote.service.DriverCommandExecutor.execute(DriverCommandExecutor.java:142)
	at org.openqa.selenium.remote.RemoteWebDriver.execute(RemoteWebDriver.java:569)
	at org.openqa.selenium.remote.RemoteWebElement.execute(RemoteWebElement.java:257)
	at org.openqa.selenium.remote.RemoteWebElement.sendKeys(RemoteWebElement.java:113)
	at com.pages.DeviceProfile.AddDeviceProfilePage.uploadBootCmdGrpJson(AddDeviceProfilePage.java:60)
	at stepdefinitions.DeviceProfile.AddDeviceProfileSteps.upload_boot_command_group_json(AddDeviceProfileSteps.java:68)
	at ✽.Upload Boot Command Group JSON &quot;/home/vassar-deepa/Downloads/Image.bmp&quot;(file:///home/vassar-deepa/git/Stanley-Dashboard/src/test/resources/DeviceProfile/AddDeviceProfile.feature:11)
</pre></div></td>
<td>20</td>
<td>testrunner.TestRunner@7674f035</td></tr>
<tr>
<td title='testrunner.TestRunner.runScenario()'><b>runScenario</b><br>Test class: testrunner.TestRunner<br>Test method: Runs Cucumber Scenarios<br>Parameters: "Validate Add Device Profile Functionality", "Optional[Validate Add Device Profile Functionality]"</td>
<td><div><pre>java.lang.AssertionError: expected [Duplicate Value Entered] but found [Submit Button is Disabled. Need to fill Mandatory fields]
	at org.testng.Assert.fail(Assert.java:99)
	at org.testng.Assert.failNotEquals(Assert.java:1037)
	at org.testng.Assert.assertEqualsImpl(Assert.java:140)
	at org.testng.Assert.assertEquals(Assert.java:122)
	at org.testng.Assert.assertEquals(Assert.java:629)
	at org.testng.Assert.assertEquals(Assert.java:639)
	at com.pages.DeviceProfile.AddDeviceProfilePage.verifyToasterMessage(AddDeviceProfilePage.java:77)
	at stepdefinitions.DeviceProfile.AddDeviceProfileSteps.verify_toaster_message_for_add_device_profile(AddDeviceProfileSteps.java:79)
	at ✽.Verify Toaster Message for Add Device Profile &quot;Duplicate Value Entered&quot;(file:///home/vassar-deepa/git/Stanley-Dashboard/src/test/resources/DeviceProfile/AddDeviceProfile.feature:13)
</pre></div><a href='#' onClick='toggleBox("stack-trace1440282299", this, "Click to show all stack frames", "Click to hide stack frames")'>Click to show all stack frames</a>
<div class='stack-trace' id='stack-trace1440282299'><pre>java.lang.AssertionError: expected [Duplicate Value Entered] but found [Submit Button is Disabled. Need to fill Mandatory fields]
	at org.testng.Assert.fail(Assert.java:99)
	at org.testng.Assert.failNotEquals(Assert.java:1037)
	at org.testng.Assert.assertEqualsImpl(Assert.java:140)
	at org.testng.Assert.assertEquals(Assert.java:122)
	at org.testng.Assert.assertEquals(Assert.java:629)
	at org.testng.Assert.assertEquals(Assert.java:639)
	at com.pages.DeviceProfile.AddDeviceProfilePage.verifyToasterMessage(AddDeviceProfilePage.java:77)
	at stepdefinitions.DeviceProfile.AddDeviceProfileSteps.verify_toaster_message_for_add_device_profile(AddDeviceProfileSteps.java:79)
	at ✽.Verify Toaster Message for Add Device Profile &quot;Duplicate Value Entered&quot;(file:///home/vassar-deepa/git/Stanley-Dashboard/src/test/resources/DeviceProfile/AddDeviceProfile.feature:13)
</pre></div></td>
<td>19</td>
<td>testrunner.TestRunner@7674f035</td></tr>
<tr>
<td title='testrunner.TestRunner.runScenario()'><b>runScenario</b><br>Test class: testrunner.TestRunner<br>Test method: Runs Cucumber Scenarios<br>Parameters: "Validate Add Device Profile Functionality", "Optional[Validate Add Device Profile Functionality]"</td>
<td><div><pre>java.lang.AssertionError: expected [Device Profile Added Successfully] but found [Submit Button is Disabled. Need to fill Mandatory fields]
	at org.testng.Assert.fail(Assert.java:99)
	at org.testng.Assert.failNotEquals(Assert.java:1037)
	at org.testng.Assert.assertEqualsImpl(Assert.java:140)
	at org.testng.Assert.assertEquals(Assert.java:122)
	at org.testng.Assert.assertEquals(Assert.java:629)
	at org.testng.Assert.assertEquals(Assert.java:639)
	at com.pages.DeviceProfile.AddDeviceProfilePage.verifyToasterMessage(AddDeviceProfilePage.java:77)
	at stepdefinitions.DeviceProfile.AddDeviceProfileSteps.verify_toaster_message_for_add_device_profile(AddDeviceProfileSteps.java:79)
	at ✽.Verify Toaster Message for Add Device Profile &quot;Device Profile Added Successfully&quot;(file:///home/vassar-deepa/git/Stanley-Dashboard/src/test/resources/DeviceProfile/AddDeviceProfile.feature:13)
</pre></div><a href='#' onClick='toggleBox("stack-trace1683834425", this, "Click to show all stack frames", "Click to hide stack frames")'>Click to show all stack frames</a>
<div class='stack-trace' id='stack-trace1683834425'><pre>java.lang.AssertionError: expected [Device Profile Added Successfully] but found [Submit Button is Disabled. Need to fill Mandatory fields]
	at org.testng.Assert.fail(Assert.java:99)
	at org.testng.Assert.failNotEquals(Assert.java:1037)
	at org.testng.Assert.assertEqualsImpl(Assert.java:140)
	at org.testng.Assert.assertEquals(Assert.java:122)
	at org.testng.Assert.assertEquals(Assert.java:629)
	at org.testng.Assert.assertEquals(Assert.java:639)
	at com.pages.DeviceProfile.AddDeviceProfilePage.verifyToasterMessage(AddDeviceProfilePage.java:77)
	at stepdefinitions.DeviceProfile.AddDeviceProfileSteps.verify_toaster_message_for_add_device_profile(AddDeviceProfileSteps.java:79)
	at ✽.Verify Toaster Message for Add Device Profile &quot;Device Profile Added Successfully&quot;(file:///home/vassar-deepa/git/Stanley-Dashboard/src/test/resources/DeviceProfile/AddDeviceProfile.feature:13)
</pre></div></td>
<td>21</td>
<td>testrunner.TestRunner@7674f035</td></tr>
<tr>
<td title='testrunner.TestRunner.runScenario()'><b>runScenario</b><br>Test class: testrunner.TestRunner<br>Test method: Runs Cucumber Scenarios<br>Parameters: "Validate Add Device Profile Functionality", "Optional[Validate Add Device Profile Functionality]"</td>
<td><div><pre>java.lang.AssertionError: expected [Duplicate Value Entered] but found [Submit Button is Disabled. Need to fill Mandatory fields]
	at org.testng.Assert.fail(Assert.java:99)
	at org.testng.Assert.failNotEquals(Assert.java:1037)
	at org.testng.Assert.assertEqualsImpl(Assert.java:140)
	at org.testng.Assert.assertEquals(Assert.java:122)
	at org.testng.Assert.assertEquals(Assert.java:629)
	at org.testng.Assert.assertEquals(Assert.java:639)
	at com.pages.DeviceProfile.AddDeviceProfilePage.verifyToasterMessage(AddDeviceProfilePage.java:77)
	at stepdefinitions.DeviceProfile.AddDeviceProfileSteps.verify_toaster_message_for_add_device_profile(AddDeviceProfileSteps.java:79)
	at ✽.Verify Toaster Message for Add Device Profile &quot;Duplicate Value Entered&quot;(file:///home/vassar-deepa/git/Stanley-Dashboard/src/test/resources/DeviceProfile/AddDeviceProfile.feature:13)
</pre></div><a href='#' onClick='toggleBox("stack-trace262958410", this, "Click to show all stack frames", "Click to hide stack frames")'>Click to show all stack frames</a>
<div class='stack-trace' id='stack-trace262958410'><pre>java.lang.AssertionError: expected [Duplicate Value Entered] but found [Submit Button is Disabled. Need to fill Mandatory fields]
	at org.testng.Assert.fail(Assert.java:99)
	at org.testng.Assert.failNotEquals(Assert.java:1037)
	at org.testng.Assert.assertEqualsImpl(Assert.java:140)
	at org.testng.Assert.assertEquals(Assert.java:122)
	at org.testng.Assert.assertEquals(Assert.java:629)
	at org.testng.Assert.assertEquals(Assert.java:639)
	at com.pages.DeviceProfile.AddDeviceProfilePage.verifyToasterMessage(AddDeviceProfilePage.java:77)
	at stepdefinitions.DeviceProfile.AddDeviceProfileSteps.verify_toaster_message_for_add_device_profile(AddDeviceProfileSteps.java:79)
	at ✽.Verify Toaster Message for Add Device Profile &quot;Duplicate Value Entered&quot;(file:///home/vassar-deepa/git/Stanley-Dashboard/src/test/resources/DeviceProfile/AddDeviceProfile.feature:13)
</pre></div></td>
<td>20</td>
<td>testrunner.TestRunner@7674f035</td></tr>
<tr>
<td title='testrunner.TestRunner.runScenario()'><b>runScenario</b><br>Test class: testrunner.TestRunner<br>Test method: Runs Cucumber Scenarios<br>Parameters: "edit device type", "Optional[validate device type]"</td>
<td><div><pre>org.openqa.selenium.NoSuchElementException: no such element: Unable to locate element: {&quot;method&quot;:&quot;xpath&quot;,&quot;selector&quot;:&quot;//td//span[text()=&apos;tesing12&apos;]&quot;}
  (Session info: chrome=108.0.5359.124)
For documentation on this error, please visit: https://selenium.dev/exceptions/#no_such_element
Build info: version: &apos;4.3.0&apos;, revision: &apos;a4995e2c09*&apos;
System info: host: &apos;vassardeepa-ThinkPad-L15-Gen-3&apos;, ip: &apos;127.0.1.1&apos;, os.name: &apos;Linux&apos;, os.arch: &apos;amd64&apos;, os.version: &apos;5.15.0-56-generic&apos;, java.version: &apos;17.0.5&apos;
Driver info: org.openqa.selenium.chrome.ChromeDriver
Command: [aa7f8af73eab490a46efc3f94d4c7eb7, findElement {using=xpath, value=//td//span[text()=&apos;tesing12&apos;]}]
Capabilities {acceptInsecureCerts: false, browserName: chrome, browserVersion: 108.0.5359.124, chrome: {chromedriverVersion: 108.0.5359.71 (1e0e3868ee06..., userDataDir: /tmp/.com.google.Chrome.c88Cvm}, goog:chromeOptions: {debuggerAddress: localhost:42597}, networkConnectionEnabled: false, pageLoadStrategy: normal, platformName: LINUX, proxy: Proxy(), se:cdp: ws://localhost:42597/devtoo..., se:cdpVersion: 108.0.5359.124, setWindowRect: true, strictFileInteractability: false, timeouts: {implicit: 0, pageLoad: 300000, script: 30000}, unhandledPromptBehavior: dismiss and notify, webauthn:extension:credBlob: true, webauthn:extension:largeBlob: true, webauthn:virtualAuthenticators: true}
Session ID: aa7f8af73eab490a46efc3f94d4c7eb7
	at java.base/jdk.internal.reflect.NativeConstructorAccessorImpl.newInstance0(Native Method)
	at java.base/jdk.internal.reflect.NativeConstructorAccessorImpl.newInstance(NativeConstructorAccessorImpl.java:77)
	at java.base/jdk.internal.reflect.DelegatingConstructorAccessorImpl.newInstance(DelegatingConstructorAccessorImpl.java:45)
	at java.base/java.lang.reflect.Constructor.newInstanceWithCaller(Constructor.java:499)
	at java.base/java.lang.reflect.Constructor.newInstance(Constructor.java:480)
	at org.openqa.selenium.remote.codec.w3c.W3CHttpResponseCodec.createException(W3CHttpResponseCodec.java:200)
	at org.openqa.selenium.remote.codec.w3c.W3CHttpResponseCodec.decode(W3CHttpResponseCodec.java:133)
	at org.openqa.selenium.remote.codec.w3c.W3CHttpResponseCodec.decode(W3CHttpResponseCodec.java:53)
	at org.openqa.selenium.remote.HttpCommandExecutor.execute(HttpCommandExecutor.java:184)
	at org.openqa.selenium.remote.service.DriverCommandExecutor.invokeExecute(DriverCommandExecutor.java:167)
	at org.openqa.selenium.remote.service.DriverCommandExecutor.execute(DriverCommandExecutor.java:142)
	at org.openqa.selenium.remote.RemoteWebDriver.execute(RemoteWebDriver.java:569)
	at org.openqa.selenium.remote.ElementLocation$ElementFinder$2.findElement(ElementLocation.java:162)
	at org.openqa.selenium.remote.ElementLocation.findElement(ElementLocation.java:60)
	at org.openqa.selenium.remote.RemoteWebDriver.findElement(RemoteWebDriver.java:387)
	at org.openqa.selenium.remote.RemoteWebDriver.findElement(RemoteWebDriver.java:379)
	at com.pages.DeviceType.EditDeviceTypePage.verify_table(EditDeviceTypePage.java:62)
	at stepdefinitions.DeviceType.EditDeviceTypeSteps.verify_devive_type(EditDeviceTypeSteps.java:33)
	at ✽.verify devive type &quot;&quot; &quot;tesing12&quot;(file:///home/vassar-deepa/git/Stanley-Dashboard/src/test/resources/DeviceType/EditDeviceType.feature:6)
</pre></div><a href='#' onClick='toggleBox("stack-trace2055416164", this, "Click to show all stack frames", "Click to hide stack frames")'>Click to show all stack frames</a>
<div class='stack-trace' id='stack-trace2055416164'><pre>org.openqa.selenium.NoSuchElementException: no such element: Unable to locate element: {&quot;method&quot;:&quot;xpath&quot;,&quot;selector&quot;:&quot;//td//span[text()=&apos;tesing12&apos;]&quot;}
  (Session info: chrome=108.0.5359.124)
For documentation on this error, please visit: https://selenium.dev/exceptions/#no_such_element
Build info: version: &apos;4.3.0&apos;, revision: &apos;a4995e2c09*&apos;
System info: host: &apos;vassardeepa-ThinkPad-L15-Gen-3&apos;, ip: &apos;127.0.1.1&apos;, os.name: &apos;Linux&apos;, os.arch: &apos;amd64&apos;, os.version: &apos;5.15.0-56-generic&apos;, java.version: &apos;17.0.5&apos;
Driver info: org.openqa.selenium.chrome.ChromeDriver
Command: [aa7f8af73eab490a46efc3f94d4c7eb7, findElement {using=xpath, value=//td//span[text()=&apos;tesing12&apos;]}]
Capabilities {acceptInsecureCerts: false, browserName: chrome, browserVersion: 108.0.5359.124, chrome: {chromedriverVersion: 108.0.5359.71 (1e0e3868ee06..., userDataDir: /tmp/.com.google.Chrome.c88Cvm}, goog:chromeOptions: {debuggerAddress: localhost:42597}, networkConnectionEnabled: false, pageLoadStrategy: normal, platformName: LINUX, proxy: Proxy(), se:cdp: ws://localhost:42597/devtoo..., se:cdpVersion: 108.0.5359.124, setWindowRect: true, strictFileInteractability: false, timeouts: {implicit: 0, pageLoad: 300000, script: 30000}, unhandledPromptBehavior: dismiss and notify, webauthn:extension:credBlob: true, webauthn:extension:largeBlob: true, webauthn:virtualAuthenticators: true}
Session ID: aa7f8af73eab490a46efc3f94d4c7eb7
	at java.base/jdk.internal.reflect.NativeConstructorAccessorImpl.newInstance0(Native Method)
	at java.base/jdk.internal.reflect.NativeConstructorAccessorImpl.newInstance(NativeConstructorAccessorImpl.java:77)
	at java.base/jdk.internal.reflect.DelegatingConstructorAccessorImpl.newInstance(DelegatingConstructorAccessorImpl.java:45)
	at java.base/java.lang.reflect.Constructor.newInstanceWithCaller(Constructor.java:499)
	at java.base/java.lang.reflect.Constructor.newInstance(Constructor.java:480)
	at org.openqa.selenium.remote.codec.w3c.W3CHttpResponseCodec.createException(W3CHttpResponseCodec.java:200)
	at org.openqa.selenium.remote.codec.w3c.W3CHttpResponseCodec.decode(W3CHttpResponseCodec.java:133)
	at org.openqa.selenium.remote.codec.w3c.W3CHttpResponseCodec.decode(W3CHttpResponseCodec.java:53)
	at org.openqa.selenium.remote.HttpCommandExecutor.execute(HttpCommandExecutor.java:184)
	at org.openqa.selenium.remote.service.DriverCommandExecutor.invokeExecute(DriverCommandExecutor.java:167)
	at org.openqa.selenium.remote.service.DriverCommandExecutor.execute(DriverCommandExecutor.java:142)
	at org.openqa.selenium.remote.RemoteWebDriver.execute(RemoteWebDriver.java:569)
	at org.openqa.selenium.remote.ElementLocation$ElementFinder$2.findElement(ElementLocation.java:162)
	at org.openqa.selenium.remote.ElementLocation.findElement(ElementLocation.java:60)
	at org.openqa.selenium.remote.RemoteWebDriver.findElement(RemoteWebDriver.java:387)
	at org.openqa.selenium.remote.RemoteWebDriver.findElement(RemoteWebDriver.java:379)
	at com.pages.DeviceType.EditDeviceTypePage.verify_table(EditDeviceTypePage.java:62)
	at stepdefinitions.DeviceType.EditDeviceTypeSteps.verify_devive_type(EditDeviceTypeSteps.java:33)
	at ✽.verify devive type &quot;&quot; &quot;tesing12&quot;(file:///home/vassar-deepa/git/Stanley-Dashboard/src/test/resources/DeviceType/EditDeviceType.feature:6)
</pre></div></td>
<td>27</td>
<td>testrunner.TestRunner@7674f035</td></tr>
<tr>
<td title='testrunner.TestRunner.runScenario()'><b>runScenario</b><br>Test class: testrunner.TestRunner<br>Test method: Runs Cucumber Scenarios<br>Parameters: "Validate Add Device Profile Functionality", "Optional[Validate Add Device Profile Functionality]"</td>
<td><div><pre>java.lang.AssertionError: expected [Duplicate Value Entered] but found [Submit Button is Disabled. Need to fill Mandatory fields]
	at org.testng.Assert.fail(Assert.java:99)
	at org.testng.Assert.failNotEquals(Assert.java:1037)
	at org.testng.Assert.assertEqualsImpl(Assert.java:140)
	at org.testng.Assert.assertEquals(Assert.java:122)
	at org.testng.Assert.assertEquals(Assert.java:629)
	at org.testng.Assert.assertEquals(Assert.java:639)
	at com.pages.DeviceProfile.AddDeviceProfilePage.verifyToasterMessage(AddDeviceProfilePage.java:77)
	at stepdefinitions.DeviceProfile.AddDeviceProfileSteps.verify_toaster_message_for_add_device_profile(AddDeviceProfileSteps.java:79)
	at ✽.Verify Toaster Message for Add Device Profile &quot;Duplicate Value Entered&quot;(file:///home/vassar-deepa/git/Stanley-Dashboard/src/test/resources/DeviceProfile/AddDeviceProfile.feature:13)
</pre></div><a href='#' onClick='toggleBox("stack-trace1632477220", this, "Click to show all stack frames", "Click to hide stack frames")'>Click to show all stack frames</a>
<div class='stack-trace' id='stack-trace1632477220'><pre>java.lang.AssertionError: expected [Duplicate Value Entered] but found [Submit Button is Disabled. Need to fill Mandatory fields]
	at org.testng.Assert.fail(Assert.java:99)
	at org.testng.Assert.failNotEquals(Assert.java:1037)
	at org.testng.Assert.assertEqualsImpl(Assert.java:140)
	at org.testng.Assert.assertEquals(Assert.java:122)
	at org.testng.Assert.assertEquals(Assert.java:629)
	at org.testng.Assert.assertEquals(Assert.java:639)
	at com.pages.DeviceProfile.AddDeviceProfilePage.verifyToasterMessage(AddDeviceProfilePage.java:77)
	at stepdefinitions.DeviceProfile.AddDeviceProfileSteps.verify_toaster_message_for_add_device_profile(AddDeviceProfileSteps.java:79)
	at ✽.Verify Toaster Message for Add Device Profile &quot;Duplicate Value Entered&quot;(file:///home/vassar-deepa/git/Stanley-Dashboard/src/test/resources/DeviceProfile/AddDeviceProfile.feature:13)
</pre></div></td>
<td>19</td>
<td>testrunner.TestRunner@7674f035</td></tr>
<tr>
<td title='testrunner.TestRunner.runScenario()'><b>runScenario</b><br>Test class: testrunner.TestRunner<br>Test method: Runs Cucumber Scenarios<br>Parameters: "Validate Add Device Profile Functionality", "Optional[Validate Add Device Profile Functionality]"</td>
<td><div><pre>org.openqa.selenium.InvalidArgumentException: invalid argument: File not found : /home/vassar-deepa/Downloads/Image.bmp
  (Session info: chrome=108.0.5359.124)
Build info: version: &apos;4.3.0&apos;, revision: &apos;a4995e2c09*&apos;
System info: host: &apos;vassardeepa-ThinkPad-L15-Gen-3&apos;, ip: &apos;127.0.1.1&apos;, os.name: &apos;Linux&apos;, os.arch: &apos;amd64&apos;, os.version: &apos;5.15.0-56-generic&apos;, java.version: &apos;17.0.5&apos;
Driver info: org.openqa.selenium.chrome.ChromeDriver
Command: [8c5b37d08e14b5f45b68b5cd48aa9661, sendKeysToElement {id=78e1a934-808e-4b91-a4d3-f5491e4a24e3, value=[Ljava.lang.CharSequence;@cda988}]
Capabilities {acceptInsecureCerts: false, browserName: chrome, browserVersion: 108.0.5359.124, chrome: {chromedriverVersion: 108.0.5359.71 (1e0e3868ee06..., userDataDir: /tmp/.com.google.Chrome.AYFQNi}, goog:chromeOptions: {debuggerAddress: localhost:41985}, networkConnectionEnabled: false, pageLoadStrategy: normal, platformName: LINUX, proxy: Proxy(), se:cdp: ws://localhost:41985/devtoo..., se:cdpVersion: 108.0.5359.124, setWindowRect: true, strictFileInteractability: false, timeouts: {implicit: 0, pageLoad: 300000, script: 30000}, unhandledPromptBehavior: dismiss and notify, webauthn:extension:credBlob: true, webauthn:extension:largeBlob: true, webauthn:virtualAuthenticators: true}
Element: [[ChromeDriver: chrome on LINUX (8c5b37d08e14b5f45b68b5cd48aa9661)] -&gt; xpath: //input[@formcontrolname=&apos;data_command_group_json&apos;]]
Session ID: 8c5b37d08e14b5f45b68b5cd48aa9661
	at java.base/jdk.internal.reflect.NativeConstructorAccessorImpl.newInstance0(Native Method)
	at java.base/jdk.internal.reflect.NativeConstructorAccessorImpl.newInstance(NativeConstructorAccessorImpl.java:77)
	at java.base/jdk.internal.reflect.DelegatingConstructorAccessorImpl.newInstance(DelegatingConstructorAccessorImpl.java:45)
	at java.base/java.lang.reflect.Constructor.newInstanceWithCaller(Constructor.java:499)
	at java.base/java.lang.reflect.Constructor.newInstance(Constructor.java:480)
	at org.openqa.selenium.remote.codec.w3c.W3CHttpResponseCodec.createException(W3CHttpResponseCodec.java:200)
	at org.openqa.selenium.remote.codec.w3c.W3CHttpResponseCodec.decode(W3CHttpResponseCodec.java:133)
	at org.openqa.selenium.remote.codec.w3c.W3CHttpResponseCodec.decode(W3CHttpResponseCodec.java:53)
	at org.openqa.selenium.remote.HttpCommandExecutor.execute(HttpCommandExecutor.java:184)
	at org.openqa.selenium.remote.service.DriverCommandExecutor.invokeExecute(DriverCommandExecutor.java:167)
	at org.openqa.selenium.remote.service.DriverCommandExecutor.execute(DriverCommandExecutor.java:142)
	at org.openqa.selenium.remote.RemoteWebDriver.execute(RemoteWebDriver.java:569)
	at org.openqa.selenium.remote.RemoteWebElement.execute(RemoteWebElement.java:257)
	at org.openqa.selenium.remote.RemoteWebElement.sendKeys(RemoteWebElement.java:113)
	at com.pages.DeviceProfile.AddDeviceProfilePage.uploadDataCmdGrpJson(AddDeviceProfilePage.java:56)
	at stepdefinitions.DeviceProfile.AddDeviceProfileSteps.upload_data_command_group_json(AddDeviceProfileSteps.java:62)
	at ✽.Upload Data Command Group JSON &quot;/home/vassar-deepa/Downloads/Image.bmp&quot;(file:///home/vassar-deepa/git/Stanley-Dashboard/src/test/resources/DeviceProfile/AddDeviceProfile.feature:10)
</pre></div><a href='#' onClick='toggleBox("stack-trace800213720", this, "Click to show all stack frames", "Click to hide stack frames")'>Click to show all stack frames</a>
<div class='stack-trace' id='stack-trace800213720'><pre>org.openqa.selenium.InvalidArgumentException: invalid argument: File not found : /home/vassar-deepa/Downloads/Image.bmp
  (Session info: chrome=108.0.5359.124)
Build info: version: &apos;4.3.0&apos;, revision: &apos;a4995e2c09*&apos;
System info: host: &apos;vassardeepa-ThinkPad-L15-Gen-3&apos;, ip: &apos;127.0.1.1&apos;, os.name: &apos;Linux&apos;, os.arch: &apos;amd64&apos;, os.version: &apos;5.15.0-56-generic&apos;, java.version: &apos;17.0.5&apos;
Driver info: org.openqa.selenium.chrome.ChromeDriver
Command: [8c5b37d08e14b5f45b68b5cd48aa9661, sendKeysToElement {id=78e1a934-808e-4b91-a4d3-f5491e4a24e3, value=[Ljava.lang.CharSequence;@cda988}]
Capabilities {acceptInsecureCerts: false, browserName: chrome, browserVersion: 108.0.5359.124, chrome: {chromedriverVersion: 108.0.5359.71 (1e0e3868ee06..., userDataDir: /tmp/.com.google.Chrome.AYFQNi}, goog:chromeOptions: {debuggerAddress: localhost:41985}, networkConnectionEnabled: false, pageLoadStrategy: normal, platformName: LINUX, proxy: Proxy(), se:cdp: ws://localhost:41985/devtoo..., se:cdpVersion: 108.0.5359.124, setWindowRect: true, strictFileInteractability: false, timeouts: {implicit: 0, pageLoad: 300000, script: 30000}, unhandledPromptBehavior: dismiss and notify, webauthn:extension:credBlob: true, webauthn:extension:largeBlob: true, webauthn:virtualAuthenticators: true}
Element: [[ChromeDriver: chrome on LINUX (8c5b37d08e14b5f45b68b5cd48aa9661)] -&gt; xpath: //input[@formcontrolname=&apos;data_command_group_json&apos;]]
Session ID: 8c5b37d08e14b5f45b68b5cd48aa9661
	at java.base/jdk.internal.reflect.NativeConstructorAccessorImpl.newInstance0(Native Method)
	at java.base/jdk.internal.reflect.NativeConstructorAccessorImpl.newInstance(NativeConstructorAccessorImpl.java:77)
	at java.base/jdk.internal.reflect.DelegatingConstructorAccessorImpl.newInstance(DelegatingConstructorAccessorImpl.java:45)
	at java.base/java.lang.reflect.Constructor.newInstanceWithCaller(Constructor.java:499)
	at java.base/java.lang.reflect.Constructor.newInstance(Constructor.java:480)
	at org.openqa.selenium.remote.codec.w3c.W3CHttpResponseCodec.createException(W3CHttpResponseCodec.java:200)
	at org.openqa.selenium.remote.codec.w3c.W3CHttpResponseCodec.decode(W3CHttpResponseCodec.java:133)
	at org.openqa.selenium.remote.codec.w3c.W3CHttpResponseCodec.decode(W3CHttpResponseCodec.java:53)
	at org.openqa.selenium.remote.HttpCommandExecutor.execute(HttpCommandExecutor.java:184)
	at org.openqa.selenium.remote.service.DriverCommandExecutor.invokeExecute(DriverCommandExecutor.java:167)
	at org.openqa.selenium.remote.service.DriverCommandExecutor.execute(DriverCommandExecutor.java:142)
	at org.openqa.selenium.remote.RemoteWebDriver.execute(RemoteWebDriver.java:569)
	at org.openqa.selenium.remote.RemoteWebElement.execute(RemoteWebElement.java:257)
	at org.openqa.selenium.remote.RemoteWebElement.sendKeys(RemoteWebElement.java:113)
	at com.pages.DeviceProfile.AddDeviceProfilePage.uploadDataCmdGrpJson(AddDeviceProfilePage.java:56)
	at stepdefinitions.DeviceProfile.AddDeviceProfileSteps.upload_data_command_group_json(AddDeviceProfileSteps.java:62)
	at ✽.Upload Data Command Group JSON &quot;/home/vassar-deepa/Downloads/Image.bmp&quot;(file:///home/vassar-deepa/git/Stanley-Dashboard/src/test/resources/DeviceProfile/AddDeviceProfile.feature:10)
</pre></div></td>
<td>17</td>
<td>testrunner.TestRunner@7674f035</td></tr>
<tr>
<td title='testrunner.TestRunner.runScenario()'><b>runScenario</b><br>Test class: testrunner.TestRunner<br>Test method: Runs Cucumber Scenarios<br>Parameters: "Scenario to Add DeviceType", "Optional[To Add DeviceType]"</td>
<td><div><pre>org.openqa.selenium.ElementClickInterceptedException: element click intercepted: Element &lt;button _ngcontent-flr-c163=&quot;&quot; type=&quot;button&quot; class=&quot;btn btn-primary rounded-pill&quot;&gt;...&lt;/button&gt; is not clickable at point (1704, 146). Other element would receive the click: &lt;div _ngcontent-flr-c73=&quot;&quot; class=&quot;ngx-overlay ngx-position-absolute foreground-closing&quot; style=&quot;background-color: rgba(40, 40, 40, 0.8); border-radius: 0px;&quot;&gt;...&lt;/div&gt;
  (Session info: chrome=108.0.5359.124)
Build info: version: &apos;4.3.0&apos;, revision: &apos;a4995e2c09*&apos;
System info: host: &apos;vassardeepa-ThinkPad-L15-Gen-3&apos;, ip: &apos;127.0.1.1&apos;, os.name: &apos;Linux&apos;, os.arch: &apos;amd64&apos;, os.version: &apos;5.15.0-56-generic&apos;, java.version: &apos;17.0.5&apos;
Driver info: org.openqa.selenium.chrome.ChromeDriver
Command: [efce4ca1480f76e46d1621baf62e05dc, clickElement {id=92f08430-d06f-4f8f-8a43-f09589f15414}]
Capabilities {acceptInsecureCerts: false, browserName: chrome, browserVersion: 108.0.5359.124, chrome: {chromedriverVersion: 108.0.5359.71 (1e0e3868ee06..., userDataDir: /tmp/.com.google.Chrome.occCuf}, goog:chromeOptions: {debuggerAddress: localhost:43053}, networkConnectionEnabled: false, pageLoadStrategy: normal, platformName: LINUX, proxy: Proxy(), se:cdp: ws://localhost:43053/devtoo..., se:cdpVersion: 108.0.5359.124, setWindowRect: true, strictFileInteractability: false, timeouts: {implicit: 0, pageLoad: 300000, script: 30000}, unhandledPromptBehavior: dismiss and notify, webauthn:extension:credBlob: true, webauthn:extension:largeBlob: true, webauthn:virtualAuthenticators: true}
Element: [[ChromeDriver: chrome on LINUX (efce4ca1480f76e46d1621baf62e05dc)] -&gt; xpath: //button[text()=&apos;Add Device Type &apos;]]
Session ID: efce4ca1480f76e46d1621baf62e05dc
	at jdk.internal.reflect.GeneratedConstructorAccessor37.newInstance(Unknown Source)
	at java.base/jdk.internal.reflect.DelegatingConstructorAccessorImpl.newInstance(DelegatingConstructorAccessorImpl.java:45)
	at java.base/java.lang.reflect.Constructor.newInstanceWithCaller(Constructor.java:499)
	at java.base/java.lang.reflect.Constructor.newInstance(Constructor.java:480)
	at org.openqa.selenium.remote.codec.w3c.W3CHttpResponseCodec.createException(W3CHttpResponseCodec.java:200)
	at org.openqa.selenium.remote.codec.w3c.W3CHttpResponseCodec.decode(W3CHttpResponseCodec.java:133)
	at org.openqa.selenium.remote.codec.w3c.W3CHttpResponseCodec.decode(W3CHttpResponseCodec.java:53)
	at org.openqa.selenium.remote.HttpCommandExecutor.execute(HttpCommandExecutor.java:184)
	at org.openqa.selenium.remote.service.DriverCommandExecutor.invokeExecute(DriverCommandExecutor.java:167)
	at org.openqa.selenium.remote.service.DriverCommandExecutor.execute(DriverCommandExecutor.java:142)
	at org.openqa.selenium.remote.RemoteWebDriver.execute(RemoteWebDriver.java:569)
	at org.openqa.selenium.remote.RemoteWebElement.execute(RemoteWebElement.java:257)
	at org.openqa.selenium.remote.RemoteWebElement.click(RemoteWebElement.java:78)
	at com.pages.DeviceType.AddDeviceTypePage.clickOnAddDeviceType(AddDeviceTypePage.java:33)
	at stepdefinitions.DeviceType.AddDeviceTypeSteps.Go_To_Add_DeviceType_Page(AddDeviceTypeSteps.java:24)
	at ✽.Go To Add DeviceType Page(file:///home/vassar-deepa/git/Stanley-Dashboard/src/test/resources/DeviceType/AddDeviceType.feature:4)
</pre></div><a href='#' onClick='toggleBox("stack-trace394010769", this, "Click to show all stack frames", "Click to hide stack frames")'>Click to show all stack frames</a>
<div class='stack-trace' id='stack-trace394010769'><pre>org.openqa.selenium.ElementClickInterceptedException: element click intercepted: Element &lt;button _ngcontent-flr-c163=&quot;&quot; type=&quot;button&quot; class=&quot;btn btn-primary rounded-pill&quot;&gt;...&lt;/button&gt; is not clickable at point (1704, 146). Other element would receive the click: &lt;div _ngcontent-flr-c73=&quot;&quot; class=&quot;ngx-overlay ngx-position-absolute foreground-closing&quot; style=&quot;background-color: rgba(40, 40, 40, 0.8); border-radius: 0px;&quot;&gt;...&lt;/div&gt;
  (Session info: chrome=108.0.5359.124)
Build info: version: &apos;4.3.0&apos;, revision: &apos;a4995e2c09*&apos;
System info: host: &apos;vassardeepa-ThinkPad-L15-Gen-3&apos;, ip: &apos;127.0.1.1&apos;, os.name: &apos;Linux&apos;, os.arch: &apos;amd64&apos;, os.version: &apos;5.15.0-56-generic&apos;, java.version: &apos;17.0.5&apos;
Driver info: org.openqa.selenium.chrome.ChromeDriver
Command: [efce4ca1480f76e46d1621baf62e05dc, clickElement {id=92f08430-d06f-4f8f-8a43-f09589f15414}]
Capabilities {acceptInsecureCerts: false, browserName: chrome, browserVersion: 108.0.5359.124, chrome: {chromedriverVersion: 108.0.5359.71 (1e0e3868ee06..., userDataDir: /tmp/.com.google.Chrome.occCuf}, goog:chromeOptions: {debuggerAddress: localhost:43053}, networkConnectionEnabled: false, pageLoadStrategy: normal, platformName: LINUX, proxy: Proxy(), se:cdp: ws://localhost:43053/devtoo..., se:cdpVersion: 108.0.5359.124, setWindowRect: true, strictFileInteractability: false, timeouts: {implicit: 0, pageLoad: 300000, script: 30000}, unhandledPromptBehavior: dismiss and notify, webauthn:extension:credBlob: true, webauthn:extension:largeBlob: true, webauthn:virtualAuthenticators: true}
Element: [[ChromeDriver: chrome on LINUX (efce4ca1480f76e46d1621baf62e05dc)] -&gt; xpath: //button[text()=&apos;Add Device Type &apos;]]
Session ID: efce4ca1480f76e46d1621baf62e05dc
	at jdk.internal.reflect.GeneratedConstructorAccessor37.newInstance(Unknown Source)
	at java.base/jdk.internal.reflect.DelegatingConstructorAccessorImpl.newInstance(DelegatingConstructorAccessorImpl.java:45)
	at java.base/java.lang.reflect.Constructor.newInstanceWithCaller(Constructor.java:499)
	at java.base/java.lang.reflect.Constructor.newInstance(Constructor.java:480)
	at org.openqa.selenium.remote.codec.w3c.W3CHttpResponseCodec.createException(W3CHttpResponseCodec.java:200)
	at org.openqa.selenium.remote.codec.w3c.W3CHttpResponseCodec.decode(W3CHttpResponseCodec.java:133)
	at org.openqa.selenium.remote.codec.w3c.W3CHttpResponseCodec.decode(W3CHttpResponseCodec.java:53)
	at org.openqa.selenium.remote.HttpCommandExecutor.execute(HttpCommandExecutor.java:184)
	at org.openqa.selenium.remote.service.DriverCommandExecutor.invokeExecute(DriverCommandExecutor.java:167)
	at org.openqa.selenium.remote.service.DriverCommandExecutor.execute(DriverCommandExecutor.java:142)
	at org.openqa.selenium.remote.RemoteWebDriver.execute(RemoteWebDriver.java:569)
	at org.openqa.selenium.remote.RemoteWebElement.execute(RemoteWebElement.java:257)
	at org.openqa.selenium.remote.RemoteWebElement.click(RemoteWebElement.java:78)
	at com.pages.DeviceType.AddDeviceTypePage.clickOnAddDeviceType(AddDeviceTypePage.java:33)
	at stepdefinitions.DeviceType.AddDeviceTypeSteps.Go_To_Add_DeviceType_Page(AddDeviceTypeSteps.java:24)
	at ✽.Go To Add DeviceType Page(file:///home/vassar-deepa/git/Stanley-Dashboard/src/test/resources/DeviceType/AddDeviceType.feature:4)
</pre></div></td>
<td>12</td>
<td>testrunner.TestRunner@7674f035</td></tr>
<tr>
<td title='testrunner.TestRunner.runScenario()'><b>runScenario</b><br>Test class: testrunner.TestRunner<br>Test method: Runs Cucumber Scenarios<br>Parameters: "Scenario to Add DeviceType", "Optional[To Add DeviceType]"</td>
<td><div><pre>org.openqa.selenium.ElementClickInterceptedException: element click intercepted: Element &lt;button _ngcontent-sgt-c163=&quot;&quot; type=&quot;button&quot; class=&quot;btn btn-primary rounded-pill&quot;&gt;...&lt;/button&gt; is not clickable at point (1704, 146). Other element would receive the click: &lt;div _ngcontent-sgt-c73=&quot;&quot; class=&quot;ngx-overlay ngx-position-absolute foreground-closing&quot; style=&quot;background-color: rgba(40, 40, 40, 0.8); border-radius: 0px;&quot;&gt;...&lt;/div&gt;
  (Session info: chrome=108.0.5359.124)
Build info: version: &apos;4.3.0&apos;, revision: &apos;a4995e2c09*&apos;
System info: host: &apos;vassardeepa-ThinkPad-L15-Gen-3&apos;, ip: &apos;127.0.1.1&apos;, os.name: &apos;Linux&apos;, os.arch: &apos;amd64&apos;, os.version: &apos;5.15.0-56-generic&apos;, java.version: &apos;17.0.5&apos;
Driver info: org.openqa.selenium.chrome.ChromeDriver
Command: [2bd7c36b5624dd558a68132a071ba1fb, clickElement {id=5be98c28-e69b-4b67-82e3-f1194f74a63d}]
Capabilities {acceptInsecureCerts: false, browserName: chrome, browserVersion: 108.0.5359.124, chrome: {chromedriverVersion: 108.0.5359.71 (1e0e3868ee06..., userDataDir: /tmp/.com.google.Chrome.6xFQ09}, goog:chromeOptions: {debuggerAddress: localhost:36923}, networkConnectionEnabled: false, pageLoadStrategy: normal, platformName: LINUX, proxy: Proxy(), se:cdp: ws://localhost:36923/devtoo..., se:cdpVersion: 108.0.5359.124, setWindowRect: true, strictFileInteractability: false, timeouts: {implicit: 0, pageLoad: 300000, script: 30000}, unhandledPromptBehavior: dismiss and notify, webauthn:extension:credBlob: true, webauthn:extension:largeBlob: true, webauthn:virtualAuthenticators: true}
Element: [[ChromeDriver: chrome on LINUX (2bd7c36b5624dd558a68132a071ba1fb)] -&gt; xpath: //button[text()=&apos;Add Device Type &apos;]]
Session ID: 2bd7c36b5624dd558a68132a071ba1fb
	at jdk.internal.reflect.GeneratedConstructorAccessor37.newInstance(Unknown Source)
	at java.base/jdk.internal.reflect.DelegatingConstructorAccessorImpl.newInstance(DelegatingConstructorAccessorImpl.java:45)
	at java.base/java.lang.reflect.Constructor.newInstanceWithCaller(Constructor.java:499)
	at java.base/java.lang.reflect.Constructor.newInstance(Constructor.java:480)
	at org.openqa.selenium.remote.codec.w3c.W3CHttpResponseCodec.createException(W3CHttpResponseCodec.java:200)
	at org.openqa.selenium.remote.codec.w3c.W3CHttpResponseCodec.decode(W3CHttpResponseCodec.java:133)
	at org.openqa.selenium.remote.codec.w3c.W3CHttpResponseCodec.decode(W3CHttpResponseCodec.java:53)
	at org.openqa.selenium.remote.HttpCommandExecutor.execute(HttpCommandExecutor.java:184)
	at org.openqa.selenium.remote.service.DriverCommandExecutor.invokeExecute(DriverCommandExecutor.java:167)
	at org.openqa.selenium.remote.service.DriverCommandExecutor.execute(DriverCommandExecutor.java:142)
	at org.openqa.selenium.remote.RemoteWebDriver.execute(RemoteWebDriver.java:569)
	at org.openqa.selenium.remote.RemoteWebElement.execute(RemoteWebElement.java:257)
	at org.openqa.selenium.remote.RemoteWebElement.click(RemoteWebElement.java:78)
	at com.pages.DeviceType.AddDeviceTypePage.clickOnAddDeviceType(AddDeviceTypePage.java:33)
	at stepdefinitions.DeviceType.AddDeviceTypeSteps.Go_To_Add_DeviceType_Page(AddDeviceTypeSteps.java:24)
	at ✽.Go To Add DeviceType Page(file:///home/vassar-deepa/git/Stanley-Dashboard/src/test/resources/DeviceType/AddDeviceType.feature:4)
</pre></div><a href='#' onClick='toggleBox("stack-trace594175002", this, "Click to show all stack frames", "Click to hide stack frames")'>Click to show all stack frames</a>
<div class='stack-trace' id='stack-trace594175002'><pre>org.openqa.selenium.ElementClickInterceptedException: element click intercepted: Element &lt;button _ngcontent-sgt-c163=&quot;&quot; type=&quot;button&quot; class=&quot;btn btn-primary rounded-pill&quot;&gt;...&lt;/button&gt; is not clickable at point (1704, 146). Other element would receive the click: &lt;div _ngcontent-sgt-c73=&quot;&quot; class=&quot;ngx-overlay ngx-position-absolute foreground-closing&quot; style=&quot;background-color: rgba(40, 40, 40, 0.8); border-radius: 0px;&quot;&gt;...&lt;/div&gt;
  (Session info: chrome=108.0.5359.124)
Build info: version: &apos;4.3.0&apos;, revision: &apos;a4995e2c09*&apos;
System info: host: &apos;vassardeepa-ThinkPad-L15-Gen-3&apos;, ip: &apos;127.0.1.1&apos;, os.name: &apos;Linux&apos;, os.arch: &apos;amd64&apos;, os.version: &apos;5.15.0-56-generic&apos;, java.version: &apos;17.0.5&apos;
Driver info: org.openqa.selenium.chrome.ChromeDriver
Command: [2bd7c36b5624dd558a68132a071ba1fb, clickElement {id=5be98c28-e69b-4b67-82e3-f1194f74a63d}]
Capabilities {acceptInsecureCerts: false, browserName: chrome, browserVersion: 108.0.5359.124, chrome: {chromedriverVersion: 108.0.5359.71 (1e0e3868ee06..., userDataDir: /tmp/.com.google.Chrome.6xFQ09}, goog:chromeOptions: {debuggerAddress: localhost:36923}, networkConnectionEnabled: false, pageLoadStrategy: normal, platformName: LINUX, proxy: Proxy(), se:cdp: ws://localhost:36923/devtoo..., se:cdpVersion: 108.0.5359.124, setWindowRect: true, strictFileInteractability: false, timeouts: {implicit: 0, pageLoad: 300000, script: 30000}, unhandledPromptBehavior: dismiss and notify, webauthn:extension:credBlob: true, webauthn:extension:largeBlob: true, webauthn:virtualAuthenticators: true}
Element: [[ChromeDriver: chrome on LINUX (2bd7c36b5624dd558a68132a071ba1fb)] -&gt; xpath: //button[text()=&apos;Add Device Type &apos;]]
Session ID: 2bd7c36b5624dd558a68132a071ba1fb
	at jdk.internal.reflect.GeneratedConstructorAccessor37.newInstance(Unknown Source)
	at java.base/jdk.internal.reflect.DelegatingConstructorAccessorImpl.newInstance(DelegatingConstructorAccessorImpl.java:45)
	at java.base/java.lang.reflect.Constructor.newInstanceWithCaller(Constructor.java:499)
	at java.base/java.lang.reflect.Constructor.newInstance(Constructor.java:480)
	at org.openqa.selenium.remote.codec.w3c.W3CHttpResponseCodec.createException(W3CHttpResponseCodec.java:200)
	at org.openqa.selenium.remote.codec.w3c.W3CHttpResponseCodec.decode(W3CHttpResponseCodec.java:133)
	at org.openqa.selenium.remote.codec.w3c.W3CHttpResponseCodec.decode(W3CHttpResponseCodec.java:53)
	at org.openqa.selenium.remote.HttpCommandExecutor.execute(HttpCommandExecutor.java:184)
	at org.openqa.selenium.remote.service.DriverCommandExecutor.invokeExecute(DriverCommandExecutor.java:167)
	at org.openqa.selenium.remote.service.DriverCommandExecutor.execute(DriverCommandExecutor.java:142)
	at org.openqa.selenium.remote.RemoteWebDriver.execute(RemoteWebDriver.java:569)
	at org.openqa.selenium.remote.RemoteWebElement.execute(RemoteWebElement.java:257)
	at org.openqa.selenium.remote.RemoteWebElement.click(RemoteWebElement.java:78)
	at com.pages.DeviceType.AddDeviceTypePage.clickOnAddDeviceType(AddDeviceTypePage.java:33)
	at stepdefinitions.DeviceType.AddDeviceTypeSteps.Go_To_Add_DeviceType_Page(AddDeviceTypeSteps.java:24)
	at ✽.Go To Add DeviceType Page(file:///home/vassar-deepa/git/Stanley-Dashboard/src/test/resources/DeviceType/AddDeviceType.feature:4)
</pre></div></td>
<td>14</td>
<td>testrunner.TestRunner@7674f035</td></tr>
<tr>
<td title='testrunner.TestRunner.runScenario()'><b>runScenario</b><br>Test class: testrunner.TestRunner<br>Test method: Runs Cucumber Scenarios<br>Parameters: "Verify the Edit Location Type page", "Optional[Validate the Edit Location type]"</td>
<td><div><pre>java.lang.AssertionError: expected [Location Type Edited Successfully] but found [Entered Location Type does NOT exists in Table]
	at org.testng.Assert.fail(Assert.java:99)
	at org.testng.Assert.failNotEquals(Assert.java:1037)
	at org.testng.Assert.assertEqualsImpl(Assert.java:140)
	at org.testng.Assert.assertEquals(Assert.java:122)
	at org.testng.Assert.assertEquals(Assert.java:629)
	at org.testng.Assert.assertEquals(Assert.java:639)
	at com.pages.LocationType.EditLocationTypePage.editLocationType(EditLocationTypePage.java:160)
	at stepdefinitions.LocationType.EditLocationTypeSteps.user_edits_location_type_exp_msg(EditLocationTypeSteps.java:29)
	at ✽.User Edits Location Type &quot;12345&quot; &quot;Test#####&quot; &quot;Testing&quot; &quot;Device Location&quot; &quot;Walmart&quot; &quot;Location Type Edited Successfully&quot;(file:///home/vassar-deepa/git/Stanley-Dashboard/src/test/resources/LocationType/EditLocationType.feature:5)
</pre></div><a href='#' onClick='toggleBox("stack-trace68815337", this, "Click to show all stack frames", "Click to hide stack frames")'>Click to show all stack frames</a>
<div class='stack-trace' id='stack-trace68815337'><pre>java.lang.AssertionError: expected [Location Type Edited Successfully] but found [Entered Location Type does NOT exists in Table]
	at org.testng.Assert.fail(Assert.java:99)
	at org.testng.Assert.failNotEquals(Assert.java:1037)
	at org.testng.Assert.assertEqualsImpl(Assert.java:140)
	at org.testng.Assert.assertEquals(Assert.java:122)
	at org.testng.Assert.assertEquals(Assert.java:629)
	at org.testng.Assert.assertEquals(Assert.java:639)
	at com.pages.LocationType.EditLocationTypePage.editLocationType(EditLocationTypePage.java:160)
	at stepdefinitions.LocationType.EditLocationTypeSteps.user_edits_location_type_exp_msg(EditLocationTypeSteps.java:29)
	at ✽.User Edits Location Type &quot;12345&quot; &quot;Test#####&quot; &quot;Testing&quot; &quot;Device Location&quot; &quot;Walmart&quot; &quot;Location Type Edited Successfully&quot;(file:///home/vassar-deepa/git/Stanley-Dashboard/src/test/resources/LocationType/EditLocationType.feature:5)
</pre></div></td>
<td>13</td>
<td>testrunner.TestRunner@7674f035</td></tr>
<tr>
<td title='testrunner.TestRunner.runScenario()'><b>runScenario</b><br>Test class: testrunner.TestRunner<br>Test method: Runs Cucumber Scenarios<br>Parameters: "Validate Add Device Profile Functionality", "Optional[Validate Add Device Profile Functionality]"</td>
<td><div><pre>java.lang.AssertionError: expected [Duplicate Value Entered] but found [Submit Button is Disabled. Need to fill Mandatory fields]
	at org.testng.Assert.fail(Assert.java:99)
	at org.testng.Assert.failNotEquals(Assert.java:1037)
	at org.testng.Assert.assertEqualsImpl(Assert.java:140)
	at org.testng.Assert.assertEquals(Assert.java:122)
	at org.testng.Assert.assertEquals(Assert.java:629)
	at org.testng.Assert.assertEquals(Assert.java:639)
	at com.pages.DeviceProfile.AddDeviceProfilePage.verifyToasterMessage(AddDeviceProfilePage.java:77)
	at stepdefinitions.DeviceProfile.AddDeviceProfileSteps.verify_toaster_message_for_add_device_profile(AddDeviceProfileSteps.java:79)
	at ✽.Verify Toaster Message for Add Device Profile &quot;Duplicate Value Entered&quot;(file:///home/vassar-deepa/git/Stanley-Dashboard/src/test/resources/DeviceProfile/AddDeviceProfile.feature:13)
</pre></div><a href='#' onClick='toggleBox("stack-trace679046414", this, "Click to show all stack frames", "Click to hide stack frames")'>Click to show all stack frames</a>
<div class='stack-trace' id='stack-trace679046414'><pre>java.lang.AssertionError: expected [Duplicate Value Entered] but found [Submit Button is Disabled. Need to fill Mandatory fields]
	at org.testng.Assert.fail(Assert.java:99)
	at org.testng.Assert.failNotEquals(Assert.java:1037)
	at org.testng.Assert.assertEqualsImpl(Assert.java:140)
	at org.testng.Assert.assertEquals(Assert.java:122)
	at org.testng.Assert.assertEquals(Assert.java:629)
	at org.testng.Assert.assertEquals(Assert.java:639)
	at com.pages.DeviceProfile.AddDeviceProfilePage.verifyToasterMessage(AddDeviceProfilePage.java:77)
	at stepdefinitions.DeviceProfile.AddDeviceProfileSteps.verify_toaster_message_for_add_device_profile(AddDeviceProfileSteps.java:79)
	at ✽.Verify Toaster Message for Add Device Profile &quot;Duplicate Value Entered&quot;(file:///home/vassar-deepa/git/Stanley-Dashboard/src/test/resources/DeviceProfile/AddDeviceProfile.feature:13)
</pre></div></td>
<td>20</td>
<td>testrunner.TestRunner@7674f035</td></tr>
<tr>
<td title='testrunner.TestRunner.runScenario()'><b>runScenario</b><br>Test class: testrunner.TestRunner<br>Test method: Runs Cucumber Scenarios<br>Parameters: "Validate Add Device Profile Functionality", "Optional[Validate Add Device Profile Functionality]"</td>
<td><div><pre>java.lang.AssertionError: expected [Device Profile Added Successfully] but found [Duplicate Value Entered]
	at org.testng.Assert.fail(Assert.java:99)
	at org.testng.Assert.failNotEquals(Assert.java:1037)
	at org.testng.Assert.assertEqualsImpl(Assert.java:140)
	at org.testng.Assert.assertEquals(Assert.java:122)
	at org.testng.Assert.assertEquals(Assert.java:629)
	at org.testng.Assert.assertEquals(Assert.java:639)
	at com.pages.DeviceProfile.AddDeviceProfilePage.verifyToasterMessage(AddDeviceProfilePage.java:74)
	at stepdefinitions.DeviceProfile.AddDeviceProfileSteps.verify_toaster_message_for_add_device_profile(AddDeviceProfileSteps.java:79)
	at ✽.Verify Toaster Message for Add Device Profile &quot;Device Profile Added Successfully&quot;(file:///home/vassar-deepa/git/Stanley-Dashboard/src/test/resources/DeviceProfile/AddDeviceProfile.feature:13)
</pre></div><a href='#' onClick='toggleBox("stack-trace2042950203", this, "Click to show all stack frames", "Click to hide stack frames")'>Click to show all stack frames</a>
<div class='stack-trace' id='stack-trace2042950203'><pre>java.lang.AssertionError: expected [Device Profile Added Successfully] but found [Duplicate Value Entered]
	at org.testng.Assert.fail(Assert.java:99)
	at org.testng.Assert.failNotEquals(Assert.java:1037)
	at org.testng.Assert.assertEqualsImpl(Assert.java:140)
	at org.testng.Assert.assertEquals(Assert.java:122)
	at org.testng.Assert.assertEquals(Assert.java:629)
	at org.testng.Assert.assertEquals(Assert.java:639)
	at com.pages.DeviceProfile.AddDeviceProfilePage.verifyToasterMessage(AddDeviceProfilePage.java:74)
	at stepdefinitions.DeviceProfile.AddDeviceProfileSteps.verify_toaster_message_for_add_device_profile(AddDeviceProfileSteps.java:79)
	at ✽.Verify Toaster Message for Add Device Profile &quot;Device Profile Added Successfully&quot;(file:///home/vassar-deepa/git/Stanley-Dashboard/src/test/resources/DeviceProfile/AddDeviceProfile.feature:13)
</pre></div></td>
<td>21</td>
<td>testrunner.TestRunner@7674f035</td></tr>
</table><p>
<table width='100%' border='1' class='invocation-passed'>
<tr><td colspan='4' align='center'><b>PASSED TESTS</b></td></tr>
<tr><td><b>Test method</b></td>
<td width="30%"><b>Exception</b></td>
<td width="10%"><b>Time (seconds)</b></td>
<td><b>Instance</b></td>
</tr>
<tr>
<td title='testrunner.TestRunner.runScenario()'><b>runScenario</b><br>Test class: testrunner.TestRunner<br>Test method: Runs Cucumber Scenarios<br>Parameters: "Validate Add Device Profile Functionality", "Optional[Validate Add Device Profile Functionality]"</td>
<td></td>
<td>26</td>
<td>testrunner.TestRunner@7674f035</td></tr>
<tr>
<td title='testrunner.TestRunner.runScenario()'><b>runScenario</b><br>Test class: testrunner.TestRunner<br>Test method: Runs Cucumber Scenarios<br>Parameters: "Validate Add Device Profile Functionality", "Optional[Validate Add Device Profile Functionality]"</td>
<td></td>
<td>21</td>
<td>testrunner.TestRunner@7674f035</td></tr>
<tr>
<td title='testrunner.TestRunner.runScenario()'><b>runScenario</b><br>Test class: testrunner.TestRunner<br>Test method: Runs Cucumber Scenarios<br>Parameters: "Validate Delete Device Profile Functionality", "Optional[Validate Delete Device Profile Functionality]"<br/>
<a href="#Output-2072724878" onClick='toggleBox("Output-2072724878", this, "Show output", "Hide output");'>Show output</a>

<a href="#Output-2072724878" onClick="toggleAllBoxes();">Show all outputs</a>
<div class='log' id="Output-2072724878">
Entered Device Profile ID does NOT exists in Table<br/>
</div>
</td>
<td></td>
<td>12</td>
<td>testrunner.TestRunner@7674f035</td></tr>
<tr>
<td title='testrunner.TestRunner.runScenario()'><b>runScenario</b><br>Test class: testrunner.TestRunner<br>Test method: Runs Cucumber Scenarios<br>Parameters: "Verify the Edit Location Type page", "Optional[Validate the Edit Location type]"</td>
<td></td>
<td>13</td>
<td>testrunner.TestRunner@7674f035</td></tr>
<tr>
<td title='testrunner.TestRunner.runScenario()'><b>runScenario</b><br>Test class: testrunner.TestRunner<br>Test method: Runs Cucumber Scenarios<br>Parameters: "Scenario to Sign In", "Optional[Sign In to Application]"</td>
<td></td>
<td>9</td>
<td>testrunner.TestRunner@7674f035</td></tr>
<tr>
<td title='testrunner.TestRunner.runScenario()'><b>runScenario</b><br>Test class: testrunner.TestRunner<br>Test method: Runs Cucumber Scenarios<br>Parameters: "Validate Delete Device Profile Functionality", "Optional[Validate Delete Device Profile Functionality]"<br/>
<a href="#Output-1124035319" onClick='toggleBox("Output-1124035319", this, "Show output", "Hide output");'>Show output</a>

<a href="#Output-1124035319" onClick="toggleAllBoxes();">Show all outputs</a>
<div class='log' id="Output-1124035319">
Entered Device Profile ID does NOT exists in Table<br/>
</div>
</td>
<td></td>
<td>14</td>
<td>testrunner.TestRunner@7674f035</td></tr>
<tr>
<td title='testrunner.TestRunner.runScenario()'><b>runScenario</b><br>Test class: testrunner.TestRunner<br>Test method: Runs Cucumber Scenarios<br>Parameters: "Validate Add Device Profile Functionality", "Optional[Validate Add Device Profile Functionality]"</td>
<td></td>
<td>24</td>
<td>testrunner.TestRunner@7674f035</td></tr>
<tr>
<td title='testrunner.TestRunner.runScenario()'><b>runScenario</b><br>Test class: testrunner.TestRunner<br>Test method: Runs Cucumber Scenarios<br>Parameters: "Validate Edit Device Profile Functionality", "Optional[Validate Edit Device Profile Functionality]"</td>
<td></td>
<td>12</td>
<td>testrunner.TestRunner@7674f035</td></tr>
<tr>
<td title='testrunner.TestRunner.runScenario()'><b>runScenario</b><br>Test class: testrunner.TestRunner<br>Test method: Runs Cucumber Scenarios<br>Parameters: "Validate Add Device Profile Functionality", "Optional[Validate Add Device Profile Functionality]"</td>
<td></td>
<td>24</td>
<td>testrunner.TestRunner@7674f035</td></tr>
<tr>
<td title='testrunner.TestRunner.runScenario()'><b>runScenario</b><br>Test class: testrunner.TestRunner<br>Test method: Runs Cucumber Scenarios<br>Parameters: "Validate Add Device Profile Functionality", "Optional[Validate Add Device Profile Functionality]"</td>
<td></td>
<td>23</td>
<td>testrunner.TestRunner@7674f035</td></tr>
<tr>
<td title='testrunner.TestRunner.runScenario()'><b>runScenario</b><br>Test class: testrunner.TestRunner<br>Test method: Runs Cucumber Scenarios<br>Parameters: "Validate Delete Location Type Functionality", "Optional[Validate Delete Location Type Functionality]"</td>
<td></td>
<td>12</td>
<td>testrunner.TestRunner@7674f035</td></tr>
<tr>
<td title='testrunner.TestRunner.runScenario()'><b>runScenario</b><br>Test class: testrunner.TestRunner<br>Test method: Runs Cucumber Scenarios<br>Parameters: "Validate Delete Location Type Functionality", "Optional[Validate Delete Location Type Functionality]"</td>
<td></td>
<td>13</td>
<td>testrunner.TestRunner@7674f035</td></tr>
<tr>
<td title='testrunner.TestRunner.runScenario()'><b>runScenario</b><br>Test class: testrunner.TestRunner<br>Test method: Runs Cucumber Scenarios<br>Parameters: "Validate Add Device Profile Functionality", "Optional[Validate Add Device Profile Functionality]"</td>
<td></td>
<td>21</td>
<td>testrunner.TestRunner@7674f035</td></tr>
<tr>
<td title='testrunner.TestRunner.runScenario()'><b>runScenario</b><br>Test class: testrunner.TestRunner<br>Test method: Runs Cucumber Scenarios<br>Parameters: "Validate Delete Location Type Functionality", "Optional[Validate Delete Location Type Functionality]"</td>
<td></td>
<td>14</td>
<td>testrunner.TestRunner@7674f035</td></tr>
<tr>
<td title='testrunner.TestRunner.runScenario()'><b>runScenario</b><br>Test class: testrunner.TestRunner<br>Test method: Runs Cucumber Scenarios<br>Parameters: "Verify Device Type page", "Optional[Verify Device Type Page]"</td>
<td></td>
<td>10</td>
<td>testrunner.TestRunner@7674f035</td></tr>
<tr>
<td title='testrunner.TestRunner.runScenario()'><b>runScenario</b><br>Test class: testrunner.TestRunner<br>Test method: Runs Cucumber Scenarios<br>Parameters: "Validate Add Device Profile Functionality", "Optional[Validate Add Device Profile Functionality]"</td>
<td></td>
<td>31</td>
<td>testrunner.TestRunner@7674f035</td></tr>
<tr>
<td title='testrunner.TestRunner.runScenario()'><b>runScenario</b><br>Test class: testrunner.TestRunner<br>Test method: Runs Cucumber Scenarios<br>Parameters: "Validate Delete Device Profile Functionality", "Optional[Validate Delete Device Profile Functionality]"<br/>
<a href="#Output-580817536" onClick='toggleBox("Output-580817536", this, "Show output", "Hide output");'>Show output</a>

<a href="#Output-580817536" onClick="toggleAllBoxes();">Show all outputs</a>
<div class='log' id="Output-580817536">
Entered Device Profile ID does NOT exists in Table<br/>
</div>
</td>
<td></td>
<td>13</td>
<td>testrunner.TestRunner@7674f035</td></tr>
<tr>
<td title='testrunner.TestRunner.runScenario()'><b>runScenario</b><br>Test class: testrunner.TestRunner<br>Test method: Runs Cucumber Scenarios<br>Parameters: "Validate Add Device Profile Functionality", "Optional[Validate Add Device Profile Functionality]"</td>
<td></td>
<td>24</td>
<td>testrunner.TestRunner@7674f035</td></tr>
<tr>
<td title='testrunner.TestRunner.runScenario()'><b>runScenario</b><br>Test class: testrunner.TestRunner<br>Test method: Runs Cucumber Scenarios<br>Parameters: "Validate Add Device Profile Functionality", "Optional[Validate Add Device Profile Functionality]"</td>
<td></td>
<td>22</td>
<td>testrunner.TestRunner@7674f035</td></tr>
<tr>
<td title='testrunner.TestRunner.runScenario()'><b>runScenario</b><br>Test class: testrunner.TestRunner<br>Test method: Runs Cucumber Scenarios<br>Parameters: "Validate Delete Location Type Functionality", "Optional[Validate Delete Location Type Functionality]"</td>
<td></td>
<td>14</td>
<td>testrunner.TestRunner@7674f035</td></tr>
<tr>
<td title='testrunner.TestRunner.runScenario()'><b>runScenario</b><br>Test class: testrunner.TestRunner<br>Test method: Runs Cucumber Scenarios<br>Parameters: "Verify Device Profile page", "Optional[Verify Device Profile Page]"</td>
<td></td>
<td>9</td>
<td>testrunner.TestRunner@7674f035</td></tr>
<tr>
<td title='testrunner.TestRunner.runScenario()'><b>runScenario</b><br>Test class: testrunner.TestRunner<br>Test method: Runs Cucumber Scenarios<br>Parameters: "Validate Add Device Profile Functionality", "Optional[Validate Add Device Profile Functionality]"</td>
<td></td>
<td>24</td>
<td>testrunner.TestRunner@7674f035</td></tr>
<tr>
<td title='testrunner.TestRunner.runScenario()'><b>runScenario</b><br>Test class: testrunner.TestRunner<br>Test method: Runs Cucumber Scenarios<br>Parameters: "Validate Add Device Profile Functionality", "Optional[Validate Add Device Profile Functionality]"</td>
<td></td>
<td>23</td>
<td>testrunner.TestRunner@7674f035</td></tr>
<tr>
<td title='testrunner.TestRunner.runScenario()'><b>runScenario</b><br>Test class: testrunner.TestRunner<br>Test method: Runs Cucumber Scenarios<br>Parameters: "Validate Add Device Profile Functionality", "Optional[Validate Add Device Profile Functionality]"</td>
<td></td>
<td>24</td>
<td>testrunner.TestRunner@7674f035</td></tr>
<tr>
<td title='testrunner.TestRunner.runScenario()'><b>runScenario</b><br>Test class: testrunner.TestRunner<br>Test method: Runs Cucumber Scenarios<br>Parameters: "Validate Add Device Profile Functionality", "Optional[Validate Add Device Profile Functionality]"</td>
<td></td>
<td>23</td>
<td>testrunner.TestRunner@7674f035</td></tr>
<tr>
<td title='testrunner.TestRunner.runScenario()'><b>runScenario</b><br>Test class: testrunner.TestRunner<br>Test method: Runs Cucumber Scenarios<br>Parameters: "Validate Delete Device Profile Functionality", "Optional[Validate Delete Device Profile Functionality]"<br/>
<a href="#Output-1448805609" onClick='toggleBox("Output-1448805609", this, "Show output", "Hide output");'>Show output</a>

<a href="#Output-1448805609" onClick="toggleAllBoxes();">Show all outputs</a>
<div class='log' id="Output-1448805609">
Entered Device Profile ID does NOT exists in Table<br/>
</div>
</td>
<td></td>
<td>13</td>
<td>testrunner.TestRunner@7674f035</td></tr>
<tr>
<td title='testrunner.TestRunner.runScenario()'><b>runScenario</b><br>Test class: testrunner.TestRunner<br>Test method: Runs Cucumber Scenarios<br>Parameters: "Verify the Edit Location Type page", "Optional[Validate the Edit Location type]"</td>
<td></td>
<td>14</td>
<td>testrunner.TestRunner@7674f035</td></tr>
<tr>
<td title='testrunner.TestRunner.runScenario()'><b>runScenario</b><br>Test class: testrunner.TestRunner<br>Test method: Runs Cucumber Scenarios<br>Parameters: "Validate Delete Location Type Functionality", "Optional[Validate Delete Location Type Functionality]"</td>
<td></td>
<td>11</td>
<td>testrunner.TestRunner@7674f035</td></tr>
<tr>
<td title='testrunner.TestRunner.runScenario()'><b>runScenario</b><br>Test class: testrunner.TestRunner<br>Test method: Runs Cucumber Scenarios<br>Parameters: "Validate Add Device Profile Functionality", "Optional[Validate Add Device Profile Functionality]"</td>
<td></td>
<td>22</td>
<td>testrunner.TestRunner@7674f035</td></tr>
<tr>
<td title='testrunner.TestRunner.runScenario()'><b>runScenario</b><br>Test class: testrunner.TestRunner<br>Test method: Runs Cucumber Scenarios<br>Parameters: "Verify the Edit Location Type page", "Optional[Validate the Edit Location type]"</td>
<td></td>
<td>14</td>
<td>testrunner.TestRunner@7674f035</td></tr>
<tr>
<td title='testrunner.TestRunner.runScenario()'><b>runScenario</b><br>Test class: testrunner.TestRunner<br>Test method: Runs Cucumber Scenarios<br>Parameters: "Validate Add Device Profile Functionality", "Optional[Validate Add Device Profile Functionality]"</td>
<td></td>
<td>23</td>
<td>testrunner.TestRunner@7674f035</td></tr>
</table><p>
</body>
</html>