<?xml version="1.0" encoding="UTF-8"?>
<testng-results ignored="0" total="81" passed="31" failed="50" skipped="0">
  <reporter-output>
    <line>
      <![CDATA[Entered Device Profile ID does NOT exists in Table]]>
    </line>
    <line>
      <![CDATA[Entered Device Profile ID does NOT exists in Table]]>
    </line>
    <line>
      <![CDATA[Entered Device Profile ID does NOT exists in Table]]>
    </line>
    <line>
      <![CDATA[Entered Device Profile ID does NOT exists in Table]]>
    </line>
  </reporter-output>
  <suite started-at="2022-12-29T10:08:05 IST" name="Default suite" finished-at="2022-12-29T10:34:26 IST" duration-ms="1580134">
    <groups>
      <group name="cucumber">
        <method signature="AbstractTestNGCucumberTests.runScenario(io.cucumber.testng.PickleWrapper,io.cucumber.testng.FeatureWrapper)[pri:0, instance:testrunner.TestRunner@7674f035]" name="runScenario" class="io.cucumber.testng.AbstractTestNGCucumberTests"/>
      </group> <!-- cucumber -->
    </groups>
    <test started-at="2022-12-29T10:08:05 IST" name="Default test" finished-at="2022-12-29T10:34:26 IST" duration-ms="1580134">
      <class name="testrunner.TestRunner">
        <test-method is-config="true" signature="setUpClass()[pri:0, instance:testrunner.TestRunner@7674f035]" started-at="2022-12-29T10:08:05 IST" name="setUpClass" finished-at="2022-12-29T10:08:06 IST" duration-ms="562" status="PASS">
          <reporter-output>
          </reporter-output>
        </test-method> <!-- setUpClass -->
        <test-method signature="runScenario(io.cucumber.testng.PickleWrapper,io.cucumber.testng.FeatureWrapper)[pri:0, instance:testrunner.TestRunner@7674f035]" started-at="2022-12-29T10:08:06 IST" name="runScenario" description="Runs Cucumber Scenarios" data-provider="scenarios" finished-at="2022-12-29T10:08:28 IST" duration-ms="22045" status="FAIL">
          <params>
            <param index="0">
              <value>
                <![CDATA["Validate Add Device Profile Functionality"]]>
              </value>
            </param>
            <param index="1">
              <value>
                <![CDATA["Optional[Validate Add Device Profile Functionality]"]]>
              </value>
            </param>
          </params>
          <exception class="java.lang.AssertionError">
            <message>
              <![CDATA[expected [Device Profile Added Successfully] but found [Duplicate Value Entered]]]>
            </message>
            <full-stacktrace>
              <![CDATA[java.lang.AssertionError: expected [Device Profile Added Successfully] but found [Duplicate Value Entered]
at org.testng.Assert.fail(Assert.java:99)
at org.testng.Assert.failNotEquals(Assert.java:1037)
at org.testng.Assert.assertEqualsImpl(Assert.java:140)
at org.testng.Assert.assertEquals(Assert.java:122)
at org.testng.Assert.assertEquals(Assert.java:629)
at org.testng.Assert.assertEquals(Assert.java:639)
at com.pages.DeviceProfile.AddDeviceProfilePage.verifyToasterMessage(AddDeviceProfilePage.java:74)
at stepdefinitions.DeviceProfile.AddDeviceProfileSteps.verify_toaster_message_for_add_device_profile(AddDeviceProfileSteps.java:79)
at ✽.Verify Toaster Message for Add Device Profile "Device Profile Added Successfully"(file:///home/vassar-deepa/git/Stanley-Dashboard/src/test/resources/DeviceProfile/AddDeviceProfile.feature:13)
]]>
            </full-stacktrace>
          </exception> <!-- java.lang.AssertionError -->
          <reporter-output>
          </reporter-output>
        </test-method> <!-- runScenario -->
        <test-method signature="runScenario(io.cucumber.testng.PickleWrapper,io.cucumber.testng.FeatureWrapper)[pri:0, instance:testrunner.TestRunner@7674f035]" started-at="2022-12-29T10:08:28 IST" name="runScenario" description="Runs Cucumber Scenarios" data-provider="scenarios" finished-at="2022-12-29T10:08:50 IST" duration-ms="21824" status="FAIL">
          <params>
            <param index="0">
              <value>
                <![CDATA["Validate Add Device Profile Functionality"]]>
              </value>
            </param>
            <param index="1">
              <value>
                <![CDATA["Optional[Validate Add Device Profile Functionality]"]]>
              </value>
            </param>
          </params>
          <exception class="java.lang.AssertionError">
            <message>
              <![CDATA[expected [Device Profile Added Successfully] but found [Submit Button is Disabled. Need to fill Mandatory fields]]]>
            </message>
            <full-stacktrace>
              <![CDATA[java.lang.AssertionError: expected [Device Profile Added Successfully] but found [Submit Button is Disabled. Need to fill Mandatory fields]
at org.testng.Assert.fail(Assert.java:99)
at org.testng.Assert.failNotEquals(Assert.java:1037)
at org.testng.Assert.assertEqualsImpl(Assert.java:140)
at org.testng.Assert.assertEquals(Assert.java:122)
at org.testng.Assert.assertEquals(Assert.java:629)
at org.testng.Assert.assertEquals(Assert.java:639)
at com.pages.DeviceProfile.AddDeviceProfilePage.verifyToasterMessage(AddDeviceProfilePage.java:77)
at stepdefinitions.DeviceProfile.AddDeviceProfileSteps.verify_toaster_message_for_add_device_profile(AddDeviceProfileSteps.java:79)
at ✽.Verify Toaster Message for Add Device Profile "Device Profile Added Successfully"(file:///home/vassar-deepa/git/Stanley-Dashboard/src/test/resources/DeviceProfile/AddDeviceProfile.feature:13)
]]>
            </full-stacktrace>
          </exception> <!-- java.lang.AssertionError -->
          <reporter-output>
          </reporter-output>
        </test-method> <!-- runScenario -->
        <test-method signature="runScenario(io.cucumber.testng.PickleWrapper,io.cucumber.testng.FeatureWrapper)[pri:0, instance:testrunner.TestRunner@7674f035]" started-at="2022-12-29T10:08:50 IST" name="runScenario" description="Runs Cucumber Scenarios" data-provider="scenarios" finished-at="2022-12-29T10:09:10 IST" duration-ms="20497" status="FAIL">
          <params>
            <param index="0">
              <value>
                <![CDATA["Validate Add Device Profile Functionality"]]>
              </value>
            </param>
            <param index="1">
              <value>
                <![CDATA["Optional[Validate Add Device Profile Functionality]"]]>
              </value>
            </param>
          </params>
          <exception class="java.lang.AssertionError">
            <message>
              <![CDATA[expected [Device Profile Added Successfully] but found [Submit Button is Disabled. Need to fill Mandatory fields]]]>
            </message>
            <full-stacktrace>
              <![CDATA[java.lang.AssertionError: expected [Device Profile Added Successfully] but found [Submit Button is Disabled. Need to fill Mandatory fields]
at org.testng.Assert.fail(Assert.java:99)
at org.testng.Assert.failNotEquals(Assert.java:1037)
at org.testng.Assert.assertEqualsImpl(Assert.java:140)
at org.testng.Assert.assertEquals(Assert.java:122)
at org.testng.Assert.assertEquals(Assert.java:629)
at org.testng.Assert.assertEquals(Assert.java:639)
at com.pages.DeviceProfile.AddDeviceProfilePage.verifyToasterMessage(AddDeviceProfilePage.java:77)
at stepdefinitions.DeviceProfile.AddDeviceProfileSteps.verify_toaster_message_for_add_device_profile(AddDeviceProfileSteps.java:79)
at ✽.Verify Toaster Message for Add Device Profile "Device Profile Added Successfully"(file:///home/vassar-deepa/git/Stanley-Dashboard/src/test/resources/DeviceProfile/AddDeviceProfile.feature:13)
]]>
            </full-stacktrace>
          </exception> <!-- java.lang.AssertionError -->
          <reporter-output>
          </reporter-output>
        </test-method> <!-- runScenario -->
        <test-method signature="runScenario(io.cucumber.testng.PickleWrapper,io.cucumber.testng.FeatureWrapper)[pri:0, instance:testrunner.TestRunner@7674f035]" started-at="2022-12-29T10:09:10 IST" name="runScenario" description="Runs Cucumber Scenarios" data-provider="scenarios" finished-at="2022-12-29T10:09:35 IST" duration-ms="24132" status="PASS">
          <params>
            <param index="0">
              <value>
                <![CDATA["Validate Add Device Profile Functionality"]]>
              </value>
            </param>
            <param index="1">
              <value>
                <![CDATA["Optional[Validate Add Device Profile Functionality]"]]>
              </value>
            </param>
          </params>
          <reporter-output>
          </reporter-output>
        </test-method> <!-- runScenario -->
        <test-method signature="runScenario(io.cucumber.testng.PickleWrapper,io.cucumber.testng.FeatureWrapper)[pri:0, instance:testrunner.TestRunner@7674f035]" started-at="2022-12-29T10:09:35 IST" name="runScenario" description="Runs Cucumber Scenarios" data-provider="scenarios" finished-at="2022-12-29T10:09:56 IST" duration-ms="21952" status="FAIL">
          <params>
            <param index="0">
              <value>
                <![CDATA["Validate Add Device Profile Functionality"]]>
              </value>
            </param>
            <param index="1">
              <value>
                <![CDATA["Optional[Validate Add Device Profile Functionality]"]]>
              </value>
            </param>
          </params>
          <exception class="java.lang.AssertionError">
            <message>
              <![CDATA[expected [Device Profile Added Successfully] but found [Duplicate Value Entered]]]>
            </message>
            <full-stacktrace>
              <![CDATA[java.lang.AssertionError: expected [Device Profile Added Successfully] but found [Duplicate Value Entered]
at org.testng.Assert.fail(Assert.java:99)
at org.testng.Assert.failNotEquals(Assert.java:1037)
at org.testng.Assert.assertEqualsImpl(Assert.java:140)
at org.testng.Assert.assertEquals(Assert.java:122)
at org.testng.Assert.assertEquals(Assert.java:629)
at org.testng.Assert.assertEquals(Assert.java:639)
at com.pages.DeviceProfile.AddDeviceProfilePage.verifyToasterMessage(AddDeviceProfilePage.java:74)
at stepdefinitions.DeviceProfile.AddDeviceProfileSteps.verify_toaster_message_for_add_device_profile(AddDeviceProfileSteps.java:79)
at ✽.Verify Toaster Message for Add Device Profile "Device Profile Added Successfully"(file:///home/vassar-deepa/git/Stanley-Dashboard/src/test/resources/DeviceProfile/AddDeviceProfile.feature:13)
]]>
            </full-stacktrace>
          </exception> <!-- java.lang.AssertionError -->
          <reporter-output>
          </reporter-output>
        </test-method> <!-- runScenario -->
        <test-method signature="runScenario(io.cucumber.testng.PickleWrapper,io.cucumber.testng.FeatureWrapper)[pri:0, instance:testrunner.TestRunner@7674f035]" started-at="2022-12-29T10:09:56 IST" name="runScenario" description="Runs Cucumber Scenarios" data-provider="scenarios" finished-at="2022-12-29T10:10:18 IST" duration-ms="21616" status="FAIL">
          <params>
            <param index="0">
              <value>
                <![CDATA["Validate Add Device Profile Functionality"]]>
              </value>
            </param>
            <param index="1">
              <value>
                <![CDATA["Optional[Validate Add Device Profile Functionality]"]]>
              </value>
            </param>
          </params>
          <exception class="java.lang.AssertionError">
            <message>
              <![CDATA[expected [Device Profile Added Successfully] but found [Submit Button is Disabled. Need to fill Mandatory fields]]]>
            </message>
            <full-stacktrace>
              <![CDATA[java.lang.AssertionError: expected [Device Profile Added Successfully] but found [Submit Button is Disabled. Need to fill Mandatory fields]
at org.testng.Assert.fail(Assert.java:99)
at org.testng.Assert.failNotEquals(Assert.java:1037)
at org.testng.Assert.assertEqualsImpl(Assert.java:140)
at org.testng.Assert.assertEquals(Assert.java:122)
at org.testng.Assert.assertEquals(Assert.java:629)
at org.testng.Assert.assertEquals(Assert.java:639)
at com.pages.DeviceProfile.AddDeviceProfilePage.verifyToasterMessage(AddDeviceProfilePage.java:77)
at stepdefinitions.DeviceProfile.AddDeviceProfileSteps.verify_toaster_message_for_add_device_profile(AddDeviceProfileSteps.java:79)
at ✽.Verify Toaster Message for Add Device Profile "Device Profile Added Successfully"(file:///home/vassar-deepa/git/Stanley-Dashboard/src/test/resources/DeviceProfile/AddDeviceProfile.feature:13)
]]>
            </full-stacktrace>
          </exception> <!-- java.lang.AssertionError -->
          <reporter-output>
          </reporter-output>
        </test-method> <!-- runScenario -->
        <test-method signature="runScenario(io.cucumber.testng.PickleWrapper,io.cucumber.testng.FeatureWrapper)[pri:0, instance:testrunner.TestRunner@7674f035]" started-at="2022-12-29T10:10:18 IST" name="runScenario" description="Runs Cucumber Scenarios" data-provider="scenarios" finished-at="2022-12-29T10:10:40 IST" duration-ms="21626" status="PASS">
          <params>
            <param index="0">
              <value>
                <![CDATA["Validate Add Device Profile Functionality"]]>
              </value>
            </param>
            <param index="1">
              <value>
                <![CDATA["Optional[Validate Add Device Profile Functionality]"]]>
              </value>
            </param>
          </params>
          <reporter-output>
          </reporter-output>
        </test-method> <!-- runScenario -->
        <test-method signature="runScenario(io.cucumber.testng.PickleWrapper,io.cucumber.testng.FeatureWrapper)[pri:0, instance:testrunner.TestRunner@7674f035]" started-at="2022-12-29T10:10:40 IST" name="runScenario" description="Runs Cucumber Scenarios" data-provider="scenarios" finished-at="2022-12-29T10:11:11 IST" duration-ms="31061" status="PASS">
          <params>
            <param index="0">
              <value>
                <![CDATA["Validate Add Device Profile Functionality"]]>
              </value>
            </param>
            <param index="1">
              <value>
                <![CDATA["Optional[Validate Add Device Profile Functionality]"]]>
              </value>
            </param>
          </params>
          <reporter-output>
          </reporter-output>
        </test-method> <!-- runScenario -->
        <test-method signature="runScenario(io.cucumber.testng.PickleWrapper,io.cucumber.testng.FeatureWrapper)[pri:0, instance:testrunner.TestRunner@7674f035]" started-at="2022-12-29T10:11:11 IST" name="runScenario" description="Runs Cucumber Scenarios" data-provider="scenarios" finished-at="2022-12-29T10:11:37 IST" duration-ms="26509" status="PASS">
          <params>
            <param index="0">
              <value>
                <![CDATA["Validate Add Device Profile Functionality"]]>
              </value>
            </param>
            <param index="1">
              <value>
                <![CDATA["Optional[Validate Add Device Profile Functionality]"]]>
              </value>
            </param>
          </params>
          <reporter-output>
          </reporter-output>
        </test-method> <!-- runScenario -->
        <test-method signature="runScenario(io.cucumber.testng.PickleWrapper,io.cucumber.testng.FeatureWrapper)[pri:0, instance:testrunner.TestRunner@7674f035]" started-at="2022-12-29T10:11:37 IST" name="runScenario" description="Runs Cucumber Scenarios" data-provider="scenarios" finished-at="2022-12-29T10:12:02 IST" duration-ms="24670" status="FAIL">
          <params>
            <param index="0">
              <value>
                <![CDATA["Validate Add Device Profile Functionality"]]>
              </value>
            </param>
            <param index="1">
              <value>
                <![CDATA["Optional[Validate Add Device Profile Functionality]"]]>
              </value>
            </param>
          </params>
          <exception class="java.lang.AssertionError">
            <message>
              <![CDATA[expected [Duplicate Value Entered] but found [Submit Button is Disabled. Need to fill Mandatory fields]]]>
            </message>
            <full-stacktrace>
              <![CDATA[java.lang.AssertionError: expected [Duplicate Value Entered] but found [Submit Button is Disabled. Need to fill Mandatory fields]
at org.testng.Assert.fail(Assert.java:99)
at org.testng.Assert.failNotEquals(Assert.java:1037)
at org.testng.Assert.assertEqualsImpl(Assert.java:140)
at org.testng.Assert.assertEquals(Assert.java:122)
at org.testng.Assert.assertEquals(Assert.java:629)
at org.testng.Assert.assertEquals(Assert.java:639)
at com.pages.DeviceProfile.AddDeviceProfilePage.verifyToasterMessage(AddDeviceProfilePage.java:77)
at stepdefinitions.DeviceProfile.AddDeviceProfileSteps.verify_toaster_message_for_add_device_profile(AddDeviceProfileSteps.java:79)
at ✽.Verify Toaster Message for Add Device Profile "Duplicate Value Entered"(file:///home/vassar-deepa/git/Stanley-Dashboard/src/test/resources/DeviceProfile/AddDeviceProfile.feature:13)
]]>
            </full-stacktrace>
          </exception> <!-- java.lang.AssertionError -->
          <reporter-output>
          </reporter-output>
        </test-method> <!-- runScenario -->
        <test-method signature="runScenario(io.cucumber.testng.PickleWrapper,io.cucumber.testng.FeatureWrapper)[pri:0, instance:testrunner.TestRunner@7674f035]" started-at="2022-12-29T10:12:02 IST" name="runScenario" description="Runs Cucumber Scenarios" data-provider="scenarios" finished-at="2022-12-29T10:12:25 IST" duration-ms="23134" status="PASS">
          <params>
            <param index="0">
              <value>
                <![CDATA["Validate Add Device Profile Functionality"]]>
              </value>
            </param>
            <param index="1">
              <value>
                <![CDATA["Optional[Validate Add Device Profile Functionality]"]]>
              </value>
            </param>
          </params>
          <reporter-output>
          </reporter-output>
        </test-method> <!-- runScenario -->
        <test-method signature="runScenario(io.cucumber.testng.PickleWrapper,io.cucumber.testng.FeatureWrapper)[pri:0, instance:testrunner.TestRunner@7674f035]" started-at="2022-12-29T10:12:25 IST" name="runScenario" description="Runs Cucumber Scenarios" data-provider="scenarios" finished-at="2022-12-29T10:12:44 IST" duration-ms="19221" status="FAIL">
          <params>
            <param index="0">
              <value>
                <![CDATA["Validate Add Device Profile Functionality"]]>
              </value>
            </param>
            <param index="1">
              <value>
                <![CDATA["Optional[Validate Add Device Profile Functionality]"]]>
              </value>
            </param>
          </params>
          <exception class="java.lang.AssertionError">
            <message>
              <![CDATA[expected [Duplicate Value Entered] but found [Submit Button is Disabled. Need to fill Mandatory fields]]]>
            </message>
            <full-stacktrace>
              <![CDATA[java.lang.AssertionError: expected [Duplicate Value Entered] but found [Submit Button is Disabled. Need to fill Mandatory fields]
at org.testng.Assert.fail(Assert.java:99)
at org.testng.Assert.failNotEquals(Assert.java:1037)
at org.testng.Assert.assertEqualsImpl(Assert.java:140)
at org.testng.Assert.assertEquals(Assert.java:122)
at org.testng.Assert.assertEquals(Assert.java:629)
at org.testng.Assert.assertEquals(Assert.java:639)
at com.pages.DeviceProfile.AddDeviceProfilePage.verifyToasterMessage(AddDeviceProfilePage.java:77)
at stepdefinitions.DeviceProfile.AddDeviceProfileSteps.verify_toaster_message_for_add_device_profile(AddDeviceProfileSteps.java:79)
at ✽.Verify Toaster Message for Add Device Profile "Duplicate Value Entered"(file:///home/vassar-deepa/git/Stanley-Dashboard/src/test/resources/DeviceProfile/AddDeviceProfile.feature:13)
]]>
            </full-stacktrace>
          </exception> <!-- java.lang.AssertionError -->
          <reporter-output>
          </reporter-output>
        </test-method> <!-- runScenario -->
        <test-method signature="runScenario(io.cucumber.testng.PickleWrapper,io.cucumber.testng.FeatureWrapper)[pri:0, instance:testrunner.TestRunner@7674f035]" started-at="2022-12-29T10:12:44 IST" name="runScenario" description="Runs Cucumber Scenarios" data-provider="scenarios" finished-at="2022-12-29T10:13:05 IST" duration-ms="20628" status="FAIL">
          <params>
            <param index="0">
              <value>
                <![CDATA["Validate Add Device Profile Functionality"]]>
              </value>
            </param>
            <param index="1">
              <value>
                <![CDATA["Optional[Validate Add Device Profile Functionality]"]]>
              </value>
            </param>
          </params>
          <exception class="java.lang.AssertionError">
            <message>
              <![CDATA[expected [Duplicate Value Entered] but found [Submit Button is Disabled. Need to fill Mandatory fields]]]>
            </message>
            <full-stacktrace>
              <![CDATA[java.lang.AssertionError: expected [Duplicate Value Entered] but found [Submit Button is Disabled. Need to fill Mandatory fields]
at org.testng.Assert.fail(Assert.java:99)
at org.testng.Assert.failNotEquals(Assert.java:1037)
at org.testng.Assert.assertEqualsImpl(Assert.java:140)
at org.testng.Assert.assertEquals(Assert.java:122)
at org.testng.Assert.assertEquals(Assert.java:629)
at org.testng.Assert.assertEquals(Assert.java:639)
at com.pages.DeviceProfile.AddDeviceProfilePage.verifyToasterMessage(AddDeviceProfilePage.java:77)
at stepdefinitions.DeviceProfile.AddDeviceProfileSteps.verify_toaster_message_for_add_device_profile(AddDeviceProfileSteps.java:79)
at ✽.Verify Toaster Message for Add Device Profile "Duplicate Value Entered"(file:///home/vassar-deepa/git/Stanley-Dashboard/src/test/resources/DeviceProfile/AddDeviceProfile.feature:13)
]]>
            </full-stacktrace>
          </exception> <!-- java.lang.AssertionError -->
          <reporter-output>
          </reporter-output>
        </test-method> <!-- runScenario -->
        <test-method signature="runScenario(io.cucumber.testng.PickleWrapper,io.cucumber.testng.FeatureWrapper)[pri:0, instance:testrunner.TestRunner@7674f035]" started-at="2022-12-29T10:13:05 IST" name="runScenario" description="Runs Cucumber Scenarios" data-provider="scenarios" finished-at="2022-12-29T10:13:25 IST" duration-ms="20416" status="FAIL">
          <params>
            <param index="0">
              <value>
                <![CDATA["Validate Add Device Profile Functionality"]]>
              </value>
            </param>
            <param index="1">
              <value>
                <![CDATA["Optional[Validate Add Device Profile Functionality]"]]>
              </value>
            </param>
          </params>
          <exception class="java.lang.AssertionError">
            <message>
              <![CDATA[expected [Duplicate Value Entered] but found [Submit Button is Disabled. Need to fill Mandatory fields]]]>
            </message>
            <full-stacktrace>
              <![CDATA[java.lang.AssertionError: expected [Duplicate Value Entered] but found [Submit Button is Disabled. Need to fill Mandatory fields]
at org.testng.Assert.fail(Assert.java:99)
at org.testng.Assert.failNotEquals(Assert.java:1037)
at org.testng.Assert.assertEqualsImpl(Assert.java:140)
at org.testng.Assert.assertEquals(Assert.java:122)
at org.testng.Assert.assertEquals(Assert.java:629)
at org.testng.Assert.assertEquals(Assert.java:639)
at com.pages.DeviceProfile.AddDeviceProfilePage.verifyToasterMessage(AddDeviceProfilePage.java:77)
at stepdefinitions.DeviceProfile.AddDeviceProfileSteps.verify_toaster_message_for_add_device_profile(AddDeviceProfileSteps.java:79)
at ✽.Verify Toaster Message for Add Device Profile "Duplicate Value Entered"(file:///home/vassar-deepa/git/Stanley-Dashboard/src/test/resources/DeviceProfile/AddDeviceProfile.feature:13)
]]>
            </full-stacktrace>
          </exception> <!-- java.lang.AssertionError -->
          <reporter-output>
          </reporter-output>
        </test-method> <!-- runScenario -->
        <test-method signature="runScenario(io.cucumber.testng.PickleWrapper,io.cucumber.testng.FeatureWrapper)[pri:0, instance:testrunner.TestRunner@7674f035]" started-at="2022-12-29T10:13:25 IST" name="runScenario" description="Runs Cucumber Scenarios" data-provider="scenarios" finished-at="2022-12-29T10:13:46 IST" duration-ms="20459" status="FAIL">
          <params>
            <param index="0">
              <value>
                <![CDATA["Validate Add Device Profile Functionality"]]>
              </value>
            </param>
            <param index="1">
              <value>
                <![CDATA["Optional[Validate Add Device Profile Functionality]"]]>
              </value>
            </param>
          </params>
          <exception class="java.lang.AssertionError">
            <message>
              <![CDATA[expected [Duplicate Value Entered] but found [Submit Button is Disabled. Need to fill Mandatory fields]]]>
            </message>
            <full-stacktrace>
              <![CDATA[java.lang.AssertionError: expected [Duplicate Value Entered] but found [Submit Button is Disabled. Need to fill Mandatory fields]
at org.testng.Assert.fail(Assert.java:99)
at org.testng.Assert.failNotEquals(Assert.java:1037)
at org.testng.Assert.assertEqualsImpl(Assert.java:140)
at org.testng.Assert.assertEquals(Assert.java:122)
at org.testng.Assert.assertEquals(Assert.java:629)
at org.testng.Assert.assertEquals(Assert.java:639)
at com.pages.DeviceProfile.AddDeviceProfilePage.verifyToasterMessage(AddDeviceProfilePage.java:77)
at stepdefinitions.DeviceProfile.AddDeviceProfileSteps.verify_toaster_message_for_add_device_profile(AddDeviceProfileSteps.java:79)
at ✽.Verify Toaster Message for Add Device Profile "Duplicate Value Entered"(file:///home/vassar-deepa/git/Stanley-Dashboard/src/test/resources/DeviceProfile/AddDeviceProfile.feature:13)
]]>
            </full-stacktrace>
          </exception> <!-- java.lang.AssertionError -->
          <reporter-output>
          </reporter-output>
        </test-method> <!-- runScenario -->
        <test-method signature="runScenario(io.cucumber.testng.PickleWrapper,io.cucumber.testng.FeatureWrapper)[pri:0, instance:testrunner.TestRunner@7674f035]" started-at="2022-12-29T10:13:46 IST" name="runScenario" description="Runs Cucumber Scenarios" data-provider="scenarios" finished-at="2022-12-29T10:14:07 IST" duration-ms="21494" status="FAIL">
          <params>
            <param index="0">
              <value>
                <![CDATA["Validate Add Device Profile Functionality"]]>
              </value>
            </param>
            <param index="1">
              <value>
                <![CDATA["Optional[Validate Add Device Profile Functionality]"]]>
              </value>
            </param>
          </params>
          <exception class="java.lang.AssertionError">
            <message>
              <![CDATA[expected [Duplicate Value Entered] but found [Submit Button is Disabled. Need to fill Mandatory fields]]]>
            </message>
            <full-stacktrace>
              <![CDATA[java.lang.AssertionError: expected [Duplicate Value Entered] but found [Submit Button is Disabled. Need to fill Mandatory fields]
at org.testng.Assert.fail(Assert.java:99)
at org.testng.Assert.failNotEquals(Assert.java:1037)
at org.testng.Assert.assertEqualsImpl(Assert.java:140)
at org.testng.Assert.assertEquals(Assert.java:122)
at org.testng.Assert.assertEquals(Assert.java:629)
at org.testng.Assert.assertEquals(Assert.java:639)
at com.pages.DeviceProfile.AddDeviceProfilePage.verifyToasterMessage(AddDeviceProfilePage.java:77)
at stepdefinitions.DeviceProfile.AddDeviceProfileSteps.verify_toaster_message_for_add_device_profile(AddDeviceProfileSteps.java:79)
at ✽.Verify Toaster Message for Add Device Profile "Duplicate Value Entered"(file:///home/vassar-deepa/git/Stanley-Dashboard/src/test/resources/DeviceProfile/AddDeviceProfile.feature:13)
]]>
            </full-stacktrace>
          </exception> <!-- java.lang.AssertionError -->
          <reporter-output>
          </reporter-output>
        </test-method> <!-- runScenario -->
        <test-method signature="runScenario(io.cucumber.testng.PickleWrapper,io.cucumber.testng.FeatureWrapper)[pri:0, instance:testrunner.TestRunner@7674f035]" started-at="2022-12-29T10:14:07 IST" name="runScenario" description="Runs Cucumber Scenarios" data-provider="scenarios" finished-at="2022-12-29T10:14:25 IST" duration-ms="17305" status="FAIL">
          <params>
            <param index="0">
              <value>
                <![CDATA["Validate Add Device Profile Functionality"]]>
              </value>
            </param>
            <param index="1">
              <value>
                <![CDATA["Optional[Validate Add Device Profile Functionality]"]]>
              </value>
            </param>
          </params>
          <exception class="org.openqa.selenium.InvalidArgumentException">
            <message>
              <![CDATA[invalid argument: File not found : /home/vassar-deepa/Downloads/Image.bmp
  (Session info: chrome=108.0.5359.124)
Build info: version: '4.3.0', revision: 'a4995e2c09*'
System info: host: 'vassardeepa-ThinkPad-L15-Gen-3', ip: '127.0.1.1', os.name: 'Linux', os.arch: 'amd64', os.version: '5.15.0-56-generic', java.version: '17.0.5'
Driver info: org.openqa.selenium.chrome.ChromeDriver
Command: [8c5b37d08e14b5f45b68b5cd48aa9661, sendKeysToElement {id=78e1a934-808e-4b91-a4d3-f5491e4a24e3, value=[Ljava.lang.CharSequence;@cda988}]
Capabilities {acceptInsecureCerts: false, browserName: chrome, browserVersion: 108.0.5359.124, chrome: {chromedriverVersion: 108.0.5359.71 (1e0e3868ee06..., userDataDir: /tmp/.com.google.Chrome.AYFQNi}, goog:chromeOptions: {debuggerAddress: localhost:41985}, networkConnectionEnabled: false, pageLoadStrategy: normal, platformName: LINUX, proxy: Proxy(), se:cdp: ws://localhost:41985/devtoo..., se:cdpVersion: 108.0.5359.124, setWindowRect: true, strictFileInteractability: false, timeouts: {implicit: 0, pageLoad: 300000, script: 30000}, unhandledPromptBehavior: dismiss and notify, webauthn:extension:credBlob: true, webauthn:extension:largeBlob: true, webauthn:virtualAuthenticators: true}
Element: [[ChromeDriver: chrome on LINUX (8c5b37d08e14b5f45b68b5cd48aa9661)] -> xpath: //input[@formcontrolname='data_command_group_json']]
Session ID: 8c5b37d08e14b5f45b68b5cd48aa9661]]>
            </message>
            <full-stacktrace>
              <![CDATA[org.openqa.selenium.InvalidArgumentException: invalid argument: File not found : /home/vassar-deepa/Downloads/Image.bmp
  (Session info: chrome=108.0.5359.124)
Build info: version: '4.3.0', revision: 'a4995e2c09*'
System info: host: 'vassardeepa-ThinkPad-L15-Gen-3', ip: '127.0.1.1', os.name: 'Linux', os.arch: 'amd64', os.version: '5.15.0-56-generic', java.version: '17.0.5'
Driver info: org.openqa.selenium.chrome.ChromeDriver
Command: [8c5b37d08e14b5f45b68b5cd48aa9661, sendKeysToElement {id=78e1a934-808e-4b91-a4d3-f5491e4a24e3, value=[Ljava.lang.CharSequence;@cda988}]
Capabilities {acceptInsecureCerts: false, browserName: chrome, browserVersion: 108.0.5359.124, chrome: {chromedriverVersion: 108.0.5359.71 (1e0e3868ee06..., userDataDir: /tmp/.com.google.Chrome.AYFQNi}, goog:chromeOptions: {debuggerAddress: localhost:41985}, networkConnectionEnabled: false, pageLoadStrategy: normal, platformName: LINUX, proxy: Proxy(), se:cdp: ws://localhost:41985/devtoo..., se:cdpVersion: 108.0.5359.124, setWindowRect: true, strictFileInteractability: false, timeouts: {implicit: 0, pageLoad: 300000, script: 30000}, unhandledPromptBehavior: dismiss and notify, webauthn:extension:credBlob: true, webauthn:extension:largeBlob: true, webauthn:virtualAuthenticators: true}
Element: [[ChromeDriver: chrome on LINUX (8c5b37d08e14b5f45b68b5cd48aa9661)] -> xpath: //input[@formcontrolname='data_command_group_json']]
Session ID: 8c5b37d08e14b5f45b68b5cd48aa9661
at java.base/jdk.internal.reflect.NativeConstructorAccessorImpl.newInstance0(Native Method)
at java.base/jdk.internal.reflect.NativeConstructorAccessorImpl.newInstance(NativeConstructorAccessorImpl.java:77)
at java.base/jdk.internal.reflect.DelegatingConstructorAccessorImpl.newInstance(DelegatingConstructorAccessorImpl.java:45)
at java.base/java.lang.reflect.Constructor.newInstanceWithCaller(Constructor.java:499)
at java.base/java.lang.reflect.Constructor.newInstance(Constructor.java:480)
at org.openqa.selenium.remote.codec.w3c.W3CHttpResponseCodec.createException(W3CHttpResponseCodec.java:200)
at org.openqa.selenium.remote.codec.w3c.W3CHttpResponseCodec.decode(W3CHttpResponseCodec.java:133)
at org.openqa.selenium.remote.codec.w3c.W3CHttpResponseCodec.decode(W3CHttpResponseCodec.java:53)
at org.openqa.selenium.remote.HttpCommandExecutor.execute(HttpCommandExecutor.java:184)
at org.openqa.selenium.remote.service.DriverCommandExecutor.invokeExecute(DriverCommandExecutor.java:167)
at org.openqa.selenium.remote.service.DriverCommandExecutor.execute(DriverCommandExecutor.java:142)
at org.openqa.selenium.remote.RemoteWebDriver.execute(RemoteWebDriver.java:569)
at org.openqa.selenium.remote.RemoteWebElement.execute(RemoteWebElement.java:257)
at org.openqa.selenium.remote.RemoteWebElement.sendKeys(RemoteWebElement.java:113)
at com.pages.DeviceProfile.AddDeviceProfilePage.uploadDataCmdGrpJson(AddDeviceProfilePage.java:56)
at stepdefinitions.DeviceProfile.AddDeviceProfileSteps.upload_data_command_group_json(AddDeviceProfileSteps.java:62)
at ✽.Upload Data Command Group JSON "/home/vassar-deepa/Downloads/Image.bmp"(file:///home/vassar-deepa/git/Stanley-Dashboard/src/test/resources/DeviceProfile/AddDeviceProfile.feature:10)
]]>
            </full-stacktrace>
          </exception> <!-- org.openqa.selenium.InvalidArgumentException -->
          <reporter-output>
          </reporter-output>
        </test-method> <!-- runScenario -->
        <test-method signature="runScenario(io.cucumber.testng.PickleWrapper,io.cucumber.testng.FeatureWrapper)[pri:0, instance:testrunner.TestRunner@7674f035]" started-at="2022-12-29T10:14:25 IST" name="runScenario" description="Runs Cucumber Scenarios" data-provider="scenarios" finished-at="2022-12-29T10:14:46 IST" duration-ms="20901" status="FAIL">
          <params>
            <param index="0">
              <value>
                <![CDATA["Validate Add Device Profile Functionality"]]>
              </value>
            </param>
            <param index="1">
              <value>
                <![CDATA["Optional[Validate Add Device Profile Functionality]"]]>
              </value>
            </param>
          </params>
          <exception class="org.openqa.selenium.InvalidArgumentException">
            <message>
              <![CDATA[invalid argument: File not found : /home/vassar-deepa/Downloads/Image.bmp
  (Session info: chrome=108.0.5359.124)
Build info: version: '4.3.0', revision: 'a4995e2c09*'
System info: host: 'vassardeepa-ThinkPad-L15-Gen-3', ip: '127.0.1.1', os.name: 'Linux', os.arch: 'amd64', os.version: '5.15.0-56-generic', java.version: '17.0.5'
Driver info: org.openqa.selenium.chrome.ChromeDriver
Command: [04320af0cc6a69274b1cd896770666fe, sendKeysToElement {id=c3b294ed-5557-4215-8225-9bb1106bca8b, value=[Ljava.lang.CharSequence;@79827e71}]
Capabilities {acceptInsecureCerts: false, browserName: chrome, browserVersion: 108.0.5359.124, chrome: {chromedriverVersion: 108.0.5359.71 (1e0e3868ee06..., userDataDir: /tmp/.com.google.Chrome.Mgm4dw}, goog:chromeOptions: {debuggerAddress: localhost:45371}, networkConnectionEnabled: false, pageLoadStrategy: normal, platformName: LINUX, proxy: Proxy(), se:cdp: ws://localhost:45371/devtoo..., se:cdpVersion: 108.0.5359.124, setWindowRect: true, strictFileInteractability: false, timeouts: {implicit: 0, pageLoad: 300000, script: 30000}, unhandledPromptBehavior: dismiss and notify, webauthn:extension:credBlob: true, webauthn:extension:largeBlob: true, webauthn:virtualAuthenticators: true}
Element: [[ChromeDriver: chrome on LINUX (04320af0cc6a69274b1cd896770666fe)] -> xpath: //input[@formcontrolname='boot_command_group_json']]
Session ID: 04320af0cc6a69274b1cd896770666fe]]>
            </message>
            <full-stacktrace>
              <![CDATA[org.openqa.selenium.InvalidArgumentException: invalid argument: File not found : /home/vassar-deepa/Downloads/Image.bmp
  (Session info: chrome=108.0.5359.124)
Build info: version: '4.3.0', revision: 'a4995e2c09*'
System info: host: 'vassardeepa-ThinkPad-L15-Gen-3', ip: '127.0.1.1', os.name: 'Linux', os.arch: 'amd64', os.version: '5.15.0-56-generic', java.version: '17.0.5'
Driver info: org.openqa.selenium.chrome.ChromeDriver
Command: [04320af0cc6a69274b1cd896770666fe, sendKeysToElement {id=c3b294ed-5557-4215-8225-9bb1106bca8b, value=[Ljava.lang.CharSequence;@79827e71}]
Capabilities {acceptInsecureCerts: false, browserName: chrome, browserVersion: 108.0.5359.124, chrome: {chromedriverVersion: 108.0.5359.71 (1e0e3868ee06..., userDataDir: /tmp/.com.google.Chrome.Mgm4dw}, goog:chromeOptions: {debuggerAddress: localhost:45371}, networkConnectionEnabled: false, pageLoadStrategy: normal, platformName: LINUX, proxy: Proxy(), se:cdp: ws://localhost:45371/devtoo..., se:cdpVersion: 108.0.5359.124, setWindowRect: true, strictFileInteractability: false, timeouts: {implicit: 0, pageLoad: 300000, script: 30000}, unhandledPromptBehavior: dismiss and notify, webauthn:extension:credBlob: true, webauthn:extension:largeBlob: true, webauthn:virtualAuthenticators: true}
Element: [[ChromeDriver: chrome on LINUX (04320af0cc6a69274b1cd896770666fe)] -> xpath: //input[@formcontrolname='boot_command_group_json']]
Session ID: 04320af0cc6a69274b1cd896770666fe
at java.base/jdk.internal.reflect.NativeConstructorAccessorImpl.newInstance0(Native Method)
at java.base/jdk.internal.reflect.NativeConstructorAccessorImpl.newInstance(NativeConstructorAccessorImpl.java:77)
at java.base/jdk.internal.reflect.DelegatingConstructorAccessorImpl.newInstance(DelegatingConstructorAccessorImpl.java:45)
at java.base/java.lang.reflect.Constructor.newInstanceWithCaller(Constructor.java:499)
at java.base/java.lang.reflect.Constructor.newInstance(Constructor.java:480)
at org.openqa.selenium.remote.codec.w3c.W3CHttpResponseCodec.createException(W3CHttpResponseCodec.java:200)
at org.openqa.selenium.remote.codec.w3c.W3CHttpResponseCodec.decode(W3CHttpResponseCodec.java:133)
at org.openqa.selenium.remote.codec.w3c.W3CHttpResponseCodec.decode(W3CHttpResponseCodec.java:53)
at org.openqa.selenium.remote.HttpCommandExecutor.execute(HttpCommandExecutor.java:184)
at org.openqa.selenium.remote.service.DriverCommandExecutor.invokeExecute(DriverCommandExecutor.java:167)
at org.openqa.selenium.remote.service.DriverCommandExecutor.execute(DriverCommandExecutor.java:142)
at org.openqa.selenium.remote.RemoteWebDriver.execute(RemoteWebDriver.java:569)
at org.openqa.selenium.remote.RemoteWebElement.execute(RemoteWebElement.java:257)
at org.openqa.selenium.remote.RemoteWebElement.sendKeys(RemoteWebElement.java:113)
at com.pages.DeviceProfile.AddDeviceProfilePage.uploadBootCmdGrpJson(AddDeviceProfilePage.java:60)
at stepdefinitions.DeviceProfile.AddDeviceProfileSteps.upload_boot_command_group_json(AddDeviceProfileSteps.java:68)
at ✽.Upload Boot Command Group JSON "/home/vassar-deepa/Downloads/Image.bmp"(file:///home/vassar-deepa/git/Stanley-Dashboard/src/test/resources/DeviceProfile/AddDeviceProfile.feature:11)
]]>
            </full-stacktrace>
          </exception> <!-- org.openqa.selenium.InvalidArgumentException -->
          <reporter-output>
          </reporter-output>
        </test-method> <!-- runScenario -->
        <test-method signature="runScenario(io.cucumber.testng.PickleWrapper,io.cucumber.testng.FeatureWrapper)[pri:0, instance:testrunner.TestRunner@7674f035]" started-at="2022-12-29T10:14:46 IST" name="runScenario" description="Runs Cucumber Scenarios" data-provider="scenarios" finished-at="2022-12-29T10:15:04 IST" duration-ms="18768" status="FAIL">
          <params>
            <param index="0">
              <value>
                <![CDATA["Validate Add Device Profile Functionality"]]>
              </value>
            </param>
            <param index="1">
              <value>
                <![CDATA["Optional[Validate Add Device Profile Functionality]"]]>
              </value>
            </param>
          </params>
          <exception class="org.openqa.selenium.InvalidArgumentException">
            <message>
              <![CDATA[invalid argument: File not found : /home/vassar-deepa/Downloads/DoorTypeDD.png
  (Session info: chrome=108.0.5359.124)
Build info: version: '4.3.0', revision: 'a4995e2c09*'
System info: host: 'vassardeepa-ThinkPad-L15-Gen-3', ip: '127.0.1.1', os.name: 'Linux', os.arch: 'amd64', os.version: '5.15.0-56-generic', java.version: '17.0.5'
Driver info: org.openqa.selenium.chrome.ChromeDriver
Command: [a005c8029947126a0dceb77427e96951, sendKeysToElement {id=cd0f1bd3-5fe0-4fea-84cf-ce4c0ea573ca, value=[Ljava.lang.CharSequence;@7976d382}]
Capabilities {acceptInsecureCerts: false, browserName: chrome, browserVersion: 108.0.5359.124, chrome: {chromedriverVersion: 108.0.5359.71 (1e0e3868ee06..., userDataDir: /tmp/.com.google.Chrome.ohr8Vy}, goog:chromeOptions: {debuggerAddress: localhost:43293}, networkConnectionEnabled: false, pageLoadStrategy: normal, platformName: LINUX, proxy: Proxy(), se:cdp: ws://localhost:43293/devtoo..., se:cdpVersion: 108.0.5359.124, setWindowRect: true, strictFileInteractability: false, timeouts: {implicit: 0, pageLoad: 300000, script: 30000}, unhandledPromptBehavior: dismiss and notify, webauthn:extension:credBlob: true, webauthn:extension:largeBlob: true, webauthn:virtualAuthenticators: true}
Element: [[ChromeDriver: chrome on LINUX (a005c8029947126a0dceb77427e96951)] -> xpath: //input[@formcontrolname='data_command_group_json']]
Session ID: a005c8029947126a0dceb77427e96951]]>
            </message>
            <full-stacktrace>
              <![CDATA[org.openqa.selenium.InvalidArgumentException: invalid argument: File not found : /home/vassar-deepa/Downloads/DoorTypeDD.png
  (Session info: chrome=108.0.5359.124)
Build info: version: '4.3.0', revision: 'a4995e2c09*'
System info: host: 'vassardeepa-ThinkPad-L15-Gen-3', ip: '127.0.1.1', os.name: 'Linux', os.arch: 'amd64', os.version: '5.15.0-56-generic', java.version: '17.0.5'
Driver info: org.openqa.selenium.chrome.ChromeDriver
Command: [a005c8029947126a0dceb77427e96951, sendKeysToElement {id=cd0f1bd3-5fe0-4fea-84cf-ce4c0ea573ca, value=[Ljava.lang.CharSequence;@7976d382}]
Capabilities {acceptInsecureCerts: false, browserName: chrome, browserVersion: 108.0.5359.124, chrome: {chromedriverVersion: 108.0.5359.71 (1e0e3868ee06..., userDataDir: /tmp/.com.google.Chrome.ohr8Vy}, goog:chromeOptions: {debuggerAddress: localhost:43293}, networkConnectionEnabled: false, pageLoadStrategy: normal, platformName: LINUX, proxy: Proxy(), se:cdp: ws://localhost:43293/devtoo..., se:cdpVersion: 108.0.5359.124, setWindowRect: true, strictFileInteractability: false, timeouts: {implicit: 0, pageLoad: 300000, script: 30000}, unhandledPromptBehavior: dismiss and notify, webauthn:extension:credBlob: true, webauthn:extension:largeBlob: true, webauthn:virtualAuthenticators: true}
Element: [[ChromeDriver: chrome on LINUX (a005c8029947126a0dceb77427e96951)] -> xpath: //input[@formcontrolname='data_command_group_json']]
Session ID: a005c8029947126a0dceb77427e96951
at java.base/jdk.internal.reflect.NativeConstructorAccessorImpl.newInstance0(Native Method)
at java.base/jdk.internal.reflect.NativeConstructorAccessorImpl.newInstance(NativeConstructorAccessorImpl.java:77)
at java.base/jdk.internal.reflect.DelegatingConstructorAccessorImpl.newInstance(DelegatingConstructorAccessorImpl.java:45)
at java.base/java.lang.reflect.Constructor.newInstanceWithCaller(Constructor.java:499)
at java.base/java.lang.reflect.Constructor.newInstance(Constructor.java:480)
at org.openqa.selenium.remote.codec.w3c.W3CHttpResponseCodec.createException(W3CHttpResponseCodec.java:200)
at org.openqa.selenium.remote.codec.w3c.W3CHttpResponseCodec.decode(W3CHttpResponseCodec.java:133)
at org.openqa.selenium.remote.codec.w3c.W3CHttpResponseCodec.decode(W3CHttpResponseCodec.java:53)
at org.openqa.selenium.remote.HttpCommandExecutor.execute(HttpCommandExecutor.java:184)
at org.openqa.selenium.remote.service.DriverCommandExecutor.invokeExecute(DriverCommandExecutor.java:167)
at org.openqa.selenium.remote.service.DriverCommandExecutor.execute(DriverCommandExecutor.java:142)
at org.openqa.selenium.remote.RemoteWebDriver.execute(RemoteWebDriver.java:569)
at org.openqa.selenium.remote.RemoteWebElement.execute(RemoteWebElement.java:257)
at org.openqa.selenium.remote.RemoteWebElement.sendKeys(RemoteWebElement.java:113)
at com.pages.DeviceProfile.AddDeviceProfilePage.uploadDataCmdGrpJson(AddDeviceProfilePage.java:56)
at stepdefinitions.DeviceProfile.AddDeviceProfileSteps.upload_data_command_group_json(AddDeviceProfileSteps.java:62)
at ✽.Upload Data Command Group JSON "/home/vassar-deepa/Downloads/DoorTypeDD.png"(file:///home/vassar-deepa/git/Stanley-Dashboard/src/test/resources/DeviceProfile/AddDeviceProfile.feature:10)
]]>
            </full-stacktrace>
          </exception> <!-- org.openqa.selenium.InvalidArgumentException -->
          <reporter-output>
          </reporter-output>
        </test-method> <!-- runScenario -->
        <test-method signature="runScenario(io.cucumber.testng.PickleWrapper,io.cucumber.testng.FeatureWrapper)[pri:0, instance:testrunner.TestRunner@7674f035]" started-at="2022-12-29T10:15:04 IST" name="runScenario" description="Runs Cucumber Scenarios" data-provider="scenarios" finished-at="2022-12-29T10:15:29 IST" duration-ms="24319" status="PASS">
          <params>
            <param index="0">
              <value>
                <![CDATA["Validate Add Device Profile Functionality"]]>
              </value>
            </param>
            <param index="1">
              <value>
                <![CDATA["Optional[Validate Add Device Profile Functionality]"]]>
              </value>
            </param>
          </params>
          <reporter-output>
          </reporter-output>
        </test-method> <!-- runScenario -->
        <test-method signature="runScenario(io.cucumber.testng.PickleWrapper,io.cucumber.testng.FeatureWrapper)[pri:0, instance:testrunner.TestRunner@7674f035]" started-at="2022-12-29T10:15:29 IST" name="runScenario" description="Runs Cucumber Scenarios" data-provider="scenarios" finished-at="2022-12-29T10:15:52 IST" duration-ms="23410" status="PASS">
          <params>
            <param index="0">
              <value>
                <![CDATA["Validate Add Device Profile Functionality"]]>
              </value>
            </param>
            <param index="1">
              <value>
                <![CDATA["Optional[Validate Add Device Profile Functionality]"]]>
              </value>
            </param>
          </params>
          <reporter-output>
          </reporter-output>
        </test-method> <!-- runScenario -->
        <test-method signature="runScenario(io.cucumber.testng.PickleWrapper,io.cucumber.testng.FeatureWrapper)[pri:0, instance:testrunner.TestRunner@7674f035]" started-at="2022-12-29T10:15:52 IST" name="runScenario" description="Runs Cucumber Scenarios" data-provider="scenarios" finished-at="2022-12-29T10:16:16 IST" duration-ms="24145" status="PASS">
          <params>
            <param index="0">
              <value>
                <![CDATA["Validate Add Device Profile Functionality"]]>
              </value>
            </param>
            <param index="1">
              <value>
                <![CDATA["Optional[Validate Add Device Profile Functionality]"]]>
              </value>
            </param>
          </params>
          <reporter-output>
          </reporter-output>
        </test-method> <!-- runScenario -->
        <test-method signature="runScenario(io.cucumber.testng.PickleWrapper,io.cucumber.testng.FeatureWrapper)[pri:0, instance:testrunner.TestRunner@7674f035]" started-at="2022-12-29T10:16:16 IST" name="runScenario" description="Runs Cucumber Scenarios" data-provider="scenarios" finished-at="2022-12-29T10:16:37 IST" duration-ms="20975" status="FAIL">
          <params>
            <param index="0">
              <value>
                <![CDATA["Validate Add Device Profile Functionality"]]>
              </value>
            </param>
            <param index="1">
              <value>
                <![CDATA["Optional[Validate Add Device Profile Functionality]"]]>
              </value>
            </param>
          </params>
          <exception class="java.lang.AssertionError">
            <message>
              <![CDATA[expected [Duplicate Value Entered] but found [Submit Button is Disabled. Need to fill Mandatory fields]]]>
            </message>
            <full-stacktrace>
              <![CDATA[java.lang.AssertionError: expected [Duplicate Value Entered] but found [Submit Button is Disabled. Need to fill Mandatory fields]
at org.testng.Assert.fail(Assert.java:99)
at org.testng.Assert.failNotEquals(Assert.java:1037)
at org.testng.Assert.assertEqualsImpl(Assert.java:140)
at org.testng.Assert.assertEquals(Assert.java:122)
at org.testng.Assert.assertEquals(Assert.java:629)
at org.testng.Assert.assertEquals(Assert.java:639)
at com.pages.DeviceProfile.AddDeviceProfilePage.verifyToasterMessage(AddDeviceProfilePage.java:77)
at stepdefinitions.DeviceProfile.AddDeviceProfileSteps.verify_toaster_message_for_add_device_profile(AddDeviceProfileSteps.java:79)
at ✽.Verify Toaster Message for Add Device Profile "Duplicate Value Entered"(file:///home/vassar-deepa/git/Stanley-Dashboard/src/test/resources/DeviceProfile/AddDeviceProfile.feature:13)
]]>
            </full-stacktrace>
          </exception> <!-- java.lang.AssertionError -->
          <reporter-output>
          </reporter-output>
        </test-method> <!-- runScenario -->
        <test-method signature="runScenario(io.cucumber.testng.PickleWrapper,io.cucumber.testng.FeatureWrapper)[pri:0, instance:testrunner.TestRunner@7674f035]" started-at="2022-12-29T10:16:37 IST" name="runScenario" description="Runs Cucumber Scenarios" data-provider="scenarios" finished-at="2022-12-29T10:17:01 IST" duration-ms="24038" status="PASS">
          <params>
            <param index="0">
              <value>
                <![CDATA["Validate Add Device Profile Functionality"]]>
              </value>
            </param>
            <param index="1">
              <value>
                <![CDATA["Optional[Validate Add Device Profile Functionality]"]]>
              </value>
            </param>
          </params>
          <reporter-output>
          </reporter-output>
        </test-method> <!-- runScenario -->
        <test-method signature="runScenario(io.cucumber.testng.PickleWrapper,io.cucumber.testng.FeatureWrapper)[pri:0, instance:testrunner.TestRunner@7674f035]" started-at="2022-12-29T10:17:01 IST" name="runScenario" description="Runs Cucumber Scenarios" data-provider="scenarios" finished-at="2022-12-29T10:17:25 IST" duration-ms="23374" status="PASS">
          <params>
            <param index="0">
              <value>
                <![CDATA["Validate Add Device Profile Functionality"]]>
              </value>
            </param>
            <param index="1">
              <value>
                <![CDATA["Optional[Validate Add Device Profile Functionality]"]]>
              </value>
            </param>
          </params>
          <reporter-output>
          </reporter-output>
        </test-method> <!-- runScenario -->
        <test-method signature="runScenario(io.cucumber.testng.PickleWrapper,io.cucumber.testng.FeatureWrapper)[pri:0, instance:testrunner.TestRunner@7674f035]" started-at="2022-12-29T10:17:25 IST" name="runScenario" description="Runs Cucumber Scenarios" data-provider="scenarios" finished-at="2022-12-29T10:17:48 IST" duration-ms="22912" status="PASS">
          <params>
            <param index="0">
              <value>
                <![CDATA["Validate Add Device Profile Functionality"]]>
              </value>
            </param>
            <param index="1">
              <value>
                <![CDATA["Optional[Validate Add Device Profile Functionality]"]]>
              </value>
            </param>
          </params>
          <reporter-output>
          </reporter-output>
        </test-method> <!-- runScenario -->
        <test-method signature="runScenario(io.cucumber.testng.PickleWrapper,io.cucumber.testng.FeatureWrapper)[pri:0, instance:testrunner.TestRunner@7674f035]" started-at="2022-12-29T10:17:48 IST" name="runScenario" description="Runs Cucumber Scenarios" data-provider="scenarios" finished-at="2022-12-29T10:18:11 IST" duration-ms="23126" status="PASS">
          <params>
            <param index="0">
              <value>
                <![CDATA["Validate Add Device Profile Functionality"]]>
              </value>
            </param>
            <param index="1">
              <value>
                <![CDATA["Optional[Validate Add Device Profile Functionality]"]]>
              </value>
            </param>
          </params>
          <reporter-output>
          </reporter-output>
        </test-method> <!-- runScenario -->
        <test-method signature="runScenario(io.cucumber.testng.PickleWrapper,io.cucumber.testng.FeatureWrapper)[pri:0, instance:testrunner.TestRunner@7674f035]" started-at="2022-12-29T10:18:11 IST" name="runScenario" description="Runs Cucumber Scenarios" data-provider="scenarios" finished-at="2022-12-29T10:18:35 IST" duration-ms="24002" status="PASS">
          <params>
            <param index="0">
              <value>
                <![CDATA["Validate Add Device Profile Functionality"]]>
              </value>
            </param>
            <param index="1">
              <value>
                <![CDATA["Optional[Validate Add Device Profile Functionality]"]]>
              </value>
            </param>
          </params>
          <reporter-output>
          </reporter-output>
        </test-method> <!-- runScenario -->
        <test-method signature="runScenario(io.cucumber.testng.PickleWrapper,io.cucumber.testng.FeatureWrapper)[pri:0, instance:testrunner.TestRunner@7674f035]" started-at="2022-12-29T10:18:35 IST" name="runScenario" description="Runs Cucumber Scenarios" data-provider="scenarios" finished-at="2022-12-29T10:18:54 IST" duration-ms="19483" status="FAIL">
          <params>
            <param index="0">
              <value>
                <![CDATA["Validate Add Device Profile Functionality"]]>
              </value>
            </param>
            <param index="1">
              <value>
                <![CDATA["Optional[Validate Add Device Profile Functionality]"]]>
              </value>
            </param>
          </params>
          <exception class="java.lang.AssertionError">
            <message>
              <![CDATA[expected [Duplicate Value Entered] but found [Submit Button is Disabled. Need to fill Mandatory fields]]]>
            </message>
            <full-stacktrace>
              <![CDATA[java.lang.AssertionError: expected [Duplicate Value Entered] but found [Submit Button is Disabled. Need to fill Mandatory fields]
at org.testng.Assert.fail(Assert.java:99)
at org.testng.Assert.failNotEquals(Assert.java:1037)
at org.testng.Assert.assertEqualsImpl(Assert.java:140)
at org.testng.Assert.assertEquals(Assert.java:122)
at org.testng.Assert.assertEquals(Assert.java:629)
at org.testng.Assert.assertEquals(Assert.java:639)
at com.pages.DeviceProfile.AddDeviceProfilePage.verifyToasterMessage(AddDeviceProfilePage.java:77)
at stepdefinitions.DeviceProfile.AddDeviceProfileSteps.verify_toaster_message_for_add_device_profile(AddDeviceProfileSteps.java:79)
at ✽.Verify Toaster Message for Add Device Profile "Duplicate Value Entered"(file:///home/vassar-deepa/git/Stanley-Dashboard/src/test/resources/DeviceProfile/AddDeviceProfile.feature:13)
]]>
            </full-stacktrace>
          </exception> <!-- java.lang.AssertionError -->
          <reporter-output>
          </reporter-output>
        </test-method> <!-- runScenario -->
        <test-method signature="runScenario(io.cucumber.testng.PickleWrapper,io.cucumber.testng.FeatureWrapper)[pri:0, instance:testrunner.TestRunner@7674f035]" started-at="2022-12-29T10:18:54 IST" name="runScenario" description="Runs Cucumber Scenarios" data-provider="scenarios" finished-at="2022-12-29T10:19:15 IST" duration-ms="20576" status="FAIL">
          <params>
            <param index="0">
              <value>
                <![CDATA["Validate Add Device Profile Functionality"]]>
              </value>
            </param>
            <param index="1">
              <value>
                <![CDATA["Optional[Validate Add Device Profile Functionality]"]]>
              </value>
            </param>
          </params>
          <exception class="java.lang.AssertionError">
            <message>
              <![CDATA[expected [Duplicate Value Entered] but found [Submit Button is Disabled. Need to fill Mandatory fields]]]>
            </message>
            <full-stacktrace>
              <![CDATA[java.lang.AssertionError: expected [Duplicate Value Entered] but found [Submit Button is Disabled. Need to fill Mandatory fields]
at org.testng.Assert.fail(Assert.java:99)
at org.testng.Assert.failNotEquals(Assert.java:1037)
at org.testng.Assert.assertEqualsImpl(Assert.java:140)
at org.testng.Assert.assertEquals(Assert.java:122)
at org.testng.Assert.assertEquals(Assert.java:629)
at org.testng.Assert.assertEquals(Assert.java:639)
at com.pages.DeviceProfile.AddDeviceProfilePage.verifyToasterMessage(AddDeviceProfilePage.java:77)
at stepdefinitions.DeviceProfile.AddDeviceProfileSteps.verify_toaster_message_for_add_device_profile(AddDeviceProfileSteps.java:79)
at ✽.Verify Toaster Message for Add Device Profile "Duplicate Value Entered"(file:///home/vassar-deepa/git/Stanley-Dashboard/src/test/resources/DeviceProfile/AddDeviceProfile.feature:13)
]]>
            </full-stacktrace>
          </exception> <!-- java.lang.AssertionError -->
          <reporter-output>
          </reporter-output>
        </test-method> <!-- runScenario -->
        <test-method signature="runScenario(io.cucumber.testng.PickleWrapper,io.cucumber.testng.FeatureWrapper)[pri:0, instance:testrunner.TestRunner@7674f035]" started-at="2022-12-29T10:19:15 IST" name="runScenario" description="Runs Cucumber Scenarios" data-provider="scenarios" finished-at="2022-12-29T10:19:35 IST" duration-ms="20518" status="FAIL">
          <params>
            <param index="0">
              <value>
                <![CDATA["Validate Add Device Profile Functionality"]]>
              </value>
            </param>
            <param index="1">
              <value>
                <![CDATA["Optional[Validate Add Device Profile Functionality]"]]>
              </value>
            </param>
          </params>
          <exception class="java.lang.AssertionError">
            <message>
              <![CDATA[expected [Duplicate Value Entered] but found [Submit Button is Disabled. Need to fill Mandatory fields]]]>
            </message>
            <full-stacktrace>
              <![CDATA[java.lang.AssertionError: expected [Duplicate Value Entered] but found [Submit Button is Disabled. Need to fill Mandatory fields]
at org.testng.Assert.fail(Assert.java:99)
at org.testng.Assert.failNotEquals(Assert.java:1037)
at org.testng.Assert.assertEqualsImpl(Assert.java:140)
at org.testng.Assert.assertEquals(Assert.java:122)
at org.testng.Assert.assertEquals(Assert.java:629)
at org.testng.Assert.assertEquals(Assert.java:639)
at com.pages.DeviceProfile.AddDeviceProfilePage.verifyToasterMessage(AddDeviceProfilePage.java:77)
at stepdefinitions.DeviceProfile.AddDeviceProfileSteps.verify_toaster_message_for_add_device_profile(AddDeviceProfileSteps.java:79)
at ✽.Verify Toaster Message for Add Device Profile "Duplicate Value Entered"(file:///home/vassar-deepa/git/Stanley-Dashboard/src/test/resources/DeviceProfile/AddDeviceProfile.feature:13)
]]>
            </full-stacktrace>
          </exception> <!-- java.lang.AssertionError -->
          <reporter-output>
          </reporter-output>
        </test-method> <!-- runScenario -->
        <test-method signature="runScenario(io.cucumber.testng.PickleWrapper,io.cucumber.testng.FeatureWrapper)[pri:0, instance:testrunner.TestRunner@7674f035]" started-at="2022-12-29T10:19:35 IST" name="runScenario" description="Runs Cucumber Scenarios" data-provider="scenarios" finished-at="2022-12-29T10:19:55 IST" duration-ms="20100" status="FAIL">
          <params>
            <param index="0">
              <value>
                <![CDATA["Validate Add Device Profile Functionality"]]>
              </value>
            </param>
            <param index="1">
              <value>
                <![CDATA["Optional[Validate Add Device Profile Functionality]"]]>
              </value>
            </param>
          </params>
          <exception class="java.lang.AssertionError">
            <message>
              <![CDATA[expected [Duplicate Value Entered] but found [Submit Button is Disabled. Need to fill Mandatory fields]]]>
            </message>
            <full-stacktrace>
              <![CDATA[java.lang.AssertionError: expected [Duplicate Value Entered] but found [Submit Button is Disabled. Need to fill Mandatory fields]
at org.testng.Assert.fail(Assert.java:99)
at org.testng.Assert.failNotEquals(Assert.java:1037)
at org.testng.Assert.assertEqualsImpl(Assert.java:140)
at org.testng.Assert.assertEquals(Assert.java:122)
at org.testng.Assert.assertEquals(Assert.java:629)
at org.testng.Assert.assertEquals(Assert.java:639)
at com.pages.DeviceProfile.AddDeviceProfilePage.verifyToasterMessage(AddDeviceProfilePage.java:77)
at stepdefinitions.DeviceProfile.AddDeviceProfileSteps.verify_toaster_message_for_add_device_profile(AddDeviceProfileSteps.java:79)
at ✽.Verify Toaster Message for Add Device Profile "Duplicate Value Entered"(file:///home/vassar-deepa/git/Stanley-Dashboard/src/test/resources/DeviceProfile/AddDeviceProfile.feature:13)
]]>
            </full-stacktrace>
          </exception> <!-- java.lang.AssertionError -->
          <reporter-output>
          </reporter-output>
        </test-method> <!-- runScenario -->
        <test-method signature="runScenario(io.cucumber.testng.PickleWrapper,io.cucumber.testng.FeatureWrapper)[pri:0, instance:testrunner.TestRunner@7674f035]" started-at="2022-12-29T10:19:55 IST" name="runScenario" description="Runs Cucumber Scenarios" data-provider="scenarios" finished-at="2022-12-29T10:20:18 IST" duration-ms="22390" status="PASS">
          <params>
            <param index="0">
              <value>
                <![CDATA["Validate Add Device Profile Functionality"]]>
              </value>
            </param>
            <param index="1">
              <value>
                <![CDATA["Optional[Validate Add Device Profile Functionality]"]]>
              </value>
            </param>
          </params>
          <reporter-output>
          </reporter-output>
        </test-method> <!-- runScenario -->
        <test-method signature="runScenario(io.cucumber.testng.PickleWrapper,io.cucumber.testng.FeatureWrapper)[pri:0, instance:testrunner.TestRunner@7674f035]" started-at="2022-12-29T10:20:18 IST" name="runScenario" description="Runs Cucumber Scenarios" data-provider="scenarios" finished-at="2022-12-29T10:20:39 IST" duration-ms="21524" status="PASS">
          <params>
            <param index="0">
              <value>
                <![CDATA["Validate Add Device Profile Functionality"]]>
              </value>
            </param>
            <param index="1">
              <value>
                <![CDATA["Optional[Validate Add Device Profile Functionality]"]]>
              </value>
            </param>
          </params>
          <reporter-output>
          </reporter-output>
        </test-method> <!-- runScenario -->
        <test-method signature="runScenario(io.cucumber.testng.PickleWrapper,io.cucumber.testng.FeatureWrapper)[pri:0, instance:testrunner.TestRunner@7674f035]" started-at="2022-12-29T10:20:39 IST" name="runScenario" description="Runs Cucumber Scenarios" data-provider="scenarios" finished-at="2022-12-29T10:21:01 IST" duration-ms="21629" status="FAIL">
          <params>
            <param index="0">
              <value>
                <![CDATA["Validate Add Device Profile Functionality"]]>
              </value>
            </param>
            <param index="1">
              <value>
                <![CDATA["Optional[Validate Add Device Profile Functionality]"]]>
              </value>
            </param>
          </params>
          <exception class="java.lang.AssertionError">
            <message>
              <![CDATA[expected [Device Profile Added Successfully] but found [Duplicate Value Entered]]]>
            </message>
            <full-stacktrace>
              <![CDATA[java.lang.AssertionError: expected [Device Profile Added Successfully] but found [Duplicate Value Entered]
at org.testng.Assert.fail(Assert.java:99)
at org.testng.Assert.failNotEquals(Assert.java:1037)
at org.testng.Assert.assertEqualsImpl(Assert.java:140)
at org.testng.Assert.assertEquals(Assert.java:122)
at org.testng.Assert.assertEquals(Assert.java:629)
at org.testng.Assert.assertEquals(Assert.java:639)
at com.pages.DeviceProfile.AddDeviceProfilePage.verifyToasterMessage(AddDeviceProfilePage.java:74)
at stepdefinitions.DeviceProfile.AddDeviceProfileSteps.verify_toaster_message_for_add_device_profile(AddDeviceProfileSteps.java:79)
at ✽.Verify Toaster Message for Add Device Profile "Device Profile Added Successfully"(file:///home/vassar-deepa/git/Stanley-Dashboard/src/test/resources/DeviceProfile/AddDeviceProfile.feature:13)
]]>
            </full-stacktrace>
          </exception> <!-- java.lang.AssertionError -->
          <reporter-output>
          </reporter-output>
        </test-method> <!-- runScenario -->
        <test-method signature="runScenario(io.cucumber.testng.PickleWrapper,io.cucumber.testng.FeatureWrapper)[pri:0, instance:testrunner.TestRunner@7674f035]" started-at="2022-12-29T10:21:01 IST" name="runScenario" description="Runs Cucumber Scenarios" data-provider="scenarios" finished-at="2022-12-29T10:21:15 IST" duration-ms="14089" status="PASS">
          <params>
            <param index="0">
              <value>
                <![CDATA["Validate Delete Device Profile Functionality"]]>
              </value>
            </param>
            <param index="1">
              <value>
                <![CDATA["Optional[Validate Delete Device Profile Functionality]"]]>
              </value>
            </param>
          </params>
          <reporter-output>
            <line>
              <![CDATA[Entered Device Profile ID does NOT exists in Table]]>
            </line>
          </reporter-output>
        </test-method> <!-- runScenario -->
        <test-method signature="runScenario(io.cucumber.testng.PickleWrapper,io.cucumber.testng.FeatureWrapper)[pri:0, instance:testrunner.TestRunner@7674f035]" started-at="2022-12-29T10:21:15 IST" name="runScenario" description="Runs Cucumber Scenarios" data-provider="scenarios" finished-at="2022-12-29T10:21:28 IST" duration-ms="13006" status="PASS">
          <params>
            <param index="0">
              <value>
                <![CDATA["Validate Delete Device Profile Functionality"]]>
              </value>
            </param>
            <param index="1">
              <value>
                <![CDATA["Optional[Validate Delete Device Profile Functionality]"]]>
              </value>
            </param>
          </params>
          <reporter-output>
            <line>
              <![CDATA[Entered Device Profile ID does NOT exists in Table]]>
            </line>
          </reporter-output>
        </test-method> <!-- runScenario -->
        <test-method signature="runScenario(io.cucumber.testng.PickleWrapper,io.cucumber.testng.FeatureWrapper)[pri:0, instance:testrunner.TestRunner@7674f035]" started-at="2022-12-29T10:21:28 IST" name="runScenario" description="Runs Cucumber Scenarios" data-provider="scenarios" finished-at="2022-12-29T10:21:40 IST" duration-ms="12292" status="PASS">
          <params>
            <param index="0">
              <value>
                <![CDATA["Validate Delete Device Profile Functionality"]]>
              </value>
            </param>
            <param index="1">
              <value>
                <![CDATA["Optional[Validate Delete Device Profile Functionality]"]]>
              </value>
            </param>
          </params>
          <reporter-output>
            <line>
              <![CDATA[Entered Device Profile ID does NOT exists in Table]]>
            </line>
          </reporter-output>
        </test-method> <!-- runScenario -->
        <test-method signature="runScenario(io.cucumber.testng.PickleWrapper,io.cucumber.testng.FeatureWrapper)[pri:0, instance:testrunner.TestRunner@7674f035]" started-at="2022-12-29T10:21:40 IST" name="runScenario" description="Runs Cucumber Scenarios" data-provider="scenarios" finished-at="2022-12-29T10:21:53 IST" duration-ms="13117" status="PASS">
          <params>
            <param index="0">
              <value>
                <![CDATA["Validate Delete Device Profile Functionality"]]>
              </value>
            </param>
            <param index="1">
              <value>
                <![CDATA["Optional[Validate Delete Device Profile Functionality]"]]>
              </value>
            </param>
          </params>
          <reporter-output>
            <line>
              <![CDATA[Entered Device Profile ID does NOT exists in Table]]>
            </line>
          </reporter-output>
        </test-method> <!-- runScenario -->
        <test-method signature="runScenario(io.cucumber.testng.PickleWrapper,io.cucumber.testng.FeatureWrapper)[pri:0, instance:testrunner.TestRunner@7674f035]" started-at="2022-12-29T10:21:53 IST" name="runScenario" description="Runs Cucumber Scenarios" data-provider="scenarios" finished-at="2022-12-29T10:22:03 IST" duration-ms="9701" status="PASS">
          <params>
            <param index="0">
              <value>
                <![CDATA["Verify Device Profile page"]]>
              </value>
            </param>
            <param index="1">
              <value>
                <![CDATA["Optional[Verify Device Profile Page]"]]>
              </value>
            </param>
          </params>
          <reporter-output>
          </reporter-output>
        </test-method> <!-- runScenario -->
        <test-method signature="runScenario(io.cucumber.testng.PickleWrapper,io.cucumber.testng.FeatureWrapper)[pri:0, instance:testrunner.TestRunner@7674f035]" started-at="2022-12-29T10:22:03 IST" name="runScenario" description="Runs Cucumber Scenarios" data-provider="scenarios" finished-at="2022-12-29T10:22:16 IST" duration-ms="12920" status="PASS">
          <params>
            <param index="0">
              <value>
                <![CDATA["Validate Edit Device Profile Functionality"]]>
              </value>
            </param>
            <param index="1">
              <value>
                <![CDATA["Optional[Validate Edit Device Profile Functionality]"]]>
              </value>
            </param>
          </params>
          <reporter-output>
          </reporter-output>
        </test-method> <!-- runScenario -->
        <test-method signature="runScenario(io.cucumber.testng.PickleWrapper,io.cucumber.testng.FeatureWrapper)[pri:0, instance:testrunner.TestRunner@7674f035]" started-at="2022-12-29T10:22:16 IST" name="runScenario" description="Runs Cucumber Scenarios" data-provider="scenarios" finished-at="2022-12-29T10:22:32 IST" duration-ms="15758" status="FAIL">
          <params>
            <param index="0">
              <value>
                <![CDATA["Scenario to Add DeviceType"]]>
              </value>
            </param>
            <param index="1">
              <value>
                <![CDATA["Optional[To Add DeviceType]"]]>
              </value>
            </param>
          </params>
          <exception class="org.openqa.selenium.ElementClickInterceptedException">
            <message>
              <![CDATA[element click intercepted: Element <button _ngcontent-uva-c163="" type="button" class="btn btn-primary rounded-pill">...</button> is not clickable at point (1704, 146). Other element would receive the click: <div _ngcontent-uva-c73="" class="ngx-overlay ngx-position-absolute foreground-closing" style="background-color: rgba(40, 40, 40, 0.8); border-radius: 0px;">...</div>
  (Session info: chrome=108.0.5359.124)
Build info: version: '4.3.0', revision: 'a4995e2c09*'
System info: host: 'vassardeepa-ThinkPad-L15-Gen-3', ip: '127.0.1.1', os.name: 'Linux', os.arch: 'amd64', os.version: '5.15.0-56-generic', java.version: '17.0.5'
Driver info: org.openqa.selenium.chrome.ChromeDriver
Command: [a634718c9e1bcb19bf507371c0e6fe61, clickElement {id=3a87d01d-fd04-4199-bce6-cc8f8708fdac}]
Capabilities {acceptInsecureCerts: false, browserName: chrome, browserVersion: 108.0.5359.124, chrome: {chromedriverVersion: 108.0.5359.71 (1e0e3868ee06..., userDataDir: /tmp/.com.google.Chrome.Y9gP1y}, goog:chromeOptions: {debuggerAddress: localhost:35265}, networkConnectionEnabled: false, pageLoadStrategy: normal, platformName: LINUX, proxy: Proxy(), se:cdp: ws://localhost:35265/devtoo..., se:cdpVersion: 108.0.5359.124, setWindowRect: true, strictFileInteractability: false, timeouts: {implicit: 0, pageLoad: 300000, script: 30000}, unhandledPromptBehavior: dismiss and notify, webauthn:extension:credBlob: true, webauthn:extension:largeBlob: true, webauthn:virtualAuthenticators: true}
Element: [[ChromeDriver: chrome on LINUX (a634718c9e1bcb19bf507371c0e6fe61)] -> xpath: //button[text()='Add Device Type ']]
Session ID: a634718c9e1bcb19bf507371c0e6fe61]]>
            </message>
            <full-stacktrace>
              <![CDATA[org.openqa.selenium.ElementClickInterceptedException: element click intercepted: Element <button _ngcontent-uva-c163="" type="button" class="btn btn-primary rounded-pill">...</button> is not clickable at point (1704, 146). Other element would receive the click: <div _ngcontent-uva-c73="" class="ngx-overlay ngx-position-absolute foreground-closing" style="background-color: rgba(40, 40, 40, 0.8); border-radius: 0px;">...</div>
  (Session info: chrome=108.0.5359.124)
Build info: version: '4.3.0', revision: 'a4995e2c09*'
System info: host: 'vassardeepa-ThinkPad-L15-Gen-3', ip: '127.0.1.1', os.name: 'Linux', os.arch: 'amd64', os.version: '5.15.0-56-generic', java.version: '17.0.5'
Driver info: org.openqa.selenium.chrome.ChromeDriver
Command: [a634718c9e1bcb19bf507371c0e6fe61, clickElement {id=3a87d01d-fd04-4199-bce6-cc8f8708fdac}]
Capabilities {acceptInsecureCerts: false, browserName: chrome, browserVersion: 108.0.5359.124, chrome: {chromedriverVersion: 108.0.5359.71 (1e0e3868ee06..., userDataDir: /tmp/.com.google.Chrome.Y9gP1y}, goog:chromeOptions: {debuggerAddress: localhost:35265}, networkConnectionEnabled: false, pageLoadStrategy: normal, platformName: LINUX, proxy: Proxy(), se:cdp: ws://localhost:35265/devtoo..., se:cdpVersion: 108.0.5359.124, setWindowRect: true, strictFileInteractability: false, timeouts: {implicit: 0, pageLoad: 300000, script: 30000}, unhandledPromptBehavior: dismiss and notify, webauthn:extension:credBlob: true, webauthn:extension:largeBlob: true, webauthn:virtualAuthenticators: true}
Element: [[ChromeDriver: chrome on LINUX (a634718c9e1bcb19bf507371c0e6fe61)] -> xpath: //button[text()='Add Device Type ']]
Session ID: a634718c9e1bcb19bf507371c0e6fe61
at jdk.internal.reflect.GeneratedConstructorAccessor37.newInstance(Unknown Source)
at java.base/jdk.internal.reflect.DelegatingConstructorAccessorImpl.newInstance(DelegatingConstructorAccessorImpl.java:45)
at java.base/java.lang.reflect.Constructor.newInstanceWithCaller(Constructor.java:499)
at java.base/java.lang.reflect.Constructor.newInstance(Constructor.java:480)
at org.openqa.selenium.remote.codec.w3c.W3CHttpResponseCodec.createException(W3CHttpResponseCodec.java:200)
at org.openqa.selenium.remote.codec.w3c.W3CHttpResponseCodec.decode(W3CHttpResponseCodec.java:133)
at org.openqa.selenium.remote.codec.w3c.W3CHttpResponseCodec.decode(W3CHttpResponseCodec.java:53)
at org.openqa.selenium.remote.HttpCommandExecutor.execute(HttpCommandExecutor.java:184)
at org.openqa.selenium.remote.service.DriverCommandExecutor.invokeExecute(DriverCommandExecutor.java:167)
at org.openqa.selenium.remote.service.DriverCommandExecutor.execute(DriverCommandExecutor.java:142)
at org.openqa.selenium.remote.RemoteWebDriver.execute(RemoteWebDriver.java:569)
at org.openqa.selenium.remote.RemoteWebElement.execute(RemoteWebElement.java:257)
at org.openqa.selenium.remote.RemoteWebElement.click(RemoteWebElement.java:78)
at com.pages.DeviceType.AddDeviceTypePage.clickOnAddDeviceType(AddDeviceTypePage.java:33)
at stepdefinitions.DeviceType.AddDeviceTypeSteps.Go_To_Add_DeviceType_Page(AddDeviceTypeSteps.java:24)
at ✽.Go To Add DeviceType Page(file:///home/vassar-deepa/git/Stanley-Dashboard/src/test/resources/DeviceType/AddDeviceType.feature:4)
]]>
            </full-stacktrace>
          </exception> <!-- org.openqa.selenium.ElementClickInterceptedException -->
          <reporter-output>
          </reporter-output>
        </test-method> <!-- runScenario -->
        <test-method signature="runScenario(io.cucumber.testng.PickleWrapper,io.cucumber.testng.FeatureWrapper)[pri:0, instance:testrunner.TestRunner@7674f035]" started-at="2022-12-29T10:22:32 IST" name="runScenario" description="Runs Cucumber Scenarios" data-provider="scenarios" finished-at="2022-12-29T10:22:46 IST" duration-ms="14354" status="FAIL">
          <params>
            <param index="0">
              <value>
                <![CDATA["Scenario to Add DeviceType"]]>
              </value>
            </param>
            <param index="1">
              <value>
                <![CDATA["Optional[To Add DeviceType]"]]>
              </value>
            </param>
          </params>
          <exception class="org.openqa.selenium.ElementClickInterceptedException">
            <message>
              <![CDATA[element click intercepted: Element <button _ngcontent-pgo-c163="" type="button" class="btn btn-primary rounded-pill">...</button> is not clickable at point (1704, 146). Other element would receive the click: <div _ngcontent-pgo-c73="" class="ngx-overlay ngx-position-absolute foreground-closing" style="background-color: rgba(40, 40, 40, 0.8); border-radius: 0px;">...</div>
  (Session info: chrome=108.0.5359.124)
Build info: version: '4.3.0', revision: 'a4995e2c09*'
System info: host: 'vassardeepa-ThinkPad-L15-Gen-3', ip: '127.0.1.1', os.name: 'Linux', os.arch: 'amd64', os.version: '5.15.0-56-generic', java.version: '17.0.5'
Driver info: org.openqa.selenium.chrome.ChromeDriver
Command: [a22208deb24d2a571842faac2f1bf32c, clickElement {id=ac5e1be2-3059-476a-a4fe-61166c2870c6}]
Capabilities {acceptInsecureCerts: false, browserName: chrome, browserVersion: 108.0.5359.124, chrome: {chromedriverVersion: 108.0.5359.71 (1e0e3868ee06..., userDataDir: /tmp/.com.google.Chrome.O7rVvL}, goog:chromeOptions: {debuggerAddress: localhost:42609}, networkConnectionEnabled: false, pageLoadStrategy: normal, platformName: LINUX, proxy: Proxy(), se:cdp: ws://localhost:42609/devtoo..., se:cdpVersion: 108.0.5359.124, setWindowRect: true, strictFileInteractability: false, timeouts: {implicit: 0, pageLoad: 300000, script: 30000}, unhandledPromptBehavior: dismiss and notify, webauthn:extension:credBlob: true, webauthn:extension:largeBlob: true, webauthn:virtualAuthenticators: true}
Element: [[ChromeDriver: chrome on LINUX (a22208deb24d2a571842faac2f1bf32c)] -> xpath: //button[text()='Add Device Type ']]
Session ID: a22208deb24d2a571842faac2f1bf32c]]>
            </message>
            <full-stacktrace>
              <![CDATA[org.openqa.selenium.ElementClickInterceptedException: element click intercepted: Element <button _ngcontent-pgo-c163="" type="button" class="btn btn-primary rounded-pill">...</button> is not clickable at point (1704, 146). Other element would receive the click: <div _ngcontent-pgo-c73="" class="ngx-overlay ngx-position-absolute foreground-closing" style="background-color: rgba(40, 40, 40, 0.8); border-radius: 0px;">...</div>
  (Session info: chrome=108.0.5359.124)
Build info: version: '4.3.0', revision: 'a4995e2c09*'
System info: host: 'vassardeepa-ThinkPad-L15-Gen-3', ip: '127.0.1.1', os.name: 'Linux', os.arch: 'amd64', os.version: '5.15.0-56-generic', java.version: '17.0.5'
Driver info: org.openqa.selenium.chrome.ChromeDriver
Command: [a22208deb24d2a571842faac2f1bf32c, clickElement {id=ac5e1be2-3059-476a-a4fe-61166c2870c6}]
Capabilities {acceptInsecureCerts: false, browserName: chrome, browserVersion: 108.0.5359.124, chrome: {chromedriverVersion: 108.0.5359.71 (1e0e3868ee06..., userDataDir: /tmp/.com.google.Chrome.O7rVvL}, goog:chromeOptions: {debuggerAddress: localhost:42609}, networkConnectionEnabled: false, pageLoadStrategy: normal, platformName: LINUX, proxy: Proxy(), se:cdp: ws://localhost:42609/devtoo..., se:cdpVersion: 108.0.5359.124, setWindowRect: true, strictFileInteractability: false, timeouts: {implicit: 0, pageLoad: 300000, script: 30000}, unhandledPromptBehavior: dismiss and notify, webauthn:extension:credBlob: true, webauthn:extension:largeBlob: true, webauthn:virtualAuthenticators: true}
Element: [[ChromeDriver: chrome on LINUX (a22208deb24d2a571842faac2f1bf32c)] -> xpath: //button[text()='Add Device Type ']]
Session ID: a22208deb24d2a571842faac2f1bf32c
at jdk.internal.reflect.GeneratedConstructorAccessor37.newInstance(Unknown Source)
at java.base/jdk.internal.reflect.DelegatingConstructorAccessorImpl.newInstance(DelegatingConstructorAccessorImpl.java:45)
at java.base/java.lang.reflect.Constructor.newInstanceWithCaller(Constructor.java:499)
at java.base/java.lang.reflect.Constructor.newInstance(Constructor.java:480)
at org.openqa.selenium.remote.codec.w3c.W3CHttpResponseCodec.createException(W3CHttpResponseCodec.java:200)
at org.openqa.selenium.remote.codec.w3c.W3CHttpResponseCodec.decode(W3CHttpResponseCodec.java:133)
at org.openqa.selenium.remote.codec.w3c.W3CHttpResponseCodec.decode(W3CHttpResponseCodec.java:53)
at org.openqa.selenium.remote.HttpCommandExecutor.execute(HttpCommandExecutor.java:184)
at org.openqa.selenium.remote.service.DriverCommandExecutor.invokeExecute(DriverCommandExecutor.java:167)
at org.openqa.selenium.remote.service.DriverCommandExecutor.execute(DriverCommandExecutor.java:142)
at org.openqa.selenium.remote.RemoteWebDriver.execute(RemoteWebDriver.java:569)
at org.openqa.selenium.remote.RemoteWebElement.execute(RemoteWebElement.java:257)
at org.openqa.selenium.remote.RemoteWebElement.click(RemoteWebElement.java:78)
at com.pages.DeviceType.AddDeviceTypePage.clickOnAddDeviceType(AddDeviceTypePage.java:33)
at stepdefinitions.DeviceType.AddDeviceTypeSteps.Go_To_Add_DeviceType_Page(AddDeviceTypeSteps.java:24)
at ✽.Go To Add DeviceType Page(file:///home/vassar-deepa/git/Stanley-Dashboard/src/test/resources/DeviceType/AddDeviceType.feature:4)
]]>
            </full-stacktrace>
          </exception> <!-- org.openqa.selenium.ElementClickInterceptedException -->
          <reporter-output>
          </reporter-output>
        </test-method> <!-- runScenario -->
        <test-method signature="runScenario(io.cucumber.testng.PickleWrapper,io.cucumber.testng.FeatureWrapper)[pri:0, instance:testrunner.TestRunner@7674f035]" started-at="2022-12-29T10:22:46 IST" name="runScenario" description="Runs Cucumber Scenarios" data-provider="scenarios" finished-at="2022-12-29T10:22:59 IST" duration-ms="13158" status="FAIL">
          <params>
            <param index="0">
              <value>
                <![CDATA["Scenario to Add DeviceType"]]>
              </value>
            </param>
            <param index="1">
              <value>
                <![CDATA["Optional[To Add DeviceType]"]]>
              </value>
            </param>
          </params>
          <exception class="org.openqa.selenium.ElementClickInterceptedException">
            <message>
              <![CDATA[element click intercepted: Element <button _ngcontent-irb-c163="" type="button" class="btn btn-primary rounded-pill">...</button> is not clickable at point (1704, 146). Other element would receive the click: <div _ngcontent-irb-c73="" class="ngx-overlay ngx-position-absolute foreground-closing" style="background-color: rgba(40, 40, 40, 0.8); border-radius: 0px;">...</div>
  (Session info: chrome=108.0.5359.124)
Build info: version: '4.3.0', revision: 'a4995e2c09*'
System info: host: 'vassardeepa-ThinkPad-L15-Gen-3', ip: '127.0.1.1', os.name: 'Linux', os.arch: 'amd64', os.version: '5.15.0-56-generic', java.version: '17.0.5'
Driver info: org.openqa.selenium.chrome.ChromeDriver
Command: [03ab6741baa61526c993509d262d042d, clickElement {id=4f9699cd-c776-435d-8db2-1ff26adaa53c}]
Capabilities {acceptInsecureCerts: false, browserName: chrome, browserVersion: 108.0.5359.124, chrome: {chromedriverVersion: 108.0.5359.71 (1e0e3868ee06..., userDataDir: /tmp/.com.google.Chrome.NjB1u8}, goog:chromeOptions: {debuggerAddress: localhost:37923}, networkConnectionEnabled: false, pageLoadStrategy: normal, platformName: LINUX, proxy: Proxy(), se:cdp: ws://localhost:37923/devtoo..., se:cdpVersion: 108.0.5359.124, setWindowRect: true, strictFileInteractability: false, timeouts: {implicit: 0, pageLoad: 300000, script: 30000}, unhandledPromptBehavior: dismiss and notify, webauthn:extension:credBlob: true, webauthn:extension:largeBlob: true, webauthn:virtualAuthenticators: true}
Element: [[ChromeDriver: chrome on LINUX (03ab6741baa61526c993509d262d042d)] -> xpath: //button[text()='Add Device Type ']]
Session ID: 03ab6741baa61526c993509d262d042d]]>
            </message>
            <full-stacktrace>
              <![CDATA[org.openqa.selenium.ElementClickInterceptedException: element click intercepted: Element <button _ngcontent-irb-c163="" type="button" class="btn btn-primary rounded-pill">...</button> is not clickable at point (1704, 146). Other element would receive the click: <div _ngcontent-irb-c73="" class="ngx-overlay ngx-position-absolute foreground-closing" style="background-color: rgba(40, 40, 40, 0.8); border-radius: 0px;">...</div>
  (Session info: chrome=108.0.5359.124)
Build info: version: '4.3.0', revision: 'a4995e2c09*'
System info: host: 'vassardeepa-ThinkPad-L15-Gen-3', ip: '127.0.1.1', os.name: 'Linux', os.arch: 'amd64', os.version: '5.15.0-56-generic', java.version: '17.0.5'
Driver info: org.openqa.selenium.chrome.ChromeDriver
Command: [03ab6741baa61526c993509d262d042d, clickElement {id=4f9699cd-c776-435d-8db2-1ff26adaa53c}]
Capabilities {acceptInsecureCerts: false, browserName: chrome, browserVersion: 108.0.5359.124, chrome: {chromedriverVersion: 108.0.5359.71 (1e0e3868ee06..., userDataDir: /tmp/.com.google.Chrome.NjB1u8}, goog:chromeOptions: {debuggerAddress: localhost:37923}, networkConnectionEnabled: false, pageLoadStrategy: normal, platformName: LINUX, proxy: Proxy(), se:cdp: ws://localhost:37923/devtoo..., se:cdpVersion: 108.0.5359.124, setWindowRect: true, strictFileInteractability: false, timeouts: {implicit: 0, pageLoad: 300000, script: 30000}, unhandledPromptBehavior: dismiss and notify, webauthn:extension:credBlob: true, webauthn:extension:largeBlob: true, webauthn:virtualAuthenticators: true}
Element: [[ChromeDriver: chrome on LINUX (03ab6741baa61526c993509d262d042d)] -> xpath: //button[text()='Add Device Type ']]
Session ID: 03ab6741baa61526c993509d262d042d
at jdk.internal.reflect.GeneratedConstructorAccessor37.newInstance(Unknown Source)
at java.base/jdk.internal.reflect.DelegatingConstructorAccessorImpl.newInstance(DelegatingConstructorAccessorImpl.java:45)
at java.base/java.lang.reflect.Constructor.newInstanceWithCaller(Constructor.java:499)
at java.base/java.lang.reflect.Constructor.newInstance(Constructor.java:480)
at org.openqa.selenium.remote.codec.w3c.W3CHttpResponseCodec.createException(W3CHttpResponseCodec.java:200)
at org.openqa.selenium.remote.codec.w3c.W3CHttpResponseCodec.decode(W3CHttpResponseCodec.java:133)
at org.openqa.selenium.remote.codec.w3c.W3CHttpResponseCodec.decode(W3CHttpResponseCodec.java:53)
at org.openqa.selenium.remote.HttpCommandExecutor.execute(HttpCommandExecutor.java:184)
at org.openqa.selenium.remote.service.DriverCommandExecutor.invokeExecute(DriverCommandExecutor.java:167)
at org.openqa.selenium.remote.service.DriverCommandExecutor.execute(DriverCommandExecutor.java:142)
at org.openqa.selenium.remote.RemoteWebDriver.execute(RemoteWebDriver.java:569)
at org.openqa.selenium.remote.RemoteWebElement.execute(RemoteWebElement.java:257)
at org.openqa.selenium.remote.RemoteWebElement.click(RemoteWebElement.java:78)
at com.pages.DeviceType.AddDeviceTypePage.clickOnAddDeviceType(AddDeviceTypePage.java:33)
at stepdefinitions.DeviceType.AddDeviceTypeSteps.Go_To_Add_DeviceType_Page(AddDeviceTypeSteps.java:24)
at ✽.Go To Add DeviceType Page(file:///home/vassar-deepa/git/Stanley-Dashboard/src/test/resources/DeviceType/AddDeviceType.feature:4)
]]>
            </full-stacktrace>
          </exception> <!-- org.openqa.selenium.ElementClickInterceptedException -->
          <reporter-output>
          </reporter-output>
        </test-method> <!-- runScenario -->
        <test-method signature="runScenario(io.cucumber.testng.PickleWrapper,io.cucumber.testng.FeatureWrapper)[pri:0, instance:testrunner.TestRunner@7674f035]" started-at="2022-12-29T10:22:59 IST" name="runScenario" description="Runs Cucumber Scenarios" data-provider="scenarios" finished-at="2022-12-29T10:23:12 IST" duration-ms="12270" status="FAIL">
          <params>
            <param index="0">
              <value>
                <![CDATA["Scenario to Add DeviceType"]]>
              </value>
            </param>
            <param index="1">
              <value>
                <![CDATA["Optional[To Add DeviceType]"]]>
              </value>
            </param>
          </params>
          <exception class="org.openqa.selenium.ElementClickInterceptedException">
            <message>
              <![CDATA[element click intercepted: Element <button _ngcontent-flr-c163="" type="button" class="btn btn-primary rounded-pill">...</button> is not clickable at point (1704, 146). Other element would receive the click: <div _ngcontent-flr-c73="" class="ngx-overlay ngx-position-absolute foreground-closing" style="background-color: rgba(40, 40, 40, 0.8); border-radius: 0px;">...</div>
  (Session info: chrome=108.0.5359.124)
Build info: version: '4.3.0', revision: 'a4995e2c09*'
System info: host: 'vassardeepa-ThinkPad-L15-Gen-3', ip: '127.0.1.1', os.name: 'Linux', os.arch: 'amd64', os.version: '5.15.0-56-generic', java.version: '17.0.5'
Driver info: org.openqa.selenium.chrome.ChromeDriver
Command: [efce4ca1480f76e46d1621baf62e05dc, clickElement {id=92f08430-d06f-4f8f-8a43-f09589f15414}]
Capabilities {acceptInsecureCerts: false, browserName: chrome, browserVersion: 108.0.5359.124, chrome: {chromedriverVersion: 108.0.5359.71 (1e0e3868ee06..., userDataDir: /tmp/.com.google.Chrome.occCuf}, goog:chromeOptions: {debuggerAddress: localhost:43053}, networkConnectionEnabled: false, pageLoadStrategy: normal, platformName: LINUX, proxy: Proxy(), se:cdp: ws://localhost:43053/devtoo..., se:cdpVersion: 108.0.5359.124, setWindowRect: true, strictFileInteractability: false, timeouts: {implicit: 0, pageLoad: 300000, script: 30000}, unhandledPromptBehavior: dismiss and notify, webauthn:extension:credBlob: true, webauthn:extension:largeBlob: true, webauthn:virtualAuthenticators: true}
Element: [[ChromeDriver: chrome on LINUX (efce4ca1480f76e46d1621baf62e05dc)] -> xpath: //button[text()='Add Device Type ']]
Session ID: efce4ca1480f76e46d1621baf62e05dc]]>
            </message>
            <full-stacktrace>
              <![CDATA[org.openqa.selenium.ElementClickInterceptedException: element click intercepted: Element <button _ngcontent-flr-c163="" type="button" class="btn btn-primary rounded-pill">...</button> is not clickable at point (1704, 146). Other element would receive the click: <div _ngcontent-flr-c73="" class="ngx-overlay ngx-position-absolute foreground-closing" style="background-color: rgba(40, 40, 40, 0.8); border-radius: 0px;">...</div>
  (Session info: chrome=108.0.5359.124)
Build info: version: '4.3.0', revision: 'a4995e2c09*'
System info: host: 'vassardeepa-ThinkPad-L15-Gen-3', ip: '127.0.1.1', os.name: 'Linux', os.arch: 'amd64', os.version: '5.15.0-56-generic', java.version: '17.0.5'
Driver info: org.openqa.selenium.chrome.ChromeDriver
Command: [efce4ca1480f76e46d1621baf62e05dc, clickElement {id=92f08430-d06f-4f8f-8a43-f09589f15414}]
Capabilities {acceptInsecureCerts: false, browserName: chrome, browserVersion: 108.0.5359.124, chrome: {chromedriverVersion: 108.0.5359.71 (1e0e3868ee06..., userDataDir: /tmp/.com.google.Chrome.occCuf}, goog:chromeOptions: {debuggerAddress: localhost:43053}, networkConnectionEnabled: false, pageLoadStrategy: normal, platformName: LINUX, proxy: Proxy(), se:cdp: ws://localhost:43053/devtoo..., se:cdpVersion: 108.0.5359.124, setWindowRect: true, strictFileInteractability: false, timeouts: {implicit: 0, pageLoad: 300000, script: 30000}, unhandledPromptBehavior: dismiss and notify, webauthn:extension:credBlob: true, webauthn:extension:largeBlob: true, webauthn:virtualAuthenticators: true}
Element: [[ChromeDriver: chrome on LINUX (efce4ca1480f76e46d1621baf62e05dc)] -> xpath: //button[text()='Add Device Type ']]
Session ID: efce4ca1480f76e46d1621baf62e05dc
at jdk.internal.reflect.GeneratedConstructorAccessor37.newInstance(Unknown Source)
at java.base/jdk.internal.reflect.DelegatingConstructorAccessorImpl.newInstance(DelegatingConstructorAccessorImpl.java:45)
at java.base/java.lang.reflect.Constructor.newInstanceWithCaller(Constructor.java:499)
at java.base/java.lang.reflect.Constructor.newInstance(Constructor.java:480)
at org.openqa.selenium.remote.codec.w3c.W3CHttpResponseCodec.createException(W3CHttpResponseCodec.java:200)
at org.openqa.selenium.remote.codec.w3c.W3CHttpResponseCodec.decode(W3CHttpResponseCodec.java:133)
at org.openqa.selenium.remote.codec.w3c.W3CHttpResponseCodec.decode(W3CHttpResponseCodec.java:53)
at org.openqa.selenium.remote.HttpCommandExecutor.execute(HttpCommandExecutor.java:184)
at org.openqa.selenium.remote.service.DriverCommandExecutor.invokeExecute(DriverCommandExecutor.java:167)
at org.openqa.selenium.remote.service.DriverCommandExecutor.execute(DriverCommandExecutor.java:142)
at org.openqa.selenium.remote.RemoteWebDriver.execute(RemoteWebDriver.java:569)
at org.openqa.selenium.remote.RemoteWebElement.execute(RemoteWebElement.java:257)
at org.openqa.selenium.remote.RemoteWebElement.click(RemoteWebElement.java:78)
at com.pages.DeviceType.AddDeviceTypePage.clickOnAddDeviceType(AddDeviceTypePage.java:33)
at stepdefinitions.DeviceType.AddDeviceTypeSteps.Go_To_Add_DeviceType_Page(AddDeviceTypeSteps.java:24)
at ✽.Go To Add DeviceType Page(file:///home/vassar-deepa/git/Stanley-Dashboard/src/test/resources/DeviceType/AddDeviceType.feature:4)
]]>
            </full-stacktrace>
          </exception> <!-- org.openqa.selenium.ElementClickInterceptedException -->
          <reporter-output>
          </reporter-output>
        </test-method> <!-- runScenario -->
        <test-method signature="runScenario(io.cucumber.testng.PickleWrapper,io.cucumber.testng.FeatureWrapper)[pri:0, instance:testrunner.TestRunner@7674f035]" started-at="2022-12-29T10:23:12 IST" name="runScenario" description="Runs Cucumber Scenarios" data-provider="scenarios" finished-at="2022-12-29T10:23:26 IST" duration-ms="13992" status="FAIL">
          <params>
            <param index="0">
              <value>
                <![CDATA["Scenario to Add DeviceType"]]>
              </value>
            </param>
            <param index="1">
              <value>
                <![CDATA["Optional[To Add DeviceType]"]]>
              </value>
            </param>
          </params>
          <exception class="org.openqa.selenium.ElementClickInterceptedException">
            <message>
              <![CDATA[element click intercepted: Element <button _ngcontent-ibl-c163="" type="button" class="btn btn-primary rounded-pill">...</button> is not clickable at point (1704, 146). Other element would receive the click: <div _ngcontent-ibl-c73="" class="ngx-overlay ngx-position-absolute foreground-closing" style="background-color: rgba(40, 40, 40, 0.8); border-radius: 0px;">...</div>
  (Session info: chrome=108.0.5359.124)
Build info: version: '4.3.0', revision: 'a4995e2c09*'
System info: host: 'vassardeepa-ThinkPad-L15-Gen-3', ip: '127.0.1.1', os.name: 'Linux', os.arch: 'amd64', os.version: '5.15.0-56-generic', java.version: '17.0.5'
Driver info: org.openqa.selenium.chrome.ChromeDriver
Command: [4e5c5f66720cef692fe7235394b010b7, clickElement {id=164c09df-c972-405e-9427-e530650cf4e5}]
Capabilities {acceptInsecureCerts: false, browserName: chrome, browserVersion: 108.0.5359.124, chrome: {chromedriverVersion: 108.0.5359.71 (1e0e3868ee06..., userDataDir: /tmp/.com.google.Chrome.jlecdf}, goog:chromeOptions: {debuggerAddress: localhost:38783}, networkConnectionEnabled: false, pageLoadStrategy: normal, platformName: LINUX, proxy: Proxy(), se:cdp: ws://localhost:38783/devtoo..., se:cdpVersion: 108.0.5359.124, setWindowRect: true, strictFileInteractability: false, timeouts: {implicit: 0, pageLoad: 300000, script: 30000}, unhandledPromptBehavior: dismiss and notify, webauthn:extension:credBlob: true, webauthn:extension:largeBlob: true, webauthn:virtualAuthenticators: true}
Element: [[ChromeDriver: chrome on LINUX (4e5c5f66720cef692fe7235394b010b7)] -> xpath: //button[text()='Add Device Type ']]
Session ID: 4e5c5f66720cef692fe7235394b010b7]]>
            </message>
            <full-stacktrace>
              <![CDATA[org.openqa.selenium.ElementClickInterceptedException: element click intercepted: Element <button _ngcontent-ibl-c163="" type="button" class="btn btn-primary rounded-pill">...</button> is not clickable at point (1704, 146). Other element would receive the click: <div _ngcontent-ibl-c73="" class="ngx-overlay ngx-position-absolute foreground-closing" style="background-color: rgba(40, 40, 40, 0.8); border-radius: 0px;">...</div>
  (Session info: chrome=108.0.5359.124)
Build info: version: '4.3.0', revision: 'a4995e2c09*'
System info: host: 'vassardeepa-ThinkPad-L15-Gen-3', ip: '127.0.1.1', os.name: 'Linux', os.arch: 'amd64', os.version: '5.15.0-56-generic', java.version: '17.0.5'
Driver info: org.openqa.selenium.chrome.ChromeDriver
Command: [4e5c5f66720cef692fe7235394b010b7, clickElement {id=164c09df-c972-405e-9427-e530650cf4e5}]
Capabilities {acceptInsecureCerts: false, browserName: chrome, browserVersion: 108.0.5359.124, chrome: {chromedriverVersion: 108.0.5359.71 (1e0e3868ee06..., userDataDir: /tmp/.com.google.Chrome.jlecdf}, goog:chromeOptions: {debuggerAddress: localhost:38783}, networkConnectionEnabled: false, pageLoadStrategy: normal, platformName: LINUX, proxy: Proxy(), se:cdp: ws://localhost:38783/devtoo..., se:cdpVersion: 108.0.5359.124, setWindowRect: true, strictFileInteractability: false, timeouts: {implicit: 0, pageLoad: 300000, script: 30000}, unhandledPromptBehavior: dismiss and notify, webauthn:extension:credBlob: true, webauthn:extension:largeBlob: true, webauthn:virtualAuthenticators: true}
Element: [[ChromeDriver: chrome on LINUX (4e5c5f66720cef692fe7235394b010b7)] -> xpath: //button[text()='Add Device Type ']]
Session ID: 4e5c5f66720cef692fe7235394b010b7
at jdk.internal.reflect.GeneratedConstructorAccessor37.newInstance(Unknown Source)
at java.base/jdk.internal.reflect.DelegatingConstructorAccessorImpl.newInstance(DelegatingConstructorAccessorImpl.java:45)
at java.base/java.lang.reflect.Constructor.newInstanceWithCaller(Constructor.java:499)
at java.base/java.lang.reflect.Constructor.newInstance(Constructor.java:480)
at org.openqa.selenium.remote.codec.w3c.W3CHttpResponseCodec.createException(W3CHttpResponseCodec.java:200)
at org.openqa.selenium.remote.codec.w3c.W3CHttpResponseCodec.decode(W3CHttpResponseCodec.java:133)
at org.openqa.selenium.remote.codec.w3c.W3CHttpResponseCodec.decode(W3CHttpResponseCodec.java:53)
at org.openqa.selenium.remote.HttpCommandExecutor.execute(HttpCommandExecutor.java:184)
at org.openqa.selenium.remote.service.DriverCommandExecutor.invokeExecute(DriverCommandExecutor.java:167)
at org.openqa.selenium.remote.service.DriverCommandExecutor.execute(DriverCommandExecutor.java:142)
at org.openqa.selenium.remote.RemoteWebDriver.execute(RemoteWebDriver.java:569)
at org.openqa.selenium.remote.RemoteWebElement.execute(RemoteWebElement.java:257)
at org.openqa.selenium.remote.RemoteWebElement.click(RemoteWebElement.java:78)
at com.pages.DeviceType.AddDeviceTypePage.clickOnAddDeviceType(AddDeviceTypePage.java:33)
at stepdefinitions.DeviceType.AddDeviceTypeSteps.Go_To_Add_DeviceType_Page(AddDeviceTypeSteps.java:24)
at ✽.Go To Add DeviceType Page(file:///home/vassar-deepa/git/Stanley-Dashboard/src/test/resources/DeviceType/AddDeviceType.feature:4)
]]>
            </full-stacktrace>
          </exception> <!-- org.openqa.selenium.ElementClickInterceptedException -->
          <reporter-output>
          </reporter-output>
        </test-method> <!-- runScenario -->
        <test-method signature="runScenario(io.cucumber.testng.PickleWrapper,io.cucumber.testng.FeatureWrapper)[pri:0, instance:testrunner.TestRunner@7674f035]" started-at="2022-12-29T10:23:26 IST" name="runScenario" description="Runs Cucumber Scenarios" data-provider="scenarios" finished-at="2022-12-29T10:23:41 IST" duration-ms="14979" status="FAIL">
          <params>
            <param index="0">
              <value>
                <![CDATA["Scenario to Add DeviceType"]]>
              </value>
            </param>
            <param index="1">
              <value>
                <![CDATA["Optional[To Add DeviceType]"]]>
              </value>
            </param>
          </params>
          <exception class="org.openqa.selenium.ElementClickInterceptedException">
            <message>
              <![CDATA[element click intercepted: Element <button _ngcontent-sgt-c163="" type="button" class="btn btn-primary rounded-pill">...</button> is not clickable at point (1704, 146). Other element would receive the click: <div _ngcontent-sgt-c73="" class="ngx-overlay ngx-position-absolute foreground-closing" style="background-color: rgba(40, 40, 40, 0.8); border-radius: 0px;">...</div>
  (Session info: chrome=108.0.5359.124)
Build info: version: '4.3.0', revision: 'a4995e2c09*'
System info: host: 'vassardeepa-ThinkPad-L15-Gen-3', ip: '127.0.1.1', os.name: 'Linux', os.arch: 'amd64', os.version: '5.15.0-56-generic', java.version: '17.0.5'
Driver info: org.openqa.selenium.chrome.ChromeDriver
Command: [2bd7c36b5624dd558a68132a071ba1fb, clickElement {id=5be98c28-e69b-4b67-82e3-f1194f74a63d}]
Capabilities {acceptInsecureCerts: false, browserName: chrome, browserVersion: 108.0.5359.124, chrome: {chromedriverVersion: 108.0.5359.71 (1e0e3868ee06..., userDataDir: /tmp/.com.google.Chrome.6xFQ09}, goog:chromeOptions: {debuggerAddress: localhost:36923}, networkConnectionEnabled: false, pageLoadStrategy: normal, platformName: LINUX, proxy: Proxy(), se:cdp: ws://localhost:36923/devtoo..., se:cdpVersion: 108.0.5359.124, setWindowRect: true, strictFileInteractability: false, timeouts: {implicit: 0, pageLoad: 300000, script: 30000}, unhandledPromptBehavior: dismiss and notify, webauthn:extension:credBlob: true, webauthn:extension:largeBlob: true, webauthn:virtualAuthenticators: true}
Element: [[ChromeDriver: chrome on LINUX (2bd7c36b5624dd558a68132a071ba1fb)] -> xpath: //button[text()='Add Device Type ']]
Session ID: 2bd7c36b5624dd558a68132a071ba1fb]]>
            </message>
            <full-stacktrace>
              <![CDATA[org.openqa.selenium.ElementClickInterceptedException: element click intercepted: Element <button _ngcontent-sgt-c163="" type="button" class="btn btn-primary rounded-pill">...</button> is not clickable at point (1704, 146). Other element would receive the click: <div _ngcontent-sgt-c73="" class="ngx-overlay ngx-position-absolute foreground-closing" style="background-color: rgba(40, 40, 40, 0.8); border-radius: 0px;">...</div>
  (Session info: chrome=108.0.5359.124)
Build info: version: '4.3.0', revision: 'a4995e2c09*'
System info: host: 'vassardeepa-ThinkPad-L15-Gen-3', ip: '127.0.1.1', os.name: 'Linux', os.arch: 'amd64', os.version: '5.15.0-56-generic', java.version: '17.0.5'
Driver info: org.openqa.selenium.chrome.ChromeDriver
Command: [2bd7c36b5624dd558a68132a071ba1fb, clickElement {id=5be98c28-e69b-4b67-82e3-f1194f74a63d}]
Capabilities {acceptInsecureCerts: false, browserName: chrome, browserVersion: 108.0.5359.124, chrome: {chromedriverVersion: 108.0.5359.71 (1e0e3868ee06..., userDataDir: /tmp/.com.google.Chrome.6xFQ09}, goog:chromeOptions: {debuggerAddress: localhost:36923}, networkConnectionEnabled: false, pageLoadStrategy: normal, platformName: LINUX, proxy: Proxy(), se:cdp: ws://localhost:36923/devtoo..., se:cdpVersion: 108.0.5359.124, setWindowRect: true, strictFileInteractability: false, timeouts: {implicit: 0, pageLoad: 300000, script: 30000}, unhandledPromptBehavior: dismiss and notify, webauthn:extension:credBlob: true, webauthn:extension:largeBlob: true, webauthn:virtualAuthenticators: true}
Element: [[ChromeDriver: chrome on LINUX (2bd7c36b5624dd558a68132a071ba1fb)] -> xpath: //button[text()='Add Device Type ']]
Session ID: 2bd7c36b5624dd558a68132a071ba1fb
at jdk.internal.reflect.GeneratedConstructorAccessor37.newInstance(Unknown Source)
at java.base/jdk.internal.reflect.DelegatingConstructorAccessorImpl.newInstance(DelegatingConstructorAccessorImpl.java:45)
at java.base/java.lang.reflect.Constructor.newInstanceWithCaller(Constructor.java:499)
at java.base/java.lang.reflect.Constructor.newInstance(Constructor.java:480)
at org.openqa.selenium.remote.codec.w3c.W3CHttpResponseCodec.createException(W3CHttpResponseCodec.java:200)
at org.openqa.selenium.remote.codec.w3c.W3CHttpResponseCodec.decode(W3CHttpResponseCodec.java:133)
at org.openqa.selenium.remote.codec.w3c.W3CHttpResponseCodec.decode(W3CHttpResponseCodec.java:53)
at org.openqa.selenium.remote.HttpCommandExecutor.execute(HttpCommandExecutor.java:184)
at org.openqa.selenium.remote.service.DriverCommandExecutor.invokeExecute(DriverCommandExecutor.java:167)
at org.openqa.selenium.remote.service.DriverCommandExecutor.execute(DriverCommandExecutor.java:142)
at org.openqa.selenium.remote.RemoteWebDriver.execute(RemoteWebDriver.java:569)
at org.openqa.selenium.remote.RemoteWebElement.execute(RemoteWebElement.java:257)
at org.openqa.selenium.remote.RemoteWebElement.click(RemoteWebElement.java:78)
at com.pages.DeviceType.AddDeviceTypePage.clickOnAddDeviceType(AddDeviceTypePage.java:33)
at stepdefinitions.DeviceType.AddDeviceTypeSteps.Go_To_Add_DeviceType_Page(AddDeviceTypeSteps.java:24)
at ✽.Go To Add DeviceType Page(file:///home/vassar-deepa/git/Stanley-Dashboard/src/test/resources/DeviceType/AddDeviceType.feature:4)
]]>
            </full-stacktrace>
          </exception> <!-- org.openqa.selenium.ElementClickInterceptedException -->
          <reporter-output>
          </reporter-output>
        </test-method> <!-- runScenario -->
        <test-method signature="runScenario(io.cucumber.testng.PickleWrapper,io.cucumber.testng.FeatureWrapper)[pri:0, instance:testrunner.TestRunner@7674f035]" started-at="2022-12-29T10:23:41 IST" name="runScenario" description="Runs Cucumber Scenarios" data-provider="scenarios" finished-at="2022-12-29T10:23:55 IST" duration-ms="14338" status="FAIL">
          <params>
            <param index="0">
              <value>
                <![CDATA["Scenario to Add DeviceType"]]>
              </value>
            </param>
            <param index="1">
              <value>
                <![CDATA["Optional[To Add DeviceType]"]]>
              </value>
            </param>
          </params>
          <exception class="org.openqa.selenium.ElementClickInterceptedException">
            <message>
              <![CDATA[element click intercepted: Element <button _ngcontent-wyf-c163="" type="button" class="btn btn-primary rounded-pill">...</button> is not clickable at point (1704, 146). Other element would receive the click: <div _ngcontent-wyf-c73="" class="ngx-overlay ngx-position-absolute foreground-closing" style="background-color: rgba(40, 40, 40, 0.8); border-radius: 0px;">...</div>
  (Session info: chrome=108.0.5359.124)
Build info: version: '4.3.0', revision: 'a4995e2c09*'
System info: host: 'vassardeepa-ThinkPad-L15-Gen-3', ip: '127.0.1.1', os.name: 'Linux', os.arch: 'amd64', os.version: '5.15.0-56-generic', java.version: '17.0.5'
Driver info: org.openqa.selenium.chrome.ChromeDriver
Command: [8079d5896bcb7d80ae6e05c847d2f6e8, clickElement {id=bbb958e9-c3ea-4017-a725-9846f14b97f5}]
Capabilities {acceptInsecureCerts: false, browserName: chrome, browserVersion: 108.0.5359.124, chrome: {chromedriverVersion: 108.0.5359.71 (1e0e3868ee06..., userDataDir: /tmp/.com.google.Chrome.vtgTHj}, goog:chromeOptions: {debuggerAddress: localhost:37217}, networkConnectionEnabled: false, pageLoadStrategy: normal, platformName: LINUX, proxy: Proxy(), se:cdp: ws://localhost:37217/devtoo..., se:cdpVersion: 108.0.5359.124, setWindowRect: true, strictFileInteractability: false, timeouts: {implicit: 0, pageLoad: 300000, script: 30000}, unhandledPromptBehavior: dismiss and notify, webauthn:extension:credBlob: true, webauthn:extension:largeBlob: true, webauthn:virtualAuthenticators: true}
Element: [[ChromeDriver: chrome on LINUX (8079d5896bcb7d80ae6e05c847d2f6e8)] -> xpath: //button[text()='Add Device Type ']]
Session ID: 8079d5896bcb7d80ae6e05c847d2f6e8]]>
            </message>
            <full-stacktrace>
              <![CDATA[org.openqa.selenium.ElementClickInterceptedException: element click intercepted: Element <button _ngcontent-wyf-c163="" type="button" class="btn btn-primary rounded-pill">...</button> is not clickable at point (1704, 146). Other element would receive the click: <div _ngcontent-wyf-c73="" class="ngx-overlay ngx-position-absolute foreground-closing" style="background-color: rgba(40, 40, 40, 0.8); border-radius: 0px;">...</div>
  (Session info: chrome=108.0.5359.124)
Build info: version: '4.3.0', revision: 'a4995e2c09*'
System info: host: 'vassardeepa-ThinkPad-L15-Gen-3', ip: '127.0.1.1', os.name: 'Linux', os.arch: 'amd64', os.version: '5.15.0-56-generic', java.version: '17.0.5'
Driver info: org.openqa.selenium.chrome.ChromeDriver
Command: [8079d5896bcb7d80ae6e05c847d2f6e8, clickElement {id=bbb958e9-c3ea-4017-a725-9846f14b97f5}]
Capabilities {acceptInsecureCerts: false, browserName: chrome, browserVersion: 108.0.5359.124, chrome: {chromedriverVersion: 108.0.5359.71 (1e0e3868ee06..., userDataDir: /tmp/.com.google.Chrome.vtgTHj}, goog:chromeOptions: {debuggerAddress: localhost:37217}, networkConnectionEnabled: false, pageLoadStrategy: normal, platformName: LINUX, proxy: Proxy(), se:cdp: ws://localhost:37217/devtoo..., se:cdpVersion: 108.0.5359.124, setWindowRect: true, strictFileInteractability: false, timeouts: {implicit: 0, pageLoad: 300000, script: 30000}, unhandledPromptBehavior: dismiss and notify, webauthn:extension:credBlob: true, webauthn:extension:largeBlob: true, webauthn:virtualAuthenticators: true}
Element: [[ChromeDriver: chrome on LINUX (8079d5896bcb7d80ae6e05c847d2f6e8)] -> xpath: //button[text()='Add Device Type ']]
Session ID: 8079d5896bcb7d80ae6e05c847d2f6e8
at jdk.internal.reflect.GeneratedConstructorAccessor37.newInstance(Unknown Source)
at java.base/jdk.internal.reflect.DelegatingConstructorAccessorImpl.newInstance(DelegatingConstructorAccessorImpl.java:45)
at java.base/java.lang.reflect.Constructor.newInstanceWithCaller(Constructor.java:499)
at java.base/java.lang.reflect.Constructor.newInstance(Constructor.java:480)
at org.openqa.selenium.remote.codec.w3c.W3CHttpResponseCodec.createException(W3CHttpResponseCodec.java:200)
at org.openqa.selenium.remote.codec.w3c.W3CHttpResponseCodec.decode(W3CHttpResponseCodec.java:133)
at org.openqa.selenium.remote.codec.w3c.W3CHttpResponseCodec.decode(W3CHttpResponseCodec.java:53)
at org.openqa.selenium.remote.HttpCommandExecutor.execute(HttpCommandExecutor.java:184)
at org.openqa.selenium.remote.service.DriverCommandExecutor.invokeExecute(DriverCommandExecutor.java:167)
at org.openqa.selenium.remote.service.DriverCommandExecutor.execute(DriverCommandExecutor.java:142)
at org.openqa.selenium.remote.RemoteWebDriver.execute(RemoteWebDriver.java:569)
at org.openqa.selenium.remote.RemoteWebElement.execute(RemoteWebElement.java:257)
at org.openqa.selenium.remote.RemoteWebElement.click(RemoteWebElement.java:78)
at com.pages.DeviceType.AddDeviceTypePage.clickOnAddDeviceType(AddDeviceTypePage.java:33)
at stepdefinitions.DeviceType.AddDeviceTypeSteps.Go_To_Add_DeviceType_Page(AddDeviceTypeSteps.java:24)
at ✽.Go To Add DeviceType Page(file:///home/vassar-deepa/git/Stanley-Dashboard/src/test/resources/DeviceType/AddDeviceType.feature:4)
]]>
            </full-stacktrace>
          </exception> <!-- org.openqa.selenium.ElementClickInterceptedException -->
          <reporter-output>
          </reporter-output>
        </test-method> <!-- runScenario -->
        <test-method signature="runScenario(io.cucumber.testng.PickleWrapper,io.cucumber.testng.FeatureWrapper)[pri:0, instance:testrunner.TestRunner@7674f035]" started-at="2022-12-29T10:23:55 IST" name="runScenario" description="Runs Cucumber Scenarios" data-provider="scenarios" finished-at="2022-12-29T10:24:09 IST" duration-ms="14142" status="FAIL">
          <params>
            <param index="0">
              <value>
                <![CDATA["Scenario to Add DeviceType"]]>
              </value>
            </param>
            <param index="1">
              <value>
                <![CDATA["Optional[To Add DeviceType]"]]>
              </value>
            </param>
          </params>
          <exception class="org.openqa.selenium.ElementClickInterceptedException">
            <message>
              <![CDATA[element click intercepted: Element <button _ngcontent-ylc-c163="" type="button" class="btn btn-primary rounded-pill">...</button> is not clickable at point (1704, 146). Other element would receive the click: <div _ngcontent-ylc-c73="" class="ngx-overlay ngx-position-absolute foreground-closing" style="background-color: rgba(40, 40, 40, 0.8); border-radius: 0px;">...</div>
  (Session info: chrome=108.0.5359.124)
Build info: version: '4.3.0', revision: 'a4995e2c09*'
System info: host: 'vassardeepa-ThinkPad-L15-Gen-3', ip: '127.0.1.1', os.name: 'Linux', os.arch: 'amd64', os.version: '5.15.0-56-generic', java.version: '17.0.5'
Driver info: org.openqa.selenium.chrome.ChromeDriver
Command: [f93571883ca2a1a293c4fef6b5a1adac, clickElement {id=476a30d1-c1ba-46f7-b9f5-45480e3eb3c2}]
Capabilities {acceptInsecureCerts: false, browserName: chrome, browserVersion: 108.0.5359.124, chrome: {chromedriverVersion: 108.0.5359.71 (1e0e3868ee06..., userDataDir: /tmp/.com.google.Chrome.7rtgTo}, goog:chromeOptions: {debuggerAddress: localhost:46525}, networkConnectionEnabled: false, pageLoadStrategy: normal, platformName: LINUX, proxy: Proxy(), se:cdp: ws://localhost:46525/devtoo..., se:cdpVersion: 108.0.5359.124, setWindowRect: true, strictFileInteractability: false, timeouts: {implicit: 0, pageLoad: 300000, script: 30000}, unhandledPromptBehavior: dismiss and notify, webauthn:extension:credBlob: true, webauthn:extension:largeBlob: true, webauthn:virtualAuthenticators: true}
Element: [[ChromeDriver: chrome on LINUX (f93571883ca2a1a293c4fef6b5a1adac)] -> xpath: //button[text()='Add Device Type ']]
Session ID: f93571883ca2a1a293c4fef6b5a1adac]]>
            </message>
            <full-stacktrace>
              <![CDATA[org.openqa.selenium.ElementClickInterceptedException: element click intercepted: Element <button _ngcontent-ylc-c163="" type="button" class="btn btn-primary rounded-pill">...</button> is not clickable at point (1704, 146). Other element would receive the click: <div _ngcontent-ylc-c73="" class="ngx-overlay ngx-position-absolute foreground-closing" style="background-color: rgba(40, 40, 40, 0.8); border-radius: 0px;">...</div>
  (Session info: chrome=108.0.5359.124)
Build info: version: '4.3.0', revision: 'a4995e2c09*'
System info: host: 'vassardeepa-ThinkPad-L15-Gen-3', ip: '127.0.1.1', os.name: 'Linux', os.arch: 'amd64', os.version: '5.15.0-56-generic', java.version: '17.0.5'
Driver info: org.openqa.selenium.chrome.ChromeDriver
Command: [f93571883ca2a1a293c4fef6b5a1adac, clickElement {id=476a30d1-c1ba-46f7-b9f5-45480e3eb3c2}]
Capabilities {acceptInsecureCerts: false, browserName: chrome, browserVersion: 108.0.5359.124, chrome: {chromedriverVersion: 108.0.5359.71 (1e0e3868ee06..., userDataDir: /tmp/.com.google.Chrome.7rtgTo}, goog:chromeOptions: {debuggerAddress: localhost:46525}, networkConnectionEnabled: false, pageLoadStrategy: normal, platformName: LINUX, proxy: Proxy(), se:cdp: ws://localhost:46525/devtoo..., se:cdpVersion: 108.0.5359.124, setWindowRect: true, strictFileInteractability: false, timeouts: {implicit: 0, pageLoad: 300000, script: 30000}, unhandledPromptBehavior: dismiss and notify, webauthn:extension:credBlob: true, webauthn:extension:largeBlob: true, webauthn:virtualAuthenticators: true}
Element: [[ChromeDriver: chrome on LINUX (f93571883ca2a1a293c4fef6b5a1adac)] -> xpath: //button[text()='Add Device Type ']]
Session ID: f93571883ca2a1a293c4fef6b5a1adac
at jdk.internal.reflect.GeneratedConstructorAccessor37.newInstance(Unknown Source)
at java.base/jdk.internal.reflect.DelegatingConstructorAccessorImpl.newInstance(DelegatingConstructorAccessorImpl.java:45)
at java.base/java.lang.reflect.Constructor.newInstanceWithCaller(Constructor.java:499)
at java.base/java.lang.reflect.Constructor.newInstance(Constructor.java:480)
at org.openqa.selenium.remote.codec.w3c.W3CHttpResponseCodec.createException(W3CHttpResponseCodec.java:200)
at org.openqa.selenium.remote.codec.w3c.W3CHttpResponseCodec.decode(W3CHttpResponseCodec.java:133)
at org.openqa.selenium.remote.codec.w3c.W3CHttpResponseCodec.decode(W3CHttpResponseCodec.java:53)
at org.openqa.selenium.remote.HttpCommandExecutor.execute(HttpCommandExecutor.java:184)
at org.openqa.selenium.remote.service.DriverCommandExecutor.invokeExecute(DriverCommandExecutor.java:167)
at org.openqa.selenium.remote.service.DriverCommandExecutor.execute(DriverCommandExecutor.java:142)
at org.openqa.selenium.remote.RemoteWebDriver.execute(RemoteWebDriver.java:569)
at org.openqa.selenium.remote.RemoteWebElement.execute(RemoteWebElement.java:257)
at org.openqa.selenium.remote.RemoteWebElement.click(RemoteWebElement.java:78)
at com.pages.DeviceType.AddDeviceTypePage.clickOnAddDeviceType(AddDeviceTypePage.java:33)
at stepdefinitions.DeviceType.AddDeviceTypeSteps.Go_To_Add_DeviceType_Page(AddDeviceTypeSteps.java:24)
at ✽.Go To Add DeviceType Page(file:///home/vassar-deepa/git/Stanley-Dashboard/src/test/resources/DeviceType/AddDeviceType.feature:4)
]]>
            </full-stacktrace>
          </exception> <!-- org.openqa.selenium.ElementClickInterceptedException -->
          <reporter-output>
          </reporter-output>
        </test-method> <!-- runScenario -->
        <test-method signature="runScenario(io.cucumber.testng.PickleWrapper,io.cucumber.testng.FeatureWrapper)[pri:0, instance:testrunner.TestRunner@7674f035]" started-at="2022-12-29T10:24:09 IST" name="runScenario" description="Runs Cucumber Scenarios" data-provider="scenarios" finished-at="2022-12-29T10:24:23 IST" duration-ms="13540" status="FAIL">
          <params>
            <param index="0">
              <value>
                <![CDATA["Scenario to Add DeviceType"]]>
              </value>
            </param>
            <param index="1">
              <value>
                <![CDATA["Optional[To Add DeviceType]"]]>
              </value>
            </param>
          </params>
          <exception class="org.openqa.selenium.ElementClickInterceptedException">
            <message>
              <![CDATA[element click intercepted: Element <button _ngcontent-cyq-c163="" type="button" class="btn btn-primary rounded-pill">...</button> is not clickable at point (1704, 146). Other element would receive the click: <div _ngcontent-cyq-c73="" class="ngx-overlay ngx-position-absolute foreground-closing" style="background-color: rgba(40, 40, 40, 0.8); border-radius: 0px;">...</div>
  (Session info: chrome=108.0.5359.124)
Build info: version: '4.3.0', revision: 'a4995e2c09*'
System info: host: 'vassardeepa-ThinkPad-L15-Gen-3', ip: '127.0.1.1', os.name: 'Linux', os.arch: 'amd64', os.version: '5.15.0-56-generic', java.version: '17.0.5'
Driver info: org.openqa.selenium.chrome.ChromeDriver
Command: [06acfffefb7bc2af8620939f8d97f2a2, clickElement {id=40f9d4a6-9f59-46f9-b857-5345257bd362}]
Capabilities {acceptInsecureCerts: false, browserName: chrome, browserVersion: 108.0.5359.124, chrome: {chromedriverVersion: 108.0.5359.71 (1e0e3868ee06..., userDataDir: /tmp/.com.google.Chrome.fgIIhz}, goog:chromeOptions: {debuggerAddress: localhost:43921}, networkConnectionEnabled: false, pageLoadStrategy: normal, platformName: LINUX, proxy: Proxy(), se:cdp: ws://localhost:43921/devtoo..., se:cdpVersion: 108.0.5359.124, setWindowRect: true, strictFileInteractability: false, timeouts: {implicit: 0, pageLoad: 300000, script: 30000}, unhandledPromptBehavior: dismiss and notify, webauthn:extension:credBlob: true, webauthn:extension:largeBlob: true, webauthn:virtualAuthenticators: true}
Element: [[ChromeDriver: chrome on LINUX (06acfffefb7bc2af8620939f8d97f2a2)] -> xpath: //button[text()='Add Device Type ']]
Session ID: 06acfffefb7bc2af8620939f8d97f2a2]]>
            </message>
            <full-stacktrace>
              <![CDATA[org.openqa.selenium.ElementClickInterceptedException: element click intercepted: Element <button _ngcontent-cyq-c163="" type="button" class="btn btn-primary rounded-pill">...</button> is not clickable at point (1704, 146). Other element would receive the click: <div _ngcontent-cyq-c73="" class="ngx-overlay ngx-position-absolute foreground-closing" style="background-color: rgba(40, 40, 40, 0.8); border-radius: 0px;">...</div>
  (Session info: chrome=108.0.5359.124)
Build info: version: '4.3.0', revision: 'a4995e2c09*'
System info: host: 'vassardeepa-ThinkPad-L15-Gen-3', ip: '127.0.1.1', os.name: 'Linux', os.arch: 'amd64', os.version: '5.15.0-56-generic', java.version: '17.0.5'
Driver info: org.openqa.selenium.chrome.ChromeDriver
Command: [06acfffefb7bc2af8620939f8d97f2a2, clickElement {id=40f9d4a6-9f59-46f9-b857-5345257bd362}]
Capabilities {acceptInsecureCerts: false, browserName: chrome, browserVersion: 108.0.5359.124, chrome: {chromedriverVersion: 108.0.5359.71 (1e0e3868ee06..., userDataDir: /tmp/.com.google.Chrome.fgIIhz}, goog:chromeOptions: {debuggerAddress: localhost:43921}, networkConnectionEnabled: false, pageLoadStrategy: normal, platformName: LINUX, proxy: Proxy(), se:cdp: ws://localhost:43921/devtoo..., se:cdpVersion: 108.0.5359.124, setWindowRect: true, strictFileInteractability: false, timeouts: {implicit: 0, pageLoad: 300000, script: 30000}, unhandledPromptBehavior: dismiss and notify, webauthn:extension:credBlob: true, webauthn:extension:largeBlob: true, webauthn:virtualAuthenticators: true}
Element: [[ChromeDriver: chrome on LINUX (06acfffefb7bc2af8620939f8d97f2a2)] -> xpath: //button[text()='Add Device Type ']]
Session ID: 06acfffefb7bc2af8620939f8d97f2a2
at jdk.internal.reflect.GeneratedConstructorAccessor37.newInstance(Unknown Source)
at java.base/jdk.internal.reflect.DelegatingConstructorAccessorImpl.newInstance(DelegatingConstructorAccessorImpl.java:45)
at java.base/java.lang.reflect.Constructor.newInstanceWithCaller(Constructor.java:499)
at java.base/java.lang.reflect.Constructor.newInstance(Constructor.java:480)
at org.openqa.selenium.remote.codec.w3c.W3CHttpResponseCodec.createException(W3CHttpResponseCodec.java:200)
at org.openqa.selenium.remote.codec.w3c.W3CHttpResponseCodec.decode(W3CHttpResponseCodec.java:133)
at org.openqa.selenium.remote.codec.w3c.W3CHttpResponseCodec.decode(W3CHttpResponseCodec.java:53)
at org.openqa.selenium.remote.HttpCommandExecutor.execute(HttpCommandExecutor.java:184)
at org.openqa.selenium.remote.service.DriverCommandExecutor.invokeExecute(DriverCommandExecutor.java:167)
at org.openqa.selenium.remote.service.DriverCommandExecutor.execute(DriverCommandExecutor.java:142)
at org.openqa.selenium.remote.RemoteWebDriver.execute(RemoteWebDriver.java:569)
at org.openqa.selenium.remote.RemoteWebElement.execute(RemoteWebElement.java:257)
at org.openqa.selenium.remote.RemoteWebElement.click(RemoteWebElement.java:78)
at com.pages.DeviceType.AddDeviceTypePage.clickOnAddDeviceType(AddDeviceTypePage.java:33)
at stepdefinitions.DeviceType.AddDeviceTypeSteps.Go_To_Add_DeviceType_Page(AddDeviceTypeSteps.java:24)
at ✽.Go To Add DeviceType Page(file:///home/vassar-deepa/git/Stanley-Dashboard/src/test/resources/DeviceType/AddDeviceType.feature:4)
]]>
            </full-stacktrace>
          </exception> <!-- org.openqa.selenium.ElementClickInterceptedException -->
          <reporter-output>
          </reporter-output>
        </test-method> <!-- runScenario -->
        <test-method signature="runScenario(io.cucumber.testng.PickleWrapper,io.cucumber.testng.FeatureWrapper)[pri:0, instance:testrunner.TestRunner@7674f035]" started-at="2022-12-29T10:24:23 IST" name="runScenario" description="Runs Cucumber Scenarios" data-provider="scenarios" finished-at="2022-12-29T10:24:37 IST" duration-ms="14355" status="FAIL">
          <params>
            <param index="0">
              <value>
                <![CDATA["Scenario to Add DeviceType"]]>
              </value>
            </param>
            <param index="1">
              <value>
                <![CDATA["Optional[To Add DeviceType]"]]>
              </value>
            </param>
          </params>
          <exception class="org.openqa.selenium.ElementClickInterceptedException">
            <message>
              <![CDATA[element click intercepted: Element <button _ngcontent-xld-c163="" type="button" class="btn btn-primary rounded-pill">...</button> is not clickable at point (1704, 146). Other element would receive the click: <div _ngcontent-xld-c73="" class="ngx-overlay ngx-position-absolute foreground-closing" style="background-color: rgba(40, 40, 40, 0.8); border-radius: 0px;">...</div>
  (Session info: chrome=108.0.5359.124)
Build info: version: '4.3.0', revision: 'a4995e2c09*'
System info: host: 'vassardeepa-ThinkPad-L15-Gen-3', ip: '127.0.1.1', os.name: 'Linux', os.arch: 'amd64', os.version: '5.15.0-56-generic', java.version: '17.0.5'
Driver info: org.openqa.selenium.chrome.ChromeDriver
Command: [fc0ac62c4248b3f260fb305e5bc8e2d5, clickElement {id=11462008-9402-4e46-8648-cb162e33d00f}]
Capabilities {acceptInsecureCerts: false, browserName: chrome, browserVersion: 108.0.5359.124, chrome: {chromedriverVersion: 108.0.5359.71 (1e0e3868ee06..., userDataDir: /tmp/.com.google.Chrome.GWdQES}, goog:chromeOptions: {debuggerAddress: localhost:38217}, networkConnectionEnabled: false, pageLoadStrategy: normal, platformName: LINUX, proxy: Proxy(), se:cdp: ws://localhost:38217/devtoo..., se:cdpVersion: 108.0.5359.124, setWindowRect: true, strictFileInteractability: false, timeouts: {implicit: 0, pageLoad: 300000, script: 30000}, unhandledPromptBehavior: dismiss and notify, webauthn:extension:credBlob: true, webauthn:extension:largeBlob: true, webauthn:virtualAuthenticators: true}
Element: [[ChromeDriver: chrome on LINUX (fc0ac62c4248b3f260fb305e5bc8e2d5)] -> xpath: //button[text()='Add Device Type ']]
Session ID: fc0ac62c4248b3f260fb305e5bc8e2d5]]>
            </message>
            <full-stacktrace>
              <![CDATA[org.openqa.selenium.ElementClickInterceptedException: element click intercepted: Element <button _ngcontent-xld-c163="" type="button" class="btn btn-primary rounded-pill">...</button> is not clickable at point (1704, 146). Other element would receive the click: <div _ngcontent-xld-c73="" class="ngx-overlay ngx-position-absolute foreground-closing" style="background-color: rgba(40, 40, 40, 0.8); border-radius: 0px;">...</div>
  (Session info: chrome=108.0.5359.124)
Build info: version: '4.3.0', revision: 'a4995e2c09*'
System info: host: 'vassardeepa-ThinkPad-L15-Gen-3', ip: '127.0.1.1', os.name: 'Linux', os.arch: 'amd64', os.version: '5.15.0-56-generic', java.version: '17.0.5'
Driver info: org.openqa.selenium.chrome.ChromeDriver
Command: [fc0ac62c4248b3f260fb305e5bc8e2d5, clickElement {id=11462008-9402-4e46-8648-cb162e33d00f}]
Capabilities {acceptInsecureCerts: false, browserName: chrome, browserVersion: 108.0.5359.124, chrome: {chromedriverVersion: 108.0.5359.71 (1e0e3868ee06..., userDataDir: /tmp/.com.google.Chrome.GWdQES}, goog:chromeOptions: {debuggerAddress: localhost:38217}, networkConnectionEnabled: false, pageLoadStrategy: normal, platformName: LINUX, proxy: Proxy(), se:cdp: ws://localhost:38217/devtoo..., se:cdpVersion: 108.0.5359.124, setWindowRect: true, strictFileInteractability: false, timeouts: {implicit: 0, pageLoad: 300000, script: 30000}, unhandledPromptBehavior: dismiss and notify, webauthn:extension:credBlob: true, webauthn:extension:largeBlob: true, webauthn:virtualAuthenticators: true}
Element: [[ChromeDriver: chrome on LINUX (fc0ac62c4248b3f260fb305e5bc8e2d5)] -> xpath: //button[text()='Add Device Type ']]
Session ID: fc0ac62c4248b3f260fb305e5bc8e2d5
at jdk.internal.reflect.GeneratedConstructorAccessor37.newInstance(Unknown Source)
at java.base/jdk.internal.reflect.DelegatingConstructorAccessorImpl.newInstance(DelegatingConstructorAccessorImpl.java:45)
at java.base/java.lang.reflect.Constructor.newInstanceWithCaller(Constructor.java:499)
at java.base/java.lang.reflect.Constructor.newInstance(Constructor.java:480)
at org.openqa.selenium.remote.codec.w3c.W3CHttpResponseCodec.createException(W3CHttpResponseCodec.java:200)
at org.openqa.selenium.remote.codec.w3c.W3CHttpResponseCodec.decode(W3CHttpResponseCodec.java:133)
at org.openqa.selenium.remote.codec.w3c.W3CHttpResponseCodec.decode(W3CHttpResponseCodec.java:53)
at org.openqa.selenium.remote.HttpCommandExecutor.execute(HttpCommandExecutor.java:184)
at org.openqa.selenium.remote.service.DriverCommandExecutor.invokeExecute(DriverCommandExecutor.java:167)
at org.openqa.selenium.remote.service.DriverCommandExecutor.execute(DriverCommandExecutor.java:142)
at org.openqa.selenium.remote.RemoteWebDriver.execute(RemoteWebDriver.java:569)
at org.openqa.selenium.remote.RemoteWebElement.execute(RemoteWebElement.java:257)
at org.openqa.selenium.remote.RemoteWebElement.click(RemoteWebElement.java:78)
at com.pages.DeviceType.AddDeviceTypePage.clickOnAddDeviceType(AddDeviceTypePage.java:33)
at stepdefinitions.DeviceType.AddDeviceTypeSteps.Go_To_Add_DeviceType_Page(AddDeviceTypeSteps.java:24)
at ✽.Go To Add DeviceType Page(file:///home/vassar-deepa/git/Stanley-Dashboard/src/test/resources/DeviceType/AddDeviceType.feature:4)
]]>
            </full-stacktrace>
          </exception> <!-- org.openqa.selenium.ElementClickInterceptedException -->
          <reporter-output>
          </reporter-output>
        </test-method> <!-- runScenario -->
        <test-method signature="runScenario(io.cucumber.testng.PickleWrapper,io.cucumber.testng.FeatureWrapper)[pri:0, instance:testrunner.TestRunner@7674f035]" started-at="2022-12-29T10:24:37 IST" name="runScenario" description="Runs Cucumber Scenarios" data-provider="scenarios" finished-at="2022-12-29T10:24:57 IST" duration-ms="20313" status="FAIL">
          <params>
            <param index="0">
              <value>
                <![CDATA["edit device type"]]>
              </value>
            </param>
            <param index="1">
              <value>
                <![CDATA["Optional[validate device type]"]]>
              </value>
            </param>
          </params>
          <exception class="org.openqa.selenium.NoSuchElementException">
            <message>
              <![CDATA[no such element: Unable to locate element: {"method":"xpath","selector":"//td//span[text()=' Test']//following::td[2]//div//div[1]//i"}
  (Session info: chrome=108.0.5359.124)
For documentation on this error, please visit: https://selenium.dev/exceptions/#no_such_element
Build info: version: '4.3.0', revision: 'a4995e2c09*'
System info: host: 'vassardeepa-ThinkPad-L15-Gen-3', ip: '127.0.1.1', os.name: 'Linux', os.arch: 'amd64', os.version: '5.15.0-56-generic', java.version: '17.0.5'
Driver info: org.openqa.selenium.chrome.ChromeDriver
Command: [f839521f548ed7e9865f5a3e26ffac91, findElement {using=xpath, value=//td//span[text()=' Test']//following::td[2]//div//div[1]//i}]
Capabilities {acceptInsecureCerts: false, browserName: chrome, browserVersion: 108.0.5359.124, chrome: {chromedriverVersion: 108.0.5359.71 (1e0e3868ee06..., userDataDir: /tmp/.com.google.Chrome.P7t6cz}, goog:chromeOptions: {debuggerAddress: localhost:35299}, networkConnectionEnabled: false, pageLoadStrategy: normal, platformName: LINUX, proxy: Proxy(), se:cdp: ws://localhost:35299/devtoo..., se:cdpVersion: 108.0.5359.124, setWindowRect: true, strictFileInteractability: false, timeouts: {implicit: 0, pageLoad: 300000, script: 30000}, unhandledPromptBehavior: dismiss and notify, webauthn:extension:credBlob: true, webauthn:extension:largeBlob: true, webauthn:virtualAuthenticators: true}
Session ID: f839521f548ed7e9865f5a3e26ffac91]]>
            </message>
            <full-stacktrace>
              <![CDATA[org.openqa.selenium.NoSuchElementException: no such element: Unable to locate element: {"method":"xpath","selector":"//td//span[text()=' Test']//following::td[2]//div//div[1]//i"}
  (Session info: chrome=108.0.5359.124)
For documentation on this error, please visit: https://selenium.dev/exceptions/#no_such_element
Build info: version: '4.3.0', revision: 'a4995e2c09*'
System info: host: 'vassardeepa-ThinkPad-L15-Gen-3', ip: '127.0.1.1', os.name: 'Linux', os.arch: 'amd64', os.version: '5.15.0-56-generic', java.version: '17.0.5'
Driver info: org.openqa.selenium.chrome.ChromeDriver
Command: [f839521f548ed7e9865f5a3e26ffac91, findElement {using=xpath, value=//td//span[text()=' Test']//following::td[2]//div//div[1]//i}]
Capabilities {acceptInsecureCerts: false, browserName: chrome, browserVersion: 108.0.5359.124, chrome: {chromedriverVersion: 108.0.5359.71 (1e0e3868ee06..., userDataDir: /tmp/.com.google.Chrome.P7t6cz}, goog:chromeOptions: {debuggerAddress: localhost:35299}, networkConnectionEnabled: false, pageLoadStrategy: normal, platformName: LINUX, proxy: Proxy(), se:cdp: ws://localhost:35299/devtoo..., se:cdpVersion: 108.0.5359.124, setWindowRect: true, strictFileInteractability: false, timeouts: {implicit: 0, pageLoad: 300000, script: 30000}, unhandledPromptBehavior: dismiss and notify, webauthn:extension:credBlob: true, webauthn:extension:largeBlob: true, webauthn:virtualAuthenticators: true}
Session ID: f839521f548ed7e9865f5a3e26ffac91
at java.base/jdk.internal.reflect.NativeConstructorAccessorImpl.newInstance0(Native Method)
at java.base/jdk.internal.reflect.NativeConstructorAccessorImpl.newInstance(NativeConstructorAccessorImpl.java:77)
at java.base/jdk.internal.reflect.DelegatingConstructorAccessorImpl.newInstance(DelegatingConstructorAccessorImpl.java:45)
at java.base/java.lang.reflect.Constructor.newInstanceWithCaller(Constructor.java:499)
at java.base/java.lang.reflect.Constructor.newInstance(Constructor.java:480)
at org.openqa.selenium.remote.codec.w3c.W3CHttpResponseCodec.createException(W3CHttpResponseCodec.java:200)
at org.openqa.selenium.remote.codec.w3c.W3CHttpResponseCodec.decode(W3CHttpResponseCodec.java:133)
at org.openqa.selenium.remote.codec.w3c.W3CHttpResponseCodec.decode(W3CHttpResponseCodec.java:53)
at org.openqa.selenium.remote.HttpCommandExecutor.execute(HttpCommandExecutor.java:184)
at org.openqa.selenium.remote.service.DriverCommandExecutor.invokeExecute(DriverCommandExecutor.java:167)
at org.openqa.selenium.remote.service.DriverCommandExecutor.execute(DriverCommandExecutor.java:142)
at org.openqa.selenium.remote.RemoteWebDriver.execute(RemoteWebDriver.java:569)
at org.openqa.selenium.remote.ElementLocation$ElementFinder$2.findElement(ElementLocation.java:162)
at org.openqa.selenium.remote.ElementLocation.findElement(ElementLocation.java:60)
at org.openqa.selenium.remote.RemoteWebDriver.findElement(RemoteWebDriver.java:387)
at org.openqa.selenium.remote.RemoteWebDriver.findElement(RemoteWebDriver.java:379)
at com.pages.DeviceType.EditDeviceTypePage.click_devicetype(EditDeviceTypePage.java:28)
at stepdefinitions.DeviceType.EditDeviceTypeSteps.user_click_on_administrator(EditDeviceTypeSteps.java:21)
at ✽.user click on Administrator "Test"(file:///home/vassar-deepa/git/Stanley-Dashboard/src/test/resources/DeviceType/EditDeviceType.feature:4)
]]>
            </full-stacktrace>
          </exception> <!-- org.openqa.selenium.NoSuchElementException -->
          <reporter-output>
          </reporter-output>
        </test-method> <!-- runScenario -->
        <test-method signature="runScenario(io.cucumber.testng.PickleWrapper,io.cucumber.testng.FeatureWrapper)[pri:0, instance:testrunner.TestRunner@7674f035]" started-at="2022-12-29T10:24:57 IST" name="runScenario" description="Runs Cucumber Scenarios" data-provider="scenarios" finished-at="2022-12-29T10:25:24 IST" duration-ms="27241" status="FAIL">
          <params>
            <param index="0">
              <value>
                <![CDATA["edit device type"]]>
              </value>
            </param>
            <param index="1">
              <value>
                <![CDATA["Optional[validate device type]"]]>
              </value>
            </param>
          </params>
          <exception class="org.openqa.selenium.NoSuchElementException">
            <message>
              <![CDATA[no such element: Unable to locate element: {"method":"xpath","selector":"//td//span[text()='tesing12']"}
  (Session info: chrome=108.0.5359.124)
For documentation on this error, please visit: https://selenium.dev/exceptions/#no_such_element
Build info: version: '4.3.0', revision: 'a4995e2c09*'
System info: host: 'vassardeepa-ThinkPad-L15-Gen-3', ip: '127.0.1.1', os.name: 'Linux', os.arch: 'amd64', os.version: '5.15.0-56-generic', java.version: '17.0.5'
Driver info: org.openqa.selenium.chrome.ChromeDriver
Command: [aa7f8af73eab490a46efc3f94d4c7eb7, findElement {using=xpath, value=//td//span[text()='tesing12']}]
Capabilities {acceptInsecureCerts: false, browserName: chrome, browserVersion: 108.0.5359.124, chrome: {chromedriverVersion: 108.0.5359.71 (1e0e3868ee06..., userDataDir: /tmp/.com.google.Chrome.c88Cvm}, goog:chromeOptions: {debuggerAddress: localhost:42597}, networkConnectionEnabled: false, pageLoadStrategy: normal, platformName: LINUX, proxy: Proxy(), se:cdp: ws://localhost:42597/devtoo..., se:cdpVersion: 108.0.5359.124, setWindowRect: true, strictFileInteractability: false, timeouts: {implicit: 0, pageLoad: 300000, script: 30000}, unhandledPromptBehavior: dismiss and notify, webauthn:extension:credBlob: true, webauthn:extension:largeBlob: true, webauthn:virtualAuthenticators: true}
Session ID: aa7f8af73eab490a46efc3f94d4c7eb7]]>
            </message>
            <full-stacktrace>
              <![CDATA[org.openqa.selenium.NoSuchElementException: no such element: Unable to locate element: {"method":"xpath","selector":"//td//span[text()='tesing12']"}
  (Session info: chrome=108.0.5359.124)
For documentation on this error, please visit: https://selenium.dev/exceptions/#no_such_element
Build info: version: '4.3.0', revision: 'a4995e2c09*'
System info: host: 'vassardeepa-ThinkPad-L15-Gen-3', ip: '127.0.1.1', os.name: 'Linux', os.arch: 'amd64', os.version: '5.15.0-56-generic', java.version: '17.0.5'
Driver info: org.openqa.selenium.chrome.ChromeDriver
Command: [aa7f8af73eab490a46efc3f94d4c7eb7, findElement {using=xpath, value=//td//span[text()='tesing12']}]
Capabilities {acceptInsecureCerts: false, browserName: chrome, browserVersion: 108.0.5359.124, chrome: {chromedriverVersion: 108.0.5359.71 (1e0e3868ee06..., userDataDir: /tmp/.com.google.Chrome.c88Cvm}, goog:chromeOptions: {debuggerAddress: localhost:42597}, networkConnectionEnabled: false, pageLoadStrategy: normal, platformName: LINUX, proxy: Proxy(), se:cdp: ws://localhost:42597/devtoo..., se:cdpVersion: 108.0.5359.124, setWindowRect: true, strictFileInteractability: false, timeouts: {implicit: 0, pageLoad: 300000, script: 30000}, unhandledPromptBehavior: dismiss and notify, webauthn:extension:credBlob: true, webauthn:extension:largeBlob: true, webauthn:virtualAuthenticators: true}
Session ID: aa7f8af73eab490a46efc3f94d4c7eb7
at java.base/jdk.internal.reflect.NativeConstructorAccessorImpl.newInstance0(Native Method)
at java.base/jdk.internal.reflect.NativeConstructorAccessorImpl.newInstance(NativeConstructorAccessorImpl.java:77)
at java.base/jdk.internal.reflect.DelegatingConstructorAccessorImpl.newInstance(DelegatingConstructorAccessorImpl.java:45)
at java.base/java.lang.reflect.Constructor.newInstanceWithCaller(Constructor.java:499)
at java.base/java.lang.reflect.Constructor.newInstance(Constructor.java:480)
at org.openqa.selenium.remote.codec.w3c.W3CHttpResponseCodec.createException(W3CHttpResponseCodec.java:200)
at org.openqa.selenium.remote.codec.w3c.W3CHttpResponseCodec.decode(W3CHttpResponseCodec.java:133)
at org.openqa.selenium.remote.codec.w3c.W3CHttpResponseCodec.decode(W3CHttpResponseCodec.java:53)
at org.openqa.selenium.remote.HttpCommandExecutor.execute(HttpCommandExecutor.java:184)
at org.openqa.selenium.remote.service.DriverCommandExecutor.invokeExecute(DriverCommandExecutor.java:167)
at org.openqa.selenium.remote.service.DriverCommandExecutor.execute(DriverCommandExecutor.java:142)
at org.openqa.selenium.remote.RemoteWebDriver.execute(RemoteWebDriver.java:569)
at org.openqa.selenium.remote.ElementLocation$ElementFinder$2.findElement(ElementLocation.java:162)
at org.openqa.selenium.remote.ElementLocation.findElement(ElementLocation.java:60)
at org.openqa.selenium.remote.RemoteWebDriver.findElement(RemoteWebDriver.java:387)
at org.openqa.selenium.remote.RemoteWebDriver.findElement(RemoteWebDriver.java:379)
at com.pages.DeviceType.EditDeviceTypePage.verify_table(EditDeviceTypePage.java:62)
at stepdefinitions.DeviceType.EditDeviceTypeSteps.verify_devive_type(EditDeviceTypeSteps.java:33)
at ✽.verify devive type "" "tesing12"(file:///home/vassar-deepa/git/Stanley-Dashboard/src/test/resources/DeviceType/EditDeviceType.feature:6)
]]>
            </full-stacktrace>
          </exception> <!-- org.openqa.selenium.NoSuchElementException -->
          <reporter-output>
          </reporter-output>
        </test-method> <!-- runScenario -->
        <test-method signature="runScenario(io.cucumber.testng.PickleWrapper,io.cucumber.testng.FeatureWrapper)[pri:0, instance:testrunner.TestRunner@7674f035]" started-at="2022-12-29T10:25:24 IST" name="runScenario" description="Runs Cucumber Scenarios" data-provider="scenarios" finished-at="2022-12-29T10:25:35 IST" duration-ms="10526" status="PASS">
          <params>
            <param index="0">
              <value>
                <![CDATA["Verify Device Type page"]]>
              </value>
            </param>
            <param index="1">
              <value>
                <![CDATA["Optional[Verify Device Type Page]"]]>
              </value>
            </param>
          </params>
          <reporter-output>
          </reporter-output>
        </test-method> <!-- runScenario -->
        <test-method signature="runScenario(io.cucumber.testng.PickleWrapper,io.cucumber.testng.FeatureWrapper)[pri:0, instance:testrunner.TestRunner@7674f035]" started-at="2022-12-29T10:25:35 IST" name="runScenario" description="Runs Cucumber Scenarios" data-provider="scenarios" finished-at="2022-12-29T10:27:46 IST" duration-ms="131159" status="FAIL">
          <params>
            <param index="0">
              <value>
                <![CDATA["Verify Devices page"]]>
              </value>
            </param>
            <param index="1">
              <value>
                <![CDATA["Optional[Verify Devices Page]"]]>
              </value>
            </param>
          </params>
          <exception class="org.openqa.selenium.ElementNotInteractableException">
            <message>
              <![CDATA[element not interactable
  (Session info: chrome=108.0.5359.124)
Build info: version: '4.3.0', revision: 'a4995e2c09*'
System info: host: 'vassardeepa-ThinkPad-L15-Gen-3', ip: '127.0.1.1', os.name: 'Linux', os.arch: 'amd64', os.version: '5.15.0-56-generic', java.version: '17.0.5'
Driver info: org.openqa.selenium.chrome.ChromeDriver
Command: [6990cc97f4ca92f385e39e296d5df534, clickElement {id=95cb8f86-1a5d-498f-80ad-cdabaf7ae94c}]
Capabilities {acceptInsecureCerts: false, browserName: chrome, browserVersion: 108.0.5359.124, chrome: {chromedriverVersion: 108.0.5359.71 (1e0e3868ee06..., userDataDir: /tmp/.com.google.Chrome.TGcj5I}, goog:chromeOptions: {debuggerAddress: localhost:35165}, networkConnectionEnabled: false, pageLoadStrategy: normal, platformName: LINUX, proxy: Proxy(), se:cdp: ws://localhost:35165/devtoo..., se:cdpVersion: 108.0.5359.124, setWindowRect: true, strictFileInteractability: false, timeouts: {implicit: 0, pageLoad: 300000, script: 30000}, unhandledPromptBehavior: dismiss and notify, webauthn:extension:credBlob: true, webauthn:extension:largeBlob: true, webauthn:virtualAuthenticators: true}
Element: [[ChromeDriver: chrome on LINUX (6990cc97f4ca92f385e39e296d5df534)] -> xpath: //a[text()=' Devices']]
Session ID: 6990cc97f4ca92f385e39e296d5df534]]>
            </message>
            <full-stacktrace>
              <![CDATA[org.openqa.selenium.ElementNotInteractableException: element not interactable
  (Session info: chrome=108.0.5359.124)
Build info: version: '4.3.0', revision: 'a4995e2c09*'
System info: host: 'vassardeepa-ThinkPad-L15-Gen-3', ip: '127.0.1.1', os.name: 'Linux', os.arch: 'amd64', os.version: '5.15.0-56-generic', java.version: '17.0.5'
Driver info: org.openqa.selenium.chrome.ChromeDriver
Command: [6990cc97f4ca92f385e39e296d5df534, clickElement {id=95cb8f86-1a5d-498f-80ad-cdabaf7ae94c}]
Capabilities {acceptInsecureCerts: false, browserName: chrome, browserVersion: 108.0.5359.124, chrome: {chromedriverVersion: 108.0.5359.71 (1e0e3868ee06..., userDataDir: /tmp/.com.google.Chrome.TGcj5I}, goog:chromeOptions: {debuggerAddress: localhost:35165}, networkConnectionEnabled: false, pageLoadStrategy: normal, platformName: LINUX, proxy: Proxy(), se:cdp: ws://localhost:35165/devtoo..., se:cdpVersion: 108.0.5359.124, setWindowRect: true, strictFileInteractability: false, timeouts: {implicit: 0, pageLoad: 300000, script: 30000}, unhandledPromptBehavior: dismiss and notify, webauthn:extension:credBlob: true, webauthn:extension:largeBlob: true, webauthn:virtualAuthenticators: true}
Element: [[ChromeDriver: chrome on LINUX (6990cc97f4ca92f385e39e296d5df534)] -> xpath: //a[text()=' Devices']]
Session ID: 6990cc97f4ca92f385e39e296d5df534
at java.base/jdk.internal.reflect.NativeConstructorAccessorImpl.newInstance0(Native Method)
at java.base/jdk.internal.reflect.NativeConstructorAccessorImpl.newInstance(NativeConstructorAccessorImpl.java:77)
at java.base/jdk.internal.reflect.DelegatingConstructorAccessorImpl.newInstance(DelegatingConstructorAccessorImpl.java:45)
at java.base/java.lang.reflect.Constructor.newInstanceWithCaller(Constructor.java:499)
at java.base/java.lang.reflect.Constructor.newInstance(Constructor.java:480)
at org.openqa.selenium.remote.codec.w3c.W3CHttpResponseCodec.createException(W3CHttpResponseCodec.java:200)
at org.openqa.selenium.remote.codec.w3c.W3CHttpResponseCodec.decode(W3CHttpResponseCodec.java:133)
at org.openqa.selenium.remote.codec.w3c.W3CHttpResponseCodec.decode(W3CHttpResponseCodec.java:53)
at org.openqa.selenium.remote.HttpCommandExecutor.execute(HttpCommandExecutor.java:184)
at org.openqa.selenium.remote.service.DriverCommandExecutor.invokeExecute(DriverCommandExecutor.java:167)
at org.openqa.selenium.remote.service.DriverCommandExecutor.execute(DriverCommandExecutor.java:142)
at org.openqa.selenium.remote.RemoteWebDriver.execute(RemoteWebDriver.java:569)
at org.openqa.selenium.remote.RemoteWebElement.execute(RemoteWebElement.java:257)
at org.openqa.selenium.remote.RemoteWebElement.click(RemoteWebElement.java:78)
at com.pages.Devices.VerifyDevicesPage.clickOnDevices_Link(VerifyDevicesPage.java:20)
at stepdefinitions.Devices.VerifyDevicesPageSteps.user_is_on_devices_page(VerifyDevicesPageSteps.java:20)
at ✽.user is on Devices page(file:///home/vassar-deepa/git/Stanley-Dashboard/src/test/resources/Devices/VerifyDevicesPage.feature:4)
]]>
            </full-stacktrace>
          </exception> <!-- org.openqa.selenium.ElementNotInteractableException -->
          <reporter-output>
          </reporter-output>
        </test-method> <!-- runScenario -->
        <test-method signature="runScenario(io.cucumber.testng.PickleWrapper,io.cucumber.testng.FeatureWrapper)[pri:0, instance:testrunner.TestRunner@7674f035]" started-at="2022-12-29T10:27:46 IST" name="runScenario" description="Runs Cucumber Scenarios" data-provider="scenarios" finished-at="2022-12-29T10:28:06 IST" duration-ms="20081" status="FAIL">
          <params>
            <param index="0">
              <value>
                <![CDATA["Validate Add Location Type feature"]]>
              </value>
            </param>
            <param index="1">
              <value>
                <![CDATA["Optional[Validate Add Location Type feature]"]]>
              </value>
            </param>
          </params>
          <exception class="java.lang.AssertionError">
            <message>
              <![CDATA[expected [Location Type Added Successfully] but found [Duplicate Value Entered]]]>
            </message>
            <full-stacktrace>
              <![CDATA[java.lang.AssertionError: expected [Location Type Added Successfully] but found [Duplicate Value Entered]
at org.testng.Assert.fail(Assert.java:99)
at org.testng.Assert.failNotEquals(Assert.java:1037)
at org.testng.Assert.assertEqualsImpl(Assert.java:140)
at org.testng.Assert.assertEquals(Assert.java:122)
at org.testng.Assert.assertEquals(Assert.java:629)
at org.testng.Assert.assertEquals(Assert.java:639)
at com.pages.LocationType.AddLocationTypePage.clickOnSubmitBtn(AddLocationTypePage.java:73)
at stepdefinitions.LocationType.AddLocationTypeSteps.click_on_submit_button(AddLocationTypeSteps.java:41)
at ✽.Click on Submit button "Location Type Added Successfully"(file:///home/vassar-deepa/git/Stanley-Dashboard/src/test/resources/LocationType/AddLocationType.feature:7)
]]>
            </full-stacktrace>
          </exception> <!-- java.lang.AssertionError -->
          <reporter-output>
          </reporter-output>
        </test-method> <!-- runScenario -->
        <test-method signature="runScenario(io.cucumber.testng.PickleWrapper,io.cucumber.testng.FeatureWrapper)[pri:0, instance:testrunner.TestRunner@7674f035]" started-at="2022-12-29T10:28:06 IST" name="runScenario" description="Runs Cucumber Scenarios" data-provider="scenarios" finished-at="2022-12-29T10:28:20 IST" duration-ms="13642" status="FAIL">
          <params>
            <param index="0">
              <value>
                <![CDATA["Validate Delete Location Type Functionality"]]>
              </value>
            </param>
            <param index="1">
              <value>
                <![CDATA["Optional[Validate Delete Location Type Functionality]"]]>
              </value>
            </param>
          </params>
          <exception class="java.lang.AssertionError">
            <message>
              <![CDATA[expected [Location Type Deleted Successfully] but found [Entered Location Type does NOT exists in Table]]]>
            </message>
            <full-stacktrace>
              <![CDATA[java.lang.AssertionError: expected [Location Type Deleted Successfully] but found [Entered Location Type does NOT exists in Table]
at org.testng.Assert.fail(Assert.java:99)
at org.testng.Assert.failNotEquals(Assert.java:1037)
at org.testng.Assert.assertEqualsImpl(Assert.java:140)
at org.testng.Assert.assertEquals(Assert.java:122)
at org.testng.Assert.assertEquals(Assert.java:629)
at org.testng.Assert.assertEquals(Assert.java:639)
at com.pages.LocationType.DeleteLocationTypePage.deleteLocType(DeleteLocationTypePage.java:80)
at stepdefinitions.LocationType.DeleteLocationTypeSteps.delete_desired_location_type(DeleteLocationTypeSteps.java:15)
at ✽.Delete desired Location Type "Testing" "Location Type Deleted Successfully"(file:///home/vassar-deepa/git/Stanley-Dashboard/src/test/resources/LocationType/DeleteLocationType.feature:5)
]]>
            </full-stacktrace>
          </exception> <!-- java.lang.AssertionError -->
          <reporter-output>
          </reporter-output>
        </test-method> <!-- runScenario -->
        <test-method signature="runScenario(io.cucumber.testng.PickleWrapper,io.cucumber.testng.FeatureWrapper)[pri:0, instance:testrunner.TestRunner@7674f035]" started-at="2022-12-29T10:28:20 IST" name="runScenario" description="Runs Cucumber Scenarios" data-provider="scenarios" finished-at="2022-12-29T10:28:35 IST" duration-ms="15619" status="FAIL">
          <params>
            <param index="0">
              <value>
                <![CDATA["Validate Delete Location Type Functionality"]]>
              </value>
            </param>
            <param index="1">
              <value>
                <![CDATA["Optional[Validate Delete Location Type Functionality]"]]>
              </value>
            </param>
          </params>
          <exception class="java.lang.AssertionError">
            <message>
              <![CDATA[expected [Location Type Deleted Successfully] but found [Entered Location Type does NOT exists in Table]]]>
            </message>
            <full-stacktrace>
              <![CDATA[java.lang.AssertionError: expected [Location Type Deleted Successfully] but found [Entered Location Type does NOT exists in Table]
at org.testng.Assert.fail(Assert.java:99)
at org.testng.Assert.failNotEquals(Assert.java:1037)
at org.testng.Assert.assertEqualsImpl(Assert.java:140)
at org.testng.Assert.assertEquals(Assert.java:122)
at org.testng.Assert.assertEquals(Assert.java:629)
at org.testng.Assert.assertEquals(Assert.java:639)
at com.pages.LocationType.DeleteLocationTypePage.deleteLocType(DeleteLocationTypePage.java:80)
at stepdefinitions.LocationType.DeleteLocationTypeSteps.delete_desired_location_type(DeleteLocationTypeSteps.java:15)
at ✽.Delete desired Location Type "TESTING" "Location Type Deleted Successfully"(file:///home/vassar-deepa/git/Stanley-Dashboard/src/test/resources/LocationType/DeleteLocationType.feature:5)
]]>
            </full-stacktrace>
          </exception> <!-- java.lang.AssertionError -->
          <reporter-output>
          </reporter-output>
        </test-method> <!-- runScenario -->
        <test-method signature="runScenario(io.cucumber.testng.PickleWrapper,io.cucumber.testng.FeatureWrapper)[pri:0, instance:testrunner.TestRunner@7674f035]" started-at="2022-12-29T10:28:35 IST" name="runScenario" description="Runs Cucumber Scenarios" data-provider="scenarios" finished-at="2022-12-29T10:28:50 IST" duration-ms="14632" status="FAIL">
          <params>
            <param index="0">
              <value>
                <![CDATA["Validate Delete Location Type Functionality"]]>
              </value>
            </param>
            <param index="1">
              <value>
                <![CDATA["Optional[Validate Delete Location Type Functionality]"]]>
              </value>
            </param>
          </params>
          <exception class="java.lang.AssertionError">
            <message>
              <![CDATA[expected [Location Type Deleted Successfully] but found [Entered Location Type does NOT exists in Table]]]>
            </message>
            <full-stacktrace>
              <![CDATA[java.lang.AssertionError: expected [Location Type Deleted Successfully] but found [Entered Location Type does NOT exists in Table]
at org.testng.Assert.fail(Assert.java:99)
at org.testng.Assert.failNotEquals(Assert.java:1037)
at org.testng.Assert.assertEqualsImpl(Assert.java:140)
at org.testng.Assert.assertEquals(Assert.java:122)
at org.testng.Assert.assertEquals(Assert.java:629)
at org.testng.Assert.assertEquals(Assert.java:639)
at com.pages.LocationType.DeleteLocationTypePage.deleteLocType(DeleteLocationTypePage.java:80)
at stepdefinitions.LocationType.DeleteLocationTypeSteps.delete_desired_location_type(DeleteLocationTypeSteps.java:15)
at ✽.Delete desired Location Type "TestING" "Location Type Deleted Successfully"(file:///home/vassar-deepa/git/Stanley-Dashboard/src/test/resources/LocationType/DeleteLocationType.feature:5)
]]>
            </full-stacktrace>
          </exception> <!-- java.lang.AssertionError -->
          <reporter-output>
          </reporter-output>
        </test-method> <!-- runScenario -->
        <test-method signature="runScenario(io.cucumber.testng.PickleWrapper,io.cucumber.testng.FeatureWrapper)[pri:0, instance:testrunner.TestRunner@7674f035]" started-at="2022-12-29T10:28:50 IST" name="runScenario" description="Runs Cucumber Scenarios" data-provider="scenarios" finished-at="2022-12-29T10:29:06 IST" duration-ms="16073" status="FAIL">
          <params>
            <param index="0">
              <value>
                <![CDATA["Validate Delete Location Type Functionality"]]>
              </value>
            </param>
            <param index="1">
              <value>
                <![CDATA["Optional[Validate Delete Location Type Functionality]"]]>
              </value>
            </param>
          </params>
          <exception class="java.lang.AssertionError">
            <message>
              <![CDATA[expected [Location Type Deleted Successfully] but found [Entered Location Type does NOT exists in Table]]]>
            </message>
            <full-stacktrace>
              <![CDATA[java.lang.AssertionError: expected [Location Type Deleted Successfully] but found [Entered Location Type does NOT exists in Table]
at org.testng.Assert.fail(Assert.java:99)
at org.testng.Assert.failNotEquals(Assert.java:1037)
at org.testng.Assert.assertEqualsImpl(Assert.java:140)
at org.testng.Assert.assertEquals(Assert.java:122)
at org.testng.Assert.assertEquals(Assert.java:629)
at org.testng.Assert.assertEquals(Assert.java:639)
at com.pages.LocationType.DeleteLocationTypePage.deleteLocType(DeleteLocationTypePage.java:80)
at stepdefinitions.LocationType.DeleteLocationTypeSteps.delete_desired_location_type(DeleteLocationTypeSteps.java:15)
at ✽.Delete desired Location Type "@@@@@34525" "Location Type Deleted Successfully"(file:///home/vassar-deepa/git/Stanley-Dashboard/src/test/resources/LocationType/DeleteLocationType.feature:5)
]]>
            </full-stacktrace>
          </exception> <!-- java.lang.AssertionError -->
          <reporter-output>
          </reporter-output>
        </test-method> <!-- runScenario -->
        <test-method signature="runScenario(io.cucumber.testng.PickleWrapper,io.cucumber.testng.FeatureWrapper)[pri:0, instance:testrunner.TestRunner@7674f035]" started-at="2022-12-29T10:29:06 IST" name="runScenario" description="Runs Cucumber Scenarios" data-provider="scenarios" finished-at="2022-12-29T10:29:21 IST" duration-ms="14451" status="FAIL">
          <params>
            <param index="0">
              <value>
                <![CDATA["Validate Delete Location Type Functionality"]]>
              </value>
            </param>
            <param index="1">
              <value>
                <![CDATA["Optional[Validate Delete Location Type Functionality]"]]>
              </value>
            </param>
          </params>
          <exception class="java.lang.AssertionError">
            <message>
              <![CDATA[expected [Location Type Deleted Successfully] but found [Entered Location Type does NOT exists in Table]]]>
            </message>
            <full-stacktrace>
              <![CDATA[java.lang.AssertionError: expected [Location Type Deleted Successfully] but found [Entered Location Type does NOT exists in Table]
at org.testng.Assert.fail(Assert.java:99)
at org.testng.Assert.failNotEquals(Assert.java:1037)
at org.testng.Assert.assertEqualsImpl(Assert.java:140)
at org.testng.Assert.assertEquals(Assert.java:122)
at org.testng.Assert.assertEquals(Assert.java:629)
at org.testng.Assert.assertEquals(Assert.java:639)
at com.pages.LocationType.DeleteLocationTypePage.deleteLocType(DeleteLocationTypePage.java:80)
at stepdefinitions.LocationType.DeleteLocationTypeSteps.delete_desired_location_type(DeleteLocationTypeSteps.java:15)
at ✽.Delete desired Location Type "Testing Description field" "Location Type Deleted Successfully"(file:///home/vassar-deepa/git/Stanley-Dashboard/src/test/resources/LocationType/DeleteLocationType.feature:5)
]]>
            </full-stacktrace>
          </exception> <!-- java.lang.AssertionError -->
          <reporter-output>
          </reporter-output>
        </test-method> <!-- runScenario -->
        <test-method signature="runScenario(io.cucumber.testng.PickleWrapper,io.cucumber.testng.FeatureWrapper)[pri:0, instance:testrunner.TestRunner@7674f035]" started-at="2022-12-29T10:29:21 IST" name="runScenario" description="Runs Cucumber Scenarios" data-provider="scenarios" finished-at="2022-12-29T10:29:33 IST" duration-ms="12813" status="PASS">
          <params>
            <param index="0">
              <value>
                <![CDATA["Validate Delete Location Type Functionality"]]>
              </value>
            </param>
            <param index="1">
              <value>
                <![CDATA["Optional[Validate Delete Location Type Functionality]"]]>
              </value>
            </param>
          </params>
          <reporter-output>
          </reporter-output>
        </test-method> <!-- runScenario -->
        <test-method signature="runScenario(io.cucumber.testng.PickleWrapper,io.cucumber.testng.FeatureWrapper)[pri:0, instance:testrunner.TestRunner@7674f035]" started-at="2022-12-29T10:29:33 IST" name="runScenario" description="Runs Cucumber Scenarios" data-provider="scenarios" finished-at="2022-12-29T10:29:45 IST" duration-ms="11176" status="PASS">
          <params>
            <param index="0">
              <value>
                <![CDATA["Validate Delete Location Type Functionality"]]>
              </value>
            </param>
            <param index="1">
              <value>
                <![CDATA["Optional[Validate Delete Location Type Functionality]"]]>
              </value>
            </param>
          </params>
          <reporter-output>
          </reporter-output>
        </test-method> <!-- runScenario -->
        <test-method signature="runScenario(io.cucumber.testng.PickleWrapper,io.cucumber.testng.FeatureWrapper)[pri:0, instance:testrunner.TestRunner@7674f035]" started-at="2022-12-29T10:29:45 IST" name="runScenario" description="Runs Cucumber Scenarios" data-provider="scenarios" finished-at="2022-12-29T10:29:59 IST" duration-ms="14604" status="PASS">
          <params>
            <param index="0">
              <value>
                <![CDATA["Validate Delete Location Type Functionality"]]>
              </value>
            </param>
            <param index="1">
              <value>
                <![CDATA["Optional[Validate Delete Location Type Functionality]"]]>
              </value>
            </param>
          </params>
          <reporter-output>
          </reporter-output>
        </test-method> <!-- runScenario -->
        <test-method signature="runScenario(io.cucumber.testng.PickleWrapper,io.cucumber.testng.FeatureWrapper)[pri:0, instance:testrunner.TestRunner@7674f035]" started-at="2022-12-29T10:29:59 IST" name="runScenario" description="Runs Cucumber Scenarios" data-provider="scenarios" finished-at="2022-12-29T10:30:14 IST" duration-ms="14759" status="PASS">
          <params>
            <param index="0">
              <value>
                <![CDATA["Validate Delete Location Type Functionality"]]>
              </value>
            </param>
            <param index="1">
              <value>
                <![CDATA["Optional[Validate Delete Location Type Functionality]"]]>
              </value>
            </param>
          </params>
          <reporter-output>
          </reporter-output>
        </test-method> <!-- runScenario -->
        <test-method signature="runScenario(io.cucumber.testng.PickleWrapper,io.cucumber.testng.FeatureWrapper)[pri:0, instance:testrunner.TestRunner@7674f035]" started-at="2022-12-29T10:30:14 IST" name="runScenario" description="Runs Cucumber Scenarios" data-provider="scenarios" finished-at="2022-12-29T10:30:27 IST" duration-ms="13416" status="PASS">
          <params>
            <param index="0">
              <value>
                <![CDATA["Validate Delete Location Type Functionality"]]>
              </value>
            </param>
            <param index="1">
              <value>
                <![CDATA["Optional[Validate Delete Location Type Functionality]"]]>
              </value>
            </param>
          </params>
          <reporter-output>
          </reporter-output>
        </test-method> <!-- runScenario -->
        <test-method signature="runScenario(io.cucumber.testng.PickleWrapper,io.cucumber.testng.FeatureWrapper)[pri:0, instance:testrunner.TestRunner@7674f035]" started-at="2022-12-29T10:30:27 IST" name="runScenario" description="Runs Cucumber Scenarios" data-provider="scenarios" finished-at="2022-12-29T10:30:42 IST" duration-ms="14883" status="FAIL">
          <params>
            <param index="0">
              <value>
                <![CDATA["Verify the Edit Location Type page"]]>
              </value>
            </param>
            <param index="1">
              <value>
                <![CDATA["Optional[Validate the Edit Location type]"]]>
              </value>
            </param>
          </params>
          <exception class="java.lang.AssertionError">
            <message>
              <![CDATA[expected [Location Type Edited Successfully] but found [Entered Location Type does NOT exists in Table]]]>
            </message>
            <full-stacktrace>
              <![CDATA[java.lang.AssertionError: expected [Location Type Edited Successfully] but found [Entered Location Type does NOT exists in Table]
at org.testng.Assert.fail(Assert.java:99)
at org.testng.Assert.failNotEquals(Assert.java:1037)
at org.testng.Assert.assertEqualsImpl(Assert.java:140)
at org.testng.Assert.assertEquals(Assert.java:122)
at org.testng.Assert.assertEquals(Assert.java:629)
at org.testng.Assert.assertEquals(Assert.java:639)
at com.pages.LocationType.EditLocationTypePage.editLocationType(EditLocationTypePage.java:160)
at stepdefinitions.LocationType.EditLocationTypeSteps.user_edits_location_type_exp_msg(EditLocationTypeSteps.java:29)
at ✽.User Edits Location Type "Testing" "Test 4" "Testing" "Device Location" "Walmart" "Location Type Edited Successfully"(file:///home/vassar-deepa/git/Stanley-Dashboard/src/test/resources/LocationType/EditLocationType.feature:5)
]]>
            </full-stacktrace>
          </exception> <!-- java.lang.AssertionError -->
          <reporter-output>
          </reporter-output>
        </test-method> <!-- runScenario -->
        <test-method signature="runScenario(io.cucumber.testng.PickleWrapper,io.cucumber.testng.FeatureWrapper)[pri:0, instance:testrunner.TestRunner@7674f035]" started-at="2022-12-29T10:30:42 IST" name="runScenario" description="Runs Cucumber Scenarios" data-provider="scenarios" finished-at="2022-12-29T10:30:57 IST" duration-ms="14236" status="FAIL">
          <params>
            <param index="0">
              <value>
                <![CDATA["Verify the Edit Location Type page"]]>
              </value>
            </param>
            <param index="1">
              <value>
                <![CDATA["Optional[Validate the Edit Location type]"]]>
              </value>
            </param>
          </params>
          <exception class="java.lang.AssertionError">
            <message>
              <![CDATA[expected [Location Type Edited Successfully] but found [Entered Location Type does NOT exists in Table]]]>
            </message>
            <full-stacktrace>
              <![CDATA[java.lang.AssertionError: expected [Location Type Edited Successfully] but found [Entered Location Type does NOT exists in Table]
at org.testng.Assert.fail(Assert.java:99)
at org.testng.Assert.failNotEquals(Assert.java:1037)
at org.testng.Assert.assertEqualsImpl(Assert.java:140)
at org.testng.Assert.assertEquals(Assert.java:122)
at org.testng.Assert.assertEquals(Assert.java:629)
at org.testng.Assert.assertEquals(Assert.java:639)
at com.pages.LocationType.EditLocationTypePage.editLocationType(EditLocationTypePage.java:160)
at stepdefinitions.LocationType.EditLocationTypeSteps.user_edits_location_type_exp_msg(EditLocationTypeSteps.java:29)
at ✽.User Edits Location Type "Test 4" "Testing" "Test" "Device Location" "Vassar" "Location Type Edited Successfully"(file:///home/vassar-deepa/git/Stanley-Dashboard/src/test/resources/LocationType/EditLocationType.feature:5)
]]>
            </full-stacktrace>
          </exception> <!-- java.lang.AssertionError -->
          <reporter-output>
          </reporter-output>
        </test-method> <!-- runScenario -->
        <test-method signature="runScenario(io.cucumber.testng.PickleWrapper,io.cucumber.testng.FeatureWrapper)[pri:0, instance:testrunner.TestRunner@7674f035]" started-at="2022-12-29T10:30:57 IST" name="runScenario" description="Runs Cucumber Scenarios" data-provider="scenarios" finished-at="2022-12-29T10:31:11 IST" duration-ms="14555" status="FAIL">
          <params>
            <param index="0">
              <value>
                <![CDATA["Verify the Edit Location Type page"]]>
              </value>
            </param>
            <param index="1">
              <value>
                <![CDATA["Optional[Validate the Edit Location type]"]]>
              </value>
            </param>
          </params>
          <exception class="java.lang.AssertionError">
            <message>
              <![CDATA[expected [Location Type Edited Successfully] but found [Entered Location Type does NOT exists in Table]]]>
            </message>
            <full-stacktrace>
              <![CDATA[java.lang.AssertionError: expected [Location Type Edited Successfully] but found [Entered Location Type does NOT exists in Table]
at org.testng.Assert.fail(Assert.java:99)
at org.testng.Assert.failNotEquals(Assert.java:1037)
at org.testng.Assert.assertEqualsImpl(Assert.java:140)
at org.testng.Assert.assertEquals(Assert.java:122)
at org.testng.Assert.assertEquals(Assert.java:629)
at org.testng.Assert.assertEquals(Assert.java:639)
at com.pages.LocationType.EditLocationTypePage.editLocationType(EditLocationTypePage.java:160)
at stepdefinitions.LocationType.EditLocationTypeSteps.user_edits_location_type_exp_msg(EditLocationTypeSteps.java:29)
at ✽.User Edits Location Type "Testing" "12345" "Testing" "Device Location" "Home Depot" "Location Type Edited Successfully"(file:///home/vassar-deepa/git/Stanley-Dashboard/src/test/resources/LocationType/EditLocationType.feature:5)
]]>
            </full-stacktrace>
          </exception> <!-- java.lang.AssertionError -->
          <reporter-output>
          </reporter-output>
        </test-method> <!-- runScenario -->
        <test-method signature="runScenario(io.cucumber.testng.PickleWrapper,io.cucumber.testng.FeatureWrapper)[pri:0, instance:testrunner.TestRunner@7674f035]" started-at="2022-12-29T10:31:11 IST" name="runScenario" description="Runs Cucumber Scenarios" data-provider="scenarios" finished-at="2022-12-29T10:31:25 IST" duration-ms="13533" status="FAIL">
          <params>
            <param index="0">
              <value>
                <![CDATA["Verify the Edit Location Type page"]]>
              </value>
            </param>
            <param index="1">
              <value>
                <![CDATA["Optional[Validate the Edit Location type]"]]>
              </value>
            </param>
          </params>
          <exception class="java.lang.AssertionError">
            <message>
              <![CDATA[expected [Location Type Edited Successfully] but found [Entered Location Type does NOT exists in Table]]]>
            </message>
            <full-stacktrace>
              <![CDATA[java.lang.AssertionError: expected [Location Type Edited Successfully] but found [Entered Location Type does NOT exists in Table]
at org.testng.Assert.fail(Assert.java:99)
at org.testng.Assert.failNotEquals(Assert.java:1037)
at org.testng.Assert.assertEqualsImpl(Assert.java:140)
at org.testng.Assert.assertEquals(Assert.java:122)
at org.testng.Assert.assertEquals(Assert.java:629)
at org.testng.Assert.assertEquals(Assert.java:639)
at com.pages.LocationType.EditLocationTypePage.editLocationType(EditLocationTypePage.java:160)
at stepdefinitions.LocationType.EditLocationTypeSteps.user_edits_location_type_exp_msg(EditLocationTypeSteps.java:29)
at ✽.User Edits Location Type "12345" "Test#####" "Testing" "Device Location" "Walmart" "Location Type Edited Successfully"(file:///home/vassar-deepa/git/Stanley-Dashboard/src/test/resources/LocationType/EditLocationType.feature:5)
]]>
            </full-stacktrace>
          </exception> <!-- java.lang.AssertionError -->
          <reporter-output>
          </reporter-output>
        </test-method> <!-- runScenario -->
        <test-method signature="runScenario(io.cucumber.testng.PickleWrapper,io.cucumber.testng.FeatureWrapper)[pri:0, instance:testrunner.TestRunner@7674f035]" started-at="2022-12-29T10:31:25 IST" name="runScenario" description="Runs Cucumber Scenarios" data-provider="scenarios" finished-at="2022-12-29T10:31:45 IST" duration-ms="20505" status="FAIL">
          <params>
            <param index="0">
              <value>
                <![CDATA["Verify the Edit Location Type page"]]>
              </value>
            </param>
            <param index="1">
              <value>
                <![CDATA["Optional[Validate the Edit Location type]"]]>
              </value>
            </param>
          </params>
          <exception class="java.lang.AssertionError">
            <message>
              <![CDATA[expected [Location Type Edited Successfully] but found [Entered Location Type does NOT exists in Table]]]>
            </message>
            <full-stacktrace>
              <![CDATA[java.lang.AssertionError: expected [Location Type Edited Successfully] but found [Entered Location Type does NOT exists in Table]
at org.testng.Assert.fail(Assert.java:99)
at org.testng.Assert.failNotEquals(Assert.java:1037)
at org.testng.Assert.assertEqualsImpl(Assert.java:140)
at org.testng.Assert.assertEquals(Assert.java:122)
at org.testng.Assert.assertEquals(Assert.java:629)
at org.testng.Assert.assertEquals(Assert.java:639)
at com.pages.LocationType.EditLocationTypePage.editLocationType(EditLocationTypePage.java:160)
at stepdefinitions.LocationType.EditLocationTypeSteps.user_edits_location_type_exp_msg(EditLocationTypeSteps.java:29)
at ✽.User Edits Location Type "Test#####" "Testing" "Testing" "Device Location" "Home Depot" "Location Type Edited Successfully"(file:///home/vassar-deepa/git/Stanley-Dashboard/src/test/resources/LocationType/EditLocationType.feature:5)
]]>
            </full-stacktrace>
          </exception> <!-- java.lang.AssertionError -->
          <reporter-output>
          </reporter-output>
        </test-method> <!-- runScenario -->
        <test-method signature="runScenario(io.cucumber.testng.PickleWrapper,io.cucumber.testng.FeatureWrapper)[pri:0, instance:testrunner.TestRunner@7674f035]" started-at="2022-12-29T10:31:45 IST" name="runScenario" description="Runs Cucumber Scenarios" data-provider="scenarios" finished-at="2022-12-29T10:32:00 IST" duration-ms="14948" status="FAIL">
          <params>
            <param index="0">
              <value>
                <![CDATA["Verify the Edit Location Type page"]]>
              </value>
            </param>
            <param index="1">
              <value>
                <![CDATA["Optional[Validate the Edit Location type]"]]>
              </value>
            </param>
          </params>
          <exception class="java.lang.AssertionError">
            <message>
              <![CDATA[expected [Duplicate Value Entered] but found [Entered Location Type does NOT exists in Table]]]>
            </message>
            <full-stacktrace>
              <![CDATA[java.lang.AssertionError: expected [Duplicate Value Entered] but found [Entered Location Type does NOT exists in Table]
at org.testng.Assert.fail(Assert.java:99)
at org.testng.Assert.failNotEquals(Assert.java:1037)
at org.testng.Assert.assertEqualsImpl(Assert.java:140)
at org.testng.Assert.assertEquals(Assert.java:122)
at org.testng.Assert.assertEquals(Assert.java:629)
at org.testng.Assert.assertEquals(Assert.java:639)
at com.pages.LocationType.EditLocationTypePage.editLocationType(EditLocationTypePage.java:160)
at stepdefinitions.LocationType.EditLocationTypeSteps.user_edits_location_type_exp_msg(EditLocationTypeSteps.java:29)
at ✽.User Edits Location Type "Testing" "    " "Testing" "Device Location" "Vassar" "Duplicate Value Entered"(file:///home/vassar-deepa/git/Stanley-Dashboard/src/test/resources/LocationType/EditLocationType.feature:5)
]]>
            </full-stacktrace>
          </exception> <!-- java.lang.AssertionError -->
          <reporter-output>
          </reporter-output>
        </test-method> <!-- runScenario -->
        <test-method signature="runScenario(io.cucumber.testng.PickleWrapper,io.cucumber.testng.FeatureWrapper)[pri:0, instance:testrunner.TestRunner@7674f035]" started-at="2022-12-29T10:32:00 IST" name="runScenario" description="Runs Cucumber Scenarios" data-provider="scenarios" finished-at="2022-12-29T10:32:17 IST" duration-ms="16491" status="FAIL">
          <params>
            <param index="0">
              <value>
                <![CDATA["Verify the Edit Location Type page"]]>
              </value>
            </param>
            <param index="1">
              <value>
                <![CDATA["Optional[Validate the Edit Location type]"]]>
              </value>
            </param>
          </params>
          <exception class="java.lang.AssertionError">
            <message>
              <![CDATA[expected [Duplicate Value Entered] but found [Entered Location Type does NOT exists in Table]]]>
            </message>
            <full-stacktrace>
              <![CDATA[java.lang.AssertionError: expected [Duplicate Value Entered] but found [Entered Location Type does NOT exists in Table]
at org.testng.Assert.fail(Assert.java:99)
at org.testng.Assert.failNotEquals(Assert.java:1037)
at org.testng.Assert.assertEqualsImpl(Assert.java:140)
at org.testng.Assert.assertEquals(Assert.java:122)
at org.testng.Assert.assertEquals(Assert.java:629)
at org.testng.Assert.assertEquals(Assert.java:639)
at com.pages.LocationType.EditLocationTypePage.editLocationType(EditLocationTypePage.java:160)
at stepdefinitions.LocationType.EditLocationTypeSteps.user_edits_location_type_exp_msg(EditLocationTypeSteps.java:29)
at ✽.User Edits Location Type "Testing" "Test" "    " "Device Location" "Vassar" "Duplicate Value Entered"(file:///home/vassar-deepa/git/Stanley-Dashboard/src/test/resources/LocationType/EditLocationType.feature:5)
]]>
            </full-stacktrace>
          </exception> <!-- java.lang.AssertionError -->
          <reporter-output>
          </reporter-output>
        </test-method> <!-- runScenario -->
        <test-method signature="runScenario(io.cucumber.testng.PickleWrapper,io.cucumber.testng.FeatureWrapper)[pri:0, instance:testrunner.TestRunner@7674f035]" started-at="2022-12-29T10:32:17 IST" name="runScenario" description="Runs Cucumber Scenarios" data-provider="scenarios" finished-at="2022-12-29T10:32:30 IST" duration-ms="13673" status="FAIL">
          <params>
            <param index="0">
              <value>
                <![CDATA["Verify the Edit Location Type page"]]>
              </value>
            </param>
            <param index="1">
              <value>
                <![CDATA["Optional[Validate the Edit Location type]"]]>
              </value>
            </param>
          </params>
          <exception class="java.lang.AssertionError">
            <message>
              <![CDATA[expected [Duplicate Value Entered] but found [Entered Location Type does NOT exists in Table]]]>
            </message>
            <full-stacktrace>
              <![CDATA[java.lang.AssertionError: expected [Duplicate Value Entered] but found [Entered Location Type does NOT exists in Table]
at org.testng.Assert.fail(Assert.java:99)
at org.testng.Assert.failNotEquals(Assert.java:1037)
at org.testng.Assert.assertEqualsImpl(Assert.java:140)
at org.testng.Assert.assertEquals(Assert.java:122)
at org.testng.Assert.assertEquals(Assert.java:629)
at org.testng.Assert.assertEquals(Assert.java:639)
at com.pages.LocationType.EditLocationTypePage.editLocationType(EditLocationTypePage.java:160)
at stepdefinitions.LocationType.EditLocationTypeSteps.user_edits_location_type_exp_msg(EditLocationTypeSteps.java:29)
at ✽.User Edits Location Type "Testing" "    " "    " "Device Location" "Vassar" "Duplicate Value Entered"(file:///home/vassar-deepa/git/Stanley-Dashboard/src/test/resources/LocationType/EditLocationType.feature:5)
]]>
            </full-stacktrace>
          </exception> <!-- java.lang.AssertionError -->
          <reporter-output>
          </reporter-output>
        </test-method> <!-- runScenario -->
        <test-method signature="runScenario(io.cucumber.testng.PickleWrapper,io.cucumber.testng.FeatureWrapper)[pri:0, instance:testrunner.TestRunner@7674f035]" started-at="2022-12-29T10:32:30 IST" name="runScenario" description="Runs Cucumber Scenarios" data-provider="scenarios" finished-at="2022-12-29T10:32:46 IST" duration-ms="15499" status="FAIL">
          <params>
            <param index="0">
              <value>
                <![CDATA["Verify the Edit Location Type page"]]>
              </value>
            </param>
            <param index="1">
              <value>
                <![CDATA["Optional[Validate the Edit Location type]"]]>
              </value>
            </param>
          </params>
          <exception class="java.lang.AssertionError">
            <message>
              <![CDATA[expected [Submit Button is Disabled. Need to fill Mandatory fields] but found [Entered Location Type does NOT exists in Table]]]>
            </message>
            <full-stacktrace>
              <![CDATA[java.lang.AssertionError: expected [Submit Button is Disabled. Need to fill Mandatory fields] but found [Entered Location Type does NOT exists in Table]
at org.testng.Assert.fail(Assert.java:99)
at org.testng.Assert.failNotEquals(Assert.java:1037)
at org.testng.Assert.assertEqualsImpl(Assert.java:140)
at org.testng.Assert.assertEquals(Assert.java:122)
at org.testng.Assert.assertEquals(Assert.java:629)
at org.testng.Assert.assertEquals(Assert.java:639)
at com.pages.LocationType.EditLocationTypePage.editLocationType(EditLocationTypePage.java:160)
at stepdefinitions.LocationType.EditLocationTypeSteps.user_edits_location_type_exp_msg(EditLocationTypeSteps.java:29)
at ✽.User Edits Location Type "Testing" "" "Testing" "Device Location" "Home Depot" "Submit Button is Disabled. Need to fill Mandatory fields"(file:///home/vassar-deepa/git/Stanley-Dashboard/src/test/resources/LocationType/EditLocationType.feature:5)
]]>
            </full-stacktrace>
          </exception> <!-- java.lang.AssertionError -->
          <reporter-output>
          </reporter-output>
        </test-method> <!-- runScenario -->
        <test-method signature="runScenario(io.cucumber.testng.PickleWrapper,io.cucumber.testng.FeatureWrapper)[pri:0, instance:testrunner.TestRunner@7674f035]" started-at="2022-12-29T10:32:46 IST" name="runScenario" description="Runs Cucumber Scenarios" data-provider="scenarios" finished-at="2022-12-29T10:33:01 IST" duration-ms="14898" status="FAIL">
          <params>
            <param index="0">
              <value>
                <![CDATA["Verify the Edit Location Type page"]]>
              </value>
            </param>
            <param index="1">
              <value>
                <![CDATA["Optional[Validate the Edit Location type]"]]>
              </value>
            </param>
          </params>
          <exception class="java.lang.AssertionError">
            <message>
              <![CDATA[expected [Submit Button is Disabled. Need to fill Mandatory fields] but found [Entered Location Type does NOT exists in Table]]]>
            </message>
            <full-stacktrace>
              <![CDATA[java.lang.AssertionError: expected [Submit Button is Disabled. Need to fill Mandatory fields] but found [Entered Location Type does NOT exists in Table]
at org.testng.Assert.fail(Assert.java:99)
at org.testng.Assert.failNotEquals(Assert.java:1037)
at org.testng.Assert.assertEqualsImpl(Assert.java:140)
at org.testng.Assert.assertEquals(Assert.java:122)
at org.testng.Assert.assertEquals(Assert.java:629)
at org.testng.Assert.assertEquals(Assert.java:639)
at com.pages.LocationType.EditLocationTypePage.editLocationType(EditLocationTypePage.java:160)
at stepdefinitions.LocationType.EditLocationTypeSteps.user_edits_location_type_exp_msg(EditLocationTypeSteps.java:29)
at ✽.User Edits Location Type "Testing" "Testing" "" "Device Location" "Home Depot" "Submit Button is Disabled. Need to fill Mandatory fields"(file:///home/vassar-deepa/git/Stanley-Dashboard/src/test/resources/LocationType/EditLocationType.feature:5)
]]>
            </full-stacktrace>
          </exception> <!-- java.lang.AssertionError -->
          <reporter-output>
          </reporter-output>
        </test-method> <!-- runScenario -->
        <test-method signature="runScenario(io.cucumber.testng.PickleWrapper,io.cucumber.testng.FeatureWrapper)[pri:0, instance:testrunner.TestRunner@7674f035]" started-at="2022-12-29T10:33:01 IST" name="runScenario" description="Runs Cucumber Scenarios" data-provider="scenarios" finished-at="2022-12-29T10:33:16 IST" duration-ms="15608" status="FAIL">
          <params>
            <param index="0">
              <value>
                <![CDATA["Verify the Edit Location Type page"]]>
              </value>
            </param>
            <param index="1">
              <value>
                <![CDATA["Optional[Validate the Edit Location type]"]]>
              </value>
            </param>
          </params>
          <exception class="java.lang.AssertionError">
            <message>
              <![CDATA[expected [Submit Button is Disabled. Need to fill Mandatory fields] but found [Entered Location Type does NOT exists in Table]]]>
            </message>
            <full-stacktrace>
              <![CDATA[java.lang.AssertionError: expected [Submit Button is Disabled. Need to fill Mandatory fields] but found [Entered Location Type does NOT exists in Table]
at org.testng.Assert.fail(Assert.java:99)
at org.testng.Assert.failNotEquals(Assert.java:1037)
at org.testng.Assert.assertEqualsImpl(Assert.java:140)
at org.testng.Assert.assertEquals(Assert.java:122)
at org.testng.Assert.assertEquals(Assert.java:629)
at org.testng.Assert.assertEquals(Assert.java:639)
at com.pages.LocationType.EditLocationTypePage.editLocationType(EditLocationTypePage.java:160)
at stepdefinitions.LocationType.EditLocationTypeSteps.user_edits_location_type_exp_msg(EditLocationTypeSteps.java:29)
at ✽.User Edits Location Type "Testing" "" "" "Device Location" "Home Depot" "Submit Button is Disabled. Need to fill Mandatory fields"(file:///home/vassar-deepa/git/Stanley-Dashboard/src/test/resources/LocationType/EditLocationType.feature:5)
]]>
            </full-stacktrace>
          </exception> <!-- java.lang.AssertionError -->
          <reporter-output>
          </reporter-output>
        </test-method> <!-- runScenario -->
        <test-method signature="runScenario(io.cucumber.testng.PickleWrapper,io.cucumber.testng.FeatureWrapper)[pri:0, instance:testrunner.TestRunner@7674f035]" started-at="2022-12-29T10:33:16 IST" name="runScenario" description="Runs Cucumber Scenarios" data-provider="scenarios" finished-at="2022-12-29T10:33:30 IST" duration-ms="14210" status="PASS">
          <params>
            <param index="0">
              <value>
                <![CDATA["Verify the Edit Location Type page"]]>
              </value>
            </param>
            <param index="1">
              <value>
                <![CDATA["Optional[Validate the Edit Location type]"]]>
              </value>
            </param>
          </params>
          <reporter-output>
          </reporter-output>
        </test-method> <!-- runScenario -->
        <test-method signature="runScenario(io.cucumber.testng.PickleWrapper,io.cucumber.testng.FeatureWrapper)[pri:0, instance:testrunner.TestRunner@7674f035]" started-at="2022-12-29T10:33:30 IST" name="runScenario" description="Runs Cucumber Scenarios" data-provider="scenarios" finished-at="2022-12-29T10:33:44 IST" duration-ms="13769" status="PASS">
          <params>
            <param index="0">
              <value>
                <![CDATA["Verify the Edit Location Type page"]]>
              </value>
            </param>
            <param index="1">
              <value>
                <![CDATA["Optional[Validate the Edit Location type]"]]>
              </value>
            </param>
          </params>
          <reporter-output>
          </reporter-output>
        </test-method> <!-- runScenario -->
        <test-method signature="runScenario(io.cucumber.testng.PickleWrapper,io.cucumber.testng.FeatureWrapper)[pri:0, instance:testrunner.TestRunner@7674f035]" started-at="2022-12-29T10:33:44 IST" name="runScenario" description="Runs Cucumber Scenarios" data-provider="scenarios" finished-at="2022-12-29T10:33:59 IST" duration-ms="14285" status="PASS">
          <params>
            <param index="0">
              <value>
                <![CDATA["Verify the Edit Location Type page"]]>
              </value>
            </param>
            <param index="1">
              <value>
                <![CDATA["Optional[Validate the Edit Location type]"]]>
              </value>
            </param>
          </params>
          <reporter-output>
          </reporter-output>
        </test-method> <!-- runScenario -->
        <test-method signature="runScenario(io.cucumber.testng.PickleWrapper,io.cucumber.testng.FeatureWrapper)[pri:0, instance:testrunner.TestRunner@7674f035]" started-at="2022-12-29T10:33:59 IST" name="runScenario" description="Runs Cucumber Scenarios" data-provider="scenarios" finished-at="2022-12-29T10:34:08 IST" duration-ms="9654" status="PASS">
          <params>
            <param index="0">
              <value>
                <![CDATA["Scenario to Sign In"]]>
              </value>
            </param>
            <param index="1">
              <value>
                <![CDATA["Optional[Sign In to Application]"]]>
              </value>
            </param>
          </params>
          <reporter-output>
          </reporter-output>
        </test-method> <!-- runScenario -->
        <test-method is-config="true" signature="tearDownClass()[pri:0, instance:testrunner.TestRunner@7674f035]" started-at="2022-12-29T10:34:08 IST" name="tearDownClass" finished-at="2022-12-29T10:34:26 IST" duration-ms="17404" status="PASS">
          <reporter-output>
          </reporter-output>
        </test-method> <!-- tearDownClass -->
      </class> <!-- testrunner.TestRunner -->
    </test> <!-- Default test -->
  </suite> <!-- Default suite -->
</testng-results>
