<?xml version="1.0" encoding="UTF-8"?>
<!-- Generated by org.testng.reporters.JUnitReportReporter -->
<testsuite hostname="vassardeepa-ThinkPad-L15-Gen-3" failures="34" tests="81" name="testrunner.TestRunner" time="1562.042" errors="16" timestamp="2022-12-29T10:34:26 IST" skipped="0">
  <testcase classname="testrunner.TestRunner" name="runScenario" time="20.416">
    <failure message="expected [Duplicate Value Entered] but found [Submit Button is Disabled. Need to fill Mandatory fields]" type="java.lang.AssertionError">
      <![CDATA[java.lang.AssertionError: expected [Duplicate Value Entered] but found [Submit Button is Disabled. Need to fill Mandatory fields]
at org.testng.Assert.fail(Assert.java:99)
at org.testng.Assert.failNotEquals(Assert.java:1037)
at org.testng.Assert.assertEqualsImpl(Assert.java:140)
at org.testng.Assert.assertEquals(Assert.java:122)
at org.testng.Assert.assertEquals(Assert.java:629)
at org.testng.Assert.assertEquals(Assert.java:639)
at com.pages.DeviceProfile.AddDeviceProfilePage.verifyToasterMessage(AddDeviceProfilePage.java:77)
at stepdefinitions.DeviceProfile.AddDeviceProfileSteps.verify_toaster_message_for_add_device_profile(AddDeviceProfileSteps.java:79)
at ✽.Verify Toaster Message for Add Device Profile "Duplicate Value Entered"(file:///home/vassar-deepa/git/Stanley-Dashboard/src/test/resources/DeviceProfile/AddDeviceProfile.feature:13)
]]>
    </failure>
  </testcase> <!-- runScenario -->
  <system-out/>
  <testcase classname="testrunner.TestRunner" name="runScenario" time="20.313">
    <error message="no such element: Unable to locate element: {&quot;method&quot;:&quot;xpath&quot;,&quot;selector&quot;:&quot;//td//span[text()=&#039; Test&#039;]//following::td[2]//div//div[1]//i&quot;}
  (Session info: chrome=108.0.5359.124)
For documentation on this error, please visit: https://selenium.dev/exceptions/#no_such_element
Build info: version: &#039;4.3.0&#039;, revision: &#039;a4995e2c09*&#039;
System info: host: &#039;vassardeepa-ThinkPad-L15-Gen-3&#039;, ip: &#039;127.0.1.1&#039;, os.name: &#039;Linux&#039;, os.arch: &#039;amd64&#039;, os.version: &#039;5.15.0-56-generic&#039;, java.version: &#039;17.0.5&#039;
Driver info: org.openqa.selenium.chrome.ChromeDriver
Command: [f839521f548ed7e9865f5a3e26ffac91, findElement {using=xpath, value=//td//span[text()=&#039; Test&#039;]//following::td[2]//div//div[1]//i}]
Capabilities {acceptInsecureCerts: false, browserName: chrome, browserVersion: 108.0.5359.124, chrome: {chromedriverVersion: 108.0.5359.71 (1e0e3868ee06..., userDataDir: /tmp/.com.google.Chrome.P7t6cz}, goog:chromeOptions: {debuggerAddress: localhost:35299}, networkConnectionEnabled: false, pageLoadStrategy: normal, platformName: LINUX, proxy: Proxy(), se:cdp: ws://localhost:35299/devtoo..., se:cdpVersion: 108.0.5359.124, setWindowRect: true, strictFileInteractability: false, timeouts: {implicit: 0, pageLoad: 300000, script: 30000}, unhandledPromptBehavior: dismiss and notify, webauthn:extension:credBlob: true, webauthn:extension:largeBlob: true, webauthn:virtualAuthenticators: true}
Session ID: f839521f548ed7e9865f5a3e26ffac91" type="org.openqa.selenium.NoSuchElementException">
      <![CDATA[org.openqa.selenium.NoSuchElementException: no such element: Unable to locate element: {"method":"xpath","selector":"//td//span[text()=' Test']//following::td[2]//div//div[1]//i"}
  (Session info: chrome=108.0.5359.124)
For documentation on this error, please visit: https://selenium.dev/exceptions/#no_such_element
Build info: version: '4.3.0', revision: 'a4995e2c09*'
System info: host: 'vassardeepa-ThinkPad-L15-Gen-3', ip: '127.0.1.1', os.name: 'Linux', os.arch: 'amd64', os.version: '5.15.0-56-generic', java.version: '17.0.5'
Driver info: org.openqa.selenium.chrome.ChromeDriver
Command: [f839521f548ed7e9865f5a3e26ffac91, findElement {using=xpath, value=//td//span[text()=' Test']//following::td[2]//div//div[1]//i}]
Capabilities {acceptInsecureCerts: false, browserName: chrome, browserVersion: 108.0.5359.124, chrome: {chromedriverVersion: 108.0.5359.71 (1e0e3868ee06..., userDataDir: /tmp/.com.google.Chrome.P7t6cz}, goog:chromeOptions: {debuggerAddress: localhost:35299}, networkConnectionEnabled: false, pageLoadStrategy: normal, platformName: LINUX, proxy: Proxy(), se:cdp: ws://localhost:35299/devtoo..., se:cdpVersion: 108.0.5359.124, setWindowRect: true, strictFileInteractability: false, timeouts: {implicit: 0, pageLoad: 300000, script: 30000}, unhandledPromptBehavior: dismiss and notify, webauthn:extension:credBlob: true, webauthn:extension:largeBlob: true, webauthn:virtualAuthenticators: true}
Session ID: f839521f548ed7e9865f5a3e26ffac91
at java.base/jdk.internal.reflect.NativeConstructorAccessorImpl.newInstance0(Native Method)
at java.base/jdk.internal.reflect.NativeConstructorAccessorImpl.newInstance(NativeConstructorAccessorImpl.java:77)
at java.base/jdk.internal.reflect.DelegatingConstructorAccessorImpl.newInstance(DelegatingConstructorAccessorImpl.java:45)
at java.base/java.lang.reflect.Constructor.newInstanceWithCaller(Constructor.java:499)
at java.base/java.lang.reflect.Constructor.newInstance(Constructor.java:480)
at org.openqa.selenium.remote.codec.w3c.W3CHttpResponseCodec.createException(W3CHttpResponseCodec.java:200)
at org.openqa.selenium.remote.codec.w3c.W3CHttpResponseCodec.decode(W3CHttpResponseCodec.java:133)
at org.openqa.selenium.remote.codec.w3c.W3CHttpResponseCodec.decode(W3CHttpResponseCodec.java:53)
at org.openqa.selenium.remote.HttpCommandExecutor.execute(HttpCommandExecutor.java:184)
at org.openqa.selenium.remote.service.DriverCommandExecutor.invokeExecute(DriverCommandExecutor.java:167)
at org.openqa.selenium.remote.service.DriverCommandExecutor.execute(DriverCommandExecutor.java:142)
at org.openqa.selenium.remote.RemoteWebDriver.execute(RemoteWebDriver.java:569)
at org.openqa.selenium.remote.ElementLocation$ElementFinder$2.findElement(ElementLocation.java:162)
at org.openqa.selenium.remote.ElementLocation.findElement(ElementLocation.java:60)
at org.openqa.selenium.remote.RemoteWebDriver.findElement(RemoteWebDriver.java:387)
at org.openqa.selenium.remote.RemoteWebDriver.findElement(RemoteWebDriver.java:379)
at com.pages.DeviceType.EditDeviceTypePage.click_devicetype(EditDeviceTypePage.java:28)
at stepdefinitions.DeviceType.EditDeviceTypeSteps.user_click_on_administrator(EditDeviceTypeSteps.java:21)
at ✽.user click on Administrator "Test"(file:///home/vassar-deepa/git/Stanley-Dashboard/src/test/resources/DeviceType/EditDeviceType.feature:4)
]]>
    </error>
  </testcase> <!-- runScenario -->
  <system-out/>
  <testcase classname="testrunner.TestRunner" name="runScenario" time="16.073">
    <failure message="expected [Location Type Deleted Successfully] but found [Entered Location Type does NOT exists in Table]" type="java.lang.AssertionError">
      <![CDATA[java.lang.AssertionError: expected [Location Type Deleted Successfully] but found [Entered Location Type does NOT exists in Table]
at org.testng.Assert.fail(Assert.java:99)
at org.testng.Assert.failNotEquals(Assert.java:1037)
at org.testng.Assert.assertEqualsImpl(Assert.java:140)
at org.testng.Assert.assertEquals(Assert.java:122)
at org.testng.Assert.assertEquals(Assert.java:629)
at org.testng.Assert.assertEquals(Assert.java:639)
at com.pages.LocationType.DeleteLocationTypePage.deleteLocType(DeleteLocationTypePage.java:80)
at stepdefinitions.LocationType.DeleteLocationTypeSteps.delete_desired_location_type(DeleteLocationTypeSteps.java:15)
at ✽.Delete desired Location Type "@@@@@34525" "Location Type Deleted Successfully"(file:///home/vassar-deepa/git/Stanley-Dashboard/src/test/resources/LocationType/DeleteLocationType.feature:5)
]]>
    </failure>
  </testcase> <!-- runScenario -->
  <system-out/>
  <testcase classname="testrunner.TestRunner" name="runScenario" time="12.292"/>
  <system-out>
    <![CDATA[Entered Device Profile ID does NOT exists in Table]]>
  </system-out>
  <testcase classname="testrunner.TestRunner" name="runScenario" time="13.769"/>
  <system-out/>
  <testcase classname="testrunner.TestRunner" name="runScenario" time="9.654"/>
  <system-out/>
  <testcase classname="testrunner.TestRunner" name="runScenario" time="14.089"/>
  <system-out>
    <![CDATA[Entered Device Profile ID does NOT exists in Table]]>
  </system-out>
  <testcase classname="testrunner.TestRunner" name="runScenario" time="20.497">
    <failure message="expected [Device Profile Added Successfully] but found [Submit Button is Disabled. Need to fill Mandatory fields]" type="java.lang.AssertionError">
      <![CDATA[java.lang.AssertionError: expected [Device Profile Added Successfully] but found [Submit Button is Disabled. Need to fill Mandatory fields]
at org.testng.Assert.fail(Assert.java:99)
at org.testng.Assert.failNotEquals(Assert.java:1037)
at org.testng.Assert.assertEqualsImpl(Assert.java:140)
at org.testng.Assert.assertEquals(Assert.java:122)
at org.testng.Assert.assertEquals(Assert.java:629)
at org.testng.Assert.assertEquals(Assert.java:639)
at com.pages.DeviceProfile.AddDeviceProfilePage.verifyToasterMessage(AddDeviceProfilePage.java:77)
at stepdefinitions.DeviceProfile.AddDeviceProfileSteps.verify_toaster_message_for_add_device_profile(AddDeviceProfileSteps.java:79)
at ✽.Verify Toaster Message for Add Device Profile "Device Profile Added Successfully"(file:///home/vassar-deepa/git/Stanley-Dashboard/src/test/resources/DeviceProfile/AddDeviceProfile.feature:13)
]]>
    </failure>
  </testcase> <!-- runScenario -->
  <system-out/>
  <testcase classname="testrunner.TestRunner" name="runScenario" time="12.920"/>
  <system-out/>
  <testcase classname="testrunner.TestRunner" name="runScenario" time="24.145"/>
  <system-out/>
  <testcase classname="testrunner.TestRunner" name="runScenario" time="20.505">
    <failure message="expected [Location Type Edited Successfully] but found [Entered Location Type does NOT exists in Table]" type="java.lang.AssertionError">
      <![CDATA[java.lang.AssertionError: expected [Location Type Edited Successfully] but found [Entered Location Type does NOT exists in Table]
at org.testng.Assert.fail(Assert.java:99)
at org.testng.Assert.failNotEquals(Assert.java:1037)
at org.testng.Assert.assertEqualsImpl(Assert.java:140)
at org.testng.Assert.assertEquals(Assert.java:122)
at org.testng.Assert.assertEquals(Assert.java:629)
at org.testng.Assert.assertEquals(Assert.java:639)
at com.pages.LocationType.EditLocationTypePage.editLocationType(EditLocationTypePage.java:160)
at stepdefinitions.LocationType.EditLocationTypeSteps.user_edits_location_type_exp_msg(EditLocationTypeSteps.java:29)
at ✽.User Edits Location Type "Test#####" "Testing" "Testing" "Device Location" "Home Depot" "Location Type Edited Successfully"(file:///home/vassar-deepa/git/Stanley-Dashboard/src/test/resources/LocationType/EditLocationType.feature:5)
]]>
    </failure>
  </testcase> <!-- runScenario -->
  <system-out/>
  <testcase classname="testrunner.TestRunner" name="runScenario" time="12.813"/>
  <system-out/>
  <testcase classname="testrunner.TestRunner" name="runScenario" time="20.628">
    <failure message="expected [Duplicate Value Entered] but found [Submit Button is Disabled. Need to fill Mandatory fields]" type="java.lang.AssertionError">
      <![CDATA[java.lang.AssertionError: expected [Duplicate Value Entered] but found [Submit Button is Disabled. Need to fill Mandatory fields]
at org.testng.Assert.fail(Assert.java:99)
at org.testng.Assert.failNotEquals(Assert.java:1037)
at org.testng.Assert.assertEqualsImpl(Assert.java:140)
at org.testng.Assert.assertEquals(Assert.java:122)
at org.testng.Assert.assertEquals(Assert.java:629)
at org.testng.Assert.assertEquals(Assert.java:639)
at com.pages.DeviceProfile.AddDeviceProfilePage.verifyToasterMessage(AddDeviceProfilePage.java:77)
at stepdefinitions.DeviceProfile.AddDeviceProfileSteps.verify_toaster_message_for_add_device_profile(AddDeviceProfileSteps.java:79)
at ✽.Verify Toaster Message for Add Device Profile "Duplicate Value Entered"(file:///home/vassar-deepa/git/Stanley-Dashboard/src/test/resources/DeviceProfile/AddDeviceProfile.feature:13)
]]>
    </failure>
  </testcase> <!-- runScenario -->
  <system-out/>
  <testcase classname="testrunner.TestRunner" name="runScenario" time="21.626"/>
  <system-out/>
  <testcase classname="testrunner.TestRunner" name="runScenario" time="10.526"/>
  <system-out/>
  <testcase classname="testrunner.TestRunner" name="runScenario" time="20.081">
    <failure message="expected [Location Type Added Successfully] but found [Duplicate Value Entered]" type="java.lang.AssertionError">
      <![CDATA[java.lang.AssertionError: expected [Location Type Added Successfully] but found [Duplicate Value Entered]
at org.testng.Assert.fail(Assert.java:99)
at org.testng.Assert.failNotEquals(Assert.java:1037)
at org.testng.Assert.assertEqualsImpl(Assert.java:140)
at org.testng.Assert.assertEquals(Assert.java:122)
at org.testng.Assert.assertEquals(Assert.java:629)
at org.testng.Assert.assertEquals(Assert.java:639)
at com.pages.LocationType.AddLocationTypePage.clickOnSubmitBtn(AddLocationTypePage.java:73)
at stepdefinitions.LocationType.AddLocationTypeSteps.click_on_submit_button(AddLocationTypeSteps.java:41)
at ✽.Click on Submit button "Location Type Added Successfully"(file:///home/vassar-deepa/git/Stanley-Dashboard/src/test/resources/LocationType/AddLocationType.feature:7)
]]>
    </failure>
  </testcase> <!-- runScenario -->
  <system-out/>
  <testcase classname="testrunner.TestRunner" name="runScenario" time="14.632">
    <failure message="expected [Location Type Deleted Successfully] but found [Entered Location Type does NOT exists in Table]" type="java.lang.AssertionError">
      <![CDATA[java.lang.AssertionError: expected [Location Type Deleted Successfully] but found [Entered Location Type does NOT exists in Table]
at org.testng.Assert.fail(Assert.java:99)
at org.testng.Assert.failNotEquals(Assert.java:1037)
at org.testng.Assert.assertEqualsImpl(Assert.java:140)
at org.testng.Assert.assertEquals(Assert.java:122)
at org.testng.Assert.assertEquals(Assert.java:629)
at org.testng.Assert.assertEquals(Assert.java:639)
at com.pages.LocationType.DeleteLocationTypePage.deleteLocType(DeleteLocationTypePage.java:80)
at stepdefinitions.LocationType.DeleteLocationTypeSteps.delete_desired_location_type(DeleteLocationTypeSteps.java:15)
at ✽.Delete desired Location Type "TestING" "Location Type Deleted Successfully"(file:///home/vassar-deepa/git/Stanley-Dashboard/src/test/resources/LocationType/DeleteLocationType.feature:5)
]]>
    </failure>
  </testcase> <!-- runScenario -->
  <system-out/>
  <testcase classname="testrunner.TestRunner" name="runScenario" time="13.006"/>
  <system-out>
    <![CDATA[Entered Device Profile ID does NOT exists in Table]]>
  </system-out>
  <testcase classname="testrunner.TestRunner" name="runScenario" time="24.670">
    <failure message="expected [Duplicate Value Entered] but found [Submit Button is Disabled. Need to fill Mandatory fields]" type="java.lang.AssertionError">
      <![CDATA[java.lang.AssertionError: expected [Duplicate Value Entered] but found [Submit Button is Disabled. Need to fill Mandatory fields]
at org.testng.Assert.fail(Assert.java:99)
at org.testng.Assert.failNotEquals(Assert.java:1037)
at org.testng.Assert.assertEqualsImpl(Assert.java:140)
at org.testng.Assert.assertEquals(Assert.java:122)
at org.testng.Assert.assertEquals(Assert.java:629)
at org.testng.Assert.assertEquals(Assert.java:639)
at com.pages.DeviceProfile.AddDeviceProfilePage.verifyToasterMessage(AddDeviceProfilePage.java:77)
at stepdefinitions.DeviceProfile.AddDeviceProfileSteps.verify_toaster_message_for_add_device_profile(AddDeviceProfileSteps.java:79)
at ✽.Verify Toaster Message for Add Device Profile "Duplicate Value Entered"(file:///home/vassar-deepa/git/Stanley-Dashboard/src/test/resources/DeviceProfile/AddDeviceProfile.feature:13)
]]>
    </failure>
  </testcase> <!-- runScenario -->
  <system-out/>
  <testcase classname="testrunner.TestRunner" name="runScenario" time="14.355">
    <error message="element click intercepted: Element &lt;button _ngcontent-xld-c163=&quot;&quot; type=&quot;button&quot; class=&quot;btn btn-primary rounded-pill&quot;&gt;...&lt;/button&gt; is not clickable at point (1704, 146). Other element would receive the click: &lt;div _ngcontent-xld-c73=&quot;&quot; class=&quot;ngx-overlay ngx-position-absolute foreground-closing&quot; style=&quot;background-color: rgba(40, 40, 40, 0.8); border-radius: 0px;&quot;&gt;...&lt;/div&gt;
  (Session info: chrome=108.0.5359.124)
Build info: version: &#039;4.3.0&#039;, revision: &#039;a4995e2c09*&#039;
System info: host: &#039;vassardeepa-ThinkPad-L15-Gen-3&#039;, ip: &#039;127.0.1.1&#039;, os.name: &#039;Linux&#039;, os.arch: &#039;amd64&#039;, os.version: &#039;5.15.0-56-generic&#039;, java.version: &#039;17.0.5&#039;
Driver info: org.openqa.selenium.chrome.ChromeDriver
Command: [fc0ac62c4248b3f260fb305e5bc8e2d5, clickElement {id=11462008-9402-4e46-8648-cb162e33d00f}]
Capabilities {acceptInsecureCerts: false, browserName: chrome, browserVersion: 108.0.5359.124, chrome: {chromedriverVersion: 108.0.5359.71 (1e0e3868ee06..., userDataDir: /tmp/.com.google.Chrome.GWdQES}, goog:chromeOptions: {debuggerAddress: localhost:38217}, networkConnectionEnabled: false, pageLoadStrategy: normal, platformName: LINUX, proxy: Proxy(), se:cdp: ws://localhost:38217/devtoo..., se:cdpVersion: 108.0.5359.124, setWindowRect: true, strictFileInteractability: false, timeouts: {implicit: 0, pageLoad: 300000, script: 30000}, unhandledPromptBehavior: dismiss and notify, webauthn:extension:credBlob: true, webauthn:extension:largeBlob: true, webauthn:virtualAuthenticators: true}
Element: [[ChromeDriver: chrome on LINUX (fc0ac62c4248b3f260fb305e5bc8e2d5)] -&gt; xpath: //button[text()=&#039;Add Device Type &#039;]]
Session ID: fc0ac62c4248b3f260fb305e5bc8e2d5" type="org.openqa.selenium.ElementClickInterceptedException">
      <![CDATA[org.openqa.selenium.ElementClickInterceptedException: element click intercepted: Element <button _ngcontent-xld-c163="" type="button" class="btn btn-primary rounded-pill">...</button> is not clickable at point (1704, 146). Other element would receive the click: <div _ngcontent-xld-c73="" class="ngx-overlay ngx-position-absolute foreground-closing" style="background-color: rgba(40, 40, 40, 0.8); border-radius: 0px;">...</div>
  (Session info: chrome=108.0.5359.124)
Build info: version: '4.3.0', revision: 'a4995e2c09*'
System info: host: 'vassardeepa-ThinkPad-L15-Gen-3', ip: '127.0.1.1', os.name: 'Linux', os.arch: 'amd64', os.version: '5.15.0-56-generic', java.version: '17.0.5'
Driver info: org.openqa.selenium.chrome.ChromeDriver
Command: [fc0ac62c4248b3f260fb305e5bc8e2d5, clickElement {id=11462008-9402-4e46-8648-cb162e33d00f}]
Capabilities {acceptInsecureCerts: false, browserName: chrome, browserVersion: 108.0.5359.124, chrome: {chromedriverVersion: 108.0.5359.71 (1e0e3868ee06..., userDataDir: /tmp/.com.google.Chrome.GWdQES}, goog:chromeOptions: {debuggerAddress: localhost:38217}, networkConnectionEnabled: false, pageLoadStrategy: normal, platformName: LINUX, proxy: Proxy(), se:cdp: ws://localhost:38217/devtoo..., se:cdpVersion: 108.0.5359.124, setWindowRect: true, strictFileInteractability: false, timeouts: {implicit: 0, pageLoad: 300000, script: 30000}, unhandledPromptBehavior: dismiss and notify, webauthn:extension:credBlob: true, webauthn:extension:largeBlob: true, webauthn:virtualAuthenticators: true}
Element: [[ChromeDriver: chrome on LINUX (fc0ac62c4248b3f260fb305e5bc8e2d5)] -> xpath: //button[text()='Add Device Type ']]
Session ID: fc0ac62c4248b3f260fb305e5bc8e2d5
at jdk.internal.reflect.GeneratedConstructorAccessor37.newInstance(Unknown Source)
at java.base/jdk.internal.reflect.DelegatingConstructorAccessorImpl.newInstance(DelegatingConstructorAccessorImpl.java:45)
at java.base/java.lang.reflect.Constructor.newInstanceWithCaller(Constructor.java:499)
at java.base/java.lang.reflect.Constructor.newInstance(Constructor.java:480)
at org.openqa.selenium.remote.codec.w3c.W3CHttpResponseCodec.createException(W3CHttpResponseCodec.java:200)
at org.openqa.selenium.remote.codec.w3c.W3CHttpResponseCodec.decode(W3CHttpResponseCodec.java:133)
at org.openqa.selenium.remote.codec.w3c.W3CHttpResponseCodec.decode(W3CHttpResponseCodec.java:53)
at org.openqa.selenium.remote.HttpCommandExecutor.execute(HttpCommandExecutor.java:184)
at org.openqa.selenium.remote.service.DriverCommandExecutor.invokeExecute(DriverCommandExecutor.java:167)
at org.openqa.selenium.remote.service.DriverCommandExecutor.execute(DriverCommandExecutor.java:142)
at org.openqa.selenium.remote.RemoteWebDriver.execute(RemoteWebDriver.java:569)
at org.openqa.selenium.remote.RemoteWebElement.execute(RemoteWebElement.java:257)
at org.openqa.selenium.remote.RemoteWebElement.click(RemoteWebElement.java:78)
at com.pages.DeviceType.AddDeviceTypePage.clickOnAddDeviceType(AddDeviceTypePage.java:33)
at stepdefinitions.DeviceType.AddDeviceTypeSteps.Go_To_Add_DeviceType_Page(AddDeviceTypeSteps.java:24)
at ✽.Go To Add DeviceType Page(file:///home/vassar-deepa/git/Stanley-Dashboard/src/test/resources/DeviceType/AddDeviceType.feature:4)
]]>
    </error>
  </testcase> <!-- runScenario -->
  <system-out/>
  <testcase classname="testrunner.TestRunner" name="runScenario" time="131.159">
    <error message="element not interactable
  (Session info: chrome=108.0.5359.124)
Build info: version: &#039;4.3.0&#039;, revision: &#039;a4995e2c09*&#039;
System info: host: &#039;vassardeepa-ThinkPad-L15-Gen-3&#039;, ip: &#039;127.0.1.1&#039;, os.name: &#039;Linux&#039;, os.arch: &#039;amd64&#039;, os.version: &#039;5.15.0-56-generic&#039;, java.version: &#039;17.0.5&#039;
Driver info: org.openqa.selenium.chrome.ChromeDriver
Command: [6990cc97f4ca92f385e39e296d5df534, clickElement {id=95cb8f86-1a5d-498f-80ad-cdabaf7ae94c}]
Capabilities {acceptInsecureCerts: false, browserName: chrome, browserVersion: 108.0.5359.124, chrome: {chromedriverVersion: 108.0.5359.71 (1e0e3868ee06..., userDataDir: /tmp/.com.google.Chrome.TGcj5I}, goog:chromeOptions: {debuggerAddress: localhost:35165}, networkConnectionEnabled: false, pageLoadStrategy: normal, platformName: LINUX, proxy: Proxy(), se:cdp: ws://localhost:35165/devtoo..., se:cdpVersion: 108.0.5359.124, setWindowRect: true, strictFileInteractability: false, timeouts: {implicit: 0, pageLoad: 300000, script: 30000}, unhandledPromptBehavior: dismiss and notify, webauthn:extension:credBlob: true, webauthn:extension:largeBlob: true, webauthn:virtualAuthenticators: true}
Element: [[ChromeDriver: chrome on LINUX (6990cc97f4ca92f385e39e296d5df534)] -&gt; xpath: //a[text()=&#039; Devices&#039;]]
Session ID: 6990cc97f4ca92f385e39e296d5df534" type="org.openqa.selenium.ElementNotInteractableException">
      <![CDATA[org.openqa.selenium.ElementNotInteractableException: element not interactable
  (Session info: chrome=108.0.5359.124)
Build info: version: '4.3.0', revision: 'a4995e2c09*'
System info: host: 'vassardeepa-ThinkPad-L15-Gen-3', ip: '127.0.1.1', os.name: 'Linux', os.arch: 'amd64', os.version: '5.15.0-56-generic', java.version: '17.0.5'
Driver info: org.openqa.selenium.chrome.ChromeDriver
Command: [6990cc97f4ca92f385e39e296d5df534, clickElement {id=95cb8f86-1a5d-498f-80ad-cdabaf7ae94c}]
Capabilities {acceptInsecureCerts: false, browserName: chrome, browserVersion: 108.0.5359.124, chrome: {chromedriverVersion: 108.0.5359.71 (1e0e3868ee06..., userDataDir: /tmp/.com.google.Chrome.TGcj5I}, goog:chromeOptions: {debuggerAddress: localhost:35165}, networkConnectionEnabled: false, pageLoadStrategy: normal, platformName: LINUX, proxy: Proxy(), se:cdp: ws://localhost:35165/devtoo..., se:cdpVersion: 108.0.5359.124, setWindowRect: true, strictFileInteractability: false, timeouts: {implicit: 0, pageLoad: 300000, script: 30000}, unhandledPromptBehavior: dismiss and notify, webauthn:extension:credBlob: true, webauthn:extension:largeBlob: true, webauthn:virtualAuthenticators: true}
Element: [[ChromeDriver: chrome on LINUX (6990cc97f4ca92f385e39e296d5df534)] -> xpath: //a[text()=' Devices']]
Session ID: 6990cc97f4ca92f385e39e296d5df534
at java.base/jdk.internal.reflect.NativeConstructorAccessorImpl.newInstance0(Native Method)
at java.base/jdk.internal.reflect.NativeConstructorAccessorImpl.newInstance(NativeConstructorAccessorImpl.java:77)
at java.base/jdk.internal.reflect.DelegatingConstructorAccessorImpl.newInstance(DelegatingConstructorAccessorImpl.java:45)
at java.base/java.lang.reflect.Constructor.newInstanceWithCaller(Constructor.java:499)
at java.base/java.lang.reflect.Constructor.newInstance(Constructor.java:480)
at org.openqa.selenium.remote.codec.w3c.W3CHttpResponseCodec.createException(W3CHttpResponseCodec.java:200)
at org.openqa.selenium.remote.codec.w3c.W3CHttpResponseCodec.decode(W3CHttpResponseCodec.java:133)
at org.openqa.selenium.remote.codec.w3c.W3CHttpResponseCodec.decode(W3CHttpResponseCodec.java:53)
at org.openqa.selenium.remote.HttpCommandExecutor.execute(HttpCommandExecutor.java:184)
at org.openqa.selenium.remote.service.DriverCommandExecutor.invokeExecute(DriverCommandExecutor.java:167)
at org.openqa.selenium.remote.service.DriverCommandExecutor.execute(DriverCommandExecutor.java:142)
at org.openqa.selenium.remote.RemoteWebDriver.execute(RemoteWebDriver.java:569)
at org.openqa.selenium.remote.RemoteWebElement.execute(RemoteWebElement.java:257)
at org.openqa.selenium.remote.RemoteWebElement.click(RemoteWebElement.java:78)
at com.pages.Devices.VerifyDevicesPage.clickOnDevices_Link(VerifyDevicesPage.java:20)
at stepdefinitions.Devices.VerifyDevicesPageSteps.user_is_on_devices_page(VerifyDevicesPageSteps.java:20)
at ✽.user is on Devices page(file:///home/vassar-deepa/git/Stanley-Dashboard/src/test/resources/Devices/VerifyDevicesPage.feature:4)
]]>
    </error>
  </testcase> <!-- runScenario -->
  <system-out/>
  <testcase classname="testrunner.TestRunner" name="runScenario" time="14.948">
    <failure message="expected [Duplicate Value Entered] but found [Entered Location Type does NOT exists in Table]" type="java.lang.AssertionError">
      <![CDATA[java.lang.AssertionError: expected [Duplicate Value Entered] but found [Entered Location Type does NOT exists in Table]
at org.testng.Assert.fail(Assert.java:99)
at org.testng.Assert.failNotEquals(Assert.java:1037)
at org.testng.Assert.assertEqualsImpl(Assert.java:140)
at org.testng.Assert.assertEquals(Assert.java:122)
at org.testng.Assert.assertEquals(Assert.java:629)
at org.testng.Assert.assertEquals(Assert.java:639)
at com.pages.LocationType.EditLocationTypePage.editLocationType(EditLocationTypePage.java:160)
at stepdefinitions.LocationType.EditLocationTypeSteps.user_edits_location_type_exp_msg(EditLocationTypeSteps.java:29)
at ✽.User Edits Location Type "Testing" "    " "Testing" "Device Location" "Vassar" "Duplicate Value Entered"(file:///home/vassar-deepa/git/Stanley-Dashboard/src/test/resources/LocationType/EditLocationType.feature:5)
]]>
    </failure>
  </testcase> <!-- runScenario -->
  <system-out/>
  <testcase classname="testrunner.TestRunner" name="runScenario" time="22.912"/>
  <system-out/>
  <testcase classname="testrunner.TestRunner" name="runScenario" time="15.758">
    <error message="element click intercepted: Element &lt;button _ngcontent-uva-c163=&quot;&quot; type=&quot;button&quot; class=&quot;btn btn-primary rounded-pill&quot;&gt;...&lt;/button&gt; is not clickable at point (1704, 146). Other element would receive the click: &lt;div _ngcontent-uva-c73=&quot;&quot; class=&quot;ngx-overlay ngx-position-absolute foreground-closing&quot; style=&quot;background-color: rgba(40, 40, 40, 0.8); border-radius: 0px;&quot;&gt;...&lt;/div&gt;
  (Session info: chrome=108.0.5359.124)
Build info: version: &#039;4.3.0&#039;, revision: &#039;a4995e2c09*&#039;
System info: host: &#039;vassardeepa-ThinkPad-L15-Gen-3&#039;, ip: &#039;127.0.1.1&#039;, os.name: &#039;Linux&#039;, os.arch: &#039;amd64&#039;, os.version: &#039;5.15.0-56-generic&#039;, java.version: &#039;17.0.5&#039;
Driver info: org.openqa.selenium.chrome.ChromeDriver
Command: [a634718c9e1bcb19bf507371c0e6fe61, clickElement {id=3a87d01d-fd04-4199-bce6-cc8f8708fdac}]
Capabilities {acceptInsecureCerts: false, browserName: chrome, browserVersion: 108.0.5359.124, chrome: {chromedriverVersion: 108.0.5359.71 (1e0e3868ee06..., userDataDir: /tmp/.com.google.Chrome.Y9gP1y}, goog:chromeOptions: {debuggerAddress: localhost:35265}, networkConnectionEnabled: false, pageLoadStrategy: normal, platformName: LINUX, proxy: Proxy(), se:cdp: ws://localhost:35265/devtoo..., se:cdpVersion: 108.0.5359.124, setWindowRect: true, strictFileInteractability: false, timeouts: {implicit: 0, pageLoad: 300000, script: 30000}, unhandledPromptBehavior: dismiss and notify, webauthn:extension:credBlob: true, webauthn:extension:largeBlob: true, webauthn:virtualAuthenticators: true}
Element: [[ChromeDriver: chrome on LINUX (a634718c9e1bcb19bf507371c0e6fe61)] -&gt; xpath: //button[text()=&#039;Add Device Type &#039;]]
Session ID: a634718c9e1bcb19bf507371c0e6fe61" type="org.openqa.selenium.ElementClickInterceptedException">
      <![CDATA[org.openqa.selenium.ElementClickInterceptedException: element click intercepted: Element <button _ngcontent-uva-c163="" type="button" class="btn btn-primary rounded-pill">...</button> is not clickable at point (1704, 146). Other element would receive the click: <div _ngcontent-uva-c73="" class="ngx-overlay ngx-position-absolute foreground-closing" style="background-color: rgba(40, 40, 40, 0.8); border-radius: 0px;">...</div>
  (Session info: chrome=108.0.5359.124)
Build info: version: '4.3.0', revision: 'a4995e2c09*'
System info: host: 'vassardeepa-ThinkPad-L15-Gen-3', ip: '127.0.1.1', os.name: 'Linux', os.arch: 'amd64', os.version: '5.15.0-56-generic', java.version: '17.0.5'
Driver info: org.openqa.selenium.chrome.ChromeDriver
Command: [a634718c9e1bcb19bf507371c0e6fe61, clickElement {id=3a87d01d-fd04-4199-bce6-cc8f8708fdac}]
Capabilities {acceptInsecureCerts: false, browserName: chrome, browserVersion: 108.0.5359.124, chrome: {chromedriverVersion: 108.0.5359.71 (1e0e3868ee06..., userDataDir: /tmp/.com.google.Chrome.Y9gP1y}, goog:chromeOptions: {debuggerAddress: localhost:35265}, networkConnectionEnabled: false, pageLoadStrategy: normal, platformName: LINUX, proxy: Proxy(), se:cdp: ws://localhost:35265/devtoo..., se:cdpVersion: 108.0.5359.124, setWindowRect: true, strictFileInteractability: false, timeouts: {implicit: 0, pageLoad: 300000, script: 30000}, unhandledPromptBehavior: dismiss and notify, webauthn:extension:credBlob: true, webauthn:extension:largeBlob: true, webauthn:virtualAuthenticators: true}
Element: [[ChromeDriver: chrome on LINUX (a634718c9e1bcb19bf507371c0e6fe61)] -> xpath: //button[text()='Add Device Type ']]
Session ID: a634718c9e1bcb19bf507371c0e6fe61
at jdk.internal.reflect.GeneratedConstructorAccessor37.newInstance(Unknown Source)
at java.base/jdk.internal.reflect.DelegatingConstructorAccessorImpl.newInstance(DelegatingConstructorAccessorImpl.java:45)
at java.base/java.lang.reflect.Constructor.newInstanceWithCaller(Constructor.java:499)
at java.base/java.lang.reflect.Constructor.newInstance(Constructor.java:480)
at org.openqa.selenium.remote.codec.w3c.W3CHttpResponseCodec.createException(W3CHttpResponseCodec.java:200)
at org.openqa.selenium.remote.codec.w3c.W3CHttpResponseCodec.decode(W3CHttpResponseCodec.java:133)
at org.openqa.selenium.remote.codec.w3c.W3CHttpResponseCodec.decode(W3CHttpResponseCodec.java:53)
at org.openqa.selenium.remote.HttpCommandExecutor.execute(HttpCommandExecutor.java:184)
at org.openqa.selenium.remote.service.DriverCommandExecutor.invokeExecute(DriverCommandExecutor.java:167)
at org.openqa.selenium.remote.service.DriverCommandExecutor.execute(DriverCommandExecutor.java:142)
at org.openqa.selenium.remote.RemoteWebDriver.execute(RemoteWebDriver.java:569)
at org.openqa.selenium.remote.RemoteWebElement.execute(RemoteWebElement.java:257)
at org.openqa.selenium.remote.RemoteWebElement.click(RemoteWebElement.java:78)
at com.pages.DeviceType.AddDeviceTypePage.clickOnAddDeviceType(AddDeviceTypePage.java:33)
at stepdefinitions.DeviceType.AddDeviceTypeSteps.Go_To_Add_DeviceType_Page(AddDeviceTypeSteps.java:24)
at ✽.Go To Add DeviceType Page(file:///home/vassar-deepa/git/Stanley-Dashboard/src/test/resources/DeviceType/AddDeviceType.feature:4)
]]>
    </error>
  </testcase> <!-- runScenario -->
  <system-out/>
  <testcase classname="testrunner.TestRunner" name="runScenario" time="14.759"/>
  <system-out/>
  <testcase classname="testrunner.TestRunner" name="runScenario" time="21.824">
    <failure message="expected [Device Profile Added Successfully] but found [Submit Button is Disabled. Need to fill Mandatory fields]" type="java.lang.AssertionError">
      <![CDATA[java.lang.AssertionError: expected [Device Profile Added Successfully] but found [Submit Button is Disabled. Need to fill Mandatory fields]
at org.testng.Assert.fail(Assert.java:99)
at org.testng.Assert.failNotEquals(Assert.java:1037)
at org.testng.Assert.assertEqualsImpl(Assert.java:140)
at org.testng.Assert.assertEquals(Assert.java:122)
at org.testng.Assert.assertEquals(Assert.java:629)
at org.testng.Assert.assertEquals(Assert.java:639)
at com.pages.DeviceProfile.AddDeviceProfilePage.verifyToasterMessage(AddDeviceProfilePage.java:77)
at stepdefinitions.DeviceProfile.AddDeviceProfileSteps.verify_toaster_message_for_add_device_profile(AddDeviceProfileSteps.java:79)
at ✽.Verify Toaster Message for Add Device Profile "Device Profile Added Successfully"(file:///home/vassar-deepa/git/Stanley-Dashboard/src/test/resources/DeviceProfile/AddDeviceProfile.feature:13)
]]>
    </failure>
  </testcase> <!-- runScenario -->
  <system-out/>
  <testcase classname="testrunner.TestRunner" name="runScenario" time="14.236">
    <failure message="expected [Location Type Edited Successfully] but found [Entered Location Type does NOT exists in Table]" type="java.lang.AssertionError">
      <![CDATA[java.lang.AssertionError: expected [Location Type Edited Successfully] but found [Entered Location Type does NOT exists in Table]
at org.testng.Assert.fail(Assert.java:99)
at org.testng.Assert.failNotEquals(Assert.java:1037)
at org.testng.Assert.assertEqualsImpl(Assert.java:140)
at org.testng.Assert.assertEquals(Assert.java:122)
at org.testng.Assert.assertEquals(Assert.java:629)
at org.testng.Assert.assertEquals(Assert.java:639)
at com.pages.LocationType.EditLocationTypePage.editLocationType(EditLocationTypePage.java:160)
at stepdefinitions.LocationType.EditLocationTypeSteps.user_edits_location_type_exp_msg(EditLocationTypeSteps.java:29)
at ✽.User Edits Location Type "Test 4" "Testing" "Test" "Device Location" "Vassar" "Location Type Edited Successfully"(file:///home/vassar-deepa/git/Stanley-Dashboard/src/test/resources/LocationType/EditLocationType.feature:5)
]]>
    </failure>
  </testcase> <!-- runScenario -->
  <system-out/>
  <testcase classname="testrunner.TestRunner" name="runScenario" time="14.354">
    <error message="element click intercepted: Element &lt;button _ngcontent-pgo-c163=&quot;&quot; type=&quot;button&quot; class=&quot;btn btn-primary rounded-pill&quot;&gt;...&lt;/button&gt; is not clickable at point (1704, 146). Other element would receive the click: &lt;div _ngcontent-pgo-c73=&quot;&quot; class=&quot;ngx-overlay ngx-position-absolute foreground-closing&quot; style=&quot;background-color: rgba(40, 40, 40, 0.8); border-radius: 0px;&quot;&gt;...&lt;/div&gt;
  (Session info: chrome=108.0.5359.124)
Build info: version: &#039;4.3.0&#039;, revision: &#039;a4995e2c09*&#039;
System info: host: &#039;vassardeepa-ThinkPad-L15-Gen-3&#039;, ip: &#039;127.0.1.1&#039;, os.name: &#039;Linux&#039;, os.arch: &#039;amd64&#039;, os.version: &#039;5.15.0-56-generic&#039;, java.version: &#039;17.0.5&#039;
Driver info: org.openqa.selenium.chrome.ChromeDriver
Command: [a22208deb24d2a571842faac2f1bf32c, clickElement {id=ac5e1be2-3059-476a-a4fe-61166c2870c6}]
Capabilities {acceptInsecureCerts: false, browserName: chrome, browserVersion: 108.0.5359.124, chrome: {chromedriverVersion: 108.0.5359.71 (1e0e3868ee06..., userDataDir: /tmp/.com.google.Chrome.O7rVvL}, goog:chromeOptions: {debuggerAddress: localhost:42609}, networkConnectionEnabled: false, pageLoadStrategy: normal, platformName: LINUX, proxy: Proxy(), se:cdp: ws://localhost:42609/devtoo..., se:cdpVersion: 108.0.5359.124, setWindowRect: true, strictFileInteractability: false, timeouts: {implicit: 0, pageLoad: 300000, script: 30000}, unhandledPromptBehavior: dismiss and notify, webauthn:extension:credBlob: true, webauthn:extension:largeBlob: true, webauthn:virtualAuthenticators: true}
Element: [[ChromeDriver: chrome on LINUX (a22208deb24d2a571842faac2f1bf32c)] -&gt; xpath: //button[text()=&#039;Add Device Type &#039;]]
Session ID: a22208deb24d2a571842faac2f1bf32c" type="org.openqa.selenium.ElementClickInterceptedException">
      <![CDATA[org.openqa.selenium.ElementClickInterceptedException: element click intercepted: Element <button _ngcontent-pgo-c163="" type="button" class="btn btn-primary rounded-pill">...</button> is not clickable at point (1704, 146). Other element would receive the click: <div _ngcontent-pgo-c73="" class="ngx-overlay ngx-position-absolute foreground-closing" style="background-color: rgba(40, 40, 40, 0.8); border-radius: 0px;">...</div>
  (Session info: chrome=108.0.5359.124)
Build info: version: '4.3.0', revision: 'a4995e2c09*'
System info: host: 'vassardeepa-ThinkPad-L15-Gen-3', ip: '127.0.1.1', os.name: 'Linux', os.arch: 'amd64', os.version: '5.15.0-56-generic', java.version: '17.0.5'
Driver info: org.openqa.selenium.chrome.ChromeDriver
Command: [a22208deb24d2a571842faac2f1bf32c, clickElement {id=ac5e1be2-3059-476a-a4fe-61166c2870c6}]
Capabilities {acceptInsecureCerts: false, browserName: chrome, browserVersion: 108.0.5359.124, chrome: {chromedriverVersion: 108.0.5359.71 (1e0e3868ee06..., userDataDir: /tmp/.com.google.Chrome.O7rVvL}, goog:chromeOptions: {debuggerAddress: localhost:42609}, networkConnectionEnabled: false, pageLoadStrategy: normal, platformName: LINUX, proxy: Proxy(), se:cdp: ws://localhost:42609/devtoo..., se:cdpVersion: 108.0.5359.124, setWindowRect: true, strictFileInteractability: false, timeouts: {implicit: 0, pageLoad: 300000, script: 30000}, unhandledPromptBehavior: dismiss and notify, webauthn:extension:credBlob: true, webauthn:extension:largeBlob: true, webauthn:virtualAuthenticators: true}
Element: [[ChromeDriver: chrome on LINUX (a22208deb24d2a571842faac2f1bf32c)] -> xpath: //button[text()='Add Device Type ']]
Session ID: a22208deb24d2a571842faac2f1bf32c
at jdk.internal.reflect.GeneratedConstructorAccessor37.newInstance(Unknown Source)
at java.base/jdk.internal.reflect.DelegatingConstructorAccessorImpl.newInstance(DelegatingConstructorAccessorImpl.java:45)
at java.base/java.lang.reflect.Constructor.newInstanceWithCaller(Constructor.java:499)
at java.base/java.lang.reflect.Constructor.newInstance(Constructor.java:480)
at org.openqa.selenium.remote.codec.w3c.W3CHttpResponseCodec.createException(W3CHttpResponseCodec.java:200)
at org.openqa.selenium.remote.codec.w3c.W3CHttpResponseCodec.decode(W3CHttpResponseCodec.java:133)
at org.openqa.selenium.remote.codec.w3c.W3CHttpResponseCodec.decode(W3CHttpResponseCodec.java:53)
at org.openqa.selenium.remote.HttpCommandExecutor.execute(HttpCommandExecutor.java:184)
at org.openqa.selenium.remote.service.DriverCommandExecutor.invokeExecute(DriverCommandExecutor.java:167)
at org.openqa.selenium.remote.service.DriverCommandExecutor.execute(DriverCommandExecutor.java:142)
at org.openqa.selenium.remote.RemoteWebDriver.execute(RemoteWebDriver.java:569)
at org.openqa.selenium.remote.RemoteWebElement.execute(RemoteWebElement.java:257)
at org.openqa.selenium.remote.RemoteWebElement.click(RemoteWebElement.java:78)
at com.pages.DeviceType.AddDeviceTypePage.clickOnAddDeviceType(AddDeviceTypePage.java:33)
at stepdefinitions.DeviceType.AddDeviceTypeSteps.Go_To_Add_DeviceType_Page(AddDeviceTypeSteps.java:24)
at ✽.Go To Add DeviceType Page(file:///home/vassar-deepa/git/Stanley-Dashboard/src/test/resources/DeviceType/AddDeviceType.feature:4)
]]>
    </error>
  </testcase> <!-- runScenario -->
  <system-out/>
  <testcase classname="testrunner.TestRunner" name="runScenario" time="23.126"/>
  <system-out/>
  <testcase classname="testrunner.TestRunner" name="runScenario" time="24.132"/>
  <system-out/>
  <testcase classname="testrunner.TestRunner" name="runScenario" time="15.619">
    <failure message="expected [Location Type Deleted Successfully] but found [Entered Location Type does NOT exists in Table]" type="java.lang.AssertionError">
      <![CDATA[java.lang.AssertionError: expected [Location Type Deleted Successfully] but found [Entered Location Type does NOT exists in Table]
at org.testng.Assert.fail(Assert.java:99)
at org.testng.Assert.failNotEquals(Assert.java:1037)
at org.testng.Assert.assertEqualsImpl(Assert.java:140)
at org.testng.Assert.assertEquals(Assert.java:122)
at org.testng.Assert.assertEquals(Assert.java:629)
at org.testng.Assert.assertEquals(Assert.java:639)
at com.pages.LocationType.DeleteLocationTypePage.deleteLocType(DeleteLocationTypePage.java:80)
at stepdefinitions.LocationType.DeleteLocationTypeSteps.delete_desired_location_type(DeleteLocationTypeSteps.java:15)
at ✽.Delete desired Location Type "TESTING" "Location Type Deleted Successfully"(file:///home/vassar-deepa/git/Stanley-Dashboard/src/test/resources/LocationType/DeleteLocationType.feature:5)
]]>
    </failure>
  </testcase> <!-- runScenario -->
  <system-out/>
  <testcase classname="testrunner.TestRunner" name="runScenario" time="15.499">
    <failure message="expected [Submit Button is Disabled. Need to fill Mandatory fields] but found [Entered Location Type does NOT exists in Table]" type="java.lang.AssertionError">
      <![CDATA[java.lang.AssertionError: expected [Submit Button is Disabled. Need to fill Mandatory fields] but found [Entered Location Type does NOT exists in Table]
at org.testng.Assert.fail(Assert.java:99)
at org.testng.Assert.failNotEquals(Assert.java:1037)
at org.testng.Assert.assertEqualsImpl(Assert.java:140)
at org.testng.Assert.assertEquals(Assert.java:122)
at org.testng.Assert.assertEquals(Assert.java:629)
at org.testng.Assert.assertEquals(Assert.java:639)
at com.pages.LocationType.EditLocationTypePage.editLocationType(EditLocationTypePage.java:160)
at stepdefinitions.LocationType.EditLocationTypeSteps.user_edits_location_type_exp_msg(EditLocationTypeSteps.java:29)
at ✽.User Edits Location Type "Testing" "" "Testing" "Device Location" "Home Depot" "Submit Button is Disabled. Need to fill Mandatory fields"(file:///home/vassar-deepa/git/Stanley-Dashboard/src/test/resources/LocationType/EditLocationType.feature:5)
]]>
    </failure>
  </testcase> <!-- runScenario -->
  <system-out/>
  <testcase classname="testrunner.TestRunner" name="runScenario" time="13.117"/>
  <system-out>
    <![CDATA[Entered Device Profile ID does NOT exists in Table]]>
  </system-out>
  <testcase classname="testrunner.TestRunner" name="runScenario" time="14.338">
    <error message="element click intercepted: Element &lt;button _ngcontent-wyf-c163=&quot;&quot; type=&quot;button&quot; class=&quot;btn btn-primary rounded-pill&quot;&gt;...&lt;/button&gt; is not clickable at point (1704, 146). Other element would receive the click: &lt;div _ngcontent-wyf-c73=&quot;&quot; class=&quot;ngx-overlay ngx-position-absolute foreground-closing&quot; style=&quot;background-color: rgba(40, 40, 40, 0.8); border-radius: 0px;&quot;&gt;...&lt;/div&gt;
  (Session info: chrome=108.0.5359.124)
Build info: version: &#039;4.3.0&#039;, revision: &#039;a4995e2c09*&#039;
System info: host: &#039;vassardeepa-ThinkPad-L15-Gen-3&#039;, ip: &#039;127.0.1.1&#039;, os.name: &#039;Linux&#039;, os.arch: &#039;amd64&#039;, os.version: &#039;5.15.0-56-generic&#039;, java.version: &#039;17.0.5&#039;
Driver info: org.openqa.selenium.chrome.ChromeDriver
Command: [8079d5896bcb7d80ae6e05c847d2f6e8, clickElement {id=bbb958e9-c3ea-4017-a725-9846f14b97f5}]
Capabilities {acceptInsecureCerts: false, browserName: chrome, browserVersion: 108.0.5359.124, chrome: {chromedriverVersion: 108.0.5359.71 (1e0e3868ee06..., userDataDir: /tmp/.com.google.Chrome.vtgTHj}, goog:chromeOptions: {debuggerAddress: localhost:37217}, networkConnectionEnabled: false, pageLoadStrategy: normal, platformName: LINUX, proxy: Proxy(), se:cdp: ws://localhost:37217/devtoo..., se:cdpVersion: 108.0.5359.124, setWindowRect: true, strictFileInteractability: false, timeouts: {implicit: 0, pageLoad: 300000, script: 30000}, unhandledPromptBehavior: dismiss and notify, webauthn:extension:credBlob: true, webauthn:extension:largeBlob: true, webauthn:virtualAuthenticators: true}
Element: [[ChromeDriver: chrome on LINUX (8079d5896bcb7d80ae6e05c847d2f6e8)] -&gt; xpath: //button[text()=&#039;Add Device Type &#039;]]
Session ID: 8079d5896bcb7d80ae6e05c847d2f6e8" type="org.openqa.selenium.ElementClickInterceptedException">
      <![CDATA[org.openqa.selenium.ElementClickInterceptedException: element click intercepted: Element <button _ngcontent-wyf-c163="" type="button" class="btn btn-primary rounded-pill">...</button> is not clickable at point (1704, 146). Other element would receive the click: <div _ngcontent-wyf-c73="" class="ngx-overlay ngx-position-absolute foreground-closing" style="background-color: rgba(40, 40, 40, 0.8); border-radius: 0px;">...</div>
  (Session info: chrome=108.0.5359.124)
Build info: version: '4.3.0', revision: 'a4995e2c09*'
System info: host: 'vassardeepa-ThinkPad-L15-Gen-3', ip: '127.0.1.1', os.name: 'Linux', os.arch: 'amd64', os.version: '5.15.0-56-generic', java.version: '17.0.5'
Driver info: org.openqa.selenium.chrome.ChromeDriver
Command: [8079d5896bcb7d80ae6e05c847d2f6e8, clickElement {id=bbb958e9-c3ea-4017-a725-9846f14b97f5}]
Capabilities {acceptInsecureCerts: false, browserName: chrome, browserVersion: 108.0.5359.124, chrome: {chromedriverVersion: 108.0.5359.71 (1e0e3868ee06..., userDataDir: /tmp/.com.google.Chrome.vtgTHj}, goog:chromeOptions: {debuggerAddress: localhost:37217}, networkConnectionEnabled: false, pageLoadStrategy: normal, platformName: LINUX, proxy: Proxy(), se:cdp: ws://localhost:37217/devtoo..., se:cdpVersion: 108.0.5359.124, setWindowRect: true, strictFileInteractability: false, timeouts: {implicit: 0, pageLoad: 300000, script: 30000}, unhandledPromptBehavior: dismiss and notify, webauthn:extension:credBlob: true, webauthn:extension:largeBlob: true, webauthn:virtualAuthenticators: true}
Element: [[ChromeDriver: chrome on LINUX (8079d5896bcb7d80ae6e05c847d2f6e8)] -> xpath: //button[text()='Add Device Type ']]
Session ID: 8079d5896bcb7d80ae6e05c847d2f6e8
at jdk.internal.reflect.GeneratedConstructorAccessor37.newInstance(Unknown Source)
at java.base/jdk.internal.reflect.DelegatingConstructorAccessorImpl.newInstance(DelegatingConstructorAccessorImpl.java:45)
at java.base/java.lang.reflect.Constructor.newInstanceWithCaller(Constructor.java:499)
at java.base/java.lang.reflect.Constructor.newInstance(Constructor.java:480)
at org.openqa.selenium.remote.codec.w3c.W3CHttpResponseCodec.createException(W3CHttpResponseCodec.java:200)
at org.openqa.selenium.remote.codec.w3c.W3CHttpResponseCodec.decode(W3CHttpResponseCodec.java:133)
at org.openqa.selenium.remote.codec.w3c.W3CHttpResponseCodec.decode(W3CHttpResponseCodec.java:53)
at org.openqa.selenium.remote.HttpCommandExecutor.execute(HttpCommandExecutor.java:184)
at org.openqa.selenium.remote.service.DriverCommandExecutor.invokeExecute(DriverCommandExecutor.java:167)
at org.openqa.selenium.remote.service.DriverCommandExecutor.execute(DriverCommandExecutor.java:142)
at org.openqa.selenium.remote.RemoteWebDriver.execute(RemoteWebDriver.java:569)
at org.openqa.selenium.remote.RemoteWebElement.execute(RemoteWebElement.java:257)
at org.openqa.selenium.remote.RemoteWebElement.click(RemoteWebElement.java:78)
at com.pages.DeviceType.AddDeviceTypePage.clickOnAddDeviceType(AddDeviceTypePage.java:33)
at stepdefinitions.DeviceType.AddDeviceTypeSteps.Go_To_Add_DeviceType_Page(AddDeviceTypeSteps.java:24)
at ✽.Go To Add DeviceType Page(file:///home/vassar-deepa/git/Stanley-Dashboard/src/test/resources/DeviceType/AddDeviceType.feature:4)
]]>
    </error>
  </testcase> <!-- runScenario -->
  <system-out/>
  <testcase classname="testrunner.TestRunner" name="runScenario" time="20.100">
    <failure message="expected [Duplicate Value Entered] but found [Submit Button is Disabled. Need to fill Mandatory fields]" type="java.lang.AssertionError">
      <![CDATA[java.lang.AssertionError: expected [Duplicate Value Entered] but found [Submit Button is Disabled. Need to fill Mandatory fields]
at org.testng.Assert.fail(Assert.java:99)
at org.testng.Assert.failNotEquals(Assert.java:1037)
at org.testng.Assert.assertEqualsImpl(Assert.java:140)
at org.testng.Assert.assertEquals(Assert.java:122)
at org.testng.Assert.assertEquals(Assert.java:629)
at org.testng.Assert.assertEquals(Assert.java:639)
at com.pages.DeviceProfile.AddDeviceProfilePage.verifyToasterMessage(AddDeviceProfilePage.java:77)
at stepdefinitions.DeviceProfile.AddDeviceProfileSteps.verify_toaster_message_for_add_device_profile(AddDeviceProfileSteps.java:79)
at ✽.Verify Toaster Message for Add Device Profile "Duplicate Value Entered"(file:///home/vassar-deepa/git/Stanley-Dashboard/src/test/resources/DeviceProfile/AddDeviceProfile.feature:13)
]]>
    </failure>
  </testcase> <!-- runScenario -->
  <system-out/>
  <testcase classname="testrunner.TestRunner" name="runScenario" time="20.576">
    <failure message="expected [Duplicate Value Entered] but found [Submit Button is Disabled. Need to fill Mandatory fields]" type="java.lang.AssertionError">
      <![CDATA[java.lang.AssertionError: expected [Duplicate Value Entered] but found [Submit Button is Disabled. Need to fill Mandatory fields]
at org.testng.Assert.fail(Assert.java:99)
at org.testng.Assert.failNotEquals(Assert.java:1037)
at org.testng.Assert.assertEqualsImpl(Assert.java:140)
at org.testng.Assert.assertEquals(Assert.java:122)
at org.testng.Assert.assertEquals(Assert.java:629)
at org.testng.Assert.assertEquals(Assert.java:639)
at com.pages.DeviceProfile.AddDeviceProfilePage.verifyToasterMessage(AddDeviceProfilePage.java:77)
at stepdefinitions.DeviceProfile.AddDeviceProfileSteps.verify_toaster_message_for_add_device_profile(AddDeviceProfileSteps.java:79)
at ✽.Verify Toaster Message for Add Device Profile "Duplicate Value Entered"(file:///home/vassar-deepa/git/Stanley-Dashboard/src/test/resources/DeviceProfile/AddDeviceProfile.feature:13)
]]>
    </failure>
  </testcase> <!-- runScenario -->
  <system-out/>
  <testcase classname="testrunner.TestRunner" name="runScenario" time="23.410"/>
  <system-out/>
  <testcase classname="testrunner.TestRunner" name="runScenario" time="21.494">
    <failure message="expected [Duplicate Value Entered] but found [Submit Button is Disabled. Need to fill Mandatory fields]" type="java.lang.AssertionError">
      <![CDATA[java.lang.AssertionError: expected [Duplicate Value Entered] but found [Submit Button is Disabled. Need to fill Mandatory fields]
at org.testng.Assert.fail(Assert.java:99)
at org.testng.Assert.failNotEquals(Assert.java:1037)
at org.testng.Assert.assertEqualsImpl(Assert.java:140)
at org.testng.Assert.assertEquals(Assert.java:122)
at org.testng.Assert.assertEquals(Assert.java:629)
at org.testng.Assert.assertEquals(Assert.java:639)
at com.pages.DeviceProfile.AddDeviceProfilePage.verifyToasterMessage(AddDeviceProfilePage.java:77)
at stepdefinitions.DeviceProfile.AddDeviceProfileSteps.verify_toaster_message_for_add_device_profile(AddDeviceProfileSteps.java:79)
at ✽.Verify Toaster Message for Add Device Profile "Duplicate Value Entered"(file:///home/vassar-deepa/git/Stanley-Dashboard/src/test/resources/DeviceProfile/AddDeviceProfile.feature:13)
]]>
    </failure>
  </testcase> <!-- runScenario -->
  <system-out/>
  <testcase classname="testrunner.TestRunner" name="runScenario" time="26.509"/>
  <system-out/>
  <testcase classname="testrunner.TestRunner" name="runScenario" time="14.898">
    <failure message="expected [Submit Button is Disabled. Need to fill Mandatory fields] but found [Entered Location Type does NOT exists in Table]" type="java.lang.AssertionError">
      <![CDATA[java.lang.AssertionError: expected [Submit Button is Disabled. Need to fill Mandatory fields] but found [Entered Location Type does NOT exists in Table]
at org.testng.Assert.fail(Assert.java:99)
at org.testng.Assert.failNotEquals(Assert.java:1037)
at org.testng.Assert.assertEqualsImpl(Assert.java:140)
at org.testng.Assert.assertEquals(Assert.java:122)
at org.testng.Assert.assertEquals(Assert.java:629)
at org.testng.Assert.assertEquals(Assert.java:639)
at com.pages.LocationType.EditLocationTypePage.editLocationType(EditLocationTypePage.java:160)
at stepdefinitions.LocationType.EditLocationTypeSteps.user_edits_location_type_exp_msg(EditLocationTypeSteps.java:29)
at ✽.User Edits Location Type "Testing" "Testing" "" "Device Location" "Home Depot" "Submit Button is Disabled. Need to fill Mandatory fields"(file:///home/vassar-deepa/git/Stanley-Dashboard/src/test/resources/LocationType/EditLocationType.feature:5)
]]>
    </failure>
  </testcase> <!-- runScenario -->
  <system-out/>
  <testcase classname="testrunner.TestRunner" name="runScenario" time="21.524"/>
  <system-out/>
  <testcase classname="testrunner.TestRunner" name="runScenario" time="13.673">
    <failure message="expected [Duplicate Value Entered] but found [Entered Location Type does NOT exists in Table]" type="java.lang.AssertionError">
      <![CDATA[java.lang.AssertionError: expected [Duplicate Value Entered] but found [Entered Location Type does NOT exists in Table]
at org.testng.Assert.fail(Assert.java:99)
at org.testng.Assert.failNotEquals(Assert.java:1037)
at org.testng.Assert.assertEqualsImpl(Assert.java:140)
at org.testng.Assert.assertEquals(Assert.java:122)
at org.testng.Assert.assertEquals(Assert.java:629)
at org.testng.Assert.assertEquals(Assert.java:639)
at com.pages.LocationType.EditLocationTypePage.editLocationType(EditLocationTypePage.java:160)
at stepdefinitions.LocationType.EditLocationTypeSteps.user_edits_location_type_exp_msg(EditLocationTypeSteps.java:29)
at ✽.User Edits Location Type "Testing" "    " "    " "Device Location" "Vassar" "Duplicate Value Entered"(file:///home/vassar-deepa/git/Stanley-Dashboard/src/test/resources/LocationType/EditLocationType.feature:5)
]]>
    </failure>
  </testcase> <!-- runScenario -->
  <system-out/>
  <testcase classname="testrunner.TestRunner" name="runScenario" time="14.142">
    <error message="element click intercepted: Element &lt;button _ngcontent-ylc-c163=&quot;&quot; type=&quot;button&quot; class=&quot;btn btn-primary rounded-pill&quot;&gt;...&lt;/button&gt; is not clickable at point (1704, 146). Other element would receive the click: &lt;div _ngcontent-ylc-c73=&quot;&quot; class=&quot;ngx-overlay ngx-position-absolute foreground-closing&quot; style=&quot;background-color: rgba(40, 40, 40, 0.8); border-radius: 0px;&quot;&gt;...&lt;/div&gt;
  (Session info: chrome=108.0.5359.124)
Build info: version: &#039;4.3.0&#039;, revision: &#039;a4995e2c09*&#039;
System info: host: &#039;vassardeepa-ThinkPad-L15-Gen-3&#039;, ip: &#039;127.0.1.1&#039;, os.name: &#039;Linux&#039;, os.arch: &#039;amd64&#039;, os.version: &#039;5.15.0-56-generic&#039;, java.version: &#039;17.0.5&#039;
Driver info: org.openqa.selenium.chrome.ChromeDriver
Command: [f93571883ca2a1a293c4fef6b5a1adac, clickElement {id=476a30d1-c1ba-46f7-b9f5-45480e3eb3c2}]
Capabilities {acceptInsecureCerts: false, browserName: chrome, browserVersion: 108.0.5359.124, chrome: {chromedriverVersion: 108.0.5359.71 (1e0e3868ee06..., userDataDir: /tmp/.com.google.Chrome.7rtgTo}, goog:chromeOptions: {debuggerAddress: localhost:46525}, networkConnectionEnabled: false, pageLoadStrategy: normal, platformName: LINUX, proxy: Proxy(), se:cdp: ws://localhost:46525/devtoo..., se:cdpVersion: 108.0.5359.124, setWindowRect: true, strictFileInteractability: false, timeouts: {implicit: 0, pageLoad: 300000, script: 30000}, unhandledPromptBehavior: dismiss and notify, webauthn:extension:credBlob: true, webauthn:extension:largeBlob: true, webauthn:virtualAuthenticators: true}
Element: [[ChromeDriver: chrome on LINUX (f93571883ca2a1a293c4fef6b5a1adac)] -&gt; xpath: //button[text()=&#039;Add Device Type &#039;]]
Session ID: f93571883ca2a1a293c4fef6b5a1adac" type="org.openqa.selenium.ElementClickInterceptedException">
      <![CDATA[org.openqa.selenium.ElementClickInterceptedException: element click intercepted: Element <button _ngcontent-ylc-c163="" type="button" class="btn btn-primary rounded-pill">...</button> is not clickable at point (1704, 146). Other element would receive the click: <div _ngcontent-ylc-c73="" class="ngx-overlay ngx-position-absolute foreground-closing" style="background-color: rgba(40, 40, 40, 0.8); border-radius: 0px;">...</div>
  (Session info: chrome=108.0.5359.124)
Build info: version: '4.3.0', revision: 'a4995e2c09*'
System info: host: 'vassardeepa-ThinkPad-L15-Gen-3', ip: '127.0.1.1', os.name: 'Linux', os.arch: 'amd64', os.version: '5.15.0-56-generic', java.version: '17.0.5'
Driver info: org.openqa.selenium.chrome.ChromeDriver
Command: [f93571883ca2a1a293c4fef6b5a1adac, clickElement {id=476a30d1-c1ba-46f7-b9f5-45480e3eb3c2}]
Capabilities {acceptInsecureCerts: false, browserName: chrome, browserVersion: 108.0.5359.124, chrome: {chromedriverVersion: 108.0.5359.71 (1e0e3868ee06..., userDataDir: /tmp/.com.google.Chrome.7rtgTo}, goog:chromeOptions: {debuggerAddress: localhost:46525}, networkConnectionEnabled: false, pageLoadStrategy: normal, platformName: LINUX, proxy: Proxy(), se:cdp: ws://localhost:46525/devtoo..., se:cdpVersion: 108.0.5359.124, setWindowRect: true, strictFileInteractability: false, timeouts: {implicit: 0, pageLoad: 300000, script: 30000}, unhandledPromptBehavior: dismiss and notify, webauthn:extension:credBlob: true, webauthn:extension:largeBlob: true, webauthn:virtualAuthenticators: true}
Element: [[ChromeDriver: chrome on LINUX (f93571883ca2a1a293c4fef6b5a1adac)] -> xpath: //button[text()='Add Device Type ']]
Session ID: f93571883ca2a1a293c4fef6b5a1adac
at jdk.internal.reflect.GeneratedConstructorAccessor37.newInstance(Unknown Source)
at java.base/jdk.internal.reflect.DelegatingConstructorAccessorImpl.newInstance(DelegatingConstructorAccessorImpl.java:45)
at java.base/java.lang.reflect.Constructor.newInstanceWithCaller(Constructor.java:499)
at java.base/java.lang.reflect.Constructor.newInstance(Constructor.java:480)
at org.openqa.selenium.remote.codec.w3c.W3CHttpResponseCodec.createException(W3CHttpResponseCodec.java:200)
at org.openqa.selenium.remote.codec.w3c.W3CHttpResponseCodec.decode(W3CHttpResponseCodec.java:133)
at org.openqa.selenium.remote.codec.w3c.W3CHttpResponseCodec.decode(W3CHttpResponseCodec.java:53)
at org.openqa.selenium.remote.HttpCommandExecutor.execute(HttpCommandExecutor.java:184)
at org.openqa.selenium.remote.service.DriverCommandExecutor.invokeExecute(DriverCommandExecutor.java:167)
at org.openqa.selenium.remote.service.DriverCommandExecutor.execute(DriverCommandExecutor.java:142)
at org.openqa.selenium.remote.RemoteWebDriver.execute(RemoteWebDriver.java:569)
at org.openqa.selenium.remote.RemoteWebElement.execute(RemoteWebElement.java:257)
at org.openqa.selenium.remote.RemoteWebElement.click(RemoteWebElement.java:78)
at com.pages.DeviceType.AddDeviceTypePage.clickOnAddDeviceType(AddDeviceTypePage.java:33)
at stepdefinitions.DeviceType.AddDeviceTypeSteps.Go_To_Add_DeviceType_Page(AddDeviceTypeSteps.java:24)
at ✽.Go To Add DeviceType Page(file:///home/vassar-deepa/git/Stanley-Dashboard/src/test/resources/DeviceType/AddDeviceType.feature:4)
]]>
    </error>
  </testcase> <!-- runScenario -->
  <system-out/>
  <testcase classname="testrunner.TestRunner" name="runScenario" time="14.451">
    <failure message="expected [Location Type Deleted Successfully] but found [Entered Location Type does NOT exists in Table]" type="java.lang.AssertionError">
      <![CDATA[java.lang.AssertionError: expected [Location Type Deleted Successfully] but found [Entered Location Type does NOT exists in Table]
at org.testng.Assert.fail(Assert.java:99)
at org.testng.Assert.failNotEquals(Assert.java:1037)
at org.testng.Assert.assertEqualsImpl(Assert.java:140)
at org.testng.Assert.assertEquals(Assert.java:122)
at org.testng.Assert.assertEquals(Assert.java:629)
at org.testng.Assert.assertEquals(Assert.java:639)
at com.pages.LocationType.DeleteLocationTypePage.deleteLocType(DeleteLocationTypePage.java:80)
at stepdefinitions.LocationType.DeleteLocationTypeSteps.delete_desired_location_type(DeleteLocationTypeSteps.java:15)
at ✽.Delete desired Location Type "Testing Description field" "Location Type Deleted Successfully"(file:///home/vassar-deepa/git/Stanley-Dashboard/src/test/resources/LocationType/DeleteLocationType.feature:5)
]]>
    </failure>
  </testcase> <!-- runScenario -->
  <system-out/>
  <testcase classname="testrunner.TestRunner" name="runScenario" time="24.319"/>
  <system-out/>
  <testcase classname="testrunner.TestRunner" name="runScenario" time="15.608">
    <failure message="expected [Submit Button is Disabled. Need to fill Mandatory fields] but found [Entered Location Type does NOT exists in Table]" type="java.lang.AssertionError">
      <![CDATA[java.lang.AssertionError: expected [Submit Button is Disabled. Need to fill Mandatory fields] but found [Entered Location Type does NOT exists in Table]
at org.testng.Assert.fail(Assert.java:99)
at org.testng.Assert.failNotEquals(Assert.java:1037)
at org.testng.Assert.assertEqualsImpl(Assert.java:140)
at org.testng.Assert.assertEquals(Assert.java:122)
at org.testng.Assert.assertEquals(Assert.java:629)
at org.testng.Assert.assertEquals(Assert.java:639)
at com.pages.LocationType.EditLocationTypePage.editLocationType(EditLocationTypePage.java:160)
at stepdefinitions.LocationType.EditLocationTypeSteps.user_edits_location_type_exp_msg(EditLocationTypeSteps.java:29)
at ✽.User Edits Location Type "Testing" "" "" "Device Location" "Home Depot" "Submit Button is Disabled. Need to fill Mandatory fields"(file:///home/vassar-deepa/git/Stanley-Dashboard/src/test/resources/LocationType/EditLocationType.feature:5)
]]>
    </failure>
  </testcase> <!-- runScenario -->
  <system-out/>
  <testcase classname="testrunner.TestRunner" name="runScenario" time="21.629">
    <failure message="expected [Device Profile Added Successfully] but found [Duplicate Value Entered]" type="java.lang.AssertionError">
      <![CDATA[java.lang.AssertionError: expected [Device Profile Added Successfully] but found [Duplicate Value Entered]
at org.testng.Assert.fail(Assert.java:99)
at org.testng.Assert.failNotEquals(Assert.java:1037)
at org.testng.Assert.assertEqualsImpl(Assert.java:140)
at org.testng.Assert.assertEquals(Assert.java:122)
at org.testng.Assert.assertEquals(Assert.java:629)
at org.testng.Assert.assertEquals(Assert.java:639)
at com.pages.DeviceProfile.AddDeviceProfilePage.verifyToasterMessage(AddDeviceProfilePage.java:74)
at stepdefinitions.DeviceProfile.AddDeviceProfileSteps.verify_toaster_message_for_add_device_profile(AddDeviceProfileSteps.java:79)
at ✽.Verify Toaster Message for Add Device Profile "Device Profile Added Successfully"(file:///home/vassar-deepa/git/Stanley-Dashboard/src/test/resources/DeviceProfile/AddDeviceProfile.feature:13)
]]>
    </failure>
  </testcase> <!-- runScenario -->
  <system-out/>
  <testcase classname="testrunner.TestRunner" name="runScenario" time="23.134"/>
  <system-out/>
  <testcase classname="testrunner.TestRunner" name="runScenario" time="13.992">
    <error message="element click intercepted: Element &lt;button _ngcontent-ibl-c163=&quot;&quot; type=&quot;button&quot; class=&quot;btn btn-primary rounded-pill&quot;&gt;...&lt;/button&gt; is not clickable at point (1704, 146). Other element would receive the click: &lt;div _ngcontent-ibl-c73=&quot;&quot; class=&quot;ngx-overlay ngx-position-absolute foreground-closing&quot; style=&quot;background-color: rgba(40, 40, 40, 0.8); border-radius: 0px;&quot;&gt;...&lt;/div&gt;
  (Session info: chrome=108.0.5359.124)
Build info: version: &#039;4.3.0&#039;, revision: &#039;a4995e2c09*&#039;
System info: host: &#039;vassardeepa-ThinkPad-L15-Gen-3&#039;, ip: &#039;127.0.1.1&#039;, os.name: &#039;Linux&#039;, os.arch: &#039;amd64&#039;, os.version: &#039;5.15.0-56-generic&#039;, java.version: &#039;17.0.5&#039;
Driver info: org.openqa.selenium.chrome.ChromeDriver
Command: [4e5c5f66720cef692fe7235394b010b7, clickElement {id=164c09df-c972-405e-9427-e530650cf4e5}]
Capabilities {acceptInsecureCerts: false, browserName: chrome, browserVersion: 108.0.5359.124, chrome: {chromedriverVersion: 108.0.5359.71 (1e0e3868ee06..., userDataDir: /tmp/.com.google.Chrome.jlecdf}, goog:chromeOptions: {debuggerAddress: localhost:38783}, networkConnectionEnabled: false, pageLoadStrategy: normal, platformName: LINUX, proxy: Proxy(), se:cdp: ws://localhost:38783/devtoo..., se:cdpVersion: 108.0.5359.124, setWindowRect: true, strictFileInteractability: false, timeouts: {implicit: 0, pageLoad: 300000, script: 30000}, unhandledPromptBehavior: dismiss and notify, webauthn:extension:credBlob: true, webauthn:extension:largeBlob: true, webauthn:virtualAuthenticators: true}
Element: [[ChromeDriver: chrome on LINUX (4e5c5f66720cef692fe7235394b010b7)] -&gt; xpath: //button[text()=&#039;Add Device Type &#039;]]
Session ID: 4e5c5f66720cef692fe7235394b010b7" type="org.openqa.selenium.ElementClickInterceptedException">
      <![CDATA[org.openqa.selenium.ElementClickInterceptedException: element click intercepted: Element <button _ngcontent-ibl-c163="" type="button" class="btn btn-primary rounded-pill">...</button> is not clickable at point (1704, 146). Other element would receive the click: <div _ngcontent-ibl-c73="" class="ngx-overlay ngx-position-absolute foreground-closing" style="background-color: rgba(40, 40, 40, 0.8); border-radius: 0px;">...</div>
  (Session info: chrome=108.0.5359.124)
Build info: version: '4.3.0', revision: 'a4995e2c09*'
System info: host: 'vassardeepa-ThinkPad-L15-Gen-3', ip: '127.0.1.1', os.name: 'Linux', os.arch: 'amd64', os.version: '5.15.0-56-generic', java.version: '17.0.5'
Driver info: org.openqa.selenium.chrome.ChromeDriver
Command: [4e5c5f66720cef692fe7235394b010b7, clickElement {id=164c09df-c972-405e-9427-e530650cf4e5}]
Capabilities {acceptInsecureCerts: false, browserName: chrome, browserVersion: 108.0.5359.124, chrome: {chromedriverVersion: 108.0.5359.71 (1e0e3868ee06..., userDataDir: /tmp/.com.google.Chrome.jlecdf}, goog:chromeOptions: {debuggerAddress: localhost:38783}, networkConnectionEnabled: false, pageLoadStrategy: normal, platformName: LINUX, proxy: Proxy(), se:cdp: ws://localhost:38783/devtoo..., se:cdpVersion: 108.0.5359.124, setWindowRect: true, strictFileInteractability: false, timeouts: {implicit: 0, pageLoad: 300000, script: 30000}, unhandledPromptBehavior: dismiss and notify, webauthn:extension:credBlob: true, webauthn:extension:largeBlob: true, webauthn:virtualAuthenticators: true}
Element: [[ChromeDriver: chrome on LINUX (4e5c5f66720cef692fe7235394b010b7)] -> xpath: //button[text()='Add Device Type ']]
Session ID: 4e5c5f66720cef692fe7235394b010b7
at jdk.internal.reflect.GeneratedConstructorAccessor37.newInstance(Unknown Source)
at java.base/jdk.internal.reflect.DelegatingConstructorAccessorImpl.newInstance(DelegatingConstructorAccessorImpl.java:45)
at java.base/java.lang.reflect.Constructor.newInstanceWithCaller(Constructor.java:499)
at java.base/java.lang.reflect.Constructor.newInstance(Constructor.java:480)
at org.openqa.selenium.remote.codec.w3c.W3CHttpResponseCodec.createException(W3CHttpResponseCodec.java:200)
at org.openqa.selenium.remote.codec.w3c.W3CHttpResponseCodec.decode(W3CHttpResponseCodec.java:133)
at org.openqa.selenium.remote.codec.w3c.W3CHttpResponseCodec.decode(W3CHttpResponseCodec.java:53)
at org.openqa.selenium.remote.HttpCommandExecutor.execute(HttpCommandExecutor.java:184)
at org.openqa.selenium.remote.service.DriverCommandExecutor.invokeExecute(DriverCommandExecutor.java:167)
at org.openqa.selenium.remote.service.DriverCommandExecutor.execute(DriverCommandExecutor.java:142)
at org.openqa.selenium.remote.RemoteWebDriver.execute(RemoteWebDriver.java:569)
at org.openqa.selenium.remote.RemoteWebElement.execute(RemoteWebElement.java:257)
at org.openqa.selenium.remote.RemoteWebElement.click(RemoteWebElement.java:78)
at com.pages.DeviceType.AddDeviceTypePage.clickOnAddDeviceType(AddDeviceTypePage.java:33)
at stepdefinitions.DeviceType.AddDeviceTypeSteps.Go_To_Add_DeviceType_Page(AddDeviceTypeSteps.java:24)
at ✽.Go To Add DeviceType Page(file:///home/vassar-deepa/git/Stanley-Dashboard/src/test/resources/DeviceType/AddDeviceType.feature:4)
]]>
    </error>
  </testcase> <!-- runScenario -->
  <system-out/>
  <testcase classname="testrunner.TestRunner" name="runScenario" time="18.768">
    <error message="invalid argument: File not found : /home/vassar-deepa/Downloads/DoorTypeDD.png
  (Session info: chrome=108.0.5359.124)
Build info: version: &#039;4.3.0&#039;, revision: &#039;a4995e2c09*&#039;
System info: host: &#039;vassardeepa-ThinkPad-L15-Gen-3&#039;, ip: &#039;127.0.1.1&#039;, os.name: &#039;Linux&#039;, os.arch: &#039;amd64&#039;, os.version: &#039;5.15.0-56-generic&#039;, java.version: &#039;17.0.5&#039;
Driver info: org.openqa.selenium.chrome.ChromeDriver
Command: [a005c8029947126a0dceb77427e96951, sendKeysToElement {id=cd0f1bd3-5fe0-4fea-84cf-ce4c0ea573ca, value=[Ljava.lang.CharSequence;@7976d382}]
Capabilities {acceptInsecureCerts: false, browserName: chrome, browserVersion: 108.0.5359.124, chrome: {chromedriverVersion: 108.0.5359.71 (1e0e3868ee06..., userDataDir: /tmp/.com.google.Chrome.ohr8Vy}, goog:chromeOptions: {debuggerAddress: localhost:43293}, networkConnectionEnabled: false, pageLoadStrategy: normal, platformName: LINUX, proxy: Proxy(), se:cdp: ws://localhost:43293/devtoo..., se:cdpVersion: 108.0.5359.124, setWindowRect: true, strictFileInteractability: false, timeouts: {implicit: 0, pageLoad: 300000, script: 30000}, unhandledPromptBehavior: dismiss and notify, webauthn:extension:credBlob: true, webauthn:extension:largeBlob: true, webauthn:virtualAuthenticators: true}
Element: [[ChromeDriver: chrome on LINUX (a005c8029947126a0dceb77427e96951)] -&gt; xpath: //input[@formcontrolname=&#039;data_command_group_json&#039;]]
Session ID: a005c8029947126a0dceb77427e96951" type="org.openqa.selenium.InvalidArgumentException">
      <![CDATA[org.openqa.selenium.InvalidArgumentException: invalid argument: File not found : /home/vassar-deepa/Downloads/DoorTypeDD.png
  (Session info: chrome=108.0.5359.124)
Build info: version: '4.3.0', revision: 'a4995e2c09*'
System info: host: 'vassardeepa-ThinkPad-L15-Gen-3', ip: '127.0.1.1', os.name: 'Linux', os.arch: 'amd64', os.version: '5.15.0-56-generic', java.version: '17.0.5'
Driver info: org.openqa.selenium.chrome.ChromeDriver
Command: [a005c8029947126a0dceb77427e96951, sendKeysToElement {id=cd0f1bd3-5fe0-4fea-84cf-ce4c0ea573ca, value=[Ljava.lang.CharSequence;@7976d382}]
Capabilities {acceptInsecureCerts: false, browserName: chrome, browserVersion: 108.0.5359.124, chrome: {chromedriverVersion: 108.0.5359.71 (1e0e3868ee06..., userDataDir: /tmp/.com.google.Chrome.ohr8Vy}, goog:chromeOptions: {debuggerAddress: localhost:43293}, networkConnectionEnabled: false, pageLoadStrategy: normal, platformName: LINUX, proxy: Proxy(), se:cdp: ws://localhost:43293/devtoo..., se:cdpVersion: 108.0.5359.124, setWindowRect: true, strictFileInteractability: false, timeouts: {implicit: 0, pageLoad: 300000, script: 30000}, unhandledPromptBehavior: dismiss and notify, webauthn:extension:credBlob: true, webauthn:extension:largeBlob: true, webauthn:virtualAuthenticators: true}
Element: [[ChromeDriver: chrome on LINUX (a005c8029947126a0dceb77427e96951)] -> xpath: //input[@formcontrolname='data_command_group_json']]
Session ID: a005c8029947126a0dceb77427e96951
at java.base/jdk.internal.reflect.NativeConstructorAccessorImpl.newInstance0(Native Method)
at java.base/jdk.internal.reflect.NativeConstructorAccessorImpl.newInstance(NativeConstructorAccessorImpl.java:77)
at java.base/jdk.internal.reflect.DelegatingConstructorAccessorImpl.newInstance(DelegatingConstructorAccessorImpl.java:45)
at java.base/java.lang.reflect.Constructor.newInstanceWithCaller(Constructor.java:499)
at java.base/java.lang.reflect.Constructor.newInstance(Constructor.java:480)
at org.openqa.selenium.remote.codec.w3c.W3CHttpResponseCodec.createException(W3CHttpResponseCodec.java:200)
at org.openqa.selenium.remote.codec.w3c.W3CHttpResponseCodec.decode(W3CHttpResponseCodec.java:133)
at org.openqa.selenium.remote.codec.w3c.W3CHttpResponseCodec.decode(W3CHttpResponseCodec.java:53)
at org.openqa.selenium.remote.HttpCommandExecutor.execute(HttpCommandExecutor.java:184)
at org.openqa.selenium.remote.service.DriverCommandExecutor.invokeExecute(DriverCommandExecutor.java:167)
at org.openqa.selenium.remote.service.DriverCommandExecutor.execute(DriverCommandExecutor.java:142)
at org.openqa.selenium.remote.RemoteWebDriver.execute(RemoteWebDriver.java:569)
at org.openqa.selenium.remote.RemoteWebElement.execute(RemoteWebElement.java:257)
at org.openqa.selenium.remote.RemoteWebElement.sendKeys(RemoteWebElement.java:113)
at com.pages.DeviceProfile.AddDeviceProfilePage.uploadDataCmdGrpJson(AddDeviceProfilePage.java:56)
at stepdefinitions.DeviceProfile.AddDeviceProfileSteps.upload_data_command_group_json(AddDeviceProfileSteps.java:62)
at ✽.Upload Data Command Group JSON "/home/vassar-deepa/Downloads/DoorTypeDD.png"(file:///home/vassar-deepa/git/Stanley-Dashboard/src/test/resources/DeviceProfile/AddDeviceProfile.feature:10)
]]>
    </error>
  </testcase> <!-- runScenario -->
  <system-out/>
  <testcase classname="testrunner.TestRunner" name="runScenario" time="14.883">
    <failure message="expected [Location Type Edited Successfully] but found [Entered Location Type does NOT exists in Table]" type="java.lang.AssertionError">
      <![CDATA[java.lang.AssertionError: expected [Location Type Edited Successfully] but found [Entered Location Type does NOT exists in Table]
at org.testng.Assert.fail(Assert.java:99)
at org.testng.Assert.failNotEquals(Assert.java:1037)
at org.testng.Assert.assertEqualsImpl(Assert.java:140)
at org.testng.Assert.assertEquals(Assert.java:122)
at org.testng.Assert.assertEquals(Assert.java:629)
at org.testng.Assert.assertEquals(Assert.java:639)
at com.pages.LocationType.EditLocationTypePage.editLocationType(EditLocationTypePage.java:160)
at stepdefinitions.LocationType.EditLocationTypeSteps.user_edits_location_type_exp_msg(EditLocationTypeSteps.java:29)
at ✽.User Edits Location Type "Testing" "Test 4" "Testing" "Device Location" "Walmart" "Location Type Edited Successfully"(file:///home/vassar-deepa/git/Stanley-Dashboard/src/test/resources/LocationType/EditLocationType.feature:5)
]]>
    </failure>
  </testcase> <!-- runScenario -->
  <system-out/>
  <testcase classname="testrunner.TestRunner" name="runScenario" time="13.416"/>
  <system-out/>
  <testcase classname="testrunner.TestRunner" name="runScenario" time="20.975">
    <failure message="expected [Duplicate Value Entered] but found [Submit Button is Disabled. Need to fill Mandatory fields]" type="java.lang.AssertionError">
      <![CDATA[java.lang.AssertionError: expected [Duplicate Value Entered] but found [Submit Button is Disabled. Need to fill Mandatory fields]
at org.testng.Assert.fail(Assert.java:99)
at org.testng.Assert.failNotEquals(Assert.java:1037)
at org.testng.Assert.assertEqualsImpl(Assert.java:140)
at org.testng.Assert.assertEquals(Assert.java:122)
at org.testng.Assert.assertEquals(Assert.java:629)
at org.testng.Assert.assertEquals(Assert.java:639)
at com.pages.DeviceProfile.AddDeviceProfilePage.verifyToasterMessage(AddDeviceProfilePage.java:77)
at stepdefinitions.DeviceProfile.AddDeviceProfileSteps.verify_toaster_message_for_add_device_profile(AddDeviceProfileSteps.java:79)
at ✽.Verify Toaster Message for Add Device Profile "Duplicate Value Entered"(file:///home/vassar-deepa/git/Stanley-Dashboard/src/test/resources/DeviceProfile/AddDeviceProfile.feature:13)
]]>
    </failure>
  </testcase> <!-- runScenario -->
  <system-out/>
  <testcase classname="testrunner.TestRunner" name="runScenario" time="22.045">
    <failure message="expected [Device Profile Added Successfully] but found [Duplicate Value Entered]" type="java.lang.AssertionError">
      <![CDATA[java.lang.AssertionError: expected [Device Profile Added Successfully] but found [Duplicate Value Entered]
at org.testng.Assert.fail(Assert.java:99)
at org.testng.Assert.failNotEquals(Assert.java:1037)
at org.testng.Assert.assertEqualsImpl(Assert.java:140)
at org.testng.Assert.assertEquals(Assert.java:122)
at org.testng.Assert.assertEquals(Assert.java:629)
at org.testng.Assert.assertEquals(Assert.java:639)
at com.pages.DeviceProfile.AddDeviceProfilePage.verifyToasterMessage(AddDeviceProfilePage.java:74)
at stepdefinitions.DeviceProfile.AddDeviceProfileSteps.verify_toaster_message_for_add_device_profile(AddDeviceProfileSteps.java:79)
at ✽.Verify Toaster Message for Add Device Profile "Device Profile Added Successfully"(file:///home/vassar-deepa/git/Stanley-Dashboard/src/test/resources/DeviceProfile/AddDeviceProfile.feature:13)
]]>
    </failure>
  </testcase> <!-- runScenario -->
  <system-out/>
  <testcase classname="testrunner.TestRunner" name="runScenario" time="13.158">
    <error message="element click intercepted: Element &lt;button _ngcontent-irb-c163=&quot;&quot; type=&quot;button&quot; class=&quot;btn btn-primary rounded-pill&quot;&gt;...&lt;/button&gt; is not clickable at point (1704, 146). Other element would receive the click: &lt;div _ngcontent-irb-c73=&quot;&quot; class=&quot;ngx-overlay ngx-position-absolute foreground-closing&quot; style=&quot;background-color: rgba(40, 40, 40, 0.8); border-radius: 0px;&quot;&gt;...&lt;/div&gt;
  (Session info: chrome=108.0.5359.124)
Build info: version: &#039;4.3.0&#039;, revision: &#039;a4995e2c09*&#039;
System info: host: &#039;vassardeepa-ThinkPad-L15-Gen-3&#039;, ip: &#039;127.0.1.1&#039;, os.name: &#039;Linux&#039;, os.arch: &#039;amd64&#039;, os.version: &#039;5.15.0-56-generic&#039;, java.version: &#039;17.0.5&#039;
Driver info: org.openqa.selenium.chrome.ChromeDriver
Command: [03ab6741baa61526c993509d262d042d, clickElement {id=4f9699cd-c776-435d-8db2-1ff26adaa53c}]
Capabilities {acceptInsecureCerts: false, browserName: chrome, browserVersion: 108.0.5359.124, chrome: {chromedriverVersion: 108.0.5359.71 (1e0e3868ee06..., userDataDir: /tmp/.com.google.Chrome.NjB1u8}, goog:chromeOptions: {debuggerAddress: localhost:37923}, networkConnectionEnabled: false, pageLoadStrategy: normal, platformName: LINUX, proxy: Proxy(), se:cdp: ws://localhost:37923/devtoo..., se:cdpVersion: 108.0.5359.124, setWindowRect: true, strictFileInteractability: false, timeouts: {implicit: 0, pageLoad: 300000, script: 30000}, unhandledPromptBehavior: dismiss and notify, webauthn:extension:credBlob: true, webauthn:extension:largeBlob: true, webauthn:virtualAuthenticators: true}
Element: [[ChromeDriver: chrome on LINUX (03ab6741baa61526c993509d262d042d)] -&gt; xpath: //button[text()=&#039;Add Device Type &#039;]]
Session ID: 03ab6741baa61526c993509d262d042d" type="org.openqa.selenium.ElementClickInterceptedException">
      <![CDATA[org.openqa.selenium.ElementClickInterceptedException: element click intercepted: Element <button _ngcontent-irb-c163="" type="button" class="btn btn-primary rounded-pill">...</button> is not clickable at point (1704, 146). Other element would receive the click: <div _ngcontent-irb-c73="" class="ngx-overlay ngx-position-absolute foreground-closing" style="background-color: rgba(40, 40, 40, 0.8); border-radius: 0px;">...</div>
  (Session info: chrome=108.0.5359.124)
Build info: version: '4.3.0', revision: 'a4995e2c09*'
System info: host: 'vassardeepa-ThinkPad-L15-Gen-3', ip: '127.0.1.1', os.name: 'Linux', os.arch: 'amd64', os.version: '5.15.0-56-generic', java.version: '17.0.5'
Driver info: org.openqa.selenium.chrome.ChromeDriver
Command: [03ab6741baa61526c993509d262d042d, clickElement {id=4f9699cd-c776-435d-8db2-1ff26adaa53c}]
Capabilities {acceptInsecureCerts: false, browserName: chrome, browserVersion: 108.0.5359.124, chrome: {chromedriverVersion: 108.0.5359.71 (1e0e3868ee06..., userDataDir: /tmp/.com.google.Chrome.NjB1u8}, goog:chromeOptions: {debuggerAddress: localhost:37923}, networkConnectionEnabled: false, pageLoadStrategy: normal, platformName: LINUX, proxy: Proxy(), se:cdp: ws://localhost:37923/devtoo..., se:cdpVersion: 108.0.5359.124, setWindowRect: true, strictFileInteractability: false, timeouts: {implicit: 0, pageLoad: 300000, script: 30000}, unhandledPromptBehavior: dismiss and notify, webauthn:extension:credBlob: true, webauthn:extension:largeBlob: true, webauthn:virtualAuthenticators: true}
Element: [[ChromeDriver: chrome on LINUX (03ab6741baa61526c993509d262d042d)] -> xpath: //button[text()='Add Device Type ']]
Session ID: 03ab6741baa61526c993509d262d042d
at jdk.internal.reflect.GeneratedConstructorAccessor37.newInstance(Unknown Source)
at java.base/jdk.internal.reflect.DelegatingConstructorAccessorImpl.newInstance(DelegatingConstructorAccessorImpl.java:45)
at java.base/java.lang.reflect.Constructor.newInstanceWithCaller(Constructor.java:499)
at java.base/java.lang.reflect.Constructor.newInstance(Constructor.java:480)
at org.openqa.selenium.remote.codec.w3c.W3CHttpResponseCodec.createException(W3CHttpResponseCodec.java:200)
at org.openqa.selenium.remote.codec.w3c.W3CHttpResponseCodec.decode(W3CHttpResponseCodec.java:133)
at org.openqa.selenium.remote.codec.w3c.W3CHttpResponseCodec.decode(W3CHttpResponseCodec.java:53)
at org.openqa.selenium.remote.HttpCommandExecutor.execute(HttpCommandExecutor.java:184)
at org.openqa.selenium.remote.service.DriverCommandExecutor.invokeExecute(DriverCommandExecutor.java:167)
at org.openqa.selenium.remote.service.DriverCommandExecutor.execute(DriverCommandExecutor.java:142)
at org.openqa.selenium.remote.RemoteWebDriver.execute(RemoteWebDriver.java:569)
at org.openqa.selenium.remote.RemoteWebElement.execute(RemoteWebElement.java:257)
at org.openqa.selenium.remote.RemoteWebElement.click(RemoteWebElement.java:78)
at com.pages.DeviceType.AddDeviceTypePage.clickOnAddDeviceType(AddDeviceTypePage.java:33)
at stepdefinitions.DeviceType.AddDeviceTypeSteps.Go_To_Add_DeviceType_Page(AddDeviceTypeSteps.java:24)
at ✽.Go To Add DeviceType Page(file:///home/vassar-deepa/git/Stanley-Dashboard/src/test/resources/DeviceType/AddDeviceType.feature:4)
]]>
    </error>
  </testcase> <!-- runScenario -->
  <system-out/>
  <testcase classname="testrunner.TestRunner" name="runScenario" time="14.555">
    <failure message="expected [Location Type Edited Successfully] but found [Entered Location Type does NOT exists in Table]" type="java.lang.AssertionError">
      <![CDATA[java.lang.AssertionError: expected [Location Type Edited Successfully] but found [Entered Location Type does NOT exists in Table]
at org.testng.Assert.fail(Assert.java:99)
at org.testng.Assert.failNotEquals(Assert.java:1037)
at org.testng.Assert.assertEqualsImpl(Assert.java:140)
at org.testng.Assert.assertEquals(Assert.java:122)
at org.testng.Assert.assertEquals(Assert.java:629)
at org.testng.Assert.assertEquals(Assert.java:639)
at com.pages.LocationType.EditLocationTypePage.editLocationType(EditLocationTypePage.java:160)
at stepdefinitions.LocationType.EditLocationTypeSteps.user_edits_location_type_exp_msg(EditLocationTypeSteps.java:29)
at ✽.User Edits Location Type "Testing" "12345" "Testing" "Device Location" "Home Depot" "Location Type Edited Successfully"(file:///home/vassar-deepa/git/Stanley-Dashboard/src/test/resources/LocationType/EditLocationType.feature:5)
]]>
    </failure>
  </testcase> <!-- runScenario -->
  <system-out/>
  <testcase classname="testrunner.TestRunner" name="runScenario" time="13.540">
    <error message="element click intercepted: Element &lt;button _ngcontent-cyq-c163=&quot;&quot; type=&quot;button&quot; class=&quot;btn btn-primary rounded-pill&quot;&gt;...&lt;/button&gt; is not clickable at point (1704, 146). Other element would receive the click: &lt;div _ngcontent-cyq-c73=&quot;&quot; class=&quot;ngx-overlay ngx-position-absolute foreground-closing&quot; style=&quot;background-color: rgba(40, 40, 40, 0.8); border-radius: 0px;&quot;&gt;...&lt;/div&gt;
  (Session info: chrome=108.0.5359.124)
Build info: version: &#039;4.3.0&#039;, revision: &#039;a4995e2c09*&#039;
System info: host: &#039;vassardeepa-ThinkPad-L15-Gen-3&#039;, ip: &#039;127.0.1.1&#039;, os.name: &#039;Linux&#039;, os.arch: &#039;amd64&#039;, os.version: &#039;5.15.0-56-generic&#039;, java.version: &#039;17.0.5&#039;
Driver info: org.openqa.selenium.chrome.ChromeDriver
Command: [06acfffefb7bc2af8620939f8d97f2a2, clickElement {id=40f9d4a6-9f59-46f9-b857-5345257bd362}]
Capabilities {acceptInsecureCerts: false, browserName: chrome, browserVersion: 108.0.5359.124, chrome: {chromedriverVersion: 108.0.5359.71 (1e0e3868ee06..., userDataDir: /tmp/.com.google.Chrome.fgIIhz}, goog:chromeOptions: {debuggerAddress: localhost:43921}, networkConnectionEnabled: false, pageLoadStrategy: normal, platformName: LINUX, proxy: Proxy(), se:cdp: ws://localhost:43921/devtoo..., se:cdpVersion: 108.0.5359.124, setWindowRect: true, strictFileInteractability: false, timeouts: {implicit: 0, pageLoad: 300000, script: 30000}, unhandledPromptBehavior: dismiss and notify, webauthn:extension:credBlob: true, webauthn:extension:largeBlob: true, webauthn:virtualAuthenticators: true}
Element: [[ChromeDriver: chrome on LINUX (06acfffefb7bc2af8620939f8d97f2a2)] -&gt; xpath: //button[text()=&#039;Add Device Type &#039;]]
Session ID: 06acfffefb7bc2af8620939f8d97f2a2" type="org.openqa.selenium.ElementClickInterceptedException">
      <![CDATA[org.openqa.selenium.ElementClickInterceptedException: element click intercepted: Element <button _ngcontent-cyq-c163="" type="button" class="btn btn-primary rounded-pill">...</button> is not clickable at point (1704, 146). Other element would receive the click: <div _ngcontent-cyq-c73="" class="ngx-overlay ngx-position-absolute foreground-closing" style="background-color: rgba(40, 40, 40, 0.8); border-radius: 0px;">...</div>
  (Session info: chrome=108.0.5359.124)
Build info: version: '4.3.0', revision: 'a4995e2c09*'
System info: host: 'vassardeepa-ThinkPad-L15-Gen-3', ip: '127.0.1.1', os.name: 'Linux', os.arch: 'amd64', os.version: '5.15.0-56-generic', java.version: '17.0.5'
Driver info: org.openqa.selenium.chrome.ChromeDriver
Command: [06acfffefb7bc2af8620939f8d97f2a2, clickElement {id=40f9d4a6-9f59-46f9-b857-5345257bd362}]
Capabilities {acceptInsecureCerts: false, browserName: chrome, browserVersion: 108.0.5359.124, chrome: {chromedriverVersion: 108.0.5359.71 (1e0e3868ee06..., userDataDir: /tmp/.com.google.Chrome.fgIIhz}, goog:chromeOptions: {debuggerAddress: localhost:43921}, networkConnectionEnabled: false, pageLoadStrategy: normal, platformName: LINUX, proxy: Proxy(), se:cdp: ws://localhost:43921/devtoo..., se:cdpVersion: 108.0.5359.124, setWindowRect: true, strictFileInteractability: false, timeouts: {implicit: 0, pageLoad: 300000, script: 30000}, unhandledPromptBehavior: dismiss and notify, webauthn:extension:credBlob: true, webauthn:extension:largeBlob: true, webauthn:virtualAuthenticators: true}
Element: [[ChromeDriver: chrome on LINUX (06acfffefb7bc2af8620939f8d97f2a2)] -> xpath: //button[text()='Add Device Type ']]
Session ID: 06acfffefb7bc2af8620939f8d97f2a2
at jdk.internal.reflect.GeneratedConstructorAccessor37.newInstance(Unknown Source)
at java.base/jdk.internal.reflect.DelegatingConstructorAccessorImpl.newInstance(DelegatingConstructorAccessorImpl.java:45)
at java.base/java.lang.reflect.Constructor.newInstanceWithCaller(Constructor.java:499)
at java.base/java.lang.reflect.Constructor.newInstance(Constructor.java:480)
at org.openqa.selenium.remote.codec.w3c.W3CHttpResponseCodec.createException(W3CHttpResponseCodec.java:200)
at org.openqa.selenium.remote.codec.w3c.W3CHttpResponseCodec.decode(W3CHttpResponseCodec.java:133)
at org.openqa.selenium.remote.codec.w3c.W3CHttpResponseCodec.decode(W3CHttpResponseCodec.java:53)
at org.openqa.selenium.remote.HttpCommandExecutor.execute(HttpCommandExecutor.java:184)
at org.openqa.selenium.remote.service.DriverCommandExecutor.invokeExecute(DriverCommandExecutor.java:167)
at org.openqa.selenium.remote.service.DriverCommandExecutor.execute(DriverCommandExecutor.java:142)
at org.openqa.selenium.remote.RemoteWebDriver.execute(RemoteWebDriver.java:569)
at org.openqa.selenium.remote.RemoteWebElement.execute(RemoteWebElement.java:257)
at org.openqa.selenium.remote.RemoteWebElement.click(RemoteWebElement.java:78)
at com.pages.DeviceType.AddDeviceTypePage.clickOnAddDeviceType(AddDeviceTypePage.java:33)
at stepdefinitions.DeviceType.AddDeviceTypeSteps.Go_To_Add_DeviceType_Page(AddDeviceTypeSteps.java:24)
at ✽.Go To Add DeviceType Page(file:///home/vassar-deepa/git/Stanley-Dashboard/src/test/resources/DeviceType/AddDeviceType.feature:4)
]]>
    </error>
  </testcase> <!-- runScenario -->
  <system-out/>
  <testcase classname="testrunner.TestRunner" name="runScenario" time="16.491">
    <failure message="expected [Duplicate Value Entered] but found [Entered Location Type does NOT exists in Table]" type="java.lang.AssertionError">
      <![CDATA[java.lang.AssertionError: expected [Duplicate Value Entered] but found [Entered Location Type does NOT exists in Table]
at org.testng.Assert.fail(Assert.java:99)
at org.testng.Assert.failNotEquals(Assert.java:1037)
at org.testng.Assert.assertEqualsImpl(Assert.java:140)
at org.testng.Assert.assertEquals(Assert.java:122)
at org.testng.Assert.assertEquals(Assert.java:629)
at org.testng.Assert.assertEquals(Assert.java:639)
at com.pages.LocationType.EditLocationTypePage.editLocationType(EditLocationTypePage.java:160)
at stepdefinitions.LocationType.EditLocationTypeSteps.user_edits_location_type_exp_msg(EditLocationTypeSteps.java:29)
at ✽.User Edits Location Type "Testing" "Test" "    " "Device Location" "Vassar" "Duplicate Value Entered"(file:///home/vassar-deepa/git/Stanley-Dashboard/src/test/resources/LocationType/EditLocationType.feature:5)
]]>
    </failure>
  </testcase> <!-- runScenario -->
  <system-out/>
  <testcase classname="testrunner.TestRunner" name="runScenario" time="14.604"/>
  <system-out/>
  <testcase classname="testrunner.TestRunner" name="runScenario" time="13.642">
    <failure message="expected [Location Type Deleted Successfully] but found [Entered Location Type does NOT exists in Table]" type="java.lang.AssertionError">
      <![CDATA[java.lang.AssertionError: expected [Location Type Deleted Successfully] but found [Entered Location Type does NOT exists in Table]
at org.testng.Assert.fail(Assert.java:99)
at org.testng.Assert.failNotEquals(Assert.java:1037)
at org.testng.Assert.assertEqualsImpl(Assert.java:140)
at org.testng.Assert.assertEquals(Assert.java:122)
at org.testng.Assert.assertEquals(Assert.java:629)
at org.testng.Assert.assertEquals(Assert.java:639)
at com.pages.LocationType.DeleteLocationTypePage.deleteLocType(DeleteLocationTypePage.java:80)
at stepdefinitions.LocationType.DeleteLocationTypeSteps.delete_desired_location_type(DeleteLocationTypeSteps.java:15)
at ✽.Delete desired Location Type "Testing" "Location Type Deleted Successfully"(file:///home/vassar-deepa/git/Stanley-Dashboard/src/test/resources/LocationType/DeleteLocationType.feature:5)
]]>
    </failure>
  </testcase> <!-- runScenario -->
  <system-out/>
  <testcase classname="testrunner.TestRunner" name="runScenario" time="31.061"/>
  <system-out/>
  <testcase classname="testrunner.TestRunner" name="runScenario" time="24.002"/>
  <system-out/>
  <testcase classname="testrunner.TestRunner" name="runScenario" time="20.901">
    <error message="invalid argument: File not found : /home/vassar-deepa/Downloads/Image.bmp
  (Session info: chrome=108.0.5359.124)
Build info: version: &#039;4.3.0&#039;, revision: &#039;a4995e2c09*&#039;
System info: host: &#039;vassardeepa-ThinkPad-L15-Gen-3&#039;, ip: &#039;127.0.1.1&#039;, os.name: &#039;Linux&#039;, os.arch: &#039;amd64&#039;, os.version: &#039;5.15.0-56-generic&#039;, java.version: &#039;17.0.5&#039;
Driver info: org.openqa.selenium.chrome.ChromeDriver
Command: [04320af0cc6a69274b1cd896770666fe, sendKeysToElement {id=c3b294ed-5557-4215-8225-9bb1106bca8b, value=[Ljava.lang.CharSequence;@79827e71}]
Capabilities {acceptInsecureCerts: false, browserName: chrome, browserVersion: 108.0.5359.124, chrome: {chromedriverVersion: 108.0.5359.71 (1e0e3868ee06..., userDataDir: /tmp/.com.google.Chrome.Mgm4dw}, goog:chromeOptions: {debuggerAddress: localhost:45371}, networkConnectionEnabled: false, pageLoadStrategy: normal, platformName: LINUX, proxy: Proxy(), se:cdp: ws://localhost:45371/devtoo..., se:cdpVersion: 108.0.5359.124, setWindowRect: true, strictFileInteractability: false, timeouts: {implicit: 0, pageLoad: 300000, script: 30000}, unhandledPromptBehavior: dismiss and notify, webauthn:extension:credBlob: true, webauthn:extension:largeBlob: true, webauthn:virtualAuthenticators: true}
Element: [[ChromeDriver: chrome on LINUX (04320af0cc6a69274b1cd896770666fe)] -&gt; xpath: //input[@formcontrolname=&#039;boot_command_group_json&#039;]]
Session ID: 04320af0cc6a69274b1cd896770666fe" type="org.openqa.selenium.InvalidArgumentException">
      <![CDATA[org.openqa.selenium.InvalidArgumentException: invalid argument: File not found : /home/vassar-deepa/Downloads/Image.bmp
  (Session info: chrome=108.0.5359.124)
Build info: version: '4.3.0', revision: 'a4995e2c09*'
System info: host: 'vassardeepa-ThinkPad-L15-Gen-3', ip: '127.0.1.1', os.name: 'Linux', os.arch: 'amd64', os.version: '5.15.0-56-generic', java.version: '17.0.5'
Driver info: org.openqa.selenium.chrome.ChromeDriver
Command: [04320af0cc6a69274b1cd896770666fe, sendKeysToElement {id=c3b294ed-5557-4215-8225-9bb1106bca8b, value=[Ljava.lang.CharSequence;@79827e71}]
Capabilities {acceptInsecureCerts: false, browserName: chrome, browserVersion: 108.0.5359.124, chrome: {chromedriverVersion: 108.0.5359.71 (1e0e3868ee06..., userDataDir: /tmp/.com.google.Chrome.Mgm4dw}, goog:chromeOptions: {debuggerAddress: localhost:45371}, networkConnectionEnabled: false, pageLoadStrategy: normal, platformName: LINUX, proxy: Proxy(), se:cdp: ws://localhost:45371/devtoo..., se:cdpVersion: 108.0.5359.124, setWindowRect: true, strictFileInteractability: false, timeouts: {implicit: 0, pageLoad: 300000, script: 30000}, unhandledPromptBehavior: dismiss and notify, webauthn:extension:credBlob: true, webauthn:extension:largeBlob: true, webauthn:virtualAuthenticators: true}
Element: [[ChromeDriver: chrome on LINUX (04320af0cc6a69274b1cd896770666fe)] -> xpath: //input[@formcontrolname='boot_command_group_json']]
Session ID: 04320af0cc6a69274b1cd896770666fe
at java.base/jdk.internal.reflect.NativeConstructorAccessorImpl.newInstance0(Native Method)
at java.base/jdk.internal.reflect.NativeConstructorAccessorImpl.newInstance(NativeConstructorAccessorImpl.java:77)
at java.base/jdk.internal.reflect.DelegatingConstructorAccessorImpl.newInstance(DelegatingConstructorAccessorImpl.java:45)
at java.base/java.lang.reflect.Constructor.newInstanceWithCaller(Constructor.java:499)
at java.base/java.lang.reflect.Constructor.newInstance(Constructor.java:480)
at org.openqa.selenium.remote.codec.w3c.W3CHttpResponseCodec.createException(W3CHttpResponseCodec.java:200)
at org.openqa.selenium.remote.codec.w3c.W3CHttpResponseCodec.decode(W3CHttpResponseCodec.java:133)
at org.openqa.selenium.remote.codec.w3c.W3CHttpResponseCodec.decode(W3CHttpResponseCodec.java:53)
at org.openqa.selenium.remote.HttpCommandExecutor.execute(HttpCommandExecutor.java:184)
at org.openqa.selenium.remote.service.DriverCommandExecutor.invokeExecute(DriverCommandExecutor.java:167)
at org.openqa.selenium.remote.service.DriverCommandExecutor.execute(DriverCommandExecutor.java:142)
at org.openqa.selenium.remote.RemoteWebDriver.execute(RemoteWebDriver.java:569)
at org.openqa.selenium.remote.RemoteWebElement.execute(RemoteWebElement.java:257)
at org.openqa.selenium.remote.RemoteWebElement.sendKeys(RemoteWebElement.java:113)
at com.pages.DeviceProfile.AddDeviceProfilePage.uploadBootCmdGrpJson(AddDeviceProfilePage.java:60)
at stepdefinitions.DeviceProfile.AddDeviceProfileSteps.upload_boot_command_group_json(AddDeviceProfileSteps.java:68)
at ✽.Upload Boot Command Group JSON "/home/vassar-deepa/Downloads/Image.bmp"(file:///home/vassar-deepa/git/Stanley-Dashboard/src/test/resources/DeviceProfile/AddDeviceProfile.feature:11)
]]>
    </error>
  </testcase> <!-- runScenario -->
  <system-out/>
  <testcase classname="testrunner.TestRunner" name="runScenario" time="19.221">
    <failure message="expected [Duplicate Value Entered] but found [Submit Button is Disabled. Need to fill Mandatory fields]" type="java.lang.AssertionError">
      <![CDATA[java.lang.AssertionError: expected [Duplicate Value Entered] but found [Submit Button is Disabled. Need to fill Mandatory fields]
at org.testng.Assert.fail(Assert.java:99)
at org.testng.Assert.failNotEquals(Assert.java:1037)
at org.testng.Assert.assertEqualsImpl(Assert.java:140)
at org.testng.Assert.assertEquals(Assert.java:122)
at org.testng.Assert.assertEquals(Assert.java:629)
at org.testng.Assert.assertEquals(Assert.java:639)
at com.pages.DeviceProfile.AddDeviceProfilePage.verifyToasterMessage(AddDeviceProfilePage.java:77)
at stepdefinitions.DeviceProfile.AddDeviceProfileSteps.verify_toaster_message_for_add_device_profile(AddDeviceProfileSteps.java:79)
at ✽.Verify Toaster Message for Add Device Profile "Duplicate Value Entered"(file:///home/vassar-deepa/git/Stanley-Dashboard/src/test/resources/DeviceProfile/AddDeviceProfile.feature:13)
]]>
    </failure>
  </testcase> <!-- runScenario -->
  <system-out/>
  <testcase classname="testrunner.TestRunner" name="runScenario" time="21.616">
    <failure message="expected [Device Profile Added Successfully] but found [Submit Button is Disabled. Need to fill Mandatory fields]" type="java.lang.AssertionError">
      <![CDATA[java.lang.AssertionError: expected [Device Profile Added Successfully] but found [Submit Button is Disabled. Need to fill Mandatory fields]
at org.testng.Assert.fail(Assert.java:99)
at org.testng.Assert.failNotEquals(Assert.java:1037)
at org.testng.Assert.assertEqualsImpl(Assert.java:140)
at org.testng.Assert.assertEquals(Assert.java:122)
at org.testng.Assert.assertEquals(Assert.java:629)
at org.testng.Assert.assertEquals(Assert.java:639)
at com.pages.DeviceProfile.AddDeviceProfilePage.verifyToasterMessage(AddDeviceProfilePage.java:77)
at stepdefinitions.DeviceProfile.AddDeviceProfileSteps.verify_toaster_message_for_add_device_profile(AddDeviceProfileSteps.java:79)
at ✽.Verify Toaster Message for Add Device Profile "Device Profile Added Successfully"(file:///home/vassar-deepa/git/Stanley-Dashboard/src/test/resources/DeviceProfile/AddDeviceProfile.feature:13)
]]>
    </failure>
  </testcase> <!-- runScenario -->
  <system-out/>
  <testcase classname="testrunner.TestRunner" name="runScenario" time="20.518">
    <failure message="expected [Duplicate Value Entered] but found [Submit Button is Disabled. Need to fill Mandatory fields]" type="java.lang.AssertionError">
      <![CDATA[java.lang.AssertionError: expected [Duplicate Value Entered] but found [Submit Button is Disabled. Need to fill Mandatory fields]
at org.testng.Assert.fail(Assert.java:99)
at org.testng.Assert.failNotEquals(Assert.java:1037)
at org.testng.Assert.assertEqualsImpl(Assert.java:140)
at org.testng.Assert.assertEquals(Assert.java:122)
at org.testng.Assert.assertEquals(Assert.java:629)
at org.testng.Assert.assertEquals(Assert.java:639)
at com.pages.DeviceProfile.AddDeviceProfilePage.verifyToasterMessage(AddDeviceProfilePage.java:77)
at stepdefinitions.DeviceProfile.AddDeviceProfileSteps.verify_toaster_message_for_add_device_profile(AddDeviceProfileSteps.java:79)
at ✽.Verify Toaster Message for Add Device Profile "Duplicate Value Entered"(file:///home/vassar-deepa/git/Stanley-Dashboard/src/test/resources/DeviceProfile/AddDeviceProfile.feature:13)
]]>
    </failure>
  </testcase> <!-- runScenario -->
  <system-out/>
  <testcase classname="testrunner.TestRunner" name="runScenario" time="9.701"/>
  <system-out/>
  <testcase classname="testrunner.TestRunner" name="runScenario" time="27.241">
    <error message="no such element: Unable to locate element: {&quot;method&quot;:&quot;xpath&quot;,&quot;selector&quot;:&quot;//td//span[text()=&#039;tesing12&#039;]&quot;}
  (Session info: chrome=108.0.5359.124)
For documentation on this error, please visit: https://selenium.dev/exceptions/#no_such_element
Build info: version: &#039;4.3.0&#039;, revision: &#039;a4995e2c09*&#039;
System info: host: &#039;vassardeepa-ThinkPad-L15-Gen-3&#039;, ip: &#039;127.0.1.1&#039;, os.name: &#039;Linux&#039;, os.arch: &#039;amd64&#039;, os.version: &#039;5.15.0-56-generic&#039;, java.version: &#039;17.0.5&#039;
Driver info: org.openqa.selenium.chrome.ChromeDriver
Command: [aa7f8af73eab490a46efc3f94d4c7eb7, findElement {using=xpath, value=//td//span[text()=&#039;tesing12&#039;]}]
Capabilities {acceptInsecureCerts: false, browserName: chrome, browserVersion: 108.0.5359.124, chrome: {chromedriverVersion: 108.0.5359.71 (1e0e3868ee06..., userDataDir: /tmp/.com.google.Chrome.c88Cvm}, goog:chromeOptions: {debuggerAddress: localhost:42597}, networkConnectionEnabled: false, pageLoadStrategy: normal, platformName: LINUX, proxy: Proxy(), se:cdp: ws://localhost:42597/devtoo..., se:cdpVersion: 108.0.5359.124, setWindowRect: true, strictFileInteractability: false, timeouts: {implicit: 0, pageLoad: 300000, script: 30000}, unhandledPromptBehavior: dismiss and notify, webauthn:extension:credBlob: true, webauthn:extension:largeBlob: true, webauthn:virtualAuthenticators: true}
Session ID: aa7f8af73eab490a46efc3f94d4c7eb7" type="org.openqa.selenium.NoSuchElementException">
      <![CDATA[org.openqa.selenium.NoSuchElementException: no such element: Unable to locate element: {"method":"xpath","selector":"//td//span[text()='tesing12']"}
  (Session info: chrome=108.0.5359.124)
For documentation on this error, please visit: https://selenium.dev/exceptions/#no_such_element
Build info: version: '4.3.0', revision: 'a4995e2c09*'
System info: host: 'vassardeepa-ThinkPad-L15-Gen-3', ip: '127.0.1.1', os.name: 'Linux', os.arch: 'amd64', os.version: '5.15.0-56-generic', java.version: '17.0.5'
Driver info: org.openqa.selenium.chrome.ChromeDriver
Command: [aa7f8af73eab490a46efc3f94d4c7eb7, findElement {using=xpath, value=//td//span[text()='tesing12']}]
Capabilities {acceptInsecureCerts: false, browserName: chrome, browserVersion: 108.0.5359.124, chrome: {chromedriverVersion: 108.0.5359.71 (1e0e3868ee06..., userDataDir: /tmp/.com.google.Chrome.c88Cvm}, goog:chromeOptions: {debuggerAddress: localhost:42597}, networkConnectionEnabled: false, pageLoadStrategy: normal, platformName: LINUX, proxy: Proxy(), se:cdp: ws://localhost:42597/devtoo..., se:cdpVersion: 108.0.5359.124, setWindowRect: true, strictFileInteractability: false, timeouts: {implicit: 0, pageLoad: 300000, script: 30000}, unhandledPromptBehavior: dismiss and notify, webauthn:extension:credBlob: true, webauthn:extension:largeBlob: true, webauthn:virtualAuthenticators: true}
Session ID: aa7f8af73eab490a46efc3f94d4c7eb7
at java.base/jdk.internal.reflect.NativeConstructorAccessorImpl.newInstance0(Native Method)
at java.base/jdk.internal.reflect.NativeConstructorAccessorImpl.newInstance(NativeConstructorAccessorImpl.java:77)
at java.base/jdk.internal.reflect.DelegatingConstructorAccessorImpl.newInstance(DelegatingConstructorAccessorImpl.java:45)
at java.base/java.lang.reflect.Constructor.newInstanceWithCaller(Constructor.java:499)
at java.base/java.lang.reflect.Constructor.newInstance(Constructor.java:480)
at org.openqa.selenium.remote.codec.w3c.W3CHttpResponseCodec.createException(W3CHttpResponseCodec.java:200)
at org.openqa.selenium.remote.codec.w3c.W3CHttpResponseCodec.decode(W3CHttpResponseCodec.java:133)
at org.openqa.selenium.remote.codec.w3c.W3CHttpResponseCodec.decode(W3CHttpResponseCodec.java:53)
at org.openqa.selenium.remote.HttpCommandExecutor.execute(HttpCommandExecutor.java:184)
at org.openqa.selenium.remote.service.DriverCommandExecutor.invokeExecute(DriverCommandExecutor.java:167)
at org.openqa.selenium.remote.service.DriverCommandExecutor.execute(DriverCommandExecutor.java:142)
at org.openqa.selenium.remote.RemoteWebDriver.execute(RemoteWebDriver.java:569)
at org.openqa.selenium.remote.ElementLocation$ElementFinder$2.findElement(ElementLocation.java:162)
at org.openqa.selenium.remote.ElementLocation.findElement(ElementLocation.java:60)
at org.openqa.selenium.remote.RemoteWebDriver.findElement(RemoteWebDriver.java:387)
at org.openqa.selenium.remote.RemoteWebDriver.findElement(RemoteWebDriver.java:379)
at com.pages.DeviceType.EditDeviceTypePage.verify_table(EditDeviceTypePage.java:62)
at stepdefinitions.DeviceType.EditDeviceTypeSteps.verify_devive_type(EditDeviceTypeSteps.java:33)
at ✽.verify devive type "" "tesing12"(file:///home/vassar-deepa/git/Stanley-Dashboard/src/test/resources/DeviceType/EditDeviceType.feature:6)
]]>
    </error>
  </testcase> <!-- runScenario -->
  <system-out/>
  <testcase classname="testrunner.TestRunner" name="runScenario" time="19.483">
    <failure message="expected [Duplicate Value Entered] but found [Submit Button is Disabled. Need to fill Mandatory fields]" type="java.lang.AssertionError">
      <![CDATA[java.lang.AssertionError: expected [Duplicate Value Entered] but found [Submit Button is Disabled. Need to fill Mandatory fields]
at org.testng.Assert.fail(Assert.java:99)
at org.testng.Assert.failNotEquals(Assert.java:1037)
at org.testng.Assert.assertEqualsImpl(Assert.java:140)
at org.testng.Assert.assertEquals(Assert.java:122)
at org.testng.Assert.assertEquals(Assert.java:629)
at org.testng.Assert.assertEquals(Assert.java:639)
at com.pages.DeviceProfile.AddDeviceProfilePage.verifyToasterMessage(AddDeviceProfilePage.java:77)
at stepdefinitions.DeviceProfile.AddDeviceProfileSteps.verify_toaster_message_for_add_device_profile(AddDeviceProfileSteps.java:79)
at ✽.Verify Toaster Message for Add Device Profile "Duplicate Value Entered"(file:///home/vassar-deepa/git/Stanley-Dashboard/src/test/resources/DeviceProfile/AddDeviceProfile.feature:13)
]]>
    </failure>
  </testcase> <!-- runScenario -->
  <system-out/>
  <testcase classname="testrunner.TestRunner" name="runScenario" time="17.305">
    <error message="invalid argument: File not found : /home/vassar-deepa/Downloads/Image.bmp
  (Session info: chrome=108.0.5359.124)
Build info: version: &#039;4.3.0&#039;, revision: &#039;a4995e2c09*&#039;
System info: host: &#039;vassardeepa-ThinkPad-L15-Gen-3&#039;, ip: &#039;127.0.1.1&#039;, os.name: &#039;Linux&#039;, os.arch: &#039;amd64&#039;, os.version: &#039;5.15.0-56-generic&#039;, java.version: &#039;17.0.5&#039;
Driver info: org.openqa.selenium.chrome.ChromeDriver
Command: [8c5b37d08e14b5f45b68b5cd48aa9661, sendKeysToElement {id=78e1a934-808e-4b91-a4d3-f5491e4a24e3, value=[Ljava.lang.CharSequence;@cda988}]
Capabilities {acceptInsecureCerts: false, browserName: chrome, browserVersion: 108.0.5359.124, chrome: {chromedriverVersion: 108.0.5359.71 (1e0e3868ee06..., userDataDir: /tmp/.com.google.Chrome.AYFQNi}, goog:chromeOptions: {debuggerAddress: localhost:41985}, networkConnectionEnabled: false, pageLoadStrategy: normal, platformName: LINUX, proxy: Proxy(), se:cdp: ws://localhost:41985/devtoo..., se:cdpVersion: 108.0.5359.124, setWindowRect: true, strictFileInteractability: false, timeouts: {implicit: 0, pageLoad: 300000, script: 30000}, unhandledPromptBehavior: dismiss and notify, webauthn:extension:credBlob: true, webauthn:extension:largeBlob: true, webauthn:virtualAuthenticators: true}
Element: [[ChromeDriver: chrome on LINUX (8c5b37d08e14b5f45b68b5cd48aa9661)] -&gt; xpath: //input[@formcontrolname=&#039;data_command_group_json&#039;]]
Session ID: 8c5b37d08e14b5f45b68b5cd48aa9661" type="org.openqa.selenium.InvalidArgumentException">
      <![CDATA[org.openqa.selenium.InvalidArgumentException: invalid argument: File not found : /home/vassar-deepa/Downloads/Image.bmp
  (Session info: chrome=108.0.5359.124)
Build info: version: '4.3.0', revision: 'a4995e2c09*'
System info: host: 'vassardeepa-ThinkPad-L15-Gen-3', ip: '127.0.1.1', os.name: 'Linux', os.arch: 'amd64', os.version: '5.15.0-56-generic', java.version: '17.0.5'
Driver info: org.openqa.selenium.chrome.ChromeDriver
Command: [8c5b37d08e14b5f45b68b5cd48aa9661, sendKeysToElement {id=78e1a934-808e-4b91-a4d3-f5491e4a24e3, value=[Ljava.lang.CharSequence;@cda988}]
Capabilities {acceptInsecureCerts: false, browserName: chrome, browserVersion: 108.0.5359.124, chrome: {chromedriverVersion: 108.0.5359.71 (1e0e3868ee06..., userDataDir: /tmp/.com.google.Chrome.AYFQNi}, goog:chromeOptions: {debuggerAddress: localhost:41985}, networkConnectionEnabled: false, pageLoadStrategy: normal, platformName: LINUX, proxy: Proxy(), se:cdp: ws://localhost:41985/devtoo..., se:cdpVersion: 108.0.5359.124, setWindowRect: true, strictFileInteractability: false, timeouts: {implicit: 0, pageLoad: 300000, script: 30000}, unhandledPromptBehavior: dismiss and notify, webauthn:extension:credBlob: true, webauthn:extension:largeBlob: true, webauthn:virtualAuthenticators: true}
Element: [[ChromeDriver: chrome on LINUX (8c5b37d08e14b5f45b68b5cd48aa9661)] -> xpath: //input[@formcontrolname='data_command_group_json']]
Session ID: 8c5b37d08e14b5f45b68b5cd48aa9661
at java.base/jdk.internal.reflect.NativeConstructorAccessorImpl.newInstance0(Native Method)
at java.base/jdk.internal.reflect.NativeConstructorAccessorImpl.newInstance(NativeConstructorAccessorImpl.java:77)
at java.base/jdk.internal.reflect.DelegatingConstructorAccessorImpl.newInstance(DelegatingConstructorAccessorImpl.java:45)
at java.base/java.lang.reflect.Constructor.newInstanceWithCaller(Constructor.java:499)
at java.base/java.lang.reflect.Constructor.newInstance(Constructor.java:480)
at org.openqa.selenium.remote.codec.w3c.W3CHttpResponseCodec.createException(W3CHttpResponseCodec.java:200)
at org.openqa.selenium.remote.codec.w3c.W3CHttpResponseCodec.decode(W3CHttpResponseCodec.java:133)
at org.openqa.selenium.remote.codec.w3c.W3CHttpResponseCodec.decode(W3CHttpResponseCodec.java:53)
at org.openqa.selenium.remote.HttpCommandExecutor.execute(HttpCommandExecutor.java:184)
at org.openqa.selenium.remote.service.DriverCommandExecutor.invokeExecute(DriverCommandExecutor.java:167)
at org.openqa.selenium.remote.service.DriverCommandExecutor.execute(DriverCommandExecutor.java:142)
at org.openqa.selenium.remote.RemoteWebDriver.execute(RemoteWebDriver.java:569)
at org.openqa.selenium.remote.RemoteWebElement.execute(RemoteWebElement.java:257)
at org.openqa.selenium.remote.RemoteWebElement.sendKeys(RemoteWebElement.java:113)
at com.pages.DeviceProfile.AddDeviceProfilePage.uploadDataCmdGrpJson(AddDeviceProfilePage.java:56)
at stepdefinitions.DeviceProfile.AddDeviceProfileSteps.upload_data_command_group_json(AddDeviceProfileSteps.java:62)
at ✽.Upload Data Command Group JSON "/home/vassar-deepa/Downloads/Image.bmp"(file:///home/vassar-deepa/git/Stanley-Dashboard/src/test/resources/DeviceProfile/AddDeviceProfile.feature:10)
]]>
    </error>
  </testcase> <!-- runScenario -->
  <system-out/>
  <testcase classname="testrunner.TestRunner" name="runScenario" time="24.038"/>
  <system-out/>
  <testcase classname="testrunner.TestRunner" name="runScenario" time="12.270">
    <error message="element click intercepted: Element &lt;button _ngcontent-flr-c163=&quot;&quot; type=&quot;button&quot; class=&quot;btn btn-primary rounded-pill&quot;&gt;...&lt;/button&gt; is not clickable at point (1704, 146). Other element would receive the click: &lt;div _ngcontent-flr-c73=&quot;&quot; class=&quot;ngx-overlay ngx-position-absolute foreground-closing&quot; style=&quot;background-color: rgba(40, 40, 40, 0.8); border-radius: 0px;&quot;&gt;...&lt;/div&gt;
  (Session info: chrome=108.0.5359.124)
Build info: version: &#039;4.3.0&#039;, revision: &#039;a4995e2c09*&#039;
System info: host: &#039;vassardeepa-ThinkPad-L15-Gen-3&#039;, ip: &#039;127.0.1.1&#039;, os.name: &#039;Linux&#039;, os.arch: &#039;amd64&#039;, os.version: &#039;5.15.0-56-generic&#039;, java.version: &#039;17.0.5&#039;
Driver info: org.openqa.selenium.chrome.ChromeDriver
Command: [efce4ca1480f76e46d1621baf62e05dc, clickElement {id=92f08430-d06f-4f8f-8a43-f09589f15414}]
Capabilities {acceptInsecureCerts: false, browserName: chrome, browserVersion: 108.0.5359.124, chrome: {chromedriverVersion: 108.0.5359.71 (1e0e3868ee06..., userDataDir: /tmp/.com.google.Chrome.occCuf}, goog:chromeOptions: {debuggerAddress: localhost:43053}, networkConnectionEnabled: false, pageLoadStrategy: normal, platformName: LINUX, proxy: Proxy(), se:cdp: ws://localhost:43053/devtoo..., se:cdpVersion: 108.0.5359.124, setWindowRect: true, strictFileInteractability: false, timeouts: {implicit: 0, pageLoad: 300000, script: 30000}, unhandledPromptBehavior: dismiss and notify, webauthn:extension:credBlob: true, webauthn:extension:largeBlob: true, webauthn:virtualAuthenticators: true}
Element: [[ChromeDriver: chrome on LINUX (efce4ca1480f76e46d1621baf62e05dc)] -&gt; xpath: //button[text()=&#039;Add Device Type &#039;]]
Session ID: efce4ca1480f76e46d1621baf62e05dc" type="org.openqa.selenium.ElementClickInterceptedException">
      <![CDATA[org.openqa.selenium.ElementClickInterceptedException: element click intercepted: Element <button _ngcontent-flr-c163="" type="button" class="btn btn-primary rounded-pill">...</button> is not clickable at point (1704, 146). Other element would receive the click: <div _ngcontent-flr-c73="" class="ngx-overlay ngx-position-absolute foreground-closing" style="background-color: rgba(40, 40, 40, 0.8); border-radius: 0px;">...</div>
  (Session info: chrome=108.0.5359.124)
Build info: version: '4.3.0', revision: 'a4995e2c09*'
System info: host: 'vassardeepa-ThinkPad-L15-Gen-3', ip: '127.0.1.1', os.name: 'Linux', os.arch: 'amd64', os.version: '5.15.0-56-generic', java.version: '17.0.5'
Driver info: org.openqa.selenium.chrome.ChromeDriver
Command: [efce4ca1480f76e46d1621baf62e05dc, clickElement {id=92f08430-d06f-4f8f-8a43-f09589f15414}]
Capabilities {acceptInsecureCerts: false, browserName: chrome, browserVersion: 108.0.5359.124, chrome: {chromedriverVersion: 108.0.5359.71 (1e0e3868ee06..., userDataDir: /tmp/.com.google.Chrome.occCuf}, goog:chromeOptions: {debuggerAddress: localhost:43053}, networkConnectionEnabled: false, pageLoadStrategy: normal, platformName: LINUX, proxy: Proxy(), se:cdp: ws://localhost:43053/devtoo..., se:cdpVersion: 108.0.5359.124, setWindowRect: true, strictFileInteractability: false, timeouts: {implicit: 0, pageLoad: 300000, script: 30000}, unhandledPromptBehavior: dismiss and notify, webauthn:extension:credBlob: true, webauthn:extension:largeBlob: true, webauthn:virtualAuthenticators: true}
Element: [[ChromeDriver: chrome on LINUX (efce4ca1480f76e46d1621baf62e05dc)] -> xpath: //button[text()='Add Device Type ']]
Session ID: efce4ca1480f76e46d1621baf62e05dc
at jdk.internal.reflect.GeneratedConstructorAccessor37.newInstance(Unknown Source)
at java.base/jdk.internal.reflect.DelegatingConstructorAccessorImpl.newInstance(DelegatingConstructorAccessorImpl.java:45)
at java.base/java.lang.reflect.Constructor.newInstanceWithCaller(Constructor.java:499)
at java.base/java.lang.reflect.Constructor.newInstance(Constructor.java:480)
at org.openqa.selenium.remote.codec.w3c.W3CHttpResponseCodec.createException(W3CHttpResponseCodec.java:200)
at org.openqa.selenium.remote.codec.w3c.W3CHttpResponseCodec.decode(W3CHttpResponseCodec.java:133)
at org.openqa.selenium.remote.codec.w3c.W3CHttpResponseCodec.decode(W3CHttpResponseCodec.java:53)
at org.openqa.selenium.remote.HttpCommandExecutor.execute(HttpCommandExecutor.java:184)
at org.openqa.selenium.remote.service.DriverCommandExecutor.invokeExecute(DriverCommandExecutor.java:167)
at org.openqa.selenium.remote.service.DriverCommandExecutor.execute(DriverCommandExecutor.java:142)
at org.openqa.selenium.remote.RemoteWebDriver.execute(RemoteWebDriver.java:569)
at org.openqa.selenium.remote.RemoteWebElement.execute(RemoteWebElement.java:257)
at org.openqa.selenium.remote.RemoteWebElement.click(RemoteWebElement.java:78)
at com.pages.DeviceType.AddDeviceTypePage.clickOnAddDeviceType(AddDeviceTypePage.java:33)
at stepdefinitions.DeviceType.AddDeviceTypeSteps.Go_To_Add_DeviceType_Page(AddDeviceTypeSteps.java:24)
at ✽.Go To Add DeviceType Page(file:///home/vassar-deepa/git/Stanley-Dashboard/src/test/resources/DeviceType/AddDeviceType.feature:4)
]]>
    </error>
  </testcase> <!-- runScenario -->
  <system-out/>
  <testcase classname="testrunner.TestRunner" name="runScenario" time="14.979">
    <error message="element click intercepted: Element &lt;button _ngcontent-sgt-c163=&quot;&quot; type=&quot;button&quot; class=&quot;btn btn-primary rounded-pill&quot;&gt;...&lt;/button&gt; is not clickable at point (1704, 146). Other element would receive the click: &lt;div _ngcontent-sgt-c73=&quot;&quot; class=&quot;ngx-overlay ngx-position-absolute foreground-closing&quot; style=&quot;background-color: rgba(40, 40, 40, 0.8); border-radius: 0px;&quot;&gt;...&lt;/div&gt;
  (Session info: chrome=108.0.5359.124)
Build info: version: &#039;4.3.0&#039;, revision: &#039;a4995e2c09*&#039;
System info: host: &#039;vassardeepa-ThinkPad-L15-Gen-3&#039;, ip: &#039;127.0.1.1&#039;, os.name: &#039;Linux&#039;, os.arch: &#039;amd64&#039;, os.version: &#039;5.15.0-56-generic&#039;, java.version: &#039;17.0.5&#039;
Driver info: org.openqa.selenium.chrome.ChromeDriver
Command: [2bd7c36b5624dd558a68132a071ba1fb, clickElement {id=5be98c28-e69b-4b67-82e3-f1194f74a63d}]
Capabilities {acceptInsecureCerts: false, browserName: chrome, browserVersion: 108.0.5359.124, chrome: {chromedriverVersion: 108.0.5359.71 (1e0e3868ee06..., userDataDir: /tmp/.com.google.Chrome.6xFQ09}, goog:chromeOptions: {debuggerAddress: localhost:36923}, networkConnectionEnabled: false, pageLoadStrategy: normal, platformName: LINUX, proxy: Proxy(), se:cdp: ws://localhost:36923/devtoo..., se:cdpVersion: 108.0.5359.124, setWindowRect: true, strictFileInteractability: false, timeouts: {implicit: 0, pageLoad: 300000, script: 30000}, unhandledPromptBehavior: dismiss and notify, webauthn:extension:credBlob: true, webauthn:extension:largeBlob: true, webauthn:virtualAuthenticators: true}
Element: [[ChromeDriver: chrome on LINUX (2bd7c36b5624dd558a68132a071ba1fb)] -&gt; xpath: //button[text()=&#039;Add Device Type &#039;]]
Session ID: 2bd7c36b5624dd558a68132a071ba1fb" type="org.openqa.selenium.ElementClickInterceptedException">
      <![CDATA[org.openqa.selenium.ElementClickInterceptedException: element click intercepted: Element <button _ngcontent-sgt-c163="" type="button" class="btn btn-primary rounded-pill">...</button> is not clickable at point (1704, 146). Other element would receive the click: <div _ngcontent-sgt-c73="" class="ngx-overlay ngx-position-absolute foreground-closing" style="background-color: rgba(40, 40, 40, 0.8); border-radius: 0px;">...</div>
  (Session info: chrome=108.0.5359.124)
Build info: version: '4.3.0', revision: 'a4995e2c09*'
System info: host: 'vassardeepa-ThinkPad-L15-Gen-3', ip: '127.0.1.1', os.name: 'Linux', os.arch: 'amd64', os.version: '5.15.0-56-generic', java.version: '17.0.5'
Driver info: org.openqa.selenium.chrome.ChromeDriver
Command: [2bd7c36b5624dd558a68132a071ba1fb, clickElement {id=5be98c28-e69b-4b67-82e3-f1194f74a63d}]
Capabilities {acceptInsecureCerts: false, browserName: chrome, browserVersion: 108.0.5359.124, chrome: {chromedriverVersion: 108.0.5359.71 (1e0e3868ee06..., userDataDir: /tmp/.com.google.Chrome.6xFQ09}, goog:chromeOptions: {debuggerAddress: localhost:36923}, networkConnectionEnabled: false, pageLoadStrategy: normal, platformName: LINUX, proxy: Proxy(), se:cdp: ws://localhost:36923/devtoo..., se:cdpVersion: 108.0.5359.124, setWindowRect: true, strictFileInteractability: false, timeouts: {implicit: 0, pageLoad: 300000, script: 30000}, unhandledPromptBehavior: dismiss and notify, webauthn:extension:credBlob: true, webauthn:extension:largeBlob: true, webauthn:virtualAuthenticators: true}
Element: [[ChromeDriver: chrome on LINUX (2bd7c36b5624dd558a68132a071ba1fb)] -> xpath: //button[text()='Add Device Type ']]
Session ID: 2bd7c36b5624dd558a68132a071ba1fb
at jdk.internal.reflect.GeneratedConstructorAccessor37.newInstance(Unknown Source)
at java.base/jdk.internal.reflect.DelegatingConstructorAccessorImpl.newInstance(DelegatingConstructorAccessorImpl.java:45)
at java.base/java.lang.reflect.Constructor.newInstanceWithCaller(Constructor.java:499)
at java.base/java.lang.reflect.Constructor.newInstance(Constructor.java:480)
at org.openqa.selenium.remote.codec.w3c.W3CHttpResponseCodec.createException(W3CHttpResponseCodec.java:200)
at org.openqa.selenium.remote.codec.w3c.W3CHttpResponseCodec.decode(W3CHttpResponseCodec.java:133)
at org.openqa.selenium.remote.codec.w3c.W3CHttpResponseCodec.decode(W3CHttpResponseCodec.java:53)
at org.openqa.selenium.remote.HttpCommandExecutor.execute(HttpCommandExecutor.java:184)
at org.openqa.selenium.remote.service.DriverCommandExecutor.invokeExecute(DriverCommandExecutor.java:167)
at org.openqa.selenium.remote.service.DriverCommandExecutor.execute(DriverCommandExecutor.java:142)
at org.openqa.selenium.remote.RemoteWebDriver.execute(RemoteWebDriver.java:569)
at org.openqa.selenium.remote.RemoteWebElement.execute(RemoteWebElement.java:257)
at org.openqa.selenium.remote.RemoteWebElement.click(RemoteWebElement.java:78)
at com.pages.DeviceType.AddDeviceTypePage.clickOnAddDeviceType(AddDeviceTypePage.java:33)
at stepdefinitions.DeviceType.AddDeviceTypeSteps.Go_To_Add_DeviceType_Page(AddDeviceTypeSteps.java:24)
at ✽.Go To Add DeviceType Page(file:///home/vassar-deepa/git/Stanley-Dashboard/src/test/resources/DeviceType/AddDeviceType.feature:4)
]]>
    </error>
  </testcase> <!-- runScenario -->
  <system-out/>
  <testcase classname="testrunner.TestRunner" name="runScenario" time="23.374"/>
  <system-out/>
  <testcase classname="testrunner.TestRunner" name="runScenario" time="13.533">
    <failure message="expected [Location Type Edited Successfully] but found [Entered Location Type does NOT exists in Table]" type="java.lang.AssertionError">
      <![CDATA[java.lang.AssertionError: expected [Location Type Edited Successfully] but found [Entered Location Type does NOT exists in Table]
at org.testng.Assert.fail(Assert.java:99)
at org.testng.Assert.failNotEquals(Assert.java:1037)
at org.testng.Assert.assertEqualsImpl(Assert.java:140)
at org.testng.Assert.assertEquals(Assert.java:122)
at org.testng.Assert.assertEquals(Assert.java:629)
at org.testng.Assert.assertEquals(Assert.java:639)
at com.pages.LocationType.EditLocationTypePage.editLocationType(EditLocationTypePage.java:160)
at stepdefinitions.LocationType.EditLocationTypeSteps.user_edits_location_type_exp_msg(EditLocationTypeSteps.java:29)
at ✽.User Edits Location Type "12345" "Test#####" "Testing" "Device Location" "Walmart" "Location Type Edited Successfully"(file:///home/vassar-deepa/git/Stanley-Dashboard/src/test/resources/LocationType/EditLocationType.feature:5)
]]>
    </failure>
  </testcase> <!-- runScenario -->
  <system-out/>
  <testcase classname="testrunner.TestRunner" name="runScenario" time="14.210"/>
  <system-out/>
  <testcase classname="testrunner.TestRunner" name="runScenario" time="11.176"/>
  <system-out/>
  <testcase classname="testrunner.TestRunner" name="runScenario" time="22.390"/>
  <system-out/>
  <testcase classname="testrunner.TestRunner" name="runScenario" time="20.459">
    <failure message="expected [Duplicate Value Entered] but found [Submit Button is Disabled. Need to fill Mandatory fields]" type="java.lang.AssertionError">
      <![CDATA[java.lang.AssertionError: expected [Duplicate Value Entered] but found [Submit Button is Disabled. Need to fill Mandatory fields]
at org.testng.Assert.fail(Assert.java:99)
at org.testng.Assert.failNotEquals(Assert.java:1037)
at org.testng.Assert.assertEqualsImpl(Assert.java:140)
at org.testng.Assert.assertEquals(Assert.java:122)
at org.testng.Assert.assertEquals(Assert.java:629)
at org.testng.Assert.assertEquals(Assert.java:639)
at com.pages.DeviceProfile.AddDeviceProfilePage.verifyToasterMessage(AddDeviceProfilePage.java:77)
at stepdefinitions.DeviceProfile.AddDeviceProfileSteps.verify_toaster_message_for_add_device_profile(AddDeviceProfileSteps.java:79)
at ✽.Verify Toaster Message for Add Device Profile "Duplicate Value Entered"(file:///home/vassar-deepa/git/Stanley-Dashboard/src/test/resources/DeviceProfile/AddDeviceProfile.feature:13)
]]>
    </failure>
  </testcase> <!-- runScenario -->
  <system-out/>
  <testcase classname="testrunner.TestRunner" name="runScenario" time="14.285"/>
  <system-out/>
  <testcase classname="testrunner.TestRunner" name="runScenario" time="21.952">
    <failure message="expected [Device Profile Added Successfully] but found [Duplicate Value Entered]" type="java.lang.AssertionError">
      <![CDATA[java.lang.AssertionError: expected [Device Profile Added Successfully] but found [Duplicate Value Entered]
at org.testng.Assert.fail(Assert.java:99)
at org.testng.Assert.failNotEquals(Assert.java:1037)
at org.testng.Assert.assertEqualsImpl(Assert.java:140)
at org.testng.Assert.assertEquals(Assert.java:122)
at org.testng.Assert.assertEquals(Assert.java:629)
at org.testng.Assert.assertEquals(Assert.java:639)
at com.pages.DeviceProfile.AddDeviceProfilePage.verifyToasterMessage(AddDeviceProfilePage.java:74)
at stepdefinitions.DeviceProfile.AddDeviceProfileSteps.verify_toaster_message_for_add_device_profile(AddDeviceProfileSteps.java:79)
at ✽.Verify Toaster Message for Add Device Profile "Device Profile Added Successfully"(file:///home/vassar-deepa/git/Stanley-Dashboard/src/test/resources/DeviceProfile/AddDeviceProfile.feature:13)
]]>
    </failure>
  </testcase> <!-- runScenario -->
  <system-out/>
</testsuite> <!-- testrunner.TestRunner -->
